2024-05-24 13:56:35.595 [info] Experiment 'pythonCreateEnvOnPipInstallcf' is active
2024-05-24 13:56:35.595 [info] Experiment 'pythonRecommendTensorboardExt' is active
2024-05-24 13:56:35.595 [info] Experiment 'pythonSurveyNotificationcf' is active
2024-05-24 13:56:35.595 [info] Experiment 'pythonTerminalEnvVarActivation' is active
2024-05-24 13:56:35.595 [info] Experiment 'pythonTestAdapter' is active
2024-05-24 13:56:35.595 [info] Test server listening.
2024-05-24 13:56:35.663 [info] > C:\Users\Admin\AppData\Local\Microsoft\WindowsApps\python3.11.exe -c "import sys;print(sys.executable)"
2024-05-24 13:56:35.743 [error] [Error: Command failed: C:\Users\Admin\AppData\Local\Microsoft\WindowsApps\python3.11.exe -c "import sys;print(sys.executable)"
/bin/sh: 1: C:UsersAdminAppDataLocalMicrosoftWindowsAppspython3.11.exe: not found

	at ChildProcess.exithandler (node:child_process:422:12)
	at ChildProcess.emit (node:events:529:35)
	at maybeClose (node:internal/child_process:1098:16)
	at Socket.<anonymous> (node:internal/child_process:450:11)
	at Socket.emit (node:events:517:28)
	at Pipe.<anonymous> (node:net:350:12)] {
  code: 127,
  killed: false,
  signal: null,
  cmd: 'C:\\Users\\Admin\\AppData\\Local\\Microsoft\\WindowsApps\\python3.11.exe -c "import sys;print(sys.executable)"'
}
2024-05-24 13:56:38.697 [info] Starting Pylance language server.
