2024-05-26 16:57:57.098 [info] Log level: Info
2024-05-26 16:57:57.098 [info] Validating found git in: "git"
2024-05-26 16:57:57.098 [info] Using git "2.43.0" from "git"
2024-05-26 16:57:57.098 [info] > git rev-parse --show-toplevel [11ms]
2024-05-26 16:57:57.098 [info] > git rev-parse --git-dir --git-common-dir [313ms]
2024-05-26 16:57:57.098 [info] Open repository: /home/abraham
2024-05-26 16:57:57.098 [info] > git rev-parse --show-toplevel [42ms]
2024-05-26 16:57:57.098 [info] > git config --get commit.template [51ms]
2024-05-26 16:57:57.136 [info] > git rev-parse --show-toplevel [21ms]
2024-05-26 16:57:57.152 [info] > git for-each-ref --format=%(refname)%00%(upstream:short)%00%(objectname)%00%(upstream:track)%00%(upstream:remotename)%00%(upstream:remoteref) refs/heads/main refs/remotes/main [22ms]
2024-05-26 16:57:57.384 [info] > git rev-parse --show-toplevel [235ms]
2024-05-26 16:57:57.403 [info] > git rev-parse --show-toplevel [8ms]
2024-05-26 16:57:57.432 [info] > git rev-parse --show-toplevel [2ms]
2024-05-26 16:57:57.478 [info] > git rev-parse --git-dir --git-common-dir [31ms]
2024-05-26 16:57:57.485 [info] Open repository: /home/abraham/css-exercises
2024-05-26 16:57:57.513 [info] > git config --get commit.template [14ms]
2024-05-26 16:57:57.536 [info] > git rev-parse --show-toplevel [29ms]
2024-05-26 16:57:57.560 [info] > git for-each-ref --format=%(refname)%00%(upstream:short)%00%(objectname)%00%(upstream:track)%00%(upstream:remotename)%00%(upstream:remoteref) refs/heads/main refs/remotes/main [14ms]
2024-05-26 16:57:57.564 [info] > git rev-parse --git-dir --git-common-dir [6ms]
2024-05-26 16:57:57.580 [info] Open repository: /home/abraham/git_test
2024-05-26 16:57:57.652 [info] > git status -z -uall [238ms]
2024-05-26 16:57:57.653 [info] > git rev-parse --show-toplevel [46ms]
2024-05-26 16:57:57.653 [info] > git config --get commit.template [59ms]
2024-05-26 16:57:57.716 [info] > git merge-base refs/heads/main refs/remotes/origin/main [48ms]
2024-05-26 16:57:57.718 [info] GitHistoryProvider:resolveHistoryItemGroupCommonAncestor - Failed to resolve common ancestor for 'refs/heads/main' and 'refs/remotes/origin/main'
2024-05-26 16:57:57.742 [info] > git config --get commit.template [27ms]
2024-05-26 16:57:57.742 [info] > git rev-parse --show-toplevel [37ms]
2024-05-26 16:57:58.369 [info] > git status -z -uall [644ms]
2024-05-26 16:57:58.369 [info] > git for-each-ref --format=%(refname)%00%(upstream:short)%00%(objectname)%00%(upstream:track)%00%(upstream:remotename)%00%(upstream:remoteref) refs/heads/main refs/remotes/main [630ms]
2024-05-26 16:57:58.526 [info] > git merge-base refs/heads/main refs/remotes/origin/main [146ms]
2024-05-26 16:57:58.534 [info] > git rev-parse --git-dir --git-common-dir [173ms]
2024-05-26 16:57:58.540 [info] Open repository: /home/abraham/landing_page
2024-05-26 16:57:58.569 [info] > git rev-list --count --left-right refs/heads/main...refs/remotes/origin/main [35ms]
2024-05-26 16:57:58.582 [info] > git config --get commit.template [102ms]
2024-05-26 16:57:58.582 [info] > git for-each-ref --format=%(refname)%00%(upstream:short)%00%(objectname)%00%(upstream:track)%00%(upstream:remotename)%00%(upstream:remoteref) refs/heads/main refs/remotes/main [116ms]
2024-05-26 16:57:58.589 [info] > git diff --name-status -z --diff-filter=ADMR ec153d4c9c7e6065a14327a403a79ea5a0b84f47...refs/remotes/origin/main [8ms]
2024-05-26 16:57:58.590 [info] > git rev-parse --show-toplevel [23ms]
2024-05-26 16:57:58.590 [info] > git config --get commit.template [34ms]
2024-05-26 16:57:58.634 [info] > git status -z -uall [34ms]
2024-05-26 16:57:58.635 [info] > git rev-parse --show-toplevel [16ms]
2024-05-26 16:57:58.635 [info] > git for-each-ref --format=%(refname)%00%(upstream:short)%00%(objectname)%00%(upstream:track)%00%(upstream:remotename)%00%(upstream:remoteref) refs/heads/main refs/remotes/main [27ms]
2024-05-26 16:57:58.702 [info] > git merge-base refs/heads/main refs/remotes/origin/main [58ms]
2024-05-26 16:57:58.715 [info] > git for-each-ref --format=%(refname)%00%(upstream:short)%00%(objectname)%00%(upstream:track)%00%(upstream:remotename)%00%(upstream:remoteref) refs/heads/main refs/remotes/main [83ms]
2024-05-26 16:57:58.726 [info] > git config --get commit.template [28ms]
2024-05-26 16:57:58.726 [info] > git rev-parse --git-dir --git-common-dir [53ms]
2024-05-26 16:57:58.735 [info] Open repository: /home/abraham/odin-recipes
2024-05-26 16:57:58.771 [info] > git rev-list --count --left-right refs/heads/main...refs/remotes/origin/main [57ms]
2024-05-26 16:57:58.812 [info] > git rev-parse --show-toplevel [45ms]
2024-05-26 16:57:58.813 [info] > git config --get commit.template [58ms]
2024-05-26 16:57:58.897 [info] > git status -z -uall [234ms]
2024-05-26 16:57:58.897 [info] > git status -z -uall [105ms]
2024-05-26 16:57:58.898 [info] > git status -z -uall [11ms]
2024-05-26 16:57:58.898 [info] > git for-each-ref --format=%(refname)%00%(upstream:short)%00%(objectname)%00%(upstream:track)%00%(upstream:remotename)%00%(upstream:remoteref) refs/heads/main refs/remotes/main [92ms]
2024-05-26 16:57:58.902 [info] > git diff --name-status -z --diff-filter=ADMR 9ceb1b9bfcb54650191b59fb74fc67f1dfaa9d72...refs/remotes/origin/main [121ms]
2024-05-26 16:57:58.918 [info] > git rev-parse --git-dir --git-common-dir [22ms]
2024-05-26 16:57:58.924 [info] Open repository: /home/abraham/plp_python
2024-05-26 16:57:59.009 [info] > git merge-base refs/heads/main refs/remotes/origin/main [71ms]
2024-05-26 16:57:59.019 [info] > git for-each-ref --format=%(refname)%00%(upstream:short)%00%(objectname)%00%(upstream:track)%00%(upstream:remotename)%00%(upstream:remoteref) refs/heads/main refs/remotes/main [104ms]
2024-05-26 16:57:59.059 [info] > git rev-list --count --left-right refs/heads/main...refs/remotes/origin/main [41ms]
2024-05-26 16:57:59.070 [info] > git config --get commit.template [88ms]
2024-05-26 16:57:59.070 [info] > git rev-parse --show-toplevel [97ms]
2024-05-26 16:57:59.071 [info] > git config --get commit.template [108ms]
2024-05-26 16:57:59.156 [info] > git status -z -uall [43ms]
2024-05-26 16:57:59.156 [info] > git diff --name-status -z --diff-filter=ADMR 6ca9dd8586998252c1db464b1a78aa7deeaa1940...refs/remotes/origin/main [87ms]
2024-05-26 16:57:59.182 [info] > git rev-parse --show-toplevel [57ms]
2024-05-26 16:57:59.207 [info] > git status -z -uall [3ms]
2024-05-26 16:57:59.207 [info] > git for-each-ref --format=%(refname)%00%(upstream:short)%00%(objectname)%00%(upstream:track)%00%(upstream:remotename)%00%(upstream:remoteref) refs/heads/main refs/remotes/main [27ms]
2024-05-26 16:57:59.208 [info] > git for-each-ref --format=%(refname)%00%(upstream:short)%00%(objectname)%00%(upstream:track)%00%(upstream:remotename)%00%(upstream:remoteref) refs/heads/main refs/remotes/main [37ms]
2024-05-26 16:57:59.251 [info] > git merge-base refs/heads/main refs/remotes/origin/main [28ms]
2024-05-26 16:57:59.278 [info] > git config --get commit.template [29ms]
2024-05-26 16:57:59.299 [info] > git status -z -uall [12ms]
2024-05-26 16:57:59.299 [info] > git status -z -uall [3ms]
2024-05-26 16:57:59.300 [info] > git rev-list --count --left-right refs/heads/main...refs/remotes/origin/main [37ms]
2024-05-26 16:57:59.360 [info] > git merge-base refs/heads/main refs/remotes/origin/main [22ms]
2024-05-26 16:57:59.369 [info] > git for-each-ref --format=%(refname)%00%(upstream:short)%00%(objectname)%00%(upstream:track)%00%(upstream:remotename)%00%(upstream:remoteref) refs/heads/main refs/remotes/main [49ms]
2024-05-26 16:57:59.370 [info] > git diff --name-status -z --diff-filter=ADMR 8a088326432389c076e403481bce9be602d816c3...refs/remotes/origin/main [60ms]
2024-05-26 16:57:59.374 [info] > git rev-list --count --left-right refs/heads/main...refs/remotes/origin/main [5ms]
2024-05-26 16:57:59.385 [info] > git config --get commit.template [28ms]
2024-05-26 16:57:59.399 [info] > git diff --name-status -z --diff-filter=ADMR 5644b85c7dbe0a1b9adf8af38dc564e70ce3650f...refs/remotes/origin/main [15ms]
2024-05-26 16:57:59.425 [info] > git status -z -uall [16ms]
2024-05-26 16:57:59.425 [info] > git for-each-ref --format=%(refname)%00%(upstream:short)%00%(objectname)%00%(upstream:track)%00%(upstream:remotename)%00%(upstream:remoteref) refs/heads/main refs/remotes/main [27ms]
2024-05-26 16:57:59.510 [info] > git status -z -uall [7ms]
2024-05-26 16:58:01.496 [info] > git merge-base refs/heads/main refs/remotes/origin/main [19ms]
2024-05-26 16:58:01.510 [info] > git merge-base refs/heads/main refs/remotes/origin/main [46ms]
2024-05-26 16:58:01.526 [info] > git merge-base refs/heads/main refs/remotes/origin/main [74ms]
2024-05-26 16:58:01.542 [info] > git merge-base refs/heads/main refs/remotes/origin/main [102ms]
2024-05-26 16:58:01.557 [info] > git merge-base refs/heads/main refs/remotes/origin/main [133ms]
2024-05-26 16:58:01.559 [info] GitHistoryProvider:resolveHistoryItemGroupCommonAncestor - Failed to resolve common ancestor for 'refs/heads/main' and 'refs/remotes/origin/main'
2024-05-26 16:58:01.568 [info] > git rev-list --count --left-right refs/heads/main...refs/remotes/origin/main [12ms]
2024-05-26 16:58:01.569 [info] > git rev-list --count --left-right refs/heads/main...refs/remotes/origin/main [28ms]
2024-05-26 16:58:01.570 [info] > git rev-list --count --left-right refs/heads/main...refs/remotes/origin/main [44ms]
2024-05-26 16:58:01.571 [info] > git rev-list --count --left-right refs/heads/main...refs/remotes/origin/main [62ms]
2024-05-26 16:58:01.573 [info] > git merge-base refs/heads/main refs/remotes/origin/main [81ms]
2024-05-26 16:58:01.592 [info] > git rev-list --count --left-right refs/heads/main...refs/remotes/origin/main [4ms]
2024-05-26 16:58:01.875 [info] > git config --get commit.template [3ms]
2024-05-26 16:58:02.003 [info] > git merge-base refs/heads/main refs/remotes/origin/main [79ms]
2024-05-26 16:58:02.003 [info] GitHistoryProvider:resolveHistoryItemGroupCommonAncestor - Failed to resolve common ancestor for 'refs/heads/main' and 'refs/remotes/origin/main'
2024-05-26 16:58:02.003 [info] > git for-each-ref --format=%(refname)%00%(upstream:short)%00%(objectname)%00%(upstream:track)%00%(upstream:remotename)%00%(upstream:remoteref) refs/heads/main refs/remotes/main [113ms]
2024-05-26 16:58:02.334 [info] > git status -z -uall [304ms]
2024-05-26 16:58:02.859 [info] > git check-ignore -v -z --stdin [185ms]
2024-05-26 16:58:02.971 [info] > git merge-base refs/heads/main refs/remotes/origin/main [24ms]
2024-05-26 16:58:02.973 [info] GitHistoryProvider:resolveHistoryItemGroupCommonAncestor - Failed to resolve common ancestor for 'refs/heads/main' and 'refs/remotes/origin/main'
2024-05-26 16:58:03.030 [info] > git merge-base refs/heads/main refs/remotes/origin/main [5ms]
2024-05-26 16:58:03.032 [info] GitHistoryProvider:resolveHistoryItemGroupCommonAncestor - Failed to resolve common ancestor for 'refs/heads/main' and 'refs/remotes/origin/main'
2024-05-26 16:58:06.551 [info] > git config --get commit.template [2ms]
2024-05-26 16:58:06.564 [info] > git for-each-ref --format=%(refname)%00%(upstream:short)%00%(objectname)%00%(upstream:track)%00%(upstream:remotename)%00%(upstream:remoteref) refs/heads/main refs/remotes/main [3ms]
2024-05-26 16:58:06.580 [info] > git status -z -uall [3ms]
2024-05-26 16:58:06.598 [info] > git merge-base refs/heads/main refs/remotes/origin/main [4ms]
2024-05-26 16:58:06.632 [info] > git rev-list --count --left-right refs/heads/main...refs/remotes/origin/main [20ms]
2024-05-26 16:58:06.646 [info] > git merge-base refs/heads/main refs/remotes/origin/main [17ms]
2024-05-26 16:58:06.662 [info] > git diff --name-status -z --diff-filter=ADMR 5644b85c7dbe0a1b9adf8af38dc564e70ce3650f...refs/remotes/origin/main [19ms]
2024-05-26 16:58:06.665 [info] > git rev-list --count --left-right refs/heads/main...refs/remotes/origin/main [5ms]
2024-05-26 16:58:07.399 [info] > git config --get commit.template [16ms]
2024-05-26 16:58:07.401 [info] > git for-each-ref --format=%(refname)%00%(upstream:short)%00%(objectname)%00%(upstream:track)%00%(upstream:remotename)%00%(upstream:remoteref) refs/heads/main refs/remotes/main [3ms]
2024-05-26 16:58:07.564 [info] > git status -z -uall [151ms]
2024-05-26 16:58:07.746 [info] > git merge-base refs/heads/main refs/remotes/origin/main [5ms]
2024-05-26 16:58:07.747 [info] GitHistoryProvider:resolveHistoryItemGroupCommonAncestor - Failed to resolve common ancestor for 'refs/heads/main' and 'refs/remotes/origin/main'
2024-05-26 16:58:09.914 [info] > git config --get commit.template [2ms]
2024-05-26 16:58:09.928 [info] > git for-each-ref --format=%(refname)%00%(upstream:short)%00%(objectname)%00%(upstream:track)%00%(upstream:remotename)%00%(upstream:remoteref) refs/heads/main refs/remotes/main [2ms]
2024-05-26 16:58:09.942 [info] > git status -z -uall [3ms]
2024-05-26 16:58:09.958 [info] > git merge-base refs/heads/main refs/remotes/origin/main [3ms]
2024-05-26 16:58:09.988 [info] > git merge-base refs/heads/main refs/remotes/origin/main [5ms]
2024-05-26 16:58:09.998 [info] > git rev-list --count --left-right refs/heads/main...refs/remotes/origin/main [27ms]
2024-05-26 16:58:10.013 [info] > git rev-list --count --left-right refs/heads/main...refs/remotes/origin/main [14ms]
2024-05-26 16:58:10.015 [info] > git diff --name-status -z --diff-filter=ADMR 8a088326432389c076e403481bce9be602d816c3...refs/remotes/origin/main [5ms]
2024-05-26 16:58:12.591 [info] > git config --get commit.template [3ms]
2024-05-26 16:58:12.605 [info] > git for-each-ref --format=%(refname)%00%(upstream:short)%00%(objectname)%00%(upstream:track)%00%(upstream:remotename)%00%(upstream:remoteref) refs/heads/main refs/remotes/main [4ms]
2024-05-26 16:58:12.787 [info] > git status -z -uall [170ms]
2024-05-26 16:58:12.963 [info] > git merge-base refs/heads/main refs/remotes/origin/main [4ms]
2024-05-26 16:58:12.964 [info] GitHistoryProvider:resolveHistoryItemGroupCommonAncestor - Failed to resolve common ancestor for 'refs/heads/main' and 'refs/remotes/origin/main'
2024-05-26 16:58:17.866 [info] > git config --get commit.template [38ms]
2024-05-26 16:58:17.873 [info] > git for-each-ref --format=%(refname)%00%(upstream:short)%00%(objectname)%00%(upstream:track)%00%(upstream:remotename)%00%(upstream:remoteref) refs/heads/main refs/remotes/main [12ms]
2024-05-26 16:58:18.102 [info] > git status -z -uall [200ms]
2024-05-26 16:58:18.277 [info] > git merge-base refs/heads/main refs/remotes/origin/main [4ms]
2024-05-26 16:58:18.278 [info] GitHistoryProvider:resolveHistoryItemGroupCommonAncestor - Failed to resolve common ancestor for 'refs/heads/main' and 'refs/remotes/origin/main'
2024-05-26 16:58:22.225 [info] > git merge-base refs/heads/main refs/remotes/origin/main [9ms]
2024-05-26 16:58:22.226 [info] GitHistoryProvider:resolveHistoryItemGroupCommonAncestor - Failed to resolve common ancestor for 'refs/heads/main' and 'refs/remotes/origin/main'
