2024-03-08 10:03:06.012 [info] Log level: Info
2024-03-08 10:03:06.013 [info] Validating found git in: "git"
2024-03-08 10:03:06.013 [info] Using git "2.43.0" from "git"
2024-03-08 10:03:06.013 [info] > git rev-parse --show-toplevel [10ms]
2024-03-08 10:03:06.013 [info] > git rev-parse --git-dir --git-common-dir [4ms]
2024-03-08 10:03:06.013 [info] Open repository: /home/abraham
2024-03-08 10:03:06.155 [info] > git rev-parse --show-toplevel [112ms]
2024-03-08 10:03:06.157 [info] > git config --get commit.template [124ms]
2024-03-08 10:03:06.195 [info] > git rev-parse --show-toplevel [22ms]
2024-03-08 10:03:06.215 [info] > git for-each-ref --format=%(refname)%00%(upstream:short)%00%(objectname)%00%(upstream:track)%00%(upstream:remotename)%00%(upstream:remoteref) refs/heads/main refs/remotes/main [29ms]
2024-03-08 10:03:06.217 [info] > git rev-parse --show-toplevel [10ms]
2024-03-08 10:03:06.229 [warning] ENOENT: no such file or directory, open '/home/abraham/.git/refs/remotes/origin/main'
2024-03-08 10:03:06.245 [info] > git rev-parse refs/remotes/origin/main [16ms]
2024-03-08 10:03:06.260 [info] > git rev-parse --show-toplevel [17ms]
2024-03-08 10:03:06.278 [info] > git rev-parse --git-dir --git-common-dir [4ms]
2024-03-08 10:03:06.297 [info] Open repository: /home/abraham/css-exercises
2024-03-08 10:03:06.339 [info] > git config --get commit.template [24ms]
2024-03-08 10:03:06.342 [info] > git rev-parse --show-toplevel [15ms]
2024-03-08 10:03:06.367 [info] > git for-each-ref --format=%(refname)%00%(upstream:short)%00%(objectname)%00%(upstream:track)%00%(upstream:remotename)%00%(upstream:remoteref) refs/heads/main refs/remotes/main [15ms]
2024-03-08 10:03:06.370 [info] > git rev-parse --git-dir --git-common-dir [5ms]
2024-03-08 10:03:06.388 [info] Open repository: /home/abraham/git_test
2024-03-08 10:03:06.416 [info] > git rev-parse --show-toplevel [8ms]
2024-03-08 10:03:06.417 [info] > git config --get commit.template [15ms]
2024-03-08 10:03:06.444 [info] > git status -z -uall [11ms]
2024-03-08 10:03:06.445 [info] > git rev-parse --show-toplevel [20ms]
2024-03-08 10:03:06.455 [info] > git for-each-ref --format=%(refname)%00%(upstream:short)%00%(objectname)%00%(upstream:track)%00%(upstream:remotename)%00%(upstream:remoteref) refs/heads/main refs/remotes/main [12ms]
2024-03-08 10:03:06.481 [info] > git rev-parse --git-dir --git-common-dir [28ms]
2024-03-08 10:03:06.491 [info] Open repository: /home/abraham/odin-recipes
2024-03-08 10:03:06.517 [info] > git config --get commit.template [37ms]
2024-03-08 10:03:06.523 [info] > git rev-parse --show-toplevel [9ms]
2024-03-08 10:03:06.531 [info] > git config --get commit.template [26ms]
2024-03-08 10:03:06.563 [info] > git status -z -uall [23ms]
2024-03-08 10:03:06.586 [info] > git for-each-ref --format=%(refname)%00%(upstream:short)%00%(objectname)%00%(upstream:track)%00%(upstream:remotename)%00%(upstream:remoteref) refs/heads/main refs/remotes/main [24ms]
2024-03-08 10:03:06.586 [info] > git for-each-ref --format=%(refname)%00%(upstream:short)%00%(objectname)%00%(upstream:track)%00%(upstream:remotename)%00%(upstream:remoteref) refs/heads/main refs/remotes/main [35ms]
2024-03-08 10:03:06.592 [info] > git config --get commit.template [7ms]
2024-03-08 10:03:06.747 [info] > git status -z -uall [493ms]
2024-03-08 10:03:06.747 [info] > git status -z -uall [139ms]
2024-03-08 10:03:06.747 [info] > git status -z -uall [131ms]
2024-03-08 10:03:06.756 [info] > git for-each-ref --format=%(refname)%00%(upstream:short)%00%(objectname)%00%(upstream:track)%00%(upstream:remotename)%00%(upstream:remoteref) refs/heads/main refs/remotes/main [156ms]
2024-03-08 10:03:07.579 [info] > git config --get commit.template [34ms]
2024-03-08 10:03:07.580 [info] > git config --get commit.template [48ms]
2024-03-08 10:03:07.661 [info] > git status -z -uall [37ms]
2024-03-08 10:03:07.661 [info] > git for-each-ref --format=%(refname)%00%(upstream:short)%00%(objectname)%00%(upstream:track)%00%(upstream:remotename)%00%(upstream:remoteref) refs/heads/main refs/remotes/main [28ms]
2024-03-08 10:03:07.664 [info] > git for-each-ref --format=%(refname)%00%(upstream:short)%00%(objectname)%00%(upstream:track)%00%(upstream:remotename)%00%(upstream:remoteref) refs/heads/main refs/remotes/main [56ms]
2024-03-08 10:03:07.674 [warning] ENOENT: no such file or directory, open '/home/abraham/.git/refs/remotes/origin/main'
2024-03-08 10:03:07.685 [info] > git rev-parse refs/remotes/origin/main [11ms]
2024-03-08 10:03:07.696 [info] > git status -z -uall [13ms]
2024-03-08 10:03:07.789 [info] > git status -z -uall [95ms]
2024-03-08 10:03:10.237 [info] > git merge-base refs/heads/main refs/remotes/origin/main [11ms]
2024-03-08 10:03:10.247 [info] > git merge-base refs/heads/main refs/remotes/origin/main [31ms]
2024-03-08 10:03:10.265 [info] > git merge-base refs/heads/main refs/remotes/origin/main [61ms]
2024-03-08 10:03:10.321 [info] > git rev-list --count --left-right refs/heads/main...refs/remotes/origin/main [56ms]
2024-03-08 10:03:10.323 [info] > git rev-list --count --left-right refs/heads/main...refs/remotes/origin/main [77ms]
2024-03-08 10:03:10.324 [info] > git merge-base refs/heads/main refs/remotes/origin/main [89ms]
2024-03-08 10:03:10.342 [info] > git rev-list --count --left-right refs/heads/main...refs/remotes/origin/main [57ms]
2024-03-08 10:03:10.348 [info] > git rev-list --count --left-right refs/heads/main...refs/remotes/origin/main [9ms]
2024-03-08 10:03:10.699 [info] > git config --get commit.template [17ms]
2024-03-08 10:03:10.702 [info] > git for-each-ref --format=%(refname)%00%(upstream:short)%00%(objectname)%00%(upstream:track)%00%(upstream:remotename)%00%(upstream:remoteref) refs/heads/main refs/remotes/main [5ms]
2024-03-08 10:03:10.714 [warning] ENOENT: no such file or directory, open '/home/abraham/.git/refs/remotes/origin/main'
2024-03-08 10:03:10.716 [info] > git rev-parse refs/remotes/origin/main [2ms]
2024-03-08 10:03:10.921 [info] > git status -z -uall [191ms]
2024-03-08 10:03:13.024 [info] > git check-ignore -v -z --stdin [35ms]
2024-03-08 10:03:16.267 [info] > git config --get commit.template [21ms]
2024-03-08 10:03:16.269 [info] > git for-each-ref --format=%(refname)%00%(upstream:short)%00%(objectname)%00%(upstream:track)%00%(upstream:remotename)%00%(upstream:remoteref) refs/heads/main refs/remotes/main [4ms]
2024-03-08 10:03:16.280 [warning] ENOENT: no such file or directory, open '/home/abraham/.git/refs/remotes/origin/main'
2024-03-08 10:03:16.282 [info] > git rev-parse refs/remotes/origin/main [2ms]
2024-03-08 10:03:16.444 [info] > git status -z -uall [152ms]
2024-03-08 10:03:17.976 [info] > git check-ignore -v -z --stdin [23ms]
2024-03-08 10:03:24.482 [info] > git add -A -- . [2834ms]
2024-03-08 10:03:25.848 [info] > git show --textconv :.git/COMMIT_EDITMSG [28ms]
2024-03-08 10:03:25.854 [info] > git ls-files --stage -- /home/abraham/.git/COMMIT_EDITMSG [10ms]
2024-03-08 10:03:26.189 [info] > git check-ignore -v -z --stdin [18ms]
2024-03-08 10:03:26.461 [info] > git ls-files --stage -- /home/abraham/.git/COMMIT_EDITMSG [22ms]
2024-03-08 10:03:26.516 [info] > git show --textconv :.git/COMMIT_EDITMSG [9ms]
2024-03-08 10:03:41.102 [info] > git -c user.useConfigOnly=true commit --quiet [16611ms]
2024-03-08 10:03:41.134 [info] > git config --get commit.template [15ms]
2024-03-08 10:03:41.137 [info] > git for-each-ref --format=%(refname)%00%(upstream:short)%00%(objectname)%00%(upstream:track)%00%(upstream:remotename)%00%(upstream:remoteref) refs/heads/main refs/remotes/main [5ms]
2024-03-08 10:03:41.149 [warning] ENOENT: no such file or directory, open '/home/abraham/.git/refs/remotes/origin/main'
2024-03-08 10:03:41.152 [info] > git rev-parse refs/remotes/origin/main [3ms]
2024-03-08 10:03:41.273 [info] > git status -z -uall [108ms]
2024-03-08 10:03:41.356 [info] > git config --get commit.template [2ms]
2024-03-08 10:03:41.371 [info] > git for-each-ref --format=%(refname)%00%(upstream:short)%00%(objectname)%00%(upstream:track)%00%(upstream:remotename)%00%(upstream:remoteref) refs/heads/main refs/remotes/main [4ms]
2024-03-08 10:03:41.382 [warning] ENOENT: no such file or directory, open '/home/abraham/.git/refs/remotes/origin/main'
2024-03-08 10:03:41.396 [info] > git rev-parse refs/remotes/origin/main [13ms]
2024-03-08 10:03:41.463 [info] > git status -z -uall [53ms] (cancelled)
2024-03-08 10:03:41.464 [info] > git merge-base refs/heads/main refs/remotes/origin/main [34ms]
2024-03-08 10:03:41.483 [info] > git config --get commit.template [21ms]
2024-03-08 10:03:41.485 [info] > git rev-list --count --left-right refs/heads/main...refs/remotes/origin/main [5ms]
2024-03-08 10:03:41.505 [info] > git for-each-ref --format=%(refname)%00%(upstream:short)%00%(objectname)%00%(upstream:track)%00%(upstream:remotename)%00%(upstream:remoteref) refs/heads/main refs/remotes/main [5ms]
2024-03-08 10:03:41.518 [warning] ENOENT: no such file or directory, open '/home/abraham/.git/refs/remotes/origin/main'
2024-03-08 10:03:41.521 [info] > git rev-parse refs/remotes/origin/main [4ms]
2024-03-08 10:03:41.641 [info] > git status -z -uall [105ms]
2024-03-08 10:03:42.585 [info] > git check-ignore -v -z --stdin [15ms]
2024-03-08 10:03:46.484 [info] > git config --get commit.template [16ms]
2024-03-08 10:03:46.487 [info] > git for-each-ref --format=%(refname)%00%(upstream:short)%00%(objectname)%00%(upstream:track)%00%(upstream:remotename)%00%(upstream:remoteref) refs/heads/main refs/remotes/main [5ms]
2024-03-08 10:03:46.499 [warning] ENOENT: no such file or directory, open '/home/abraham/.git/refs/remotes/origin/main'
2024-03-08 10:03:46.501 [info] > git rev-parse refs/remotes/origin/main [2ms]
2024-03-08 10:03:46.590 [info] > git status -z -uall [79ms]
