2024-03-22 17:45:41.963 [info] Experiment 'pythonRecommendTensorboardExt' is active
2024-03-22 17:45:41.963 [info] Experiment 'pythonREPLSmartSend' is active
2024-03-22 17:45:41.963 [info] Experiment 'pythonSurveyNotificationcf' is active
2024-03-22 17:45:41.963 [info] Experiment 'pythonTerminalEnvVarActivation' is active
2024-03-22 17:45:41.963 [info] Experiment 'pythonTestAdapter' is active
2024-03-22 17:45:41.963 [info] Test server listening.
2024-03-22 17:45:42.037 [info] > C:\Users\Admin\AppData\Local\Microsoft\WindowsApps\python3.11.exe -c "import sys;print(sys.executable)"
2024-03-22 17:45:42.088 [error] [Error: Command failed: C:\Users\Admin\AppData\Local\Microsoft\WindowsApps\python3.11.exe -c "import sys;print(sys.executable)"
/bin/sh: 1: C:UsersAdminAppDataLocalMicrosoftWindowsAppspython3.11.exe: not found

	at ChildProcess.exithandler (node:child_process:420:12)
	at ChildProcess.emit (node:events:526:35)
	at maybeClose (node:internal/child_process:1091:16)
	at Socket.<anonymous> (node:internal/child_process:449:11)
	at Socket.emit (node:events:514:28)
	at Pipe.<anonymous> (node:net:323:12)] {
  code: 127,
  killed: false,
  signal: null,
  cmd: 'C:\\Users\\Admin\\AppData\\Local\\Microsoft\\WindowsApps\\python3.11.exe -c "import sys;print(sys.executable)"'
}
2024-03-22 17:45:42.958 [warning] Retry failed, storage update failed for key PYTHON_WORKSPACE_STORAGE_KEYS
2024-03-22 17:45:42.958 [warning] Retry failed, storage update failed for key PYTHON_WORKSPACE_STORAGE_KEYS
2024-03-22 17:45:44.482 [info] Starting Pylance language server.
