2024-05-24 13:40:13.366 [info] Log level: Info
2024-05-24 13:40:13.366 [info] Validating found git in: "git"
2024-05-24 13:40:13.366 [info] Using git "2.43.0" from "git"
2024-05-24 13:40:13.366 [info] > git rev-parse --show-toplevel [327ms]
2024-05-24 13:40:13.366 [info] > git rev-parse --git-dir --git-common-dir [29ms]
2024-05-24 13:40:13.366 [info] Open repository: /home/abraham
2024-05-24 13:40:13.366 [info] > git rev-parse --show-toplevel [29ms]
2024-05-24 13:40:13.366 [info] > git config --get commit.template [42ms]
2024-05-24 13:40:13.449 [info] > git rev-parse --show-toplevel [95ms]
2024-05-24 13:40:13.468 [info] > git for-each-ref --format=%(refname)%00%(upstream:short)%00%(objectname)%00%(upstream:track)%00%(upstream:remotename)%00%(upstream:remoteref) refs/heads/main refs/remotes/main [87ms]
2024-05-24 13:40:13.502 [warning] ENOENT: no such file or directory, open '/home/abraham/.git/refs/remotes/origin/main'
2024-05-24 13:40:13.503 [info] > git rev-parse --show-toplevel [40ms]
2024-05-24 13:40:13.522 [info] > git rev-parse refs/remotes/origin/main [20ms]
2024-05-24 13:40:13.536 [info] > git rev-parse --show-toplevel [17ms]
2024-05-24 13:40:14.473 [info] > git rev-parse --show-toplevel [922ms]
2024-05-24 13:40:14.489 [info] > git status -z -uall [956ms]
2024-05-24 13:40:14.489 [info] > git rev-parse --git-dir --git-common-dir [6ms]
2024-05-24 13:40:14.494 [info] Open repository: /home/abraham/css-exercises
2024-05-24 13:40:16.422 [info] > git rev-parse --show-toplevel [1898ms]
2024-05-24 13:40:16.424 [info] > git config --get commit.template [1915ms]
2024-05-24 13:40:16.516 [info] > git config --get commit.template [146ms]
2024-05-24 13:40:16.616 [info] > git for-each-ref --format=%(refname)%00%(upstream:short)%00%(objectname)%00%(upstream:track)%00%(upstream:remotename)%00%(upstream:remoteref) refs/heads/main refs/remotes/main [67ms]
2024-05-24 13:40:16.876 [info] > git rev-parse --git-dir --git-common-dir [293ms]
2024-05-24 13:40:16.885 [info] Open repository: /home/abraham/git_test
2024-05-24 13:40:16.975 [info] > git for-each-ref --format=%(refname)%00%(upstream:short)%00%(objectname)%00%(upstream:track)%00%(upstream:remotename)%00%(upstream:remoteref) refs/heads/main refs/remotes/main [366ms]
2024-05-24 13:40:16.992 [warning] ENOENT: no such file or directory, open '/home/abraham/.git/refs/remotes/origin/main'
2024-05-24 13:40:17.008 [info] > git rev-parse --show-toplevel [91ms]
2024-05-24 13:40:17.012 [info] > git config --get commit.template [108ms]
2024-05-24 13:40:17.187 [info] > git status -z -uall [156ms]
2024-05-24 13:40:17.187 [info] > git rev-parse refs/remotes/origin/main [196ms]
2024-05-24 13:40:17.221 [info] > git rev-parse --show-toplevel [168ms]
2024-05-24 13:40:17.281 [info] > git config --get commit.template [5ms]
2024-05-24 13:40:17.282 [info] > git rev-parse --git-dir --git-common-dir [25ms]
2024-05-24 13:40:17.298 [info] Open repository: /home/abraham/landing_page
2024-05-24 13:40:17.340 [info] > git for-each-ref --format=%(refname)%00%(upstream:short)%00%(objectname)%00%(upstream:track)%00%(upstream:remotename)%00%(upstream:remoteref) refs/heads/main refs/remotes/main [122ms]
2024-05-24 13:40:17.365 [info] > git rev-parse --show-toplevel [28ms]
2024-05-24 13:40:17.366 [info] > git config --get commit.template [41ms]
2024-05-24 13:40:17.383 [info] > git for-each-ref --format=%(refname)%00%(upstream:short)%00%(objectname)%00%(upstream:track)%00%(upstream:remotename)%00%(upstream:remoteref) refs/heads/main refs/remotes/main [29ms]
2024-05-24 13:40:17.401 [info] > git rev-parse --show-toplevel [22ms]
2024-05-24 13:40:17.431 [info] > git status -z -uall [15ms]
2024-05-24 13:40:17.432 [info] > git for-each-ref --format=%(refname)%00%(upstream:short)%00%(objectname)%00%(upstream:track)%00%(upstream:remotename)%00%(upstream:remoteref) refs/heads/main refs/remotes/main [32ms]
2024-05-24 13:40:17.436 [info] > git rev-parse --git-dir --git-common-dir [7ms]
2024-05-24 13:40:17.446 [info] Open repository: /home/abraham/odin-recipes
2024-05-24 13:40:17.561 [info] > git status -z -uall [88ms]
2024-05-24 13:40:17.562 [info] > git config --get commit.template [42ms]
2024-05-24 13:40:17.562 [info] > git rev-parse --show-toplevel [55ms]
2024-05-24 13:40:17.563 [info] > git config --get commit.template [69ms]
2024-05-24 13:40:17.679 [info] > git status -z -uall [479ms]
2024-05-24 13:40:17.679 [info] > git status -z -uall [91ms]
2024-05-24 13:40:17.679 [info] > git rev-parse --git-dir --git-common-dir [77ms]
2024-05-24 13:40:17.689 [info] Open repository: /home/abraham/plp_python
2024-05-24 13:40:17.756 [info] > git for-each-ref --format=%(refname)%00%(upstream:short)%00%(objectname)%00%(upstream:track)%00%(upstream:remotename)%00%(upstream:remoteref) refs/heads/main refs/remotes/main [111ms]
2024-05-24 13:40:17.757 [info] > git for-each-ref --format=%(refname)%00%(upstream:short)%00%(objectname)%00%(upstream:track)%00%(upstream:remotename)%00%(upstream:remoteref) refs/heads/main refs/remotes/main [126ms]
2024-05-24 13:40:20.524 [info] > git config --get commit.template [2775ms]
2024-05-24 13:40:20.524 [info] > git rev-parse --show-toplevel [2789ms]
2024-05-24 13:40:20.525 [info] > git config --get commit.template [2805ms]
2024-05-24 13:40:20.575 [info] > git rev-parse --show-toplevel [33ms]
2024-05-24 13:40:20.676 [info] > git for-each-ref --format=%(refname)%00%(upstream:short)%00%(objectname)%00%(upstream:track)%00%(upstream:remotename)%00%(upstream:remoteref) refs/heads/main refs/remotes/main [106ms]
2024-05-24 13:40:20.677 [info] > git for-each-ref --format=%(refname)%00%(upstream:short)%00%(objectname)%00%(upstream:track)%00%(upstream:remotename)%00%(upstream:remoteref) refs/heads/main refs/remotes/main [119ms]
2024-05-24 13:40:20.683 [info] > git status -z -uall [91ms]
2024-05-24 13:40:20.683 [info] > git status -z -uall [79ms]
2024-05-24 13:40:20.730 [info] > git config --get commit.template [10ms]
2024-05-24 13:40:20.792 [info] > git status -z -uall [48ms]
2024-05-24 13:40:20.793 [info] > git status -z -uall [32ms]
2024-05-24 13:40:20.815 [info] > git for-each-ref --format=%(refname)%00%(upstream:short)%00%(objectname)%00%(upstream:track)%00%(upstream:remotename)%00%(upstream:remoteref) refs/heads/main refs/remotes/main [29ms]
2024-05-24 13:40:20.842 [info] > git config --get commit.template [5ms]
2024-05-24 13:40:20.878 [info] > git status -z -uall [18ms]
2024-05-24 13:40:20.879 [info] > git for-each-ref --format=%(refname)%00%(upstream:short)%00%(objectname)%00%(upstream:track)%00%(upstream:remotename)%00%(upstream:remoteref) refs/heads/main refs/remotes/main [5ms]
2024-05-24 13:40:20.915 [info] > git status -z -uall [5ms]
2024-05-24 13:40:23.849 [info] > git merge-base refs/heads/main refs/remotes/origin/main [5ms]
2024-05-24 13:40:23.862 [info] > git merge-base refs/heads/main refs/remotes/origin/main [31ms]
2024-05-24 13:40:23.879 [info] > git merge-base refs/heads/main refs/remotes/origin/main [62ms]
2024-05-24 13:40:23.893 [info] > git merge-base refs/heads/main refs/remotes/origin/main [92ms]
2024-05-24 13:40:23.909 [info] > git merge-base refs/heads/main refs/remotes/origin/main [128ms]
2024-05-24 13:40:23.937 [info] > git merge-base refs/heads/main refs/remotes/origin/main [173ms]
2024-05-24 13:40:23.997 [info] > git rev-list --count --left-right refs/heads/main...refs/remotes/origin/main [62ms]
2024-05-24 13:40:24.001 [info] > git rev-list --count --left-right refs/heads/main...refs/remotes/origin/main [92ms]
2024-05-24 13:40:24.002 [info] > git rev-list --count --left-right refs/heads/main...refs/remotes/origin/main [110ms]
2024-05-24 13:40:24.004 [info] > git rev-list --count --left-right refs/heads/main...refs/remotes/origin/main [125ms]
2024-05-24 13:40:24.005 [info] > git rev-list --count --left-right refs/heads/main...refs/remotes/origin/main [144ms]
2024-05-24 13:40:24.010 [info] > git rev-list --count --left-right refs/heads/main...refs/remotes/origin/main [30ms]
2024-05-24 13:40:25.011 [info] > git config --get commit.template [3ms]
2024-05-24 13:40:25.050 [info] > git for-each-ref --format=%(refname)%00%(upstream:short)%00%(objectname)%00%(upstream:track)%00%(upstream:remotename)%00%(upstream:remoteref) refs/heads/main refs/remotes/main [11ms]
2024-05-24 13:40:25.080 [warning] ENOENT: no such file or directory, open '/home/abraham/.git/refs/remotes/origin/main'
2024-05-24 13:40:25.082 [info] > git rev-parse refs/remotes/origin/main [3ms]
2024-05-24 13:40:25.639 [info] > git status -z -uall [541ms]
2024-05-24 13:40:27.360 [info] > git check-ignore -v -z --stdin [65ms]
2024-05-24 13:40:28.791 [info] > git check-ignore -v -z --stdin [44ms]
2024-05-24 13:45:39.570 [info] > git config --get commit.template [5ms]
2024-05-24 13:45:39.587 [info] > git for-each-ref --format=%(refname)%00%(upstream:short)%00%(objectname)%00%(upstream:track)%00%(upstream:remotename)%00%(upstream:remoteref) refs/heads/main refs/remotes/main [4ms]
2024-05-24 13:45:39.603 [warning] ENOENT: no such file or directory, open '/home/abraham/.git/refs/remotes/origin/main'
2024-05-24 13:45:39.604 [info] > git rev-parse refs/remotes/origin/main [1ms]
2024-05-24 13:45:39.921 [info] > git status -z -uall [300ms]
2024-05-24 13:45:45.621 [info] > git check-ignore -v -z --stdin [42ms]
2024-05-24 13:45:45.624 [info] > git config --get commit.template [6ms]
2024-05-24 13:45:45.653 [info] > git for-each-ref --format=%(refname)%00%(upstream:short)%00%(objectname)%00%(upstream:track)%00%(upstream:remotename)%00%(upstream:remoteref) refs/heads/main refs/remotes/main [6ms]
2024-05-24 13:45:45.683 [warning] ENOENT: no such file or directory, open '/home/abraham/.git/refs/remotes/origin/main'
2024-05-24 13:45:45.687 [info] > git rev-parse refs/remotes/origin/main [3ms]
2024-05-24 13:45:46.124 [info] > git status -z -uall [414ms]
2024-05-24 13:45:51.468 [info] > git config --get commit.template [26ms]
2024-05-24 13:45:51.469 [info] > git for-each-ref --format=%(refname)%00%(upstream:short)%00%(objectname)%00%(upstream:track)%00%(upstream:remotename)%00%(upstream:remoteref) refs/heads/main refs/remotes/main [2ms]
2024-05-24 13:45:51.481 [warning] ENOENT: no such file or directory, open '/home/abraham/.git/refs/remotes/origin/main'
2024-05-24 13:45:51.483 [info] > git rev-parse refs/remotes/origin/main [2ms]
2024-05-24 13:45:51.648 [info] > git status -z -uall [155ms]
2024-05-24 13:45:56.927 [info] > git config --get commit.template [21ms]
2024-05-24 13:45:56.929 [info] > git for-each-ref --format=%(refname)%00%(upstream:short)%00%(objectname)%00%(upstream:track)%00%(upstream:remotename)%00%(upstream:remoteref) refs/heads/main refs/remotes/main [3ms]
2024-05-24 13:45:56.944 [warning] ENOENT: no such file or directory, open '/home/abraham/.git/refs/remotes/origin/main'
2024-05-24 13:45:56.946 [info] > git rev-parse refs/remotes/origin/main [2ms]
2024-05-24 13:45:57.110 [info] > git status -z -uall [148ms]
2024-05-24 13:46:02.336 [info] > git config --get commit.template [23ms]
2024-05-24 13:46:02.338 [info] > git for-each-ref --format=%(refname)%00%(upstream:short)%00%(objectname)%00%(upstream:track)%00%(upstream:remotename)%00%(upstream:remoteref) refs/heads/main refs/remotes/main [4ms]
2024-05-24 13:46:02.354 [warning] ENOENT: no such file or directory, open '/home/abraham/.git/refs/remotes/origin/main'
2024-05-24 13:46:02.356 [info] > git rev-parse refs/remotes/origin/main [1ms]
2024-05-24 13:46:02.550 [info] > git status -z -uall [179ms]
2024-05-24 13:46:07.795 [info] > git config --get commit.template [24ms]
2024-05-24 13:46:07.798 [info] > git for-each-ref --format=%(refname)%00%(upstream:short)%00%(objectname)%00%(upstream:track)%00%(upstream:remotename)%00%(upstream:remoteref) refs/heads/main refs/remotes/main [5ms]
2024-05-24 13:46:07.819 [warning] ENOENT: no such file or directory, open '/home/abraham/.git/refs/remotes/origin/main'
2024-05-24 13:46:07.821 [info] > git rev-parse refs/remotes/origin/main [3ms]
2024-05-24 13:46:07.990 [info] > git status -z -uall [152ms]
2024-05-24 13:46:13.201 [info] > git config --get commit.template [4ms]
2024-05-24 13:46:13.223 [info] > git for-each-ref --format=%(refname)%00%(upstream:short)%00%(objectname)%00%(upstream:track)%00%(upstream:remotename)%00%(upstream:remoteref) refs/heads/main refs/remotes/main [3ms]
2024-05-24 13:46:13.242 [warning] ENOENT: no such file or directory, open '/home/abraham/.git/refs/remotes/origin/main'
2024-05-24 13:46:13.244 [info] > git rev-parse refs/remotes/origin/main [2ms]
2024-05-24 13:46:13.430 [info] > git status -z -uall [167ms]
2024-05-24 13:46:18.697 [info] > git config --get commit.template [50ms]
2024-05-24 13:46:18.705 [info] > git for-each-ref --format=%(refname)%00%(upstream:short)%00%(objectname)%00%(upstream:track)%00%(upstream:remotename)%00%(upstream:remoteref) refs/heads/main refs/remotes/main [11ms]
2024-05-24 13:46:18.750 [warning] ENOENT: no such file or directory, open '/home/abraham/.git/refs/remotes/origin/main'
2024-05-24 13:46:18.755 [info] > git rev-parse refs/remotes/origin/main [6ms]
2024-05-24 13:46:19.078 [info] > git status -z -uall [280ms]
2024-05-24 13:46:47.814 [info] > git config --get commit.template [26ms]
2024-05-24 13:46:47.817 [info] > git for-each-ref --format=%(refname)%00%(upstream:short)%00%(objectname)%00%(upstream:track)%00%(upstream:remotename)%00%(upstream:remoteref) refs/heads/main refs/remotes/main [5ms]
2024-05-24 13:46:47.844 [warning] ENOENT: no such file or directory, open '/home/abraham/.git/refs/remotes/origin/main'
2024-05-24 13:46:47.848 [info] > git rev-parse refs/remotes/origin/main [4ms]
2024-05-24 13:46:48.234 [info] > git status -z -uall [353ms]
2024-05-24 13:46:53.520 [info] > git config --get commit.template [21ms]
2024-05-24 13:46:53.522 [info] > git for-each-ref --format=%(refname)%00%(upstream:short)%00%(objectname)%00%(upstream:track)%00%(upstream:remotename)%00%(upstream:remoteref) refs/heads/main refs/remotes/main [3ms]
2024-05-24 13:46:53.534 [warning] ENOENT: no such file or directory, open '/home/abraham/.git/refs/remotes/origin/main'
2024-05-24 13:46:53.536 [info] > git rev-parse refs/remotes/origin/main [2ms]
2024-05-24 13:46:53.707 [info] > git status -z -uall [160ms]
2024-05-24 13:46:58.940 [info] > git config --get commit.template [29ms]
2024-05-24 13:46:58.942 [info] > git for-each-ref --format=%(refname)%00%(upstream:short)%00%(objectname)%00%(upstream:track)%00%(upstream:remotename)%00%(upstream:remoteref) refs/heads/main refs/remotes/main [4ms]
2024-05-24 13:46:58.964 [warning] ENOENT: no such file or directory, open '/home/abraham/.git/refs/remotes/origin/main'
2024-05-24 13:46:58.966 [info] > git rev-parse refs/remotes/origin/main [2ms]
2024-05-24 13:46:59.166 [info] > git status -z -uall [182ms]
2024-05-24 13:47:04.369 [info] > git config --get commit.template [15ms]
2024-05-24 13:47:04.371 [info] > git for-each-ref --format=%(refname)%00%(upstream:short)%00%(objectname)%00%(upstream:track)%00%(upstream:remotename)%00%(upstream:remoteref) refs/heads/main refs/remotes/main [3ms]
2024-05-24 13:47:04.384 [warning] ENOENT: no such file or directory, open '/home/abraham/.git/refs/remotes/origin/main'
2024-05-24 13:47:04.386 [info] > git rev-parse refs/remotes/origin/main [2ms]
2024-05-24 13:47:04.615 [info] > git status -z -uall [213ms]
2024-05-24 13:47:09.894 [info] > git config --get commit.template [15ms]
2024-05-24 13:47:09.895 [info] > git for-each-ref --format=%(refname)%00%(upstream:short)%00%(objectname)%00%(upstream:track)%00%(upstream:remotename)%00%(upstream:remoteref) refs/heads/main refs/remotes/main [2ms]
2024-05-24 13:47:09.909 [warning] ENOENT: no such file or directory, open '/home/abraham/.git/refs/remotes/origin/main'
2024-05-24 13:47:09.911 [info] > git rev-parse refs/remotes/origin/main [2ms]
2024-05-24 13:47:10.077 [info] > git status -z -uall [153ms]
2024-05-24 13:47:15.306 [info] > git config --get commit.template [19ms]
2024-05-24 13:47:15.308 [info] > git for-each-ref --format=%(refname)%00%(upstream:short)%00%(objectname)%00%(upstream:track)%00%(upstream:remotename)%00%(upstream:remoteref) refs/heads/main refs/remotes/main [2ms]
2024-05-24 13:47:15.324 [warning] ENOENT: no such file or directory, open '/home/abraham/.git/refs/remotes/origin/main'
2024-05-24 13:47:15.326 [info] > git rev-parse refs/remotes/origin/main [2ms]
2024-05-24 13:47:15.510 [info] > git status -z -uall [168ms]
2024-05-24 13:47:20.744 [info] > git config --get commit.template [22ms]
2024-05-24 13:47:20.746 [info] > git for-each-ref --format=%(refname)%00%(upstream:short)%00%(objectname)%00%(upstream:track)%00%(upstream:remotename)%00%(upstream:remoteref) refs/heads/main refs/remotes/main [2ms]
2024-05-24 13:47:20.766 [warning] ENOENT: no such file or directory, open '/home/abraham/.git/refs/remotes/origin/main'
2024-05-24 13:47:20.768 [info] > git rev-parse refs/remotes/origin/main [2ms]
2024-05-24 13:47:20.952 [info] > git status -z -uall [164ms]
2024-05-24 13:47:26.188 [info] > git config --get commit.template [28ms]
2024-05-24 13:47:26.190 [info] > git for-each-ref --format=%(refname)%00%(upstream:short)%00%(objectname)%00%(upstream:track)%00%(upstream:remotename)%00%(upstream:remoteref) refs/heads/main refs/remotes/main [4ms]
2024-05-24 13:47:26.214 [warning] ENOENT: no such file or directory, open '/home/abraham/.git/refs/remotes/origin/main'
2024-05-24 13:47:26.217 [info] > git rev-parse refs/remotes/origin/main [4ms]
2024-05-24 13:47:26.396 [info] > git status -z -uall [155ms]
2024-05-24 13:47:31.658 [info] > git config --get commit.template [24ms]
2024-05-24 13:47:31.661 [info] > git for-each-ref --format=%(refname)%00%(upstream:short)%00%(objectname)%00%(upstream:track)%00%(upstream:remotename)%00%(upstream:remoteref) refs/heads/main refs/remotes/main [3ms]
2024-05-24 13:47:31.684 [warning] ENOENT: no such file or directory, open '/home/abraham/.git/refs/remotes/origin/main'
2024-05-24 13:47:31.686 [info] > git rev-parse refs/remotes/origin/main [2ms]
2024-05-24 13:47:31.882 [info] > git status -z -uall [174ms]
2024-05-24 13:47:37.108 [info] > git config --get commit.template [2ms]
2024-05-24 13:47:37.134 [info] > git for-each-ref --format=%(refname)%00%(upstream:short)%00%(objectname)%00%(upstream:track)%00%(upstream:remotename)%00%(upstream:remoteref) refs/heads/main refs/remotes/main [3ms]
2024-05-24 13:47:37.150 [warning] ENOENT: no such file or directory, open '/home/abraham/.git/refs/remotes/origin/main'
2024-05-24 13:47:37.151 [info] > git rev-parse refs/remotes/origin/main [1ms]
2024-05-24 13:47:37.332 [info] > git status -z -uall [162ms]
2024-05-24 13:47:42.574 [info] > git config --get commit.template [28ms]
2024-05-24 13:47:42.576 [info] > git for-each-ref --format=%(refname)%00%(upstream:short)%00%(objectname)%00%(upstream:track)%00%(upstream:remotename)%00%(upstream:remoteref) refs/heads/main refs/remotes/main [4ms]
2024-05-24 13:47:42.602 [warning] ENOENT: no such file or directory, open '/home/abraham/.git/refs/remotes/origin/main'
2024-05-24 13:47:42.604 [info] > git rev-parse refs/remotes/origin/main [2ms]
2024-05-24 13:47:42.782 [info] > git status -z -uall [155ms]
2024-05-24 13:47:48.035 [info] > git config --get commit.template [32ms]
2024-05-24 13:47:48.036 [info] > git for-each-ref --format=%(refname)%00%(upstream:short)%00%(objectname)%00%(upstream:track)%00%(upstream:remotename)%00%(upstream:remoteref) refs/heads/main refs/remotes/main [2ms]
2024-05-24 13:47:48.055 [warning] ENOENT: no such file or directory, open '/home/abraham/.git/refs/remotes/origin/main'
2024-05-24 13:47:48.057 [info] > git rev-parse refs/remotes/origin/main [1ms]
2024-05-24 13:47:48.237 [info] > git status -z -uall [156ms]
2024-05-24 13:47:53.476 [info] > git config --get commit.template [32ms]
2024-05-24 13:47:53.477 [info] > git for-each-ref --format=%(refname)%00%(upstream:short)%00%(objectname)%00%(upstream:track)%00%(upstream:remotename)%00%(upstream:remoteref) refs/heads/main refs/remotes/main [4ms]
2024-05-24 13:47:53.499 [warning] ENOENT: no such file or directory, open '/home/abraham/.git/refs/remotes/origin/main'
2024-05-24 13:47:53.501 [info] > git rev-parse refs/remotes/origin/main [1ms]
2024-05-24 13:47:53.683 [info] > git status -z -uall [160ms]
2024-05-24 13:47:58.913 [info] > git config --get commit.template [2ms]
2024-05-24 13:47:58.944 [info] > git for-each-ref --format=%(refname)%00%(upstream:short)%00%(objectname)%00%(upstream:track)%00%(upstream:remotename)%00%(upstream:remoteref) refs/heads/main refs/remotes/main [3ms]
2024-05-24 13:47:58.973 [warning] ENOENT: no such file or directory, open '/home/abraham/.git/refs/remotes/origin/main'
2024-05-24 13:47:58.975 [info] > git rev-parse refs/remotes/origin/main [2ms]
2024-05-24 13:47:59.165 [info] > git status -z -uall [160ms]
2024-05-24 13:48:04.413 [info] > git config --get commit.template [31ms]
2024-05-24 13:48:04.415 [info] > git for-each-ref --format=%(refname)%00%(upstream:short)%00%(objectname)%00%(upstream:track)%00%(upstream:remotename)%00%(upstream:remoteref) refs/heads/main refs/remotes/main [3ms]
2024-05-24 13:48:04.445 [warning] ENOENT: no such file or directory, open '/home/abraham/.git/refs/remotes/origin/main'
2024-05-24 13:48:04.447 [info] > git rev-parse refs/remotes/origin/main [2ms]
2024-05-24 13:48:04.629 [info] > git status -z -uall [153ms]
2024-05-24 13:48:09.870 [info] > git config --get commit.template [25ms]
2024-05-24 13:48:09.871 [info] > git for-each-ref --format=%(refname)%00%(upstream:short)%00%(objectname)%00%(upstream:track)%00%(upstream:remotename)%00%(upstream:remoteref) refs/heads/main refs/remotes/main [2ms]
2024-05-24 13:48:09.899 [warning] ENOENT: no such file or directory, open '/home/abraham/.git/refs/remotes/origin/main'
2024-05-24 13:48:09.901 [info] > git rev-parse refs/remotes/origin/main [2ms]
2024-05-24 13:48:10.086 [info] > git status -z -uall [156ms]
2024-05-24 13:48:15.343 [info] > git config --get commit.template [34ms]
2024-05-24 13:48:15.346 [info] > git for-each-ref --format=%(refname)%00%(upstream:short)%00%(objectname)%00%(upstream:track)%00%(upstream:remotename)%00%(upstream:remoteref) refs/heads/main refs/remotes/main [3ms]
2024-05-24 13:48:15.375 [warning] ENOENT: no such file or directory, open '/home/abraham/.git/refs/remotes/origin/main'
2024-05-24 13:48:15.378 [info] > git rev-parse refs/remotes/origin/main [2ms]
2024-05-24 13:48:15.556 [info] > git status -z -uall [147ms]
2024-05-24 13:48:20.782 [info] > git config --get commit.template [24ms]
2024-05-24 13:48:20.784 [info] > git for-each-ref --format=%(refname)%00%(upstream:short)%00%(objectname)%00%(upstream:track)%00%(upstream:remotename)%00%(upstream:remoteref) refs/heads/main refs/remotes/main [4ms]
2024-05-24 13:48:20.804 [warning] ENOENT: no such file or directory, open '/home/abraham/.git/refs/remotes/origin/main'
2024-05-24 13:48:20.807 [info] > git rev-parse refs/remotes/origin/main [3ms]
2024-05-24 13:48:20.986 [info] > git status -z -uall [160ms]
2024-05-24 13:48:26.211 [info] > git config --get commit.template [21ms]
2024-05-24 13:48:26.213 [info] > git for-each-ref --format=%(refname)%00%(upstream:short)%00%(objectname)%00%(upstream:track)%00%(upstream:remotename)%00%(upstream:remoteref) refs/heads/main refs/remotes/main [4ms]
2024-05-24 13:48:26.233 [warning] ENOENT: no such file or directory, open '/home/abraham/.git/refs/remotes/origin/main'
2024-05-24 13:48:26.236 [info] > git rev-parse refs/remotes/origin/main [3ms]
2024-05-24 13:48:26.418 [info] > git status -z -uall [164ms]
2024-05-24 13:48:31.622 [info] > git config --get commit.template [4ms]
2024-05-24 13:48:31.649 [info] > git for-each-ref --format=%(refname)%00%(upstream:short)%00%(objectname)%00%(upstream:track)%00%(upstream:remotename)%00%(upstream:remoteref) refs/heads/main refs/remotes/main [3ms]
2024-05-24 13:48:31.665 [warning] ENOENT: no such file or directory, open '/home/abraham/.git/refs/remotes/origin/main'
2024-05-24 13:48:31.666 [info] > git rev-parse refs/remotes/origin/main [2ms]
2024-05-24 13:48:31.844 [info] > git status -z -uall [162ms]
2024-05-24 13:48:37.090 [info] > git config --get commit.template [20ms]
2024-05-24 13:48:37.091 [info] > git for-each-ref --format=%(refname)%00%(upstream:short)%00%(objectname)%00%(upstream:track)%00%(upstream:remotename)%00%(upstream:remoteref) refs/heads/main refs/remotes/main [2ms]
2024-05-24 13:48:37.105 [warning] ENOENT: no such file or directory, open '/home/abraham/.git/refs/remotes/origin/main'
2024-05-24 13:48:37.106 [info] > git rev-parse refs/remotes/origin/main [1ms]
2024-05-24 13:48:37.287 [info] > git status -z -uall [167ms]
2024-05-24 13:48:42.494 [info] > git config --get commit.template [16ms]
2024-05-24 13:48:42.496 [info] > git for-each-ref --format=%(refname)%00%(upstream:short)%00%(objectname)%00%(upstream:track)%00%(upstream:remotename)%00%(upstream:remoteref) refs/heads/main refs/remotes/main [3ms]
2024-05-24 13:48:42.513 [warning] ENOENT: no such file or directory, open '/home/abraham/.git/refs/remotes/origin/main'
2024-05-24 13:48:42.514 [info] > git rev-parse refs/remotes/origin/main [2ms]
2024-05-24 13:48:42.696 [info] > git status -z -uall [166ms]
2024-05-24 13:48:47.951 [info] > git config --get commit.template [31ms]
2024-05-24 13:48:47.953 [info] > git for-each-ref --format=%(refname)%00%(upstream:short)%00%(objectname)%00%(upstream:track)%00%(upstream:remotename)%00%(upstream:remoteref) refs/heads/main refs/remotes/main [3ms]
2024-05-24 13:48:47.973 [warning] ENOENT: no such file or directory, open '/home/abraham/.git/refs/remotes/origin/main'
2024-05-24 13:48:47.975 [info] > git rev-parse refs/remotes/origin/main [2ms]
2024-05-24 13:48:48.154 [info] > git status -z -uall [159ms]
2024-05-24 13:48:53.357 [info] > git config --get commit.template [19ms]
2024-05-24 13:48:53.358 [info] > git for-each-ref --format=%(refname)%00%(upstream:short)%00%(objectname)%00%(upstream:track)%00%(upstream:remotename)%00%(upstream:remoteref) refs/heads/main refs/remotes/main [2ms]
2024-05-24 13:48:53.374 [warning] ENOENT: no such file or directory, open '/home/abraham/.git/refs/remotes/origin/main'
2024-05-24 13:48:53.376 [info] > git rev-parse refs/remotes/origin/main [2ms]
2024-05-24 13:48:53.548 [info] > git status -z -uall [156ms]
2024-05-24 13:48:58.778 [info] > git config --get commit.template [23ms]
2024-05-24 13:48:58.779 [info] > git for-each-ref --format=%(refname)%00%(upstream:short)%00%(objectname)%00%(upstream:track)%00%(upstream:remotename)%00%(upstream:remoteref) refs/heads/main refs/remotes/main [3ms]
2024-05-24 13:48:58.796 [warning] ENOENT: no such file or directory, open '/home/abraham/.git/refs/remotes/origin/main'
2024-05-24 13:48:58.798 [info] > git rev-parse refs/remotes/origin/main [1ms]
2024-05-24 13:48:58.965 [info] > git status -z -uall [150ms]
2024-05-24 13:49:04.196 [info] > git config --get commit.template [26ms]
2024-05-24 13:49:04.198 [info] > git for-each-ref --format=%(refname)%00%(upstream:short)%00%(objectname)%00%(upstream:track)%00%(upstream:remotename)%00%(upstream:remoteref) refs/heads/main refs/remotes/main [4ms]
2024-05-24 13:49:04.222 [warning] ENOENT: no such file or directory, open '/home/abraham/.git/refs/remotes/origin/main'
2024-05-24 13:49:04.224 [info] > git rev-parse refs/remotes/origin/main [2ms]
2024-05-24 13:49:04.416 [info] > git status -z -uall [168ms]
2024-05-24 13:49:09.699 [info] > git config --get commit.template [38ms]
2024-05-24 13:49:09.702 [info] > git for-each-ref --format=%(refname)%00%(upstream:short)%00%(objectname)%00%(upstream:track)%00%(upstream:remotename)%00%(upstream:remoteref) refs/heads/main refs/remotes/main [4ms]
2024-05-24 13:49:09.729 [warning] ENOENT: no such file or directory, open '/home/abraham/.git/refs/remotes/origin/main'
2024-05-24 13:49:09.731 [info] > git rev-parse refs/remotes/origin/main [2ms]
2024-05-24 13:49:09.914 [info] > git status -z -uall [160ms]
2024-05-24 13:49:15.106 [info] > git config --get commit.template [3ms]
2024-05-24 13:49:15.134 [info] > git for-each-ref --format=%(refname)%00%(upstream:short)%00%(objectname)%00%(upstream:track)%00%(upstream:remotename)%00%(upstream:remoteref) refs/heads/main refs/remotes/main [3ms]
2024-05-24 13:49:15.154 [warning] ENOENT: no such file or directory, open '/home/abraham/.git/refs/remotes/origin/main'
2024-05-24 13:49:15.155 [info] > git rev-parse refs/remotes/origin/main [1ms]
2024-05-24 13:49:15.335 [info] > git status -z -uall [161ms]
2024-05-24 13:49:49.888 [info] > git config --get commit.template [2ms]
2024-05-24 13:49:49.923 [info] > git for-each-ref --format=%(refname)%00%(upstream:short)%00%(objectname)%00%(upstream:track)%00%(upstream:remotename)%00%(upstream:remoteref) refs/heads/main refs/remotes/main [4ms]
2024-05-24 13:49:49.955 [warning] ENOENT: no such file or directory, open '/home/abraham/.git/refs/remotes/origin/main'
2024-05-24 13:49:49.958 [info] > git rev-parse refs/remotes/origin/main [4ms]
2024-05-24 13:49:50.283 [info] > git status -z -uall [285ms]
2024-05-24 13:49:55.600 [info] > git config --get commit.template [20ms]
2024-05-24 13:49:55.602 [info] > git for-each-ref --format=%(refname)%00%(upstream:short)%00%(objectname)%00%(upstream:track)%00%(upstream:remotename)%00%(upstream:remoteref) refs/heads/main refs/remotes/main [3ms]
2024-05-24 13:49:55.706 [warning] ENOENT: no such file or directory, open '/home/abraham/.git/refs/remotes/origin/main'
2024-05-24 13:49:55.709 [info] > git rev-parse refs/remotes/origin/main [3ms]
2024-05-24 13:49:55.893 [info] > git status -z -uall [166ms]
2024-05-24 13:50:01.099 [info] > git config --get commit.template [16ms]
2024-05-24 13:50:01.101 [info] > git for-each-ref --format=%(refname)%00%(upstream:short)%00%(objectname)%00%(upstream:track)%00%(upstream:remotename)%00%(upstream:remoteref) refs/heads/main refs/remotes/main [3ms]
2024-05-24 13:50:01.115 [warning] ENOENT: no such file or directory, open '/home/abraham/.git/refs/remotes/origin/main'
2024-05-24 13:50:01.117 [info] > git rev-parse refs/remotes/origin/main [1ms]
2024-05-24 13:50:01.272 [info] > git status -z -uall [141ms]
2024-05-24 13:50:06.520 [info] > git config --get commit.template [38ms]
2024-05-24 13:50:06.523 [info] > git for-each-ref --format=%(refname)%00%(upstream:short)%00%(objectname)%00%(upstream:track)%00%(upstream:remotename)%00%(upstream:remoteref) refs/heads/main refs/remotes/main [5ms]
2024-05-24 13:50:06.548 [warning] ENOENT: no such file or directory, open '/home/abraham/.git/refs/remotes/origin/main'
2024-05-24 13:50:06.550 [info] > git rev-parse refs/remotes/origin/main [2ms]
2024-05-24 13:50:06.737 [info] > git status -z -uall [168ms]
2024-05-24 13:50:11.974 [info] > git config --get commit.template [25ms]
2024-05-24 13:50:11.977 [info] > git for-each-ref --format=%(refname)%00%(upstream:short)%00%(objectname)%00%(upstream:track)%00%(upstream:remotename)%00%(upstream:remoteref) refs/heads/main refs/remotes/main [5ms]
2024-05-24 13:50:11.998 [warning] ENOENT: no such file or directory, open '/home/abraham/.git/refs/remotes/origin/main'
2024-05-24 13:50:12.000 [info] > git rev-parse refs/remotes/origin/main [2ms]
2024-05-24 13:50:12.191 [info] > git status -z -uall [169ms]
2024-05-24 13:50:17.400 [info] > git config --get commit.template [18ms]
2024-05-24 13:50:17.402 [info] > git for-each-ref --format=%(refname)%00%(upstream:short)%00%(objectname)%00%(upstream:track)%00%(upstream:remotename)%00%(upstream:remoteref) refs/heads/main refs/remotes/main [3ms]
2024-05-24 13:50:17.418 [warning] ENOENT: no such file or directory, open '/home/abraham/.git/refs/remotes/origin/main'
2024-05-24 13:50:17.420 [info] > git rev-parse refs/remotes/origin/main [2ms]
2024-05-24 13:50:17.592 [info] > git status -z -uall [158ms]
2024-05-24 13:50:22.817 [info] > git config --get commit.template [24ms]
2024-05-24 13:50:22.819 [info] > git for-each-ref --format=%(refname)%00%(upstream:short)%00%(objectname)%00%(upstream:track)%00%(upstream:remotename)%00%(upstream:remoteref) refs/heads/main refs/remotes/main [4ms]
2024-05-24 13:50:22.835 [warning] ENOENT: no such file or directory, open '/home/abraham/.git/refs/remotes/origin/main'
2024-05-24 13:50:22.837 [info] > git rev-parse refs/remotes/origin/main [2ms]
2024-05-24 13:50:23.033 [info] > git status -z -uall [174ms]
2024-05-24 13:50:28.285 [info] > git config --get commit.template [25ms]
2024-05-24 13:50:28.287 [info] > git for-each-ref --format=%(refname)%00%(upstream:short)%00%(objectname)%00%(upstream:track)%00%(upstream:remotename)%00%(upstream:remoteref) refs/heads/main refs/remotes/main [4ms]
2024-05-24 13:50:28.309 [warning] ENOENT: no such file or directory, open '/home/abraham/.git/refs/remotes/origin/main'
2024-05-24 13:50:28.311 [info] > git rev-parse refs/remotes/origin/main [2ms]
2024-05-24 13:50:28.482 [info] > git status -z -uall [149ms]
2024-05-24 13:50:33.705 [info] > git config --get commit.template [28ms]
2024-05-24 13:50:33.707 [info] > git for-each-ref --format=%(refname)%00%(upstream:short)%00%(objectname)%00%(upstream:track)%00%(upstream:remotename)%00%(upstream:remoteref) refs/heads/main refs/remotes/main [3ms]
2024-05-24 13:50:33.730 [warning] ENOENT: no such file or directory, open '/home/abraham/.git/refs/remotes/origin/main'
2024-05-24 13:50:33.732 [info] > git rev-parse refs/remotes/origin/main [2ms]
2024-05-24 13:50:33.904 [info] > git status -z -uall [150ms]
2024-05-24 13:50:39.186 [info] > git config --get commit.template [32ms]
2024-05-24 13:50:39.188 [info] > git for-each-ref --format=%(refname)%00%(upstream:short)%00%(objectname)%00%(upstream:track)%00%(upstream:remotename)%00%(upstream:remoteref) refs/heads/main refs/remotes/main [3ms]
2024-05-24 13:50:39.209 [warning] ENOENT: no such file or directory, open '/home/abraham/.git/refs/remotes/origin/main'
2024-05-24 13:50:39.210 [info] > git rev-parse refs/remotes/origin/main [2ms]
2024-05-24 13:50:39.386 [info] > git status -z -uall [156ms]
2024-05-24 13:50:44.621 [info] > git config --get commit.template [28ms]
2024-05-24 13:50:44.624 [info] > git for-each-ref --format=%(refname)%00%(upstream:short)%00%(objectname)%00%(upstream:track)%00%(upstream:remotename)%00%(upstream:remoteref) refs/heads/main refs/remotes/main [5ms]
2024-05-24 13:50:44.649 [warning] ENOENT: no such file or directory, open '/home/abraham/.git/refs/remotes/origin/main'
2024-05-24 13:50:44.651 [info] > git rev-parse refs/remotes/origin/main [2ms]
2024-05-24 13:50:44.827 [info] > git status -z -uall [149ms]
2024-05-24 13:50:50.047 [info] > git config --get commit.template [28ms]
2024-05-24 13:50:50.049 [info] > git for-each-ref --format=%(refname)%00%(upstream:short)%00%(objectname)%00%(upstream:track)%00%(upstream:remotename)%00%(upstream:remoteref) refs/heads/main refs/remotes/main [4ms]
2024-05-24 13:50:50.075 [warning] ENOENT: no such file or directory, open '/home/abraham/.git/refs/remotes/origin/main'
2024-05-24 13:50:50.078 [info] > git rev-parse refs/remotes/origin/main [3ms]
2024-05-24 13:50:50.257 [info] > git status -z -uall [152ms]
2024-05-24 13:50:55.486 [info] > git config --get commit.template [4ms]
2024-05-24 13:50:55.523 [info] > git for-each-ref --format=%(refname)%00%(upstream:short)%00%(objectname)%00%(upstream:track)%00%(upstream:remotename)%00%(upstream:remoteref) refs/heads/main refs/remotes/main [4ms]
2024-05-24 13:50:55.547 [warning] ENOENT: no such file or directory, open '/home/abraham/.git/refs/remotes/origin/main'
2024-05-24 13:50:55.549 [info] > git rev-parse refs/remotes/origin/main [2ms]
2024-05-24 13:50:55.737 [info] > git status -z -uall [164ms]
2024-05-24 13:51:00.966 [info] > git config --get commit.template [30ms]
2024-05-24 13:51:00.969 [info] > git for-each-ref --format=%(refname)%00%(upstream:short)%00%(objectname)%00%(upstream:track)%00%(upstream:remotename)%00%(upstream:remoteref) refs/heads/main refs/remotes/main [4ms]
2024-05-24 13:51:00.995 [warning] ENOENT: no such file or directory, open '/home/abraham/.git/refs/remotes/origin/main'
2024-05-24 13:51:00.997 [info] > git rev-parse refs/remotes/origin/main [2ms]
2024-05-24 13:51:01.236 [info] > git status -z -uall [214ms]
2024-05-24 13:51:23.679 [info] > git config --get commit.template [10ms]
2024-05-24 13:51:23.744 [info] > git for-each-ref --format=%(refname)%00%(upstream:short)%00%(objectname)%00%(upstream:track)%00%(upstream:remotename)%00%(upstream:remoteref) refs/heads/main refs/remotes/main [8ms]
2024-05-24 13:51:23.800 [warning] ENOENT: no such file or directory, open '/home/abraham/.git/refs/remotes/origin/main'
2024-05-24 13:51:23.802 [info] > git rev-parse refs/remotes/origin/main [2ms]
2024-05-24 13:51:24.020 [info] > git status -z -uall [194ms]
