2024-02-04 20:12:18.612 [info] Log level: Info
2024-02-04 20:12:18.612 [info] Validating found git in: "git"
2024-02-04 20:12:18.612 [info] Using git "2.43.0" from "git"
2024-02-04 20:12:18.612 [info] > git rev-parse --show-toplevel [20ms]
2024-02-04 20:12:18.612 [info] > git rev-parse --git-dir --git-common-dir [9ms]
2024-02-04 20:12:18.612 [info] Open repository: /home/abraham/git_test
2024-02-04 20:12:18.612 [info] > git config --get commit.template [4ms]
2024-02-04 20:12:18.628 [info] > git for-each-ref --format=%(refname)%00%(upstream:short)%00%(objectname)%00%(upstream:track)%00%(upstream:remotename)%00%(upstream:remoteref) refs/heads/main refs/remotes/main [6ms]
2024-02-04 20:12:18.639 [warning] ENOENT: no such file or directory, open '/home/abraham/git_test/.git/refs/remotes/origin/main'
2024-02-04 20:12:18.641 [info] > git rev-parse refs/remotes/origin/main [2ms]
2024-02-04 20:12:18.652 [info] > git status -z -uall [4ms]
2024-02-04 20:12:18.684 [info] > git config --get commit.template [3ms]
2024-02-04 20:12:18.702 [info] > git for-each-ref --format=%(refname)%00%(upstream:short)%00%(objectname)%00%(upstream:track)%00%(upstream:remotename)%00%(upstream:remoteref) refs/heads/main refs/remotes/main [3ms]
2024-02-04 20:12:18.713 [warning] ENOENT: no such file or directory, open '/home/abraham/git_test/.git/refs/remotes/origin/main'
2024-02-04 20:12:18.716 [info] > git rev-parse refs/remotes/origin/main [3ms]
2024-02-04 20:12:18.733 [info] > git status -z -uall [5ms]
2024-02-04 20:12:19.173 [info] > git check-ignore -v -z --stdin [5ms]
2024-02-04 20:12:32.893 [info] > git check-ignore -v -z --stdin [249ms]
2024-02-04 20:12:32.997 [info] > git show --textconv :flex.html [72ms]
2024-02-04 20:12:32.998 [info] > git ls-files --stage -- /home/abraham/git_test/flex.html [48ms]
2024-02-04 20:12:33.009 [info] > git config --get commit.template [14ms]
2024-02-04 20:12:33.026 [info] > git for-each-ref --format=%(refname)%00%(upstream:short)%00%(objectname)%00%(upstream:track)%00%(upstream:remotename)%00%(upstream:remoteref) refs/heads/main refs/remotes/main [5ms]
2024-02-04 20:12:33.036 [warning] ENOENT: no such file or directory, open '/home/abraham/git_test/.git/refs/remotes/origin/main'
2024-02-04 20:12:33.038 [info] > git rev-parse refs/remotes/origin/main [2ms]
2024-02-04 20:12:33.049 [info] > git status -z -uall [3ms]
2024-02-04 20:12:47.048 [info] > git show --textconv :flex.html [23ms]
2024-02-04 20:12:47.056 [info] > git ls-files --stage -- /home/abraham/git_test/flex.html [12ms]
2024-02-04 20:12:52.830 [info] > git show --textconv :flex.html [22ms]
2024-02-04 20:12:52.834 [info] > git ls-files --stage -- /home/abraham/git_test/flex.html [7ms]
2024-02-04 20:13:03.120 [info] > git show --textconv :flerx.css [8ms]
2024-02-04 20:13:03.124 [info] > git ls-files --stage -- /home/abraham/git_test/flerx.css [5ms]
2024-02-04 20:13:03.378 [info] > git check-ignore -v -z --stdin [4ms]
2024-02-04 20:13:04.063 [info] > git config --get commit.template [20ms]
2024-02-04 20:13:04.068 [info] > git for-each-ref --format=%(refname)%00%(upstream:short)%00%(objectname)%00%(upstream:track)%00%(upstream:remotename)%00%(upstream:remoteref) refs/heads/main refs/remotes/main [7ms]
2024-02-04 20:13:04.083 [warning] ENOENT: no such file or directory, open '/home/abraham/git_test/.git/refs/remotes/origin/main'
2024-02-04 20:13:04.086 [info] > git rev-parse refs/remotes/origin/main [4ms]
2024-02-04 20:13:04.106 [info] > git status -z -uall [5ms]
2024-02-04 20:13:04.720 [info] > git show --textconv :flex.html [18ms]
2024-02-04 20:13:04.724 [info] > git ls-files --stage -- /home/abraham/git_test/flex.html [7ms]
2024-02-04 20:13:31.095 [info] > git show --textconv :flerx.css [11ms]
2024-02-04 20:13:31.098 [info] > git ls-files --stage -- /home/abraham/git_test/flerx.css [4ms]
2024-02-04 20:13:38.747 [info] > git show --textconv :flex.html [20ms]
2024-02-04 20:13:38.758 [info] > git ls-files --stage -- /home/abraham/git_test/flex.html [10ms]
2024-02-04 20:14:44.254 [info] > git show --textconv :flerx.css [11ms]
2024-02-04 20:14:44.256 [info] > git ls-files --stage -- /home/abraham/git_test/flerx.css [3ms]
2024-02-04 20:14:58.341 [info] > git show --textconv :flex.html [30ms]
2024-02-04 20:14:58.341 [info] > git show --textconv :flerx.css [19ms]
2024-02-04 20:14:58.342 [info] > git ls-files --stage -- /home/abraham/git_test/flex.html [12ms]
2024-02-04 20:14:58.345 [info] > git ls-files --stage -- /home/abraham/git_test/flerx.css [7ms]
2024-02-04 20:18:23.852 [info] > git check-ignore -v -z --stdin [3ms]
2024-02-04 20:18:24.192 [info] > git config --get commit.template [4ms]
2024-02-04 20:18:24.206 [info] > git for-each-ref --format=%(refname)%00%(upstream:short)%00%(objectname)%00%(upstream:track)%00%(upstream:remotename)%00%(upstream:remoteref) refs/heads/main refs/remotes/main [4ms]
2024-02-04 20:18:24.220 [warning] ENOENT: no such file or directory, open '/home/abraham/git_test/.git/refs/remotes/origin/main'
2024-02-04 20:18:24.222 [info] > git rev-parse refs/remotes/origin/main [2ms]
2024-02-04 20:18:24.234 [info] > git status -z -uall [3ms]
2024-02-04 20:18:26.450 [info] > git check-ignore -v -z --stdin [4ms]
2024-02-04 20:32:52.280 [info] > git show --textconv :flerx.css [26ms]
2024-02-04 20:32:52.287 [info] > git ls-files --stage -- /home/abraham/git_test/flerx.css [14ms]
2024-02-04 20:34:29.752 [info] > git show --textconv :flex.html [10ms]
2024-02-04 20:34:29.755 [info] > git ls-files --stage -- /home/abraham/git_test/flex.html [4ms]
2024-02-04 20:35:10.816 [info] > git show --textconv :flerx.css [10ms]
2024-02-04 20:35:10.817 [info] > git ls-files --stage -- /home/abraham/git_test/flerx.css [3ms]
2024-02-04 20:35:11.925 [info] > git show --textconv :flex.html [13ms]
2024-02-04 20:35:11.927 [info] > git ls-files --stage -- /home/abraham/git_test/flex.html [4ms]
2024-02-04 20:35:40.379 [info] > git show --textconv :flerx.css [10ms]
2024-02-04 20:35:40.381 [info] > git ls-files --stage -- /home/abraham/git_test/flerx.css [3ms]
2024-02-04 20:40:10.081 [info] > git show --textconv :flex.html [21ms]
2024-02-04 20:40:10.086 [info] > git ls-files --stage -- /home/abraham/git_test/flex.html [8ms]
2024-02-04 20:41:01.695 [info] > git show --textconv :flerx.css [8ms]
2024-02-04 20:41:01.697 [info] > git ls-files --stage -- /home/abraham/git_test/flerx.css [3ms]
2024-02-04 20:41:56.857 [info] > git show --textconv :flex.html [15ms]
2024-02-04 20:41:56.860 [info] > git ls-files --stage -- /home/abraham/git_test/flex.html [6ms]
2024-02-04 20:42:01.810 [info] > git show --textconv :flerx.css [11ms]
2024-02-04 20:42:01.812 [info] > git ls-files --stage -- /home/abraham/git_test/flerx.css [3ms]
2024-02-04 20:49:26.162 [info] > git show --textconv :flex.html [18ms]
2024-02-04 20:49:26.167 [info] > git ls-files --stage -- /home/abraham/git_test/flex.html [6ms]
2024-02-04 20:50:09.824 [info] > git show --textconv :flerx.css [13ms]
2024-02-04 20:50:09.825 [info] > git ls-files --stage -- /home/abraham/git_test/flerx.css [6ms]
2024-02-04 20:50:42.199 [info] > git show --textconv :flex.html [15ms]
2024-02-04 20:50:42.203 [info] > git ls-files --stage -- /home/abraham/git_test/flex.html [5ms]
2024-02-04 20:51:26.944 [info] > git show --textconv :flerx.css [11ms]
2024-02-04 20:51:26.945 [info] > git ls-files --stage -- /home/abraham/git_test/flerx.css [4ms]
2024-02-04 20:59:07.479 [info] > git show --textconv :flex.html [11ms]
2024-02-04 20:59:07.486 [info] > git ls-files --stage -- /home/abraham/git_test/flex.html [7ms]
2024-02-04 21:00:16.819 [info] > git show --textconv :flerx.css [13ms]
2024-02-04 21:00:16.822 [info] > git ls-files --stage -- /home/abraham/git_test/flerx.css [4ms]
2024-02-04 21:03:41.058 [info] > git show --textconv :flex.html [11ms]
2024-02-04 21:03:41.064 [info] > git ls-files --stage -- /home/abraham/git_test/flex.html [7ms]
2024-02-04 21:03:52.305 [info] > git show --textconv :flerx.css [12ms]
2024-02-04 21:03:52.306 [info] > git ls-files --stage -- /home/abraham/git_test/flerx.css [5ms]
