2024-03-08 09:24:20.535 [info] Log level: Info
2024-03-08 09:24:20.535 [info] Validating found git in: "git"
2024-03-08 09:24:20.535 [info] Using git "2.43.0" from "git"
2024-03-08 09:24:20.535 [info] > git rev-parse --show-toplevel [48ms]
2024-03-08 09:24:20.535 [info] > git rev-parse --git-dir --git-common-dir [9ms]
2024-03-08 09:24:20.535 [info] Open repository: /home/abraham
2024-03-08 09:24:20.535 [info] > git rev-parse --show-toplevel [4ms]
2024-03-08 09:24:20.535 [info] > git config --get commit.template [11ms]
2024-03-08 09:24:20.550 [info] > git rev-parse --show-toplevel [10ms]
2024-03-08 09:24:20.557 [info] > git for-each-ref --format=%(refname)%00%(upstream:short)%00%(objectname)%00%(upstream:track)%00%(upstream:remotename)%00%(upstream:remoteref) refs/heads/main refs/remotes/main [9ms]
2024-03-08 09:24:20.558 [info] > git rev-parse --show-toplevel [2ms]
2024-03-08 09:24:20.573 [info] > git rev-parse --show-toplevel [10ms]
2024-03-08 09:24:20.581 [info] > git rev-parse --git-dir --git-common-dir [3ms]
2024-03-08 09:24:20.585 [info] Open repository: /home/abraham/css-exercises
2024-03-08 09:24:20.595 [info] > git config --get commit.template [6ms]
2024-03-08 09:24:20.596 [info] > git rev-parse --show-toplevel [3ms]
2024-03-08 09:24:20.608 [info] > git for-each-ref --format=%(refname)%00%(upstream:short)%00%(objectname)%00%(upstream:track)%00%(upstream:remotename)%00%(upstream:remoteref) refs/heads/main refs/remotes/main [6ms]
2024-03-08 09:24:20.610 [info] > git rev-parse --git-dir --git-common-dir [5ms]
2024-03-08 09:24:20.623 [info] Open repository: /home/abraham/git_test
2024-03-08 09:24:20.644 [info] > git rev-parse --show-toplevel [6ms]
2024-03-08 09:24:20.644 [info] > git config --get commit.template [12ms]
2024-03-08 09:24:20.669 [info] > git status -z -uall [20ms]
2024-03-08 09:24:20.670 [info] > git rev-parse --show-toplevel [14ms]
2024-03-08 09:24:20.693 [info] > git for-each-ref --format=%(refname)%00%(upstream:short)%00%(objectname)%00%(upstream:track)%00%(upstream:remotename)%00%(upstream:remoteref) refs/heads/main refs/remotes/main [28ms]
2024-03-08 09:24:20.698 [warning] ENOENT: no such file or directory, open '/home/abraham/git_test/.git/refs/remotes/origin/main'
2024-03-08 09:24:20.700 [info] > git config --get commit.template [9ms]
2024-03-08 09:24:20.701 [info] > git rev-parse --git-dir --git-common-dir [15ms]
2024-03-08 09:24:20.707 [info] Open repository: /home/abraham/odin-recipes
2024-03-08 09:24:20.722 [info] > git rev-parse refs/remotes/origin/main [24ms]
2024-03-08 09:24:20.752 [info] > git status -z -uall [181ms] (cancelled)
2024-03-08 09:24:20.752 [info] > git status -z -uall [24ms]
2024-03-08 09:24:20.752 [info] > git rev-parse --show-toplevel [32ms]
2024-03-08 09:24:20.753 [info] > git config --get commit.template [40ms]
2024-03-08 09:24:20.755 [info] > git for-each-ref --format=%(refname)%00%(upstream:short)%00%(objectname)%00%(upstream:track)%00%(upstream:remotename)%00%(upstream:remoteref) refs/heads/main refs/remotes/main [15ms]
2024-03-08 09:24:20.775 [info] > git for-each-ref --format=%(refname)%00%(upstream:short)%00%(objectname)%00%(upstream:track)%00%(upstream:remotename)%00%(upstream:remoteref) refs/heads/main refs/remotes/main [9ms]
2024-03-08 09:24:20.776 [info] > git config --get commit.template [3ms]
2024-03-08 09:24:20.786 [info] > git status -z -uall [5ms]
2024-03-08 09:24:20.790 [info] > git for-each-ref --format=%(refname)%00%(upstream:short)%00%(objectname)%00%(upstream:track)%00%(upstream:remotename)%00%(upstream:remoteref) refs/heads/main refs/remotes/main [5ms]
2024-03-08 09:24:20.810 [warning] ENOENT: no such file or directory, open '/home/abraham/git_test/.git/refs/remotes/origin/main'
2024-03-08 09:24:20.896 [info] > git status -z -uall [96ms]
2024-03-08 09:24:20.896 [info] > git rev-parse refs/remotes/origin/main [86ms]
2024-03-08 09:24:20.915 [info] > git status -z -uall [13ms]
2024-03-08 09:24:20.919 [info] > git config --get commit.template [8ms]
2024-03-08 09:24:20.925 [info] > git for-each-ref --format=%(refname)%00%(upstream:short)%00%(objectname)%00%(upstream:track)%00%(upstream:remotename)%00%(upstream:remoteref) refs/heads/main refs/remotes/main [2ms]
2024-03-08 09:24:20.932 [info] > git status -z -uall [2ms]
2024-03-08 09:24:28.937 [info] > git config --get commit.template [1ms]
2024-03-08 09:24:29.742 [info] > git for-each-ref --format=%(refname)%00%(upstream:short)%00%(objectname)%00%(upstream:track)%00%(upstream:remotename)%00%(upstream:remoteref) refs/heads/main refs/remotes/main [800ms]
2024-03-08 09:24:29.871 [info] > git status -z -uall [88ms]
2024-03-08 09:24:33.981 [info] > git config --get commit.template [1ms]
2024-03-08 09:24:33.989 [info] > git for-each-ref --format=%(refname)%00%(upstream:short)%00%(objectname)%00%(upstream:track)%00%(upstream:remotename)%00%(upstream:remoteref) refs/heads/main refs/remotes/main [2ms]
2024-03-08 09:24:34.032 [info] > git status -z -uall [35ms]
2024-03-08 09:24:39.154 [info] > git config --get commit.template [1ms]
2024-03-08 09:24:39.166 [info] > git for-each-ref --format=%(refname)%00%(upstream:short)%00%(objectname)%00%(upstream:track)%00%(upstream:remotename)%00%(upstream:remoteref) refs/heads/main refs/remotes/main [1ms]
2024-03-08 09:24:39.219 [info] > git status -z -uall [41ms]
2024-03-08 09:24:40.183 [info] > git merge-base refs/heads/main refs/remotes/origin/main [5ms]
2024-03-08 09:24:40.197 [info] > git merge-base refs/heads/main refs/remotes/origin/main [30ms]
2024-03-08 09:24:40.207 [info] > git merge-base refs/heads/main refs/remotes/origin/main [49ms]
2024-03-08 09:24:40.217 [info] > git merge-base refs/heads/main refs/remotes/origin/main [67ms]
2024-03-08 09:24:40.227 [info] > git rev-list --count --left-right refs/heads/main...refs/remotes/origin/main [10ms]
2024-03-08 09:24:40.228 [info] > git rev-list --count --left-right refs/heads/main...refs/remotes/origin/main [22ms]
2024-03-08 09:24:40.229 [info] > git rev-list --count --left-right refs/heads/main...refs/remotes/origin/main [32ms]
2024-03-08 09:24:40.229 [info] > git rev-list --count --left-right refs/heads/main...refs/remotes/origin/main [3ms]
2024-03-08 09:24:41.457 [info] > git check-ignore -v -z --stdin [1ms]
2024-03-08 09:24:49.116 [info] > git config --get commit.template [31ms]
2024-03-08 09:24:49.138 [info] > git for-each-ref --format=%(refname)%00%(upstream:short)%00%(objectname)%00%(upstream:track)%00%(upstream:remotename)%00%(upstream:remoteref) refs/heads/main refs/remotes/main [3ms]
2024-03-08 09:24:49.178 [info] > git add -A -- . [62ms]
2024-03-08 09:24:49.178 [info] error: open(".ssh/config.save"): Permission denied
error: unable to index file '.ssh/config.save'
fatal: adding files failed
2024-03-08 09:24:49.205 [info] > git status -z -uall [48ms] (cancelled)
2024-03-08 09:24:49.206 [info] > git config --get commit.template [8ms]
2024-03-08 09:24:49.221 [info] > git for-each-ref --format=%(refname)%00%(upstream:short)%00%(objectname)%00%(upstream:track)%00%(upstream:remotename)%00%(upstream:remoteref) refs/heads/main refs/remotes/main [3ms]
2024-03-08 09:24:49.277 [info] > git status -z -uall [45ms]
2024-03-08 09:24:54.194 [info] > git config --get commit.template [0ms]
2024-03-08 09:24:54.210 [info] > git for-each-ref --format=%(refname)%00%(upstream:short)%00%(objectname)%00%(upstream:track)%00%(upstream:remotename)%00%(upstream:remoteref) refs/heads/main refs/remotes/main [1ms]
2024-03-08 09:24:54.273 [info] > git status -z -uall [49ms]
2024-03-08 09:24:59.419 [info] > git config --get commit.template [10ms]
2024-03-08 09:24:59.419 [info] > git for-each-ref --format=%(refname)%00%(upstream:short)%00%(objectname)%00%(upstream:track)%00%(upstream:remotename)%00%(upstream:remoteref) refs/heads/main refs/remotes/main [1ms]
2024-03-08 09:24:59.476 [info] > git status -z -uall [44ms]
2024-03-08 09:25:04.259 [info] > git add -A -- . [42ms]
2024-03-08 09:25:04.259 [info] error: open(".ssh/config.save"): Permission denied
error: unable to index file '.ssh/config.save'
fatal: adding files failed
2024-03-08 09:25:04.297 [info] > git config --get commit.template [19ms]
2024-03-08 09:25:04.298 [info] > git for-each-ref --format=%(refname)%00%(upstream:short)%00%(objectname)%00%(upstream:track)%00%(upstream:remotename)%00%(upstream:remoteref) refs/heads/main refs/remotes/main [2ms]
2024-03-08 09:25:04.372 [info] > git status -z -uall [52ms]
2024-03-08 09:25:06.635 [info] > git config --get commit.template [3ms]
2024-03-08 09:25:06.648 [info] > git for-each-ref --format=%(refname)%00%(upstream:short)%00%(objectname)%00%(upstream:track)%00%(upstream:remotename)%00%(upstream:remoteref) refs/heads/main refs/remotes/main [1ms]
2024-03-08 09:25:06.720 [info] > git status -z -uall [56ms]
2024-03-08 09:27:44.197 [info] > git config --get commit.template [1ms]
2024-03-08 09:27:44.207 [info] > git for-each-ref --format=%(refname)%00%(upstream:short)%00%(objectname)%00%(upstream:track)%00%(upstream:remotename)%00%(upstream:remoteref) refs/heads/main refs/remotes/main [1ms]
2024-03-08 09:27:44.267 [info] > git status -z -uall [52ms]
2024-03-08 09:27:49.481 [info] > git config --get commit.template [11ms]
2024-03-08 09:27:49.482 [info] > git for-each-ref --format=%(refname)%00%(upstream:short)%00%(objectname)%00%(upstream:track)%00%(upstream:remotename)%00%(upstream:remoteref) refs/heads/main refs/remotes/main [2ms]
2024-03-08 09:27:49.532 [info] > git status -z -uall [40ms]
2024-03-08 09:27:55.905 [info] > git config --get commit.template [8ms]
2024-03-08 09:27:55.906 [info] > git for-each-ref --format=%(refname)%00%(upstream:short)%00%(objectname)%00%(upstream:track)%00%(upstream:remotename)%00%(upstream:remoteref) refs/heads/main refs/remotes/main [2ms]
2024-03-08 09:27:55.964 [info] > git status -z -uall [49ms]
2024-03-08 09:28:01.104 [info] > git config --get commit.template [10ms]
2024-03-08 09:28:01.104 [info] > git for-each-ref --format=%(refname)%00%(upstream:short)%00%(objectname)%00%(upstream:track)%00%(upstream:remotename)%00%(upstream:remoteref) refs/heads/main refs/remotes/main [1ms]
2024-03-08 09:28:01.171 [info] > git status -z -uall [57ms]
2024-03-08 09:28:06.319 [info] > git config --get commit.template [14ms]
2024-03-08 09:28:06.320 [info] > git for-each-ref --format=%(refname)%00%(upstream:short)%00%(objectname)%00%(upstream:track)%00%(upstream:remotename)%00%(upstream:remoteref) refs/heads/main refs/remotes/main [1ms]
2024-03-08 09:28:06.392 [info] > git status -z -uall [63ms]
2024-03-08 09:28:11.582 [info] > git config --get commit.template [17ms]
2024-03-08 09:28:11.583 [info] > git for-each-ref --format=%(refname)%00%(upstream:short)%00%(objectname)%00%(upstream:track)%00%(upstream:remotename)%00%(upstream:remoteref) refs/heads/main refs/remotes/main [2ms]
2024-03-08 09:28:11.671 [info] > git status -z -uall [74ms]
2024-03-08 09:28:16.885 [info] > git config --get commit.template [4ms]
2024-03-08 09:28:16.897 [info] > git for-each-ref --format=%(refname)%00%(upstream:short)%00%(objectname)%00%(upstream:track)%00%(upstream:remotename)%00%(upstream:remoteref) refs/heads/main refs/remotes/main [1ms]
2024-03-08 09:28:16.948 [info] > git status -z -uall [39ms]
2024-03-08 09:28:26.146 [info] > git config --get commit.template [13ms]
2024-03-08 09:28:26.147 [info] > git for-each-ref --format=%(refname)%00%(upstream:short)%00%(objectname)%00%(upstream:track)%00%(upstream:remotename)%00%(upstream:remoteref) refs/heads/main refs/remotes/main [1ms]
2024-03-08 09:28:26.199 [info] > git status -z -uall [41ms]
2024-03-08 09:28:31.456 [info] > git config --get commit.template [15ms]
2024-03-08 09:28:31.456 [info] > git for-each-ref --format=%(refname)%00%(upstream:short)%00%(objectname)%00%(upstream:track)%00%(upstream:remotename)%00%(upstream:remoteref) refs/heads/main refs/remotes/main [1ms]
2024-03-08 09:28:31.508 [info] > git status -z -uall [39ms]
2024-03-08 09:28:37.804 [info] > git config --get commit.template [1ms]
2024-03-08 09:28:37.817 [info] > git for-each-ref --format=%(refname)%00%(upstream:short)%00%(objectname)%00%(upstream:track)%00%(upstream:remotename)%00%(upstream:remoteref) refs/heads/main refs/remotes/main [2ms]
2024-03-08 09:28:37.886 [info] > git status -z -uall [57ms]
2024-03-08 09:28:43.104 [info] > git config --get commit.template [10ms]
2024-03-08 09:28:43.105 [info] > git for-each-ref --format=%(refname)%00%(upstream:short)%00%(objectname)%00%(upstream:track)%00%(upstream:remotename)%00%(upstream:remoteref) refs/heads/main refs/remotes/main [2ms]
2024-03-08 09:28:43.160 [info] > git status -z -uall [43ms]
2024-03-08 09:28:48.340 [info] > git config --get commit.template [10ms]
2024-03-08 09:28:48.341 [info] > git for-each-ref --format=%(refname)%00%(upstream:short)%00%(objectname)%00%(upstream:track)%00%(upstream:remotename)%00%(upstream:remoteref) refs/heads/main refs/remotes/main [2ms]
2024-03-08 09:28:48.395 [info] > git status -z -uall [44ms]
2024-03-08 09:28:53.538 [info] > git config --get commit.template [9ms]
2024-03-08 09:28:53.538 [info] > git for-each-ref --format=%(refname)%00%(upstream:short)%00%(objectname)%00%(upstream:track)%00%(upstream:remotename)%00%(upstream:remoteref) refs/heads/main refs/remotes/main [1ms]
2024-03-08 09:28:53.588 [info] > git status -z -uall [41ms]
2024-03-08 09:28:58.715 [info] > git config --get commit.template [2ms]
2024-03-08 09:28:58.727 [info] > git for-each-ref --format=%(refname)%00%(upstream:short)%00%(objectname)%00%(upstream:track)%00%(upstream:remotename)%00%(upstream:remoteref) refs/heads/main refs/remotes/main [1ms]
2024-03-08 09:28:58.774 [info] > git status -z -uall [37ms]
2024-03-08 09:29:03.895 [info] > git config --get commit.template [1ms]
2024-03-08 09:29:03.905 [info] > git for-each-ref --format=%(refname)%00%(upstream:short)%00%(objectname)%00%(upstream:track)%00%(upstream:remotename)%00%(upstream:remoteref) refs/heads/main refs/remotes/main [1ms]
2024-03-08 09:29:03.956 [info] > git status -z -uall [40ms]
