2024-03-10 11:37:06.357 [info] Log level: Info
2024-03-10 11:37:06.358 [info] Validating found git in: "git"
2024-03-10 11:37:06.358 [info] Using git "2.43.0" from "git"
2024-03-10 11:37:06.358 [info] > git rev-parse --show-toplevel [8ms]
2024-03-10 11:37:06.358 [info] > git rev-parse --git-dir --git-common-dir [17ms]
2024-03-10 11:37:06.358 [info] Open repository: /home/abraham/plp_python
2024-03-10 11:37:06.361 [info] > git config --get commit.template [4ms]
2024-03-10 11:37:06.382 [info] > git for-each-ref --format=%(refname)%00%(upstream:short)%00%(objectname)%00%(upstream:track)%00%(upstream:remotename)%00%(upstream:remoteref) refs/heads/main refs/remotes/main [7ms]
2024-03-10 11:37:06.383 [warning] No such branch: main.
2024-03-10 11:37:06.396 [info] > git status -z -uall [3ms]
2024-03-10 11:37:06.431 [info] > git config --get commit.template [5ms]
2024-03-10 11:37:06.453 [info] > git for-each-ref --format=%(refname)%00%(upstream:short)%00%(objectname)%00%(upstream:track)%00%(upstream:remotename)%00%(upstream:remoteref) refs/heads/main refs/remotes/main [11ms]
2024-03-10 11:37:06.453 [warning] No such branch: main.
2024-03-10 11:37:06.468 [info] > git status -z -uall [6ms]
2024-03-10 11:37:26.826 [info] > git check-ignore -v -z --stdin [284ms]
2024-03-10 11:37:26.874 [info] > git show --textconv :user_input.py [32ms]
2024-03-10 11:37:26.875 [info] > git config --get commit.template [9ms]
2024-03-10 11:37:26.876 [info] > git ls-files --stage -- /home/abraham/plp_python/user_input.py [24ms]
2024-03-10 11:37:27.663 [info] > git for-each-ref --format=%(refname)%00%(upstream:short)%00%(objectname)%00%(upstream:track)%00%(upstream:remotename)%00%(upstream:remoteref) refs/heads/main refs/remotes/main [12ms]
2024-03-10 11:37:27.663 [warning] No such branch: main.
2024-03-10 11:37:27.694 [info] > git status -z -uall [22ms]
2024-03-10 11:42:17.899 [info] > git show --textconv :user_input.py [13ms]
2024-03-10 11:42:17.908 [info] > git ls-files --stage -- /home/abraham/plp_python/user_input.py [10ms]
2024-03-10 11:42:25.731 [info] > git config --get commit.template [34ms]
2024-03-10 11:42:25.733 [info] > git for-each-ref --format=%(refname)%00%(upstream:short)%00%(objectname)%00%(upstream:track)%00%(upstream:remotename)%00%(upstream:remoteref) refs/heads/main refs/remotes/main [6ms]
2024-03-10 11:42:25.734 [warning] No such branch: main.
2024-03-10 11:42:25.752 [info] > git status -z -uall [3ms]
2024-03-10 11:43:29.013 [info] > git config --get commit.template [32ms]
2024-03-10 11:43:29.014 [info] > git for-each-ref --format=%(refname)%00%(upstream:short)%00%(objectname)%00%(upstream:track)%00%(upstream:remotename)%00%(upstream:remoteref) refs/heads/main refs/remotes/main [11ms]
2024-03-10 11:43:29.015 [warning] No such branch: main.
2024-03-10 11:43:29.049 [info] > git status -z -uall [7ms]
2024-03-10 11:43:54.342 [info] > git config --get commit.template [4ms]
2024-03-10 11:43:54.362 [info] > git for-each-ref --format=%(refname)%00%(upstream:short)%00%(objectname)%00%(upstream:track)%00%(upstream:remotename)%00%(upstream:remoteref) refs/heads/main refs/remotes/main [4ms]
2024-03-10 11:43:54.363 [warning] No such branch: main.
2024-03-10 11:43:54.379 [info] > git status -z -uall [2ms]
2024-03-10 11:44:36.698 [info] > git config --get commit.template [18ms]
2024-03-10 11:44:36.713 [info] > git ls-files --stage -- /home/abraham/plp_python/user_input.py [17ms]
2024-03-10 11:44:36.729 [info] > git for-each-ref --format=%(refname)%00%(upstream:short)%00%(objectname)%00%(upstream:track)%00%(upstream:remotename)%00%(upstream:remoteref) refs/heads/main refs/remotes/main [18ms]
2024-03-10 11:44:36.731 [info] > git cat-file -s 6e00374a11302ec7d9280863e991df3581bbf810 [3ms]
2024-03-10 11:44:36.760 [info] > git status -z -uall [15ms]
2024-03-10 11:44:36.775 [info] > git show --textconv :user_input.py [16ms]
2024-03-10 11:46:01.724 [info] > git config --get commit.template [20ms]
2024-03-10 11:46:01.725 [info] > git for-each-ref --format=%(refname)%00%(upstream:short)%00%(objectname)%00%(upstream:track)%00%(upstream:remotename)%00%(upstream:remoteref) refs/heads/main refs/remotes/main [6ms]
2024-03-10 11:46:01.745 [info] > git status -z -uall [1ms]
