2024-02-23 22:38:36.874 [info] Log level: Info
2024-02-23 22:38:36.874 [info] Validating found git in: "git"
2024-02-23 22:38:36.874 [info] Using git "2.43.0" from "git"
2024-02-23 22:38:36.874 [info] > git rev-parse --show-toplevel [3ms]
2024-02-23 22:38:36.874 [info] > git rev-parse --git-dir --git-common-dir [3ms]
2024-02-23 22:38:36.874 [info] Open repository: /home/abraham
2024-02-23 22:38:36.874 [info] > git rev-parse --show-toplevel [25ms]
2024-02-23 22:38:36.874 [info] > git config --get commit.template [33ms]
2024-02-23 22:38:36.874 [info] > git rev-parse --show-toplevel [14ms]
2024-02-23 22:38:36.874 [info] > git rev-parse --show-toplevel [4ms]
2024-02-23 22:38:36.909 [info] > git for-each-ref --format=%(refname)%00%(upstream:short)%00%(objectname)%00%(upstream:track)%00%(upstream:remotename)%00%(upstream:remoteref) refs/heads/main refs/remotes/main [68ms]
2024-02-23 22:38:36.911 [info] > git rev-parse --show-toplevel [40ms]
2024-02-23 22:38:36.928 [info] > git rev-parse --git-dir --git-common-dir [11ms]
2024-02-23 22:38:36.935 [info] Open repository: /home/abraham/css-exercises
2024-02-23 22:38:36.955 [info] > git rev-parse --show-toplevel [6ms]
2024-02-23 22:38:36.957 [info] > git config --get commit.template [12ms]
2024-02-23 22:38:36.976 [info] > git rev-parse --git-dir --git-common-dir [11ms]
2024-02-23 22:38:36.984 [info] Open repository: /home/abraham/git_test
2024-02-23 22:38:37.005 [info] > git for-each-ref --format=%(refname)%00%(upstream:short)%00%(objectname)%00%(upstream:track)%00%(upstream:remotename)%00%(upstream:remoteref) refs/heads/main refs/remotes/main [31ms]
2024-02-23 22:38:37.014 [info] > git rev-parse --show-toplevel [11ms]
2024-02-23 22:38:37.016 [info] > git config --get commit.template [22ms]
2024-02-23 22:38:37.056 [info] > git rev-parse --show-toplevel [28ms]
2024-02-23 22:38:37.075 [info] > git for-each-ref --format=%(refname)%00%(upstream:short)%00%(objectname)%00%(upstream:track)%00%(upstream:remotename)%00%(upstream:remoteref) refs/heads/main refs/remotes/main [28ms]
2024-02-23 22:38:37.104 [warning] ENOENT: no such file or directory, open '/home/abraham/git_test/.git/refs/remotes/origin/main'
2024-02-23 22:38:37.114 [info] > git status -z -uall [47ms]
2024-02-23 22:38:37.115 [info] > git rev-parse refs/remotes/origin/main [12ms]
2024-02-23 22:38:37.129 [info] > git rev-parse --git-dir --git-common-dir [40ms]
2024-02-23 22:38:37.145 [info] Open repository: /home/abraham/odin-recipes
2024-02-23 22:38:37.213 [info] > git status -z -uall [286ms]
2024-02-23 22:38:37.213 [info] > git status -z -uall [85ms]
2024-02-23 22:38:37.275 [info] > git config --get commit.template [66ms]
2024-02-23 22:38:37.276 [info] > git rev-parse --show-toplevel [78ms]
2024-02-23 22:38:37.287 [info] > git config --get commit.template [100ms]
2024-02-23 22:38:38.908 [info] > git config --get commit.template [1660ms]
2024-02-23 22:38:39.064 [info] > git check-ignore -v -z --stdin [114ms]
2024-02-23 22:38:39.068 [info] > git check-ignore -v -z --stdin [99ms]
2024-02-23 22:38:39.069 [info] > git check-ignore -v -z --stdin [68ms]
2024-02-23 22:38:39.071 [info] > git config --get commit.template [171ms]
2024-02-23 22:38:39.086 [info] > git for-each-ref --format=%(refname)%00%(upstream:short)%00%(objectname)%00%(upstream:track)%00%(upstream:remotename)%00%(upstream:remoteref) refs/heads/main refs/remotes/main [36ms]
2024-02-23 22:38:39.099 [info] > git check-ignore -v -z --stdin [84ms]
2024-02-23 22:38:39.101 [info] > git for-each-ref --format=%(refname)%00%(upstream:short)%00%(objectname)%00%(upstream:track)%00%(upstream:remotename)%00%(upstream:remoteref) refs/heads/main refs/remotes/main [17ms]
2024-02-23 22:38:39.102 [info] > git for-each-ref --format=%(refname)%00%(upstream:short)%00%(objectname)%00%(upstream:track)%00%(upstream:remotename)%00%(upstream:remoteref) refs/heads/main refs/remotes/main [67ms]
2024-02-23 22:38:39.112 [warning] ENOENT: no such file or directory, open '/home/abraham/git_test/.git/refs/remotes/origin/main'
2024-02-23 22:38:39.114 [info] > git for-each-ref --format=%(refname)%00%(upstream:short)%00%(objectname)%00%(upstream:track)%00%(upstream:remotename)%00%(upstream:remoteref) refs/heads/main refs/remotes/main [17ms]
2024-02-23 22:38:39.115 [info] > git rev-parse refs/remotes/origin/main [3ms]
2024-02-23 22:38:39.147 [info] > git status -z -uall [22ms]
2024-02-23 22:38:39.147 [info] > git status -z -uall [11ms]
2024-02-23 22:38:39.153 [info] > git status -z -uall [7ms]
2024-02-23 22:38:39.177 [info] > git config --get commit.template [2ms]
2024-02-23 22:38:39.190 [info] > git for-each-ref --format=%(refname)%00%(upstream:short)%00%(objectname)%00%(upstream:track)%00%(upstream:remotename)%00%(upstream:remoteref) refs/heads/main refs/remotes/main [2ms]
2024-02-23 22:38:39.201 [info] > git status -z -uall [3ms]
2024-02-23 22:38:39.256 [info] > git status -z -uall [89ms]
2024-02-23 22:38:54.891 [info] > git config --get commit.template [18ms]
2024-02-23 22:38:54.892 [info] > git for-each-ref --format=%(refname)%00%(upstream:short)%00%(objectname)%00%(upstream:track)%00%(upstream:remotename)%00%(upstream:remoteref) refs/heads/main refs/remotes/main [2ms]
2024-02-23 22:38:54.970 [info] > git status -z -uall [63ms]
