2024-03-08 10:01:30.616 [info] Log level: Info
2024-03-08 10:01:30.617 [info] Validating found git in: "git"
2024-03-08 10:01:30.617 [info] Using git "2.43.0" from "git"
2024-03-08 10:01:30.617 [info] > git rev-parse --show-toplevel [9ms]
2024-03-08 10:01:30.617 [info] > git rev-parse --git-dir --git-common-dir [120ms]
2024-03-08 10:01:30.617 [info] Open repository: /home/abraham
2024-03-08 10:01:30.617 [info] > git rev-parse --show-toplevel [3ms]
2024-03-08 10:01:30.617 [info] > git config --get commit.template [13ms]
2024-03-08 10:01:30.640 [info] > git for-each-ref --format=%(refname)%00%(upstream:short)%00%(objectname)%00%(upstream:track)%00%(upstream:remotename)%00%(upstream:remoteref) refs/heads/main refs/remotes/main [5ms]
2024-03-08 10:01:30.641 [info] > git rev-parse --show-toplevel [16ms]
2024-03-08 10:01:30.650 [warning] ENOENT: no such file or directory, open '/home/abraham/.git/refs/remotes/origin/main'
2024-03-08 10:01:30.662 [info] > git rev-parse refs/remotes/origin/main [12ms]
2024-03-08 10:01:30.688 [info] > git rev-parse --show-toplevel [28ms]
2024-03-08 10:01:30.703 [info] > git rev-parse --show-toplevel [2ms]
2024-03-08 10:01:30.713 [info] > git rev-parse --git-dir --git-common-dir [2ms]
2024-03-08 10:01:30.722 [info] Open repository: /home/abraham/css-exercises
2024-03-08 10:01:30.743 [info] > git rev-parse --show-toplevel [3ms]
2024-03-08 10:01:30.745 [info] > git config --get commit.template [12ms]
2024-03-08 10:01:30.770 [info] > git for-each-ref --format=%(refname)%00%(upstream:short)%00%(objectname)%00%(upstream:track)%00%(upstream:remotename)%00%(upstream:remoteref) refs/heads/main refs/remotes/main [12ms]
2024-03-08 10:01:30.773 [info] > git rev-parse --git-dir --git-common-dir [5ms]
2024-03-08 10:01:30.786 [info] Open repository: /home/abraham/git_test
2024-03-08 10:01:30.829 [info] > git status -z -uall [151ms]
2024-03-08 10:01:30.830 [info] > git rev-parse --show-toplevel [18ms]
2024-03-08 10:01:30.830 [info] > git config --get commit.template [26ms]
2024-03-08 10:01:31.651 [info] > git status -z -uall [31ms]
2024-03-08 10:01:31.653 [info] > git config --get commit.template [83ms]
2024-03-08 10:01:31.653 [info] > git rev-parse --show-toplevel [92ms]
2024-03-08 10:01:31.670 [info] > git for-each-ref --format=%(refname)%00%(upstream:short)%00%(objectname)%00%(upstream:track)%00%(upstream:remotename)%00%(upstream:remoteref) refs/heads/main refs/remotes/main [39ms]
2024-03-08 10:01:31.716 [info] > git rev-parse --git-dir --git-common-dir [49ms]
2024-03-08 10:01:31.725 [info] Open repository: /home/abraham/odin-recipes
2024-03-08 10:01:31.755 [info] > git config --get commit.template [39ms]
2024-03-08 10:01:31.756 [info] > git for-each-ref --format=%(refname)%00%(upstream:short)%00%(objectname)%00%(upstream:track)%00%(upstream:remotename)%00%(upstream:remoteref) refs/heads/main refs/remotes/main [52ms]
2024-03-08 10:01:31.766 [warning] ENOENT: no such file or directory, open '/home/abraham/.git/refs/remotes/origin/main'
2024-03-08 10:01:31.768 [info] > git rev-parse --show-toplevel [15ms]
2024-03-08 10:01:31.775 [info] > git config --get commit.template [31ms]
2024-03-08 10:01:31.915 [info] > git rev-parse refs/remotes/origin/main [148ms]
2024-03-08 10:01:31.950 [info] > git status -z -uall [167ms]
2024-03-08 10:01:31.951 [info] > git for-each-ref --format=%(refname)%00%(upstream:short)%00%(objectname)%00%(upstream:track)%00%(upstream:remotename)%00%(upstream:remoteref) refs/heads/main refs/remotes/main [159ms]
2024-03-08 10:01:31.976 [info] > git for-each-ref --format=%(refname)%00%(upstream:short)%00%(objectname)%00%(upstream:track)%00%(upstream:remotename)%00%(upstream:remoteref) refs/heads/main refs/remotes/main [36ms]
2024-03-08 10:01:31.980 [info] > git config --get commit.template [8ms]
2024-03-08 10:01:32.012 [info] > git status -z -uall [20ms]
2024-03-08 10:01:32.050 [info] > git status -z -uall [17ms]
2024-03-08 10:01:32.051 [info] > git for-each-ref --format=%(refname)%00%(upstream:short)%00%(objectname)%00%(upstream:track)%00%(upstream:remotename)%00%(upstream:remoteref) refs/heads/main refs/remotes/main [42ms]
2024-03-08 10:01:32.106 [info] > git config --get commit.template [20ms]
2024-03-08 10:01:32.119 [info] > git status -z -uall [195ms]
2024-03-08 10:01:32.119 [info] > git status -z -uall [3ms]
2024-03-08 10:01:32.736 [info] > git check-ignore -v -z --stdin [636ms]
2024-03-08 10:01:32.750 [info] > git for-each-ref --format=%(refname)%00%(upstream:short)%00%(objectname)%00%(upstream:track)%00%(upstream:remotename)%00%(upstream:remoteref) refs/heads/main refs/remotes/main [28ms]
2024-03-08 10:01:32.780 [info] > git status -z -uall [13ms]
2024-03-08 10:01:34.350 [info] > git merge-base refs/heads/main refs/remotes/origin/main [21ms]
2024-03-08 10:01:34.363 [info] > git merge-base refs/heads/main refs/remotes/origin/main [44ms]
2024-03-08 10:01:34.374 [info] > git merge-base refs/heads/main refs/remotes/origin/main [69ms]
2024-03-08 10:01:34.388 [info] > git rev-list --count --left-right refs/heads/main...refs/remotes/origin/main [14ms]
2024-03-08 10:01:34.389 [info] > git rev-list --count --left-right refs/heads/main...refs/remotes/origin/main [27ms]
2024-03-08 10:01:34.390 [info] > git merge-base refs/heads/main refs/remotes/origin/main [48ms]
2024-03-08 10:01:34.410 [info] > git rev-list --count --left-right refs/heads/main...refs/remotes/origin/main [27ms]
2024-03-08 10:01:34.412 [info] > git rev-list --count --left-right refs/heads/main...refs/remotes/origin/main [11ms]
2024-03-08 10:01:34.938 [info] > git config --get commit.template [16ms]
2024-03-08 10:01:34.961 [info] > git for-each-ref --format=%(refname)%00%(upstream:short)%00%(objectname)%00%(upstream:track)%00%(upstream:remotename)%00%(upstream:remoteref) refs/heads/main refs/remotes/main [5ms]
2024-03-08 10:01:34.991 [warning] ENOENT: no such file or directory, open '/home/abraham/.git/refs/remotes/origin/main'
2024-03-08 10:01:34.994 [info] > git rev-parse refs/remotes/origin/main [3ms]
2024-03-08 10:01:35.223 [info] > git status -z -uall [213ms]
2024-03-08 10:01:37.165 [info] > git check-ignore -v -z --stdin [272ms]
2024-03-08 10:01:40.619 [info] > git config --get commit.template [13ms]
2024-03-08 10:01:40.622 [info] > git for-each-ref --format=%(refname)%00%(upstream:short)%00%(objectname)%00%(upstream:track)%00%(upstream:remotename)%00%(upstream:remoteref) refs/heads/main refs/remotes/main [4ms]
2024-03-08 10:01:40.635 [warning] ENOENT: no such file or directory, open '/home/abraham/.git/refs/remotes/origin/main'
2024-03-08 10:01:40.639 [info] > git rev-parse refs/remotes/origin/main [4ms]
2024-03-08 10:01:40.768 [info] > git status -z -uall [117ms]
2024-03-08 10:01:41.665 [info] > git check-ignore -v -z --stdin [42ms]
2024-03-08 10:01:45.351 [info] > git check-ignore -v -z --stdin [24ms]
2024-03-08 10:01:46.013 [info] > git config --get commit.template [2ms]
2024-03-08 10:01:46.033 [info] > git for-each-ref --format=%(refname)%00%(upstream:short)%00%(objectname)%00%(upstream:track)%00%(upstream:remotename)%00%(upstream:remoteref) refs/heads/main refs/remotes/main [6ms]
2024-03-08 10:01:46.048 [warning] ENOENT: no such file or directory, open '/home/abraham/.git/refs/remotes/origin/main'
2024-03-08 10:01:46.051 [info] > git rev-parse refs/remotes/origin/main [3ms]
2024-03-08 10:01:46.203 [info] > git status -z -uall [138ms]
