2024-03-09 16:04:02.882 [info] Log level: Info
2024-03-09 16:04:02.882 [info] Validating found git in: "git"
2024-03-09 16:04:02.882 [info] Using git "2.43.0" from "git"
2024-03-09 16:04:02.882 [info] > git rev-parse --show-toplevel [7ms]
2024-03-09 16:04:02.886 [info] > git rev-parse --git-dir --git-common-dir [15ms]
2024-03-09 16:04:02.906 [info] Open repository: /home/abraham/landing_page
2024-03-09 16:04:02.930 [info] > git config --get commit.template [5ms]
2024-03-09 16:04:02.958 [info] > git for-each-ref --format=%(refname)%00%(upstream:short)%00%(objectname)%00%(upstream:track)%00%(upstream:remotename)%00%(upstream:remoteref) refs/heads/main refs/remotes/main [14ms]
2024-03-09 16:04:02.965 [warning] ENOENT: no such file or directory, open '/home/abraham/landing_page/.git/refs/remotes/origin/main'
2024-03-09 16:04:02.971 [info] > git rev-parse refs/remotes/origin/main [7ms]
2024-03-09 16:04:02.986 [info] > git status -z -uall [3ms]
2024-03-09 16:04:03.008 [info] > git config --get commit.template [2ms]
2024-03-09 16:04:03.017 [info] > git for-each-ref --format=%(refname)%00%(upstream:short)%00%(objectname)%00%(upstream:track)%00%(upstream:remotename)%00%(upstream:remoteref) refs/heads/main refs/remotes/main [3ms]
2024-03-09 16:04:03.024 [warning] ENOENT: no such file or directory, open '/home/abraham/landing_page/.git/refs/remotes/origin/main'
2024-03-09 16:04:03.026 [info] > git rev-parse refs/remotes/origin/main [2ms]
2024-03-09 16:04:03.035 [info] > git status -z -uall [2ms]
2024-03-09 16:04:07.658 [info] > git check-ignore -v -z --stdin [3ms]
2024-03-09 16:04:21.929 [info] > git check-ignore -v -z --stdin [17ms]
2024-03-09 16:04:22.160 [info] > git config --get commit.template [151ms]
2024-03-09 16:04:22.224 [info] > git show --textconv :index.html [34ms]
2024-03-09 16:04:22.229 [info] > git for-each-ref --format=%(refname)%00%(upstream:short)%00%(objectname)%00%(upstream:track)%00%(upstream:remotename)%00%(upstream:remoteref) refs/heads/main refs/remotes/main [5ms]
2024-03-09 16:04:22.232 [info] > git ls-files --stage -- /home/abraham/landing_page/index.html [25ms]
2024-03-09 16:04:22.247 [warning] ENOENT: no such file or directory, open '/home/abraham/landing_page/.git/refs/remotes/origin/main'
2024-03-09 16:04:22.253 [info] > git rev-parse refs/remotes/origin/main [6ms]
2024-03-09 16:04:22.266 [info] > git status -z -uall [3ms]
2024-03-09 16:04:32.291 [info] > git show --textconv :styles.css [13ms]
2024-03-09 16:04:32.294 [info] > git ls-files --stage -- /home/abraham/landing_page/styles.css [7ms]
2024-03-09 16:04:32.495 [info] > git check-ignore -v -z --stdin [7ms]
2024-03-09 16:04:33.019 [info] > git config --get commit.template [24ms]
2024-03-09 16:04:33.021 [info] > git for-each-ref --format=%(refname)%00%(upstream:short)%00%(objectname)%00%(upstream:track)%00%(upstream:remotename)%00%(upstream:remoteref) refs/heads/main refs/remotes/main [6ms]
2024-03-09 16:04:33.030 [warning] ENOENT: no such file or directory, open '/home/abraham/landing_page/.git/refs/remotes/origin/main'
2024-03-09 16:04:33.032 [info] > git rev-parse refs/remotes/origin/main [2ms]
2024-03-09 16:04:33.040 [info] > git status -z -uall [2ms]
2024-03-09 16:04:49.438 [info] > git show --textconv :index.html [21ms]
2024-03-09 16:04:49.445 [info] > git ls-files --stage -- /home/abraham/landing_page/index.html [9ms]
2024-03-09 16:16:24.817 [info] > git show --textconv :styles.css [16ms]
2024-03-09 16:16:24.823 [info] > git ls-files --stage -- /home/abraham/landing_page/styles.css [7ms]
2024-03-09 16:17:01.379 [info] > git show --textconv :index.html [34ms]
2024-03-09 16:17:01.379 [info] > git show --textconv :styles.css [24ms]
2024-03-09 16:17:01.379 [info] > git ls-files --stage -- /home/abraham/landing_page/index.html [13ms]
2024-03-09 16:17:01.383 [info] > git ls-files --stage -- /home/abraham/landing_page/styles.css [7ms]
2024-03-09 16:50:40.226 [info] > git config --get commit.template [20ms]
2024-03-09 16:50:40.228 [info] > git for-each-ref --format=%(refname)%00%(upstream:short)%00%(objectname)%00%(upstream:track)%00%(upstream:remotename)%00%(upstream:remoteref) refs/heads/main refs/remotes/main [8ms]
2024-03-09 16:50:40.245 [warning] ENOENT: no such file or directory, open '/home/abraham/landing_page/.git/refs/remotes/origin/main'
2024-03-09 16:50:40.247 [info] > git rev-parse refs/remotes/origin/main [3ms]
2024-03-09 16:50:40.270 [info] > git status -z -uall [6ms]
2024-03-09 16:51:50.559 [info] > git ls-files --stage -- /home/abraham/landing_page/index.html [11ms]
2024-03-09 16:51:50.570 [info] > git config --get commit.template [31ms]
2024-03-09 16:51:50.581 [info] > git cat-file -s 637203749372e3d3e3f72e8e8790c0b9cc4ababb [12ms]
2024-03-09 16:51:50.582 [info] > git ls-files --stage -- /home/abraham/landing_page/styles.css [25ms]
2024-03-09 16:51:50.593 [info] > git for-each-ref --format=%(refname)%00%(upstream:short)%00%(objectname)%00%(upstream:track)%00%(upstream:remotename)%00%(upstream:remoteref) refs/heads/main refs/remotes/main [13ms]
2024-03-09 16:51:50.594 [info] > git cat-file -s 92f09fd7c1e2c3ad80c9fb2560ffa16236238f7c [3ms]
2024-03-09 16:51:50.628 [info] > git show --textconv :index.html [23ms]
2024-03-09 16:51:50.628 [info] > git status -z -uall [12ms]
2024-03-09 16:51:50.639 [info] > git show --textconv :styles.css [12ms]
