2024-05-24 13:54:11.891 [info] Log level: Info
2024-05-24 13:54:11.891 [info] Validating found git in: "git"
2024-05-24 13:54:11.891 [info] Using git "2.43.0" from "git"
2024-05-24 13:54:11.891 [info] > git rev-parse --show-toplevel [12ms]
2024-05-24 13:54:11.891 [info] > git rev-parse --git-dir --git-common-dir [294ms]
2024-05-24 13:54:11.891 [info] Open repository: /home/abraham
2024-05-24 13:54:11.891 [info] > git rev-parse --show-toplevel [21ms]
2024-05-24 13:54:11.891 [info] > git config --get commit.template [34ms]
2024-05-24 13:54:12.251 [info] > git rev-parse --show-toplevel [378ms]
2024-05-24 13:54:12.322 [info] > git for-each-ref --format=%(refname)%00%(upstream:short)%00%(objectname)%00%(upstream:track)%00%(upstream:remotename)%00%(upstream:remoteref) refs/heads/main refs/remotes/main [409ms]
2024-05-24 13:54:12.337 [warning] ENOENT: no such file or directory, open '/home/abraham/.git/refs/remotes/origin/main'
2024-05-24 13:54:12.339 [info] > git rev-parse --show-toplevel [62ms]
2024-05-24 13:54:12.345 [info] > git rev-parse refs/remotes/origin/main [8ms]
2024-05-24 13:54:12.393 [info] > git rev-parse --show-toplevel [25ms]
2024-05-24 13:54:12.415 [info] > git rev-parse --show-toplevel [7ms]
2024-05-24 13:54:12.450 [info] > git rev-parse --git-dir --git-common-dir [20ms]
2024-05-24 13:54:12.468 [info] Open repository: /home/abraham/css-exercises
2024-05-24 13:54:12.570 [info] > git rev-parse --show-toplevel [23ms]
2024-05-24 13:54:12.572 [info] > git config --get commit.template [43ms]
2024-05-24 13:54:12.619 [info] > git for-each-ref --format=%(refname)%00%(upstream:short)%00%(objectname)%00%(upstream:track)%00%(upstream:remotename)%00%(upstream:remoteref) refs/heads/main refs/remotes/main [27ms]
2024-05-24 13:54:12.651 [info] > git rev-parse --git-dir --git-common-dir [34ms]
2024-05-24 13:54:12.666 [info] Open repository: /home/abraham/git_test
2024-05-24 13:54:12.718 [info] > git config --get commit.template [34ms]
2024-05-24 13:54:12.751 [info] > git rev-parse --show-toplevel [54ms]
2024-05-24 13:54:12.807 [info] > git status -z -uall [44ms]
2024-05-24 13:54:12.807 [info] > git rev-parse --show-toplevel [14ms]
2024-05-24 13:54:12.808 [info] > git for-each-ref --format=%(refname)%00%(upstream:short)%00%(objectname)%00%(upstream:track)%00%(upstream:remotename)%00%(upstream:remoteref) refs/heads/main refs/remotes/main [31ms]
2024-05-24 13:54:12.874 [info] > git merge-base refs/heads/main refs/remotes/origin/main [47ms]
2024-05-24 13:54:12.929 [info] > git rev-list --count --left-right refs/heads/main...refs/remotes/origin/main [33ms]
2024-05-24 13:54:12.941 [info] > git config --get commit.template [75ms]
2024-05-24 13:54:12.942 [info] > git rev-parse --git-dir --git-common-dir [87ms]
2024-05-24 13:54:12.952 [info] Open repository: /home/abraham/landing_page
2024-05-24 13:54:12.993 [info] > git diff --name-status -z --diff-filter=ADMR ec153d4c9c7e6065a14327a403a79ea5a0b84f47...refs/remotes/origin/main [53ms]
2024-05-24 13:54:13.034 [info] > git rev-parse --show-toplevel [53ms]
2024-05-24 13:54:13.035 [info] > git config --get commit.template [66ms]
2024-05-24 13:54:13.064 [info] > git status -z -uall [53ms]
2024-05-24 13:54:13.065 [info] > git for-each-ref --format=%(refname)%00%(upstream:short)%00%(objectname)%00%(upstream:track)%00%(upstream:remotename)%00%(upstream:remoteref) refs/heads/main refs/remotes/main [39ms]
2024-05-24 13:54:13.135 [info] > git status -z -uall [778ms] (cancelled)
2024-05-24 13:54:13.135 [info] > git merge-base refs/heads/main refs/remotes/origin/main [49ms]
2024-05-24 13:54:13.149 [info] > git rev-parse --show-toplevel [100ms]
2024-05-24 13:54:13.168 [info] > git config --get commit.template [44ms]
2024-05-24 13:54:13.169 [info] > git for-each-ref --format=%(refname)%00%(upstream:short)%00%(objectname)%00%(upstream:track)%00%(upstream:remotename)%00%(upstream:remoteref) refs/heads/main refs/remotes/main [57ms]
2024-05-24 13:54:13.174 [info] > git rev-parse --git-dir --git-common-dir [10ms]
2024-05-24 13:54:13.183 [info] Open repository: /home/abraham/odin-recipes
2024-05-24 13:54:13.185 [info] > git rev-list --count --left-right refs/heads/main...refs/remotes/origin/main [36ms]
2024-05-24 13:54:13.350 [info] > git status -z -uall [139ms]
2024-05-24 13:54:13.352 [info] > git rev-parse --show-toplevel [102ms]
2024-05-24 13:54:13.353 [info] > git config --get commit.template [117ms]
2024-05-24 13:54:13.354 [info] > git for-each-ref --format=%(refname)%00%(upstream:short)%00%(objectname)%00%(upstream:track)%00%(upstream:remotename)%00%(upstream:remoteref) refs/heads/main refs/remotes/main [132ms]
2024-05-24 13:54:13.363 [info] > git diff --name-status -z --diff-filter=ADMR 9ceb1b9bfcb54650191b59fb74fc67f1dfaa9d72...refs/remotes/origin/main [167ms]
2024-05-24 13:54:13.418 [info] > git status -z -uall [34ms]
2024-05-24 13:54:13.419 [info] > git rev-parse --git-dir --git-common-dir [17ms]
2024-05-24 13:54:13.435 [info] Open repository: /home/abraham/plp_python
2024-05-24 13:54:13.654 [info] > git merge-base refs/heads/main refs/remotes/origin/main [186ms]
2024-05-24 13:54:13.670 [info] > git for-each-ref --format=%(refname)%00%(upstream:short)%00%(objectname)%00%(upstream:track)%00%(upstream:remotename)%00%(upstream:remoteref) refs/heads/main refs/remotes/main [254ms]
2024-05-24 13:54:13.694 [info] > git status -z -uall [5ms]
2024-05-24 13:54:13.695 [info] > git rev-list --count --left-right refs/heads/main...refs/remotes/origin/main [26ms]
2024-05-24 13:54:13.709 [info] > git config --get commit.template [109ms]
2024-05-24 13:54:13.709 [info] > git rev-parse --show-toplevel [128ms]
2024-05-24 13:54:13.711 [info] > git config --get commit.template [152ms]
2024-05-24 13:54:13.823 [info] > git rev-parse --show-toplevel [95ms]
2024-05-24 13:54:13.825 [info] > git diff --name-status -z --diff-filter=ADMR 6ca9dd8586998252c1db464b1a78aa7deeaa1940...refs/remotes/origin/main [117ms]
2024-05-24 13:54:13.840 [info] > git for-each-ref --format=%(refname)%00%(upstream:short)%00%(objectname)%00%(upstream:track)%00%(upstream:remotename)%00%(upstream:remoteref) refs/heads/main refs/remotes/main [84ms]
2024-05-24 13:54:13.840 [info] > git for-each-ref --format=%(refname)%00%(upstream:short)%00%(objectname)%00%(upstream:track)%00%(upstream:remotename)%00%(upstream:remoteref) refs/heads/main refs/remotes/main [94ms]
2024-05-24 13:54:14.017 [info] > git status -z -uall [178ms]
2024-05-24 13:54:14.050 [info] > git merge-base refs/heads/main refs/remotes/origin/main [24ms]
2024-05-24 13:54:14.750 [info] > git config --get commit.template [703ms]
2024-05-24 13:54:14.804 [info] > git status -z -uall [34ms]
2024-05-24 13:54:14.804 [info] > git status -z -uall [26ms]
2024-05-24 13:54:14.805 [info] > git rev-list --count --left-right refs/heads/main...refs/remotes/origin/main [746ms]
2024-05-24 13:54:14.870 [info] > git merge-base refs/heads/main refs/remotes/origin/main [31ms]
2024-05-24 13:54:14.880 [info] > git for-each-ref --format=%(refname)%00%(upstream:short)%00%(objectname)%00%(upstream:track)%00%(upstream:remotename)%00%(upstream:remoteref) refs/heads/main refs/remotes/main [55ms]
2024-05-24 13:54:14.881 [info] > git diff --name-status -z --diff-filter=ADMR 8a088326432389c076e403481bce9be602d816c3...refs/remotes/origin/main [68ms]
2024-05-24 13:54:14.886 [info] > git rev-list --count --left-right refs/heads/main...refs/remotes/origin/main [7ms]
2024-05-24 13:54:14.896 [info] > git config --get commit.template [29ms]
2024-05-24 13:54:14.919 [info] > git diff --name-status -z --diff-filter=ADMR 5644b85c7dbe0a1b9adf8af38dc564e70ce3650f...refs/remotes/origin/main [22ms]
2024-05-24 13:54:14.937 [info] > git status -z -uall [3ms]
2024-05-24 13:54:14.937 [info] > git for-each-ref --format=%(refname)%00%(upstream:short)%00%(objectname)%00%(upstream:track)%00%(upstream:remotename)%00%(upstream:remoteref) refs/heads/main refs/remotes/main [21ms]
2024-05-24 13:54:15.119 [info] > git status -z -uall [13ms]
2024-05-24 13:54:33.313 [info] > git merge-base refs/heads/main refs/remotes/origin/main [3790ms]
2024-05-24 13:54:33.483 [info] > git rev-list --count --left-right refs/heads/main...refs/remotes/origin/main [129ms]
2024-05-24 13:54:33.531 [info] > git config --get commit.template [235ms]
2024-05-24 13:54:33.547 [info] > git diff --name-status -z --diff-filter=ADMR 6ec21817fd388db0e7902a78d63a3b6f096a3408...refs/remotes/origin/main [22ms]
2024-05-24 13:54:33.718 [info] > git for-each-ref --format=%(refname)%00%(upstream:short)%00%(objectname)%00%(upstream:track)%00%(upstream:remotename)%00%(upstream:remoteref) refs/heads/main refs/remotes/main [17ms]
2024-05-24 13:54:33.795 [warning] ENOENT: no such file or directory, open '/home/abraham/.git/refs/remotes/origin/main'
2024-05-24 13:54:33.813 [info] > git rev-parse refs/remotes/origin/main [19ms]
2024-05-24 13:54:39.224 [info] > git status -z -uall [5350ms] (cancelled)
2024-05-24 13:54:42.826 [info] > git merge-base refs/heads/main refs/remotes/origin/main [24ms]
2024-05-24 13:54:42.845 [info] > git merge-base refs/heads/main refs/remotes/origin/main [62ms]
2024-05-24 13:54:42.864 [info] > git merge-base refs/heads/main refs/remotes/origin/main [102ms]
2024-05-24 13:54:42.882 [info] > git merge-base refs/heads/main refs/remotes/origin/main [147ms]
2024-05-24 13:54:42.900 [info] > git merge-base refs/heads/main refs/remotes/origin/main [186ms]
2024-05-24 13:54:42.924 [info] > git rev-list --count --left-right refs/heads/main...refs/remotes/origin/main [24ms]
2024-05-24 13:54:42.925 [info] > git rev-list --count --left-right refs/heads/main...refs/remotes/origin/main [44ms]
2024-05-24 13:54:42.926 [info] > git rev-list --count --left-right refs/heads/main...refs/remotes/origin/main [63ms]
2024-05-24 13:54:42.927 [info] > git rev-list --count --left-right refs/heads/main...refs/remotes/origin/main [83ms]
2024-05-24 13:54:42.927 [info] > git merge-base refs/heads/main refs/remotes/origin/main [106ms]
2024-05-24 13:54:42.949 [info] > git rev-list --count --left-right refs/heads/main...refs/remotes/origin/main [30ms]
2024-05-24 13:54:42.951 [info] > git rev-list --count --left-right refs/heads/main...refs/remotes/origin/main [6ms]
2024-05-24 13:54:44.808 [info] > git check-ignore -v -z --stdin [89ms]
2024-05-24 13:54:50.740 [info] > git check-ignore -v -z --stdin [241ms]
