2024-03-22 17:51:23.375 [info] Log level: Info
2024-03-22 17:51:23.375 [info] Validating found git in: "git"
2024-03-22 17:51:23.375 [info] Using git "2.43.0" from "git"
2024-03-22 17:51:23.375 [info] > git rev-parse --show-toplevel [533ms]
2024-03-22 17:51:23.375 [info] > git rev-parse --git-dir --git-common-dir [59ms]
2024-03-22 17:51:23.375 [info] Open repository: /home/abraham
2024-03-22 17:51:23.375 [info] > git config --get commit.template [292ms]
2024-03-22 17:51:23.482 [info] > git for-each-ref --format=%(refname)%00%(upstream:short)%00%(objectname)%00%(upstream:track)%00%(upstream:remotename)%00%(upstream:remoteref) refs/heads/main refs/remotes/main [90ms]
2024-03-22 17:51:23.494 [warning] ENOENT: no such file or directory, open '/home/abraham/.git/refs/remotes/origin/main'
2024-03-22 17:51:23.500 [info] > git rev-parse refs/remotes/origin/main [6ms]
2024-03-22 17:51:24.725 [info] > git status -z -uall [1215ms] (cancelled)
2024-03-22 17:51:36.788 [info] > git check-ignore -v -z --stdin [5ms]
2024-03-22 17:51:37.052 [info] > git show --textconv :portfolio_website/index.hmtl [14ms]
2024-03-22 17:51:37.059 [info] > git ls-files --stage -- /home/abraham/portfolio_website/index.hmtl [9ms]
2024-03-22 17:52:00.085 [info] > git check-ignore -v -z --stdin [107ms]
2024-03-22 17:52:00.113 [info] > git show --textconv :portfolio_website/index.html [12ms]
2024-03-22 17:52:00.115 [info] > git ls-files --stage -- /home/abraham/portfolio_website/index.html [5ms]
2024-03-22 17:52:10.746 [info] > git show --textconv :portfolio_website/styles.css [21ms]
2024-03-22 17:52:10.751 [info] > git ls-files --stage -- /home/abraham/portfolio_website/styles.css [6ms]
2024-03-22 17:52:10.907 [info] > git check-ignore -v -z --stdin [8ms]
2024-03-22 17:52:14.558 [info] > git show --textconv :portfolio_website/index.html [23ms]
2024-03-22 17:52:14.566 [info] > git ls-files --stage -- /home/abraham/portfolio_website/index.html [12ms]
2024-03-22 17:53:05.486 [info] > git show --textconv :portfolio_website/styles.css [26ms]
2024-03-22 17:53:05.496 [info] > git ls-files --stage -- /home/abraham/portfolio_website/styles.css [12ms]
2024-03-22 17:53:42.711 [info] > git show --textconv :portfolio_website/index.html [12ms]
2024-03-22 17:53:42.716 [info] > git ls-files --stage -- /home/abraham/portfolio_website/index.html [6ms]
2024-03-22 17:55:15.284 [info] > git show --textconv :portfolio_website/styles.css [13ms]
2024-03-22 17:55:15.287 [info] > git ls-files --stage -- /home/abraham/portfolio_website/styles.css [5ms]
2024-03-22 17:55:36.906 [info] > git show --textconv :portfolio_website/index.html [22ms]
2024-03-22 17:55:36.917 [info] > git ls-files --stage -- /home/abraham/portfolio_website/index.html [15ms]
2024-03-22 18:01:28.185 [info] > git show --textconv :portfolio_website/styles.css [16ms]
2024-03-22 18:01:28.189 [info] > git ls-files --stage -- /home/abraham/portfolio_website/styles.css [6ms]
2024-03-22 18:01:59.307 [info] > git show --textconv :portfolio_website/index.html [25ms]
2024-03-22 18:01:59.314 [info] > git ls-files --stage -- /home/abraham/portfolio_website/index.html [11ms]
2024-03-22 18:02:00.411 [info] > git show --textconv :portfolio_website/styles.css [24ms]
2024-03-22 18:02:00.431 [info] > git ls-files --stage -- /home/abraham/portfolio_website/styles.css [33ms]
2024-03-22 18:10:25.767 [info] > git show --textconv :portfolio_website/index.html [13ms]
2024-03-22 18:10:25.770 [info] > git ls-files --stage -- /home/abraham/portfolio_website/index.html [6ms]
2024-03-22 18:10:27.432 [info] > git show --textconv :portfolio_website/styles.css [15ms]
2024-03-22 18:10:27.441 [info] > git ls-files --stage -- /home/abraham/portfolio_website/styles.css [11ms]
2024-03-22 18:11:05.629 [info] > git ls-files --stage -- /home/abraham/portfolio_website/styles.css [9ms]
2024-03-22 18:11:05.658 [info] > git show --textconv :portfolio_website/styles.css [7ms]
2024-03-22 18:14:59.925 [info] > git ls-files --stage -- /home/abraham/portfolio_website/styles.css [8ms]
2024-03-22 18:14:59.940 [info] > git cat-file -s 910b8803e34ad57af1c43e37829e3f04c3dbb6ff [2ms]
2024-03-22 18:14:59.965 [info] > git show --textconv :portfolio_website/styles.css [7ms]
2024-03-22 18:15:01.016 [info] > git show --textconv :portfolio_website/index.html [12ms]
2024-03-22 18:15:01.019 [info] > git ls-files --stage -- /home/abraham/portfolio_website/index.html [6ms]
2024-03-22 18:15:01.032 [info] > git cat-file -s 414a47f250daccbdc2ac1b8dac4c35ccff41857b [4ms]
