2024-03-10 11:35:36.163 [info] Experiment 'pythonRecommendTensorboardExt' is active
2024-03-10 11:35:36.163 [info] Experiment 'pythonREPLSmartSend' is active
2024-03-10 11:35:36.163 [info] Experiment 'pythonSurveyNotificationcf' is active
2024-03-10 11:35:36.163 [info] Experiment 'pythonTerminalEnvVarActivation' is active
2024-03-10 11:35:36.163 [info] Experiment 'pythonTestAdapter' is active
2024-03-10 11:35:36.978 [info] Test server listening.
2024-03-10 11:35:37.018 [info] > C:\Users\Admin\AppData\Local\Microsoft\WindowsApps\python3.11.exe -c "import sys;print(sys.executable)"
2024-03-10 11:35:37.098 [error] [Error: Command failed: C:\Users\Admin\AppData\Local\Microsoft\WindowsApps\python3.11.exe -c "import sys;print(sys.executable)"
/bin/sh: 1: C:UsersAdminAppDataLocalMicrosoftWindowsAppspython3.11.exe: not found

	at ChildProcess.exithandler (node:child_process:420:12)
	at ChildProcess.emit (node:events:526:35)
	at maybeClose (node:internal/child_process:1091:16)
	at Socket.<anonymous> (node:internal/child_process:449:11)
	at Socket.emit (node:events:514:28)
	at Pipe.<anonymous> (node:net:323:12)] {
  code: 127,
  killed: false,
  signal: null,
  cmd: 'C:\\Users\\Admin\\AppData\\Local\\Microsoft\\WindowsApps\\python3.11.exe -c "import sys;print(sys.executable)"'
}
2024-03-10 11:35:37.262 [warning] Retry failed, storage update failed for key PYTHON_GLOBAL_STORAGE_KEYS
2024-03-10 11:35:37.262 [warning] Retry failed, storage update failed for key PYTHON_WORKSPACE_STORAGE_KEYS
2024-03-10 11:35:37.262 [warning] Retry failed, storage update failed for key PYTHON_WORKSPACE_STORAGE_KEYS
2024-03-10 11:35:37.326 [info] Shell integration status changed, can confirm it's working.
2024-03-10 11:35:38.887 [info] Starting Pylance language server.
2024-03-10 11:35:48.556 [info] > conda info --json
2024-03-10 11:35:48.579 [info] Found: /bin/python3 --> /bin/python3.10
2024-03-10 11:35:48.579 [info] Found: /bin/python3.10 --> /bin/python3.10
2024-03-10 11:35:48.591 [info] Found: /usr/bin/python3 --> /usr/bin/python3.10
2024-03-10 11:35:48.592 [info] Found: /usr/bin/python3.10 --> /usr/bin/python3.10
2024-03-10 11:35:48.918 [info] > /bin/python3 -I ~/.vscode-server/extensions/ms-python.python-2024.2.1/pythonFiles/get_output_via_markers.py ~/.vscode-server/extensions/ms-python.python-2024.2.1/pythonFiles/interpreterInfo.py
2024-03-10 11:35:48.962 [info] > /usr/bin/python3 -I ~/.vscode-server/extensions/ms-python.python-2024.2.1/pythonFiles/get_output_via_markers.py ~/.vscode-server/extensions/ms-python.python-2024.2.1/pythonFiles/interpreterInfo.py
