2024-04-01 13:27:45.915 [info] Log level: Info
2024-04-01 13:27:45.915 [info] Validating found git in: "git"
2024-04-01 13:27:45.916 [info] Using git "2.43.0" from "git"
2024-04-01 13:27:45.916 [info] > git rev-parse --show-toplevel [13ms]
2024-04-01 13:27:45.916 [info] > git rev-parse --git-dir --git-common-dir [3ms]
2024-04-01 13:27:45.916 [info] Open repository: /home/abraham
2024-04-01 13:27:45.916 [info] > git rev-parse --show-toplevel [9ms]
2024-04-01 13:27:45.916 [info] > git config --get commit.template [19ms]
2024-04-01 13:27:45.950 [info] > git rev-parse --show-toplevel [367ms]
2024-04-01 13:27:45.964 [info] > git for-each-ref --format=%(refname)%00%(upstream:short)%00%(objectname)%00%(upstream:track)%00%(upstream:remotename)%00%(upstream:remoteref) refs/heads/main refs/remotes/main [34ms]
2024-04-01 13:27:45.986 [warning] ENOENT: no such file or directory, open '/home/abraham/.git/refs/remotes/origin/main'
2024-04-01 13:27:45.988 [info] > git rev-parse --show-toplevel [27ms]
2024-04-01 13:27:46.001 [info] > git rev-parse refs/remotes/origin/main [16ms]
2024-04-01 13:27:46.026 [info] > git rev-parse --show-toplevel [27ms]
2024-04-01 13:27:46.490 [info] > git rev-parse --show-toplevel [452ms]
2024-04-01 13:27:46.502 [info] > git rev-parse --git-dir --git-common-dir [3ms]
2024-04-01 13:27:46.512 [info] Open repository: /home/abraham/css-exercises
2024-04-01 13:27:46.580 [info] > git status -z -uall [564ms]
2024-04-01 13:27:46.580 [info] > git rev-parse --show-toplevel [47ms]
2024-04-01 13:27:46.582 [info] > git config --get commit.template [57ms]
2024-04-01 13:27:46.690 [info] > git config --get commit.template [38ms]
2024-04-01 13:27:46.762 [info] > git rev-parse --git-dir --git-common-dir [75ms]
2024-04-01 13:27:46.769 [info] Open repository: /home/abraham/git_test
2024-04-01 13:27:46.774 [info] > git for-each-ref --format=%(refname)%00%(upstream:short)%00%(objectname)%00%(upstream:track)%00%(upstream:remotename)%00%(upstream:remoteref) refs/heads/main refs/remotes/main [98ms]
2024-04-01 13:27:47.491 [info] > git rev-parse --show-toplevel [688ms]
2024-04-01 13:27:47.491 [info] > git config --get commit.template [697ms]
2024-04-01 13:27:47.492 [info] > git for-each-ref --format=%(refname)%00%(upstream:short)%00%(objectname)%00%(upstream:track)%00%(upstream:remotename)%00%(upstream:remoteref) refs/heads/main refs/remotes/main [707ms]
2024-04-01 13:27:47.515 [warning] ENOENT: no such file or directory, open '/home/abraham/.git/refs/remotes/origin/main'
2024-04-01 13:27:47.575 [info] > git rev-parse refs/remotes/origin/main [59ms]
2024-04-01 13:27:47.593 [info] > git rev-parse --show-toplevel [85ms]
2024-04-01 13:27:47.622 [info] > git status -z -uall [51ms]
2024-04-01 13:27:47.646 [info] > git for-each-ref --format=%(refname)%00%(upstream:short)%00%(objectname)%00%(upstream:track)%00%(upstream:remotename)%00%(upstream:remoteref) refs/heads/main refs/remotes/main [87ms]
2024-04-01 13:27:47.665 [info] > git rev-parse --git-dir --git-common-dir [48ms]
2024-04-01 13:27:47.671 [info] Open repository: /home/abraham/landing_page
2024-04-01 13:27:47.696 [info] > git config --get commit.template [33ms]
2024-04-01 13:27:47.701 [info] > git rev-parse --show-toplevel [8ms]
2024-04-01 13:27:47.702 [info] > git config --get commit.template [18ms]
2024-04-01 13:27:47.746 [info] > git status -z -uall [25ms]
2024-04-01 13:27:47.747 [info] > git rev-parse --show-toplevel [17ms]
2024-04-01 13:27:47.766 [info] > git for-each-ref --format=%(refname)%00%(upstream:short)%00%(objectname)%00%(upstream:track)%00%(upstream:remotename)%00%(upstream:remoteref) refs/heads/main refs/remotes/main [52ms]
2024-04-01 13:27:47.884 [info] > git status -z -uall [293ms]
2024-04-01 13:27:47.885 [info] > git config --get commit.template [6ms]
2024-04-01 13:27:47.885 [info] > git rev-parse --git-dir --git-common-dir [18ms]
2024-04-01 13:27:47.896 [info] Open repository: /home/abraham/odin-recipes
2024-04-01 13:27:47.898 [info] > git for-each-ref --format=%(refname)%00%(upstream:short)%00%(objectname)%00%(upstream:track)%00%(upstream:remotename)%00%(upstream:remoteref) refs/heads/main refs/remotes/main [154ms]
2024-04-01 13:27:48.019 [info] > git rev-parse --show-toplevel [88ms]
2024-04-01 13:27:48.020 [info] > git config --get commit.template [100ms]
2024-04-01 13:27:48.082 [info] > git status -z -uall [66ms]
2024-04-01 13:27:48.089 [info] > git for-each-ref --format=%(refname)%00%(upstream:short)%00%(objectname)%00%(upstream:track)%00%(upstream:remotename)%00%(upstream:remoteref) refs/heads/main refs/remotes/main [90ms]
2024-04-01 13:27:48.129 [info] > git rev-parse --git-dir --git-common-dir [51ms]
2024-04-01 13:27:48.140 [info] Open repository: /home/abraham/plp_python
2024-04-01 13:27:48.187 [info] > git status -z -uall [62ms]
2024-04-01 13:27:48.233 [info] > git rev-parse --show-toplevel [51ms]
2024-04-01 13:27:48.234 [info] > git config --get commit.template [70ms]
2024-04-01 13:27:48.245 [info] > git for-each-ref --format=%(refname)%00%(upstream:short)%00%(objectname)%00%(upstream:track)%00%(upstream:remotename)%00%(upstream:remoteref) refs/heads/main refs/remotes/main [128ms]
2024-04-01 13:27:48.279 [info] > git status -z -uall [9ms]
2024-04-01 13:27:48.280 [info] > git config --get commit.template [50ms]
2024-04-01 13:27:48.291 [info] > git rev-parse --show-toplevel [17ms]
2024-04-01 13:27:48.329 [info] > git status -z -uall [4ms]
2024-04-01 13:27:48.329 [info] > git for-each-ref --format=%(refname)%00%(upstream:short)%00%(objectname)%00%(upstream:track)%00%(upstream:remotename)%00%(upstream:remoteref) refs/heads/main refs/remotes/main [18ms]
2024-04-01 13:27:48.364 [info] > git config --get commit.template [13ms]
2024-04-01 13:27:48.375 [info] > git status -z -uall [13ms]
2024-04-01 13:27:48.378 [info] > git for-each-ref --format=%(refname)%00%(upstream:short)%00%(objectname)%00%(upstream:track)%00%(upstream:remotename)%00%(upstream:remoteref) refs/heads/main refs/remotes/main [89ms]
2024-04-01 13:27:48.386 [info] > git for-each-ref --format=%(refname)%00%(upstream:short)%00%(objectname)%00%(upstream:track)%00%(upstream:remotename)%00%(upstream:remoteref) refs/heads/main refs/remotes/main [12ms]
2024-04-01 13:27:48.407 [info] > git status -z -uall [11ms]
2024-04-01 13:27:48.428 [info] > git status -z -uall [21ms]
2024-04-01 13:27:48.434 [info] > git config --get commit.template [8ms]
2024-04-01 13:27:48.446 [info] > git for-each-ref --format=%(refname)%00%(upstream:short)%00%(objectname)%00%(upstream:track)%00%(upstream:remotename)%00%(upstream:remoteref) refs/heads/main refs/remotes/main [3ms]
2024-04-01 13:27:48.461 [info] > git status -z -uall [2ms]
2024-04-01 13:28:18.575 [info] > git config --get commit.template [3ms]
2024-04-01 13:28:18.599 [info] > git for-each-ref --format=%(refname)%00%(upstream:short)%00%(objectname)%00%(upstream:track)%00%(upstream:remotename)%00%(upstream:remoteref) refs/heads/main refs/remotes/main [4ms]
2024-04-01 13:28:18.611 [warning] ENOENT: no such file or directory, open '/home/abraham/.git/refs/remotes/origin/main'
2024-04-01 13:28:18.614 [info] > git rev-parse refs/remotes/origin/main [3ms]
2024-04-01 13:28:18.921 [info] > git status -z -uall [295ms]
