2024-03-25 16:07:34.600 [info] Log level: Info
2024-03-25 16:07:34.600 [info] Validating found git in: "git"
2024-03-25 16:07:34.600 [info] Using git "2.43.0" from "git"
2024-03-25 16:07:34.600 [info] > git rev-parse --show-toplevel [336ms]
2024-03-25 16:07:34.600 [info] > git rev-parse --git-dir --git-common-dir [36ms]
2024-03-25 16:07:34.600 [info] Open repository: /home/abraham
2024-03-25 16:07:34.600 [info] > git config --get commit.template [14ms]
2024-03-25 16:07:34.619 [info] > git for-each-ref --format=%(refname)%00%(upstream:short)%00%(objectname)%00%(upstream:track)%00%(upstream:remotename)%00%(upstream:remoteref) refs/heads/main refs/remotes/main [9ms]
2024-03-25 16:07:34.631 [warning] ENOENT: no such file or directory, open '/home/abraham/.git/refs/remotes/origin/main'
2024-03-25 16:07:34.633 [info] > git rev-parse refs/remotes/origin/main [2ms]
2024-03-25 16:07:34.843 [info] > git status -z -uall [200ms]
2024-03-25 16:07:34.888 [info] > git config --get commit.template [11ms]
2024-03-25 16:07:34.892 [info] > git for-each-ref --format=%(refname)%00%(upstream:short)%00%(objectname)%00%(upstream:track)%00%(upstream:remotename)%00%(upstream:remoteref) refs/heads/main refs/remotes/main [6ms]
2024-03-25 16:07:34.903 [warning] ENOENT: no such file or directory, open '/home/abraham/.git/refs/remotes/origin/main'
2024-03-25 16:07:34.908 [info] > git rev-parse refs/remotes/origin/main [4ms]
2024-03-25 16:07:35.893 [info] > git status -z -uall [974ms]
2024-03-25 16:07:35.894 [info] > git check-ignore -v -z --stdin [21ms]
2024-03-25 16:07:37.410 [info] > git show --textconv :portfolio_website/index.html [231ms]
2024-03-25 16:07:37.417 [info] > git ls-files --stage -- /home/abraham/portfolio_website/index.html [213ms]
2024-03-25 16:07:37.785 [info] > git cat-file -s 414a47f250daccbdc2ac1b8dac4c35ccff41857b [350ms]
2024-03-25 16:07:46.919 [info] > git show --textconv :portfolio_website/styles.css [173ms]
2024-03-25 16:07:46.921 [info] > git ls-files --stage -- /home/abraham/portfolio_website/styles.css [162ms]
2024-03-25 16:07:46.976 [info] > git cat-file -s 910b8803e34ad57af1c43e37829e3f04c3dbb6ff [20ms]
2024-03-25 16:07:48.625 [info] > git show --textconv :portfolio_website/index.html [17ms]
2024-03-25 16:07:48.633 [info] > git ls-files --stage -- /home/abraham/portfolio_website/index.html [10ms]
2024-03-25 16:07:48.647 [info] > git cat-file -s 414a47f250daccbdc2ac1b8dac4c35ccff41857b [2ms]
2024-03-25 16:07:50.448 [info] > git show --textconv :portfolio_website/styles.css [18ms]
2024-03-25 16:07:50.454 [info] > git ls-files --stage -- /home/abraham/portfolio_website/styles.css [9ms]
2024-03-25 16:07:50.468 [info] > git cat-file -s 910b8803e34ad57af1c43e37829e3f04c3dbb6ff [2ms]
2024-03-25 16:08:06.813 [info] > git show --textconv :portfolio_website/index.html [16ms]
2024-03-25 16:08:06.828 [info] > git ls-files --stage -- /home/abraham/portfolio_website/index.html [16ms]
2024-03-25 16:08:06.843 [info] > git cat-file -s 414a47f250daccbdc2ac1b8dac4c35ccff41857b [2ms]
2024-03-25 16:09:53.800 [info] > git show --textconv :portfolio_website/styles.css [28ms]
2024-03-25 16:09:53.808 [info] > git ls-files --stage -- /home/abraham/portfolio_website/styles.css [10ms]
2024-03-25 16:09:53.824 [info] > git cat-file -s 910b8803e34ad57af1c43e37829e3f04c3dbb6ff [5ms]
2024-03-25 16:09:54.726 [info] > git merge-base refs/heads/main refs/remotes/origin/main [8ms]
2024-03-25 16:09:54.775 [info] > git rev-list --count --left-right refs/heads/main...refs/remotes/origin/main [10ms]
2024-03-25 16:09:55.419 [info] > git config --get commit.template [11ms]
2024-03-25 16:09:55.455 [info] > git for-each-ref --format=%(refname)%00%(upstream:short)%00%(objectname)%00%(upstream:track)%00%(upstream:remotename)%00%(upstream:remoteref) refs/heads/main refs/remotes/main [16ms]
2024-03-25 16:09:55.475 [warning] ENOENT: no such file or directory, open '/home/abraham/.git/refs/remotes/origin/main'
2024-03-25 16:09:55.480 [info] > git rev-parse refs/remotes/origin/main [7ms]
2024-03-25 16:09:55.761 [info] > git status -z -uall [261ms]
2024-03-25 16:09:55.921 [info] > git check-ignore -v -z --stdin [53ms]
2024-03-25 16:09:58.947 [info] > git check-ignore -v -z --stdin [61ms]
