2024-02-18 16:59:02.758 [info] Log level: Info
2024-02-18 16:59:02.758 [info] Validating found git in: "git"
2024-02-18 16:59:02.758 [info] Using git "2.43.0" from "git"
2024-02-18 16:59:02.758 [info] > git rev-parse --show-toplevel [105ms]
2024-02-18 16:59:02.758 [info] > git rev-parse --git-dir --git-common-dir [36ms]
2024-02-18 16:59:02.758 [info] Open repository: /home/abraham/git_test
2024-02-18 16:59:02.796 [info] > git rev-parse --show-toplevel [13ms]
2024-02-18 16:59:02.814 [info] > git config --get commit.template [44ms]
2024-02-18 16:59:02.843 [info] > git for-each-ref --format=%(refname)%00%(upstream:short)%00%(objectname)%00%(upstream:track)%00%(upstream:remotename)%00%(upstream:remoteref) refs/heads/main refs/remotes/main [9ms]
2024-02-18 16:59:02.856 [warning] ENOENT: no such file or directory, open '/home/abraham/git_test/.git/refs/remotes/origin/main'
2024-02-18 16:59:02.867 [info] > git rev-parse refs/remotes/origin/main [12ms]
2024-02-18 16:59:02.896 [info] > git status -z -uall [18ms]
2024-02-18 16:59:02.944 [info] > git config --get commit.template [14ms]
2024-02-18 16:59:02.972 [info] > git for-each-ref --format=%(refname)%00%(upstream:short)%00%(objectname)%00%(upstream:track)%00%(upstream:remotename)%00%(upstream:remoteref) refs/heads/main refs/remotes/main [8ms]
2024-02-18 16:59:02.989 [warning] ENOENT: no such file or directory, open '/home/abraham/git_test/.git/refs/remotes/origin/main'
2024-02-18 16:59:03.129 [info] > git rev-parse refs/remotes/origin/main [141ms]
2024-02-18 16:59:03.159 [info] > git status -z -uall [19ms]
2024-02-18 16:59:03.297 [info] > git show --textconv :flerx.css [32ms]
2024-02-18 16:59:03.297 [info] > git ls-files --stage -- /home/abraham/git_test/flerx.css [16ms]
2024-02-18 16:59:03.348 [info] > git check-ignore -v -z --stdin [15ms]
2024-02-18 16:59:04.321 [info] > git show --textconv :flex.html [19ms]
2024-02-18 16:59:04.322 [info] > git ls-files --stage -- /home/abraham/git_test/flex.html [6ms]
2024-02-18 16:59:05.459 [info] > git config --get commit.template [24ms]
2024-02-18 16:59:05.460 [info] > git for-each-ref --format=%(refname)%00%(upstream:short)%00%(objectname)%00%(upstream:track)%00%(upstream:remotename)%00%(upstream:remoteref) refs/heads/main refs/remotes/main [4ms]
2024-02-18 16:59:05.474 [warning] ENOENT: no such file or directory, open '/home/abraham/git_test/.git/refs/remotes/origin/main'
2024-02-18 16:59:05.477 [info] > git rev-parse refs/remotes/origin/main [3ms]
2024-02-18 16:59:05.508 [info] > git status -z -uall [15ms]
2024-02-18 16:59:11.995 [info] > git config --get commit.template [2ms]
2024-02-18 16:59:12.005 [info] > git for-each-ref --format=%(refname)%00%(upstream:short)%00%(objectname)%00%(upstream:track)%00%(upstream:remotename)%00%(upstream:remoteref) refs/heads/main refs/remotes/main [2ms]
2024-02-18 16:59:12.011 [warning] ENOENT: no such file or directory, open '/home/abraham/git_test/.git/refs/remotes/origin/main'
2024-02-18 16:59:12.013 [info] > git rev-parse refs/remotes/origin/main [2ms]
2024-02-18 16:59:12.023 [info] > git status -z -uall [3ms]
