2024-05-24 14:24:08.546 [info] Log level: Info
2024-05-24 14:24:08.546 [info] Validating found git in: "git"
2024-05-24 14:24:08.546 [info] Using git "2.43.0" from "git"
2024-05-24 14:24:08.546 [info] > git rev-parse --show-toplevel [13ms]
2024-05-24 14:24:08.546 [info] > git rev-parse --git-dir --git-common-dir [35ms]
2024-05-24 14:24:08.546 [info] Open repository: /home/abraham
2024-05-24 14:24:08.546 [info] > git rev-parse --show-toplevel [5ms]
2024-05-24 14:24:08.546 [info] > git config --get commit.template [14ms]
2024-05-24 14:24:08.898 [info] > git rev-parse --show-toplevel [67ms]
2024-05-24 14:24:08.969 [info] > git rev-parse --show-toplevel [54ms]
2024-05-24 14:24:08.971 [info] > git for-each-ref --format=%(refname)%00%(upstream:short)%00%(objectname)%00%(upstream:track)%00%(upstream:remotename)%00%(upstream:remoteref) refs/heads/main refs/remotes/main [88ms]
2024-05-24 14:24:08.999 [warning] ENOENT: no such file or directory, open '/home/abraham/.git/refs/remotes/origin/main'
2024-05-24 14:24:09.022 [info] > git rev-parse refs/remotes/origin/main [23ms]
2024-05-24 14:24:09.039 [info] > git rev-parse --show-toplevel [51ms]
2024-05-24 14:24:09.078 [info] > git rev-parse --show-toplevel [17ms]
2024-05-24 14:24:09.112 [info] > git rev-parse --git-dir --git-common-dir [3ms]
2024-05-24 14:24:09.123 [info] Open repository: /home/abraham/css-exercises
2024-05-24 14:24:09.177 [info] > git config --get commit.template [16ms]
2024-05-24 14:24:09.178 [info] > git rev-parse --show-toplevel [8ms]
2024-05-24 14:24:09.905 [info] > git for-each-ref --format=%(refname)%00%(upstream:short)%00%(objectname)%00%(upstream:track)%00%(upstream:remotename)%00%(upstream:remoteref) refs/heads/main refs/remotes/main [715ms]
2024-05-24 14:24:09.922 [info] > git rev-parse --git-dir --git-common-dir [7ms]
2024-05-24 14:24:09.930 [info] Open repository: /home/abraham/git_test
2024-05-24 14:24:09.984 [info] > git status -z -uall [2ms]
2024-05-24 14:24:09.985 [info] > git rev-parse --show-toplevel [31ms]
2024-05-24 14:24:09.991 [info] > git config --get commit.template [48ms]
2024-05-24 14:24:10.077 [info] > git merge-base refs/heads/main refs/remotes/origin/main [44ms]
2024-05-24 14:24:10.089 [info] > git rev-parse --show-toplevel [77ms]
2024-05-24 14:24:10.118 [info] > git config --get commit.template [49ms]
2024-05-24 14:24:10.118 [info] > git for-each-ref --format=%(refname)%00%(upstream:short)%00%(objectname)%00%(upstream:track)%00%(upstream:remotename)%00%(upstream:remoteref) refs/heads/main refs/remotes/main [60ms]
2024-05-24 14:24:10.123 [info] > git rev-parse --git-dir --git-common-dir [21ms]
2024-05-24 14:24:10.131 [info] Open repository: /home/abraham/landing_page
2024-05-24 14:24:10.134 [info] > git rev-list --count --left-right refs/heads/main...refs/remotes/origin/main [46ms]
2024-05-24 14:24:10.186 [info] > git rev-parse --show-toplevel [11ms]
2024-05-24 14:24:10.187 [info] > git config --get commit.template [21ms]
2024-05-24 14:24:10.187 [info] > git for-each-ref --format=%(refname)%00%(upstream:short)%00%(objectname)%00%(upstream:track)%00%(upstream:remotename)%00%(upstream:remoteref) refs/heads/main refs/remotes/main [30ms]
2024-05-24 14:24:10.187 [info] > git diff --name-status -z --diff-filter=ADMR ec153d4c9c7e6065a14327a403a79ea5a0b84f47...refs/remotes/origin/main [41ms]
2024-05-24 14:24:10.254 [info] > git status -z -uall [1216ms] (cancelled)
2024-05-24 14:24:10.254 [info] > git status -z -uall [55ms]
2024-05-24 14:24:10.254 [info] > git rev-parse --show-toplevel [40ms]
2024-05-24 14:24:10.383 [info] > git merge-base refs/heads/main refs/remotes/origin/main [115ms]
2024-05-24 14:24:10.394 [info] > git for-each-ref --format=%(refname)%00%(upstream:short)%00%(objectname)%00%(upstream:track)%00%(upstream:remotename)%00%(upstream:remoteref) refs/heads/main refs/remotes/main [167ms]
2024-05-24 14:24:10.410 [info] > git rev-list --count --left-right refs/heads/main...refs/remotes/origin/main [17ms]
2024-05-24 14:24:10.422 [info] > git config --get commit.template [65ms]
2024-05-24 14:24:10.423 [info] > git rev-parse --git-dir --git-common-dir [75ms]
2024-05-24 14:24:10.432 [info] Open repository: /home/abraham/odin-recipes
2024-05-24 14:24:10.505 [info] > git status -z -uall [98ms]
2024-05-24 14:24:10.505 [info] > git diff --name-status -z --diff-filter=ADMR 9ceb1b9bfcb54650191b59fb74fc67f1dfaa9d72...refs/remotes/origin/main [83ms]
2024-05-24 14:24:10.528 [info] > git rev-parse --show-toplevel [68ms]
2024-05-24 14:24:10.529 [info] > git config --get commit.template [83ms]
2024-05-24 14:24:10.555 [info] > git status -z -uall [15ms]
2024-05-24 14:24:10.555 [info] > git for-each-ref --format=%(refname)%00%(upstream:short)%00%(objectname)%00%(upstream:track)%00%(upstream:remotename)%00%(upstream:remoteref) refs/heads/main refs/remotes/main [32ms]
2024-05-24 14:24:10.574 [info] > git rev-parse --git-dir --git-common-dir [21ms]
2024-05-24 14:24:10.584 [info] Open repository: /home/abraham/plp_python
2024-05-24 14:24:10.657 [info] > git merge-base refs/heads/main refs/remotes/origin/main [56ms]
2024-05-24 14:24:10.672 [info] > git for-each-ref --format=%(refname)%00%(upstream:short)%00%(objectname)%00%(upstream:track)%00%(upstream:remotename)%00%(upstream:remoteref) refs/heads/main refs/remotes/main [100ms]
2024-05-24 14:24:10.681 [info] > git config --get commit.template [26ms]
2024-05-24 14:24:10.682 [info] > git rev-parse --show-toplevel [40ms]
2024-05-24 14:24:10.682 [info] > git config --get commit.template [56ms]
2024-05-24 14:24:10.708 [info] > git status -z -uall [14ms]
2024-05-24 14:24:10.708 [info] > git rev-list --count --left-right refs/heads/main...refs/remotes/origin/main [37ms]
2024-05-24 14:24:10.753 [info] > git rev-parse --show-toplevel [46ms]
2024-05-24 14:24:10.803 [info] > git for-each-ref --format=%(refname)%00%(upstream:short)%00%(objectname)%00%(upstream:track)%00%(upstream:remotename)%00%(upstream:remoteref) refs/heads/main refs/remotes/main [60ms]
2024-05-24 14:24:10.804 [info] > git for-each-ref --format=%(refname)%00%(upstream:short)%00%(objectname)%00%(upstream:track)%00%(upstream:remotename)%00%(upstream:remoteref) refs/heads/main refs/remotes/main [72ms]
2024-05-24 14:24:10.804 [info] > git diff --name-status -z --diff-filter=ADMR 6ca9dd8586998252c1db464b1a78aa7deeaa1940...refs/remotes/origin/main [83ms]
2024-05-24 14:24:10.808 [info] > git status -z -uall [21ms]
2024-05-24 14:24:10.838 [info] > git merge-base refs/heads/main refs/remotes/origin/main [20ms]
2024-05-24 14:24:10.865 [info] > git config --get commit.template [28ms]
2024-05-24 14:24:10.890 [info] > git status -z -uall [14ms]
2024-05-24 14:24:10.890 [info] > git status -z -uall [5ms]
2024-05-24 14:24:10.890 [info] > git rev-list --count --left-right refs/heads/main...refs/remotes/origin/main [42ms]
2024-05-24 14:24:10.940 [info] > git diff --name-status -z --diff-filter=ADMR 8a088326432389c076e403481bce9be602d816c3...refs/remotes/origin/main [40ms]
2024-05-24 14:24:10.976 [info] > git merge-base refs/heads/main refs/remotes/origin/main [23ms]
2024-05-24 14:24:10.989 [info] > git for-each-ref --format=%(refname)%00%(upstream:short)%00%(objectname)%00%(upstream:track)%00%(upstream:remotename)%00%(upstream:remoteref) refs/heads/main refs/remotes/main [57ms]
2024-05-24 14:24:10.996 [info] > git rev-list --count --left-right refs/heads/main...refs/remotes/origin/main [9ms]
2024-05-24 14:24:11.009 [info] > git config --get commit.template [34ms]
2024-05-24 14:24:11.156 [info] > git diff --name-status -z --diff-filter=ADMR 5644b85c7dbe0a1b9adf8af38dc564e70ce3650f...refs/remotes/origin/main [147ms]
2024-05-24 14:24:11.281 [info] > git for-each-ref --format=%(refname)%00%(upstream:short)%00%(objectname)%00%(upstream:track)%00%(upstream:remotename)%00%(upstream:remoteref) refs/heads/main refs/remotes/main [159ms]
2024-05-24 14:24:11.284 [info] > git status -z -uall [115ms]
2024-05-24 14:24:11.305 [info] > git status -z -uall [3ms]
2024-05-24 14:24:17.548 [info] > git merge-base refs/heads/main refs/remotes/origin/main [4300ms]
2024-05-24 14:24:17.572 [info] > git rev-list --count --left-right refs/heads/main...refs/remotes/origin/main [7ms]
2024-05-24 14:24:17.590 [info] > git config --get commit.template [191ms]
2024-05-24 14:24:17.590 [info] > git merge-base refs/heads/main refs/remotes/origin/main [224ms]
2024-05-24 14:24:17.608 [info] > git merge-base refs/heads/main refs/remotes/origin/main [255ms]
2024-05-24 14:24:17.626 [info] > git merge-base refs/heads/main refs/remotes/origin/main [285ms]
2024-05-24 14:24:17.641 [info] > git merge-base refs/heads/main refs/remotes/origin/main [312ms]
2024-05-24 14:24:17.656 [info] > git merge-base refs/heads/main refs/remotes/origin/main [342ms]
2024-05-24 14:24:17.677 [info] > git merge-base refs/heads/main refs/remotes/origin/main [384ms]
2024-05-24 14:24:17.713 [info] > git rev-list --count --left-right refs/heads/main...refs/remotes/origin/main [36ms]
2024-05-24 14:24:17.714 [info] > git rev-list --count --left-right refs/heads/main...refs/remotes/origin/main [59ms]
2024-05-24 14:24:17.714 [info] > git rev-list --count --left-right refs/heads/main...refs/remotes/origin/main [74ms]
2024-05-24 14:24:17.715 [info] > git rev-list --count --left-right refs/heads/main...refs/remotes/origin/main [89ms]
2024-05-24 14:24:17.716 [info] > git rev-list --count --left-right refs/heads/main...refs/remotes/origin/main [108ms]
2024-05-24 14:24:17.717 [info] > git diff --name-status -z --diff-filter=ADMR 6ec21817fd388db0e7902a78d63a3b6f096a3408...refs/remotes/origin/main [129ms]
2024-05-24 14:24:17.757 [info] > git rev-list --count --left-right refs/heads/main...refs/remotes/origin/main [66ms]
2024-05-24 14:24:17.771 [info] > git for-each-ref --format=%(refname)%00%(upstream:short)%00%(objectname)%00%(upstream:track)%00%(upstream:remotename)%00%(upstream:remoteref) refs/heads/main refs/remotes/main [18ms]
2024-05-24 14:24:17.801 [warning] ENOENT: no such file or directory, open '/home/abraham/.git/refs/remotes/origin/main'
2024-05-24 14:24:17.804 [info] > git rev-parse refs/remotes/origin/main [3ms]
2024-05-24 14:24:22.307 [info] > git status -z -uall [4488ms] (cancelled)
2024-05-24 14:24:22.893 [info] > git check-ignore -v -z --stdin [53ms]
2024-05-24 14:24:30.896 [info] > git show --textconv :.git/COMMIT_EDITMSG [58ms]
2024-05-24 14:24:30.900 [info] > git ls-files --stage -- /home/abraham/.git/COMMIT_EDITMSG [13ms]
2024-05-24 14:24:31.054 [info] > git ls-files --stage -- /home/abraham/.git/COMMIT_EDITMSG [117ms]
2024-05-24 14:24:31.147 [info] > git check-ignore -v -z --stdin [10ms]
2024-05-24 14:24:46.211 [info] > git -c user.useConfigOnly=true commit --quiet [17268ms]
2024-05-24 14:24:46.288 [info] > git config --get commit.template [14ms]
2024-05-24 14:24:46.330 [info] > git for-each-ref --format=%(refname)%00%(upstream:short)%00%(objectname)%00%(upstream:track)%00%(upstream:remotename)%00%(upstream:remoteref) refs/heads/main refs/remotes/main [14ms]
2024-05-24 14:24:46.350 [warning] ENOENT: no such file or directory, open '/home/abraham/.git/refs/remotes/origin/main'
2024-05-24 14:24:46.353 [info] > git rev-parse refs/remotes/origin/main [3ms]
2024-05-24 14:24:50.831 [info] > git status -z -uall [4454ms] (cancelled)
2024-05-24 14:24:50.832 [info] > git merge-base refs/heads/main refs/remotes/origin/main [3828ms]
2024-05-24 14:24:50.984 [info] > git rev-list --count --left-right refs/heads/main...refs/remotes/origin/main [123ms]
2024-05-24 14:24:51.022 [info] > git merge-base refs/heads/main refs/remotes/origin/main [205ms]
2024-05-24 14:24:51.066 [info] > git diff --name-status -z --diff-filter=ADMR 6ec21817fd388db0e7902a78d63a3b6f096a3408...refs/remotes/origin/main [44ms]
2024-05-24 14:24:51.070 [info] > git rev-list --count --left-right refs/heads/main...refs/remotes/origin/main [7ms]
2024-05-24 14:24:51.121 [info] > git push origin main:main [2992ms]
2024-05-24 14:24:51.121 [info] ERROR: Repository not found.
fatal: Could not read from remote repository.

Please make sure you have the correct access rights
and the repository exists.
2024-05-24 14:24:51.174 [info] > git config --get commit.template [29ms]
2024-05-24 14:24:51.175 [info] > git for-each-ref --format=%(refname)%00%(upstream:short)%00%(objectname)%00%(upstream:track)%00%(upstream:remotename)%00%(upstream:remoteref) refs/heads/main refs/remotes/main [5ms]
2024-05-24 14:24:51.195 [warning] ENOENT: no such file or directory, open '/home/abraham/.git/refs/remotes/origin/main'
2024-05-24 14:24:51.197 [info] > git rev-parse refs/remotes/origin/main [2ms]
2024-05-24 14:24:51.363 [info] > git check-ignore -v -z --stdin [15ms]
2024-05-24 14:24:55.536 [info] > git status -z -uall [4321ms] (cancelled)
2024-05-24 14:24:56.988 [info] > git config --get commit.template [22ms]
2024-05-24 14:24:56.993 [info] > git for-each-ref --format=%(refname)%00%(upstream:short)%00%(objectname)%00%(upstream:track)%00%(upstream:remotename)%00%(upstream:remoteref) refs/heads/main refs/remotes/main [6ms]
2024-05-24 14:24:57.023 [warning] ENOENT: no such file or directory, open '/home/abraham/.git/refs/remotes/origin/main'
2024-05-24 14:24:57.026 [info] > git rev-parse refs/remotes/origin/main [3ms]
2024-05-24 14:25:01.216 [info] > git status -z -uall [4172ms] (cancelled)
