2024-02-26 07:43:55.035 [info] Log level: Info
2024-02-26 07:43:55.035 [info] Validating found git in: "git"
2024-02-26 07:43:55.035 [info] Using git "2.43.0" from "git"
2024-02-26 07:43:55.035 [info] > git rev-parse --show-toplevel [108ms]
2024-02-26 07:43:55.035 [info] > git rev-parse --git-dir --git-common-dir [4ms]
2024-02-26 07:43:55.035 [info] Open repository: /home/abraham/css-exercises
2024-02-26 07:43:55.035 [info] > git config --get commit.template [8ms]
2024-02-26 07:43:55.035 [info] > git rev-parse --show-toplevel [4ms]
2024-02-26 07:43:55.053 [info] > git for-each-ref --format=%(refname)%00%(upstream:short)%00%(objectname)%00%(upstream:track)%00%(upstream:remotename)%00%(upstream:remoteref) refs/heads/main refs/remotes/main [12ms]
2024-02-26 07:43:55.054 [info] > git rev-parse --show-toplevel [3ms]
2024-02-26 07:43:55.096 [info] > git rev-parse --show-toplevel [30ms]
2024-02-26 07:43:55.115 [info] > git status -z -uall [22ms]
2024-02-26 07:43:55.115 [info] > git rev-parse --show-toplevel [8ms]
2024-02-26 07:43:55.152 [info] > git config --get commit.template [3ms]
2024-02-26 07:43:55.152 [info] > git rev-parse --show-toplevel [16ms]
2024-02-26 07:43:55.174 [info] > git rev-parse --show-toplevel [10ms]
2024-02-26 07:43:55.191 [info] > git for-each-ref --format=%(refname)%00%(upstream:short)%00%(objectname)%00%(upstream:track)%00%(upstream:remotename)%00%(upstream:remoteref) refs/heads/main refs/remotes/main [18ms]
2024-02-26 07:43:55.207 [info] > git status -z -uall [2ms]
2024-02-26 07:44:01.346 [info] > git check-ignore -v -z --stdin [1ms]
2024-02-26 07:44:05.681 [info] > git check-ignore -v -z --stdin [7ms]
2024-02-26 07:44:11.133 [info] > git check-ignore -v -z --stdin [1ms]
2024-02-26 07:44:12.836 [info] > git show --textconv :flex/01-flex-center/index.html [16ms]
2024-02-26 07:44:12.836 [info] > git ls-files --stage -- /home/abraham/css-exercises/flex/01-flex-center/index.html [8ms]
2024-02-26 07:44:12.848 [info] > git cat-file -s 440bf5c5c320b993da208c05672f77a027dd319e [3ms]
2024-02-26 07:44:17.339 [info] > git show --textconv :flex/01-flex-center/README.md [27ms]
2024-02-26 07:44:17.341 [info] > git ls-files --stage -- /home/abraham/css-exercises/flex/01-flex-center/README.md [20ms]
2024-02-26 07:44:17.351 [info] > git cat-file -s 56cbbb6ac26f63dca21449e39736893927fe38f3 [2ms]
2024-02-26 07:44:30.716 [info] > git show --textconv :flex/01-flex-center/index.html [5ms]
2024-02-26 07:44:30.717 [info] > git ls-files --stage -- /home/abraham/css-exercises/flex/01-flex-center/index.html [2ms]
2024-02-26 07:44:30.722 [info] > git cat-file -s 440bf5c5c320b993da208c05672f77a027dd319e [1ms]
2024-02-26 07:44:44.215 [info] > git show --textconv :flex/01-flex-center/style.css [8ms]
2024-02-26 07:44:44.230 [info] > git ls-files --stage -- /home/abraham/css-exercises/flex/01-flex-center/style.css [15ms]
2024-02-26 07:44:44.239 [info] > git cat-file -s e35feacd28d05dde88ba136acfb42d654978007f [5ms]
2024-02-26 07:44:45.123 [info] > git show --textconv :flex/01-flex-center/index.html [5ms]
2024-02-26 07:44:45.124 [info] > git ls-files --stage -- /home/abraham/css-exercises/flex/01-flex-center/index.html [2ms]
2024-02-26 07:44:45.130 [info] > git cat-file -s 440bf5c5c320b993da208c05672f77a027dd319e [1ms]
2024-02-26 07:45:45.931 [info] > git show --textconv :flex/01-flex-center/style.css [5ms]
2024-02-26 07:45:45.932 [info] > git ls-files --stage -- /home/abraham/css-exercises/flex/01-flex-center/style.css [2ms]
2024-02-26 07:45:45.937 [info] > git cat-file -s e35feacd28d05dde88ba136acfb42d654978007f [1ms]
2024-02-26 07:46:49.464 [info] > git show --textconv :flex/01-flex-center/index.html [6ms]
2024-02-26 07:46:49.465 [info] > git ls-files --stage -- /home/abraham/css-exercises/flex/01-flex-center/index.html [2ms]
2024-02-26 07:46:49.471 [info] > git cat-file -s 440bf5c5c320b993da208c05672f77a027dd319e [1ms]
2024-02-26 07:46:58.837 [info] > git show --textconv :flex/01-flex-center/style.css [6ms]
2024-02-26 07:46:58.838 [info] > git ls-files --stage -- /home/abraham/css-exercises/flex/01-flex-center/style.css [2ms]
2024-02-26 07:46:58.843 [info] > git cat-file -s e35feacd28d05dde88ba136acfb42d654978007f [1ms]
2024-02-26 07:51:31.695 [info] > git show --textconv :flex/01-flex-center/index.html [7ms]
2024-02-26 07:51:31.697 [info] > git ls-files --stage -- /home/abraham/css-exercises/flex/01-flex-center/index.html [2ms]
2024-02-26 07:51:31.704 [info] > git cat-file -s 440bf5c5c320b993da208c05672f77a027dd319e [1ms]
2024-02-26 07:51:38.161 [info] > git check-ignore -v -z --stdin [1ms]
2024-02-26 07:51:40.324 [info] > git show --textconv :flex/01-flex-center/solution/solution.css [9ms]
2024-02-26 07:51:40.325 [info] > git ls-files --stage -- /home/abraham/css-exercises/flex/01-flex-center/solution/solution.css [2ms]
2024-02-26 07:51:40.331 [info] > git cat-file -s 1df86d4b0b49e4d8ca7aebffdc86b79521dc7950 [1ms]
2024-02-26 07:52:02.386 [info] > git show --textconv :flex/01-flex-center/style.css [5ms]
2024-02-26 07:52:02.388 [info] > git ls-files --stage -- /home/abraham/css-exercises/flex/01-flex-center/style.css [2ms]
2024-02-26 07:52:02.395 [info] > git cat-file -s e35feacd28d05dde88ba136acfb42d654978007f [2ms]
2024-02-26 07:52:28.153 [info] > git show --textconv :flex/01-flex-center/index.html [7ms]
2024-02-26 07:52:28.154 [info] > git ls-files --stage -- /home/abraham/css-exercises/flex/01-flex-center/index.html [1ms]
2024-02-26 07:52:28.160 [info] > git cat-file -s 440bf5c5c320b993da208c05672f77a027dd319e [1ms]
2024-02-26 07:52:30.413 [info] > git show --textconv :flex/01-flex-center/style.css [16ms]
2024-02-26 07:52:30.414 [info] > git ls-files --stage -- /home/abraham/css-exercises/flex/01-flex-center/style.css [2ms]
2024-02-26 07:52:30.424 [info] > git cat-file -s e35feacd28d05dde88ba136acfb42d654978007f [3ms]
2024-02-26 07:52:35.516 [info] > git config --get commit.template [2ms]
2024-02-26 07:52:35.527 [info] > git for-each-ref --format=%(refname)%00%(upstream:short)%00%(objectname)%00%(upstream:track)%00%(upstream:remotename)%00%(upstream:remoteref) refs/heads/main refs/remotes/main [3ms]
2024-02-26 07:52:35.539 [info] > git status -z -uall [4ms]
2024-02-26 07:52:35.922 [info] > git show --textconv :flex/01-flex-center/index.html [9ms]
2024-02-26 07:52:35.923 [info] > git ls-files --stage -- /home/abraham/css-exercises/flex/01-flex-center/index.html [2ms]
2024-02-26 07:52:35.932 [info] > git cat-file -s 440bf5c5c320b993da208c05672f77a027dd319e [1ms]
2024-02-26 07:53:55.105 [info] > git config --get commit.template [11ms]
2024-02-26 07:53:55.111 [info] > git ls-files --stage -- /home/abraham/css-exercises/flex/01-flex-center/index.html [9ms]
2024-02-26 07:53:55.117 [info] > git cat-file -s 440bf5c5c320b993da208c05672f77a027dd319e [1ms]
2024-02-26 07:53:55.118 [info] > git for-each-ref --format=%(refname)%00%(upstream:short)%00%(objectname)%00%(upstream:track)%00%(upstream:remotename)%00%(upstream:remoteref) refs/heads/main refs/remotes/main [7ms]
2024-02-26 07:53:55.133 [info] > git status -z -uall [8ms]
2024-02-26 07:53:55.137 [info] > git show --textconv :flex/01-flex-center/index.html [5ms]
2024-02-26 07:53:57.185 [info] > git merge-base refs/heads/main refs/remotes/origin/main [5ms]
2024-02-26 07:53:57.200 [info] > git rev-list --count --left-right refs/heads/main...refs/remotes/origin/main [2ms]
2024-02-26 07:54:03.420 [info] > git config --get commit.template [2ms]
2024-02-26 07:54:03.430 [info] > git for-each-ref --format=%(refname)%00%(upstream:short)%00%(objectname)%00%(upstream:track)%00%(upstream:remotename)%00%(upstream:remoteref) refs/heads/main refs/remotes/main [2ms]
2024-02-26 07:54:03.447 [info] > git status -z -uall [8ms]
2024-02-26 07:54:03.469 [info] > git log --oneline --cherry main...main@{upstream} -- [4ms]
2024-02-26 07:54:04.695 [info] > git ls-files --stage -- /home/abraham/css-exercises/flex/01-flex-center/index.html [2ms]
2024-02-26 07:54:04.702 [info] > git cat-file -s 440bf5c5c320b993da208c05672f77a027dd319e [1ms]
2024-02-26 07:54:04.715 [info] > git show --textconv :flex/01-flex-center/index.html [2ms]
2024-02-26 07:54:07.171 [info] > git pull --tags origin main [3686ms]
2024-02-26 07:54:07.171 [info] From github.com:abrahamgek/css-exercises
 * branch            main       -> FETCH_HEAD
2024-02-26 07:54:08.415 [info] > git ls-files --stage -- /home/abraham/css-exercises/flex/01-flex-center/index.html [1ms]
2024-02-26 07:54:08.423 [info] > git cat-file -s 440bf5c5c320b993da208c05672f77a027dd319e [1ms]
2024-02-26 07:54:08.435 [info] > git show --textconv :flex/01-flex-center/index.html [2ms]
2024-02-26 07:54:10.622 [info] > git push origin main:main [3446ms]
2024-02-26 07:54:10.622 [info] To github.com:abrahamgek/css-exercises.git
   992b037..db10bc9  main -> main
2024-02-26 07:54:10.632 [info] > git config --get commit.template [1ms]
2024-02-26 07:54:10.639 [info] > git for-each-ref --format=%(refname)%00%(upstream:short)%00%(objectname)%00%(upstream:track)%00%(upstream:remotename)%00%(upstream:remoteref) refs/heads/main refs/remotes/main [1ms]
2024-02-26 07:54:10.649 [info] > git status -z -uall [2ms]
2024-02-26 07:54:10.730 [info] > git merge-base refs/heads/main refs/remotes/origin/main [14ms]
2024-02-26 07:54:10.753 [info] > git rev-list --count --left-right refs/heads/main...refs/remotes/origin/main [3ms]
2024-02-26 07:54:11.849 [info] > git config --get commit.template [8ms]
2024-02-26 07:54:11.849 [info] > git for-each-ref --format=%(refname)%00%(upstream:short)%00%(objectname)%00%(upstream:track)%00%(upstream:remotename)%00%(upstream:remoteref) refs/heads/main refs/remotes/main [1ms]
2024-02-26 07:54:11.865 [info] > git status -z -uall [8ms]
2024-02-26 07:54:11.951 [info] > git ls-files --stage -- /home/abraham/css-exercises/flex/01-flex-center/index.html [1ms]
2024-02-26 07:54:11.960 [info] > git cat-file -s 440bf5c5c320b993da208c05672f77a027dd319e [2ms]
2024-02-26 07:54:11.975 [info] > git show --textconv :flex/01-flex-center/index.html [1ms]
2024-02-26 07:54:34.731 [info] > git show --textconv :flex/01-flex-center/style.css [6ms]
2024-02-26 07:54:34.734 [info] > git ls-files --stage -- /home/abraham/css-exercises/flex/01-flex-center/style.css [4ms]
2024-02-26 07:54:34.740 [info] > git cat-file -s 659776aa78874905540e3d7a272cae2af90abe96 [1ms]
2024-02-26 07:54:41.000 [info] > git check-ignore -v -z --stdin [1ms]
2024-02-26 07:54:44.002 [info] > git show --textconv :flex/02-flex-header/index.html [10ms]
2024-02-26 07:54:44.003 [info] > git ls-files --stage -- /home/abraham/css-exercises/flex/02-flex-header/index.html [3ms]
2024-02-26 07:54:44.011 [info] > git cat-file -s db430825501cdc1e942af5c52557e019609fe39f [1ms]
2024-02-26 07:54:48.239 [info] > git show --textconv :flex/02-flex-header/style.css [7ms]
2024-02-26 07:54:48.241 [info] > git ls-files --stage -- /home/abraham/css-exercises/flex/02-flex-header/style.css [2ms]
2024-02-26 07:54:48.248 [info] > git cat-file -s cb598c935480a941f8a7f2979a3156a1e72c3ce1 [2ms]
2024-02-26 07:54:50.443 [info] > git show --textconv :flex/02-flex-header/index.html [6ms]
2024-02-26 07:54:50.444 [info] > git ls-files --stage -- /home/abraham/css-exercises/flex/02-flex-header/index.html [2ms]
2024-02-26 07:54:50.450 [info] > git cat-file -s db430825501cdc1e942af5c52557e019609fe39f [1ms]
2024-02-26 07:54:57.543 [info] > git check-ignore -v -z --stdin [1ms]
2024-02-26 07:54:57.701 [info] > git show --textconv :flex/02-flex-header/README.md [7ms]
2024-02-26 07:54:57.702 [info] > git ls-files --stage -- /home/abraham/css-exercises/flex/02-flex-header/README.md [2ms]
2024-02-26 07:54:57.709 [info] > git cat-file -s fce7035581cb27a53afa998717e264127edf653a [1ms]
2024-02-26 07:55:25.254 [info] > git show --textconv :flex/02-flex-header/index.html [7ms]
2024-02-26 07:55:25.255 [info] > git ls-files --stage -- /home/abraham/css-exercises/flex/02-flex-header/index.html [2ms]
2024-02-26 07:55:25.261 [info] > git cat-file -s db430825501cdc1e942af5c52557e019609fe39f [1ms]
2024-02-26 07:56:05.575 [info] > git show --textconv :flex/02-flex-header/style.css [8ms]
2024-02-26 07:56:05.577 [info] > git ls-files --stage -- /home/abraham/css-exercises/flex/02-flex-header/style.css [3ms]
2024-02-26 07:56:05.586 [info] > git cat-file -s cb598c935480a941f8a7f2979a3156a1e72c3ce1 [2ms]
2024-02-26 07:56:29.996 [info] > git show --textconv :flex/02-flex-header/index.html [5ms]
2024-02-26 07:56:29.998 [info] > git ls-files --stage -- /home/abraham/css-exercises/flex/02-flex-header/index.html [1ms]
2024-02-26 07:56:30.003 [info] > git cat-file -s db430825501cdc1e942af5c52557e019609fe39f [1ms]
2024-02-26 07:56:36.827 [info] > git show --textconv :flex/02-flex-header/style.css [6ms]
2024-02-26 07:56:36.828 [info] > git ls-files --stage -- /home/abraham/css-exercises/flex/02-flex-header/style.css [2ms]
2024-02-26 07:56:36.834 [info] > git cat-file -s cb598c935480a941f8a7f2979a3156a1e72c3ce1 [1ms]
2024-02-26 07:56:39.137 [info] > git show --textconv :flex/02-flex-header/index.html [9ms]
2024-02-26 07:56:39.138 [info] > git ls-files --stage -- /home/abraham/css-exercises/flex/02-flex-header/index.html [2ms]
2024-02-26 07:56:39.144 [info] > git cat-file -s db430825501cdc1e942af5c52557e019609fe39f [1ms]
2024-02-26 07:56:43.011 [info] > git show --textconv :flex/02-flex-header/style.css [5ms]
2024-02-26 07:56:43.012 [info] > git ls-files --stage -- /home/abraham/css-exercises/flex/02-flex-header/style.css [1ms]
2024-02-26 07:56:43.017 [info] > git cat-file -s cb598c935480a941f8a7f2979a3156a1e72c3ce1 [1ms]
2024-02-26 07:59:27.112 [info] > git config --get commit.template [5ms]
2024-02-26 07:59:27.112 [info] > git for-each-ref --format=%(refname)%00%(upstream:short)%00%(objectname)%00%(upstream:track)%00%(upstream:remotename)%00%(upstream:remoteref) refs/heads/main refs/remotes/main [2ms]
2024-02-26 07:59:27.119 [info] > git status -z -uall [2ms]
2024-02-26 08:00:26.466 [info] > git config --get commit.template [13ms]
2024-02-26 08:00:26.475 [info] > git ls-files --stage -- /home/abraham/css-exercises/flex/02-flex-header/style.css [13ms]
2024-02-26 08:00:26.482 [info] > git for-each-ref --format=%(refname)%00%(upstream:short)%00%(objectname)%00%(upstream:track)%00%(upstream:remotename)%00%(upstream:remoteref) refs/heads/main refs/remotes/main [8ms]
2024-02-26 08:00:26.482 [info] > git cat-file -s 4108fb93e6db8968f6999eb086402ce104c43059 [2ms]
2024-02-26 08:00:26.500 [info] > git status -z -uall [11ms]
2024-02-26 08:00:26.502 [info] > git show --textconv :flex/02-flex-header/style.css [3ms]
2024-02-26 08:00:28.157 [info] > git merge-base refs/heads/main refs/remotes/origin/main [3ms]
2024-02-26 08:00:28.180 [info] > git rev-list --count --left-right refs/heads/main...refs/remotes/origin/main [2ms]
2024-02-26 08:00:34.013 [info] > git config --get commit.template [1ms]
2024-02-26 08:00:34.022 [info] > git for-each-ref --format=%(refname)%00%(upstream:short)%00%(objectname)%00%(upstream:track)%00%(upstream:remotename)%00%(upstream:remoteref) refs/heads/main refs/remotes/main [1ms]
2024-02-26 08:00:34.032 [info] > git status -z -uall [2ms]
2024-02-26 08:00:34.057 [info] > git log --oneline --cherry main...main@{upstream} -- [2ms]
2024-02-26 08:00:35.261 [info] > git ls-files --stage -- /home/abraham/css-exercises/flex/02-flex-header/style.css [1ms]
2024-02-26 08:00:35.269 [info] > git cat-file -s 4108fb93e6db8968f6999eb086402ce104c43059 [1ms]
2024-02-26 08:00:35.279 [info] > git show --textconv :flex/02-flex-header/style.css [1ms]
2024-02-26 08:00:37.795 [info] > git pull --tags origin main [3730ms]
2024-02-26 08:00:37.795 [info] From github.com:abrahamgek/css-exercises
 * branch            main       -> FETCH_HEAD
2024-02-26 08:00:39.036 [info] > git ls-files --stage -- /home/abraham/css-exercises/flex/02-flex-header/style.css [1ms]
2024-02-26 08:00:39.043 [info] > git cat-file -s 4108fb93e6db8968f6999eb086402ce104c43059 [1ms]
2024-02-26 08:00:39.054 [info] > git show --textconv :flex/02-flex-header/style.css [1ms]
2024-02-26 08:00:41.242 [info] > git push origin main:main [3441ms]
2024-02-26 08:00:41.242 [info] To github.com:abrahamgek/css-exercises.git
   db10bc9..c13fec4  main -> main
2024-02-26 08:00:41.257 [info] > git for-each-ref --format=%(refname)%00%(upstream:short)%00%(objectname)%00%(upstream:track)%00%(upstream:remotename)%00%(upstream:remoteref) refs/heads/main refs/remotes/main [3ms]
2024-02-26 08:00:41.257 [info] > git config --get commit.template [8ms]
2024-02-26 08:00:41.266 [info] > git status -z -uall [2ms]
2024-02-26 08:00:41.322 [info] > git merge-base refs/heads/main refs/remotes/origin/main [2ms]
2024-02-26 08:00:41.340 [info] > git rev-list --count --left-right refs/heads/main...refs/remotes/origin/main [5ms]
2024-02-26 08:00:42.488 [info] > git config --get commit.template [6ms]
2024-02-26 08:00:42.489 [info] > git for-each-ref --format=%(refname)%00%(upstream:short)%00%(objectname)%00%(upstream:track)%00%(upstream:remotename)%00%(upstream:remoteref) refs/heads/main refs/remotes/main [1ms]
2024-02-26 08:00:42.498 [info] > git status -z -uall [2ms]
2024-02-26 08:00:42.586 [info] > git ls-files --stage -- /home/abraham/css-exercises/flex/02-flex-header/style.css [1ms]
2024-02-26 08:00:42.592 [info] > git cat-file -s 4108fb93e6db8968f6999eb086402ce104c43059 [1ms]
2024-02-26 08:00:42.603 [info] > git show --textconv :flex/02-flex-header/style.css [1ms]
2024-02-26 08:01:17.519 [info] > git show --textconv :flex/02-flex-header/index.html [6ms]
2024-02-26 08:01:17.520 [info] > git ls-files --stage -- /home/abraham/css-exercises/flex/02-flex-header/index.html [2ms]
2024-02-26 08:01:17.527 [info] > git cat-file -s db430825501cdc1e942af5c52557e019609fe39f [1ms]
2024-02-26 08:01:21.714 [info] > git check-ignore -v -z --stdin [1ms]
2024-02-26 08:01:23.829 [info] > git show --textconv :flex/03-flex-header-2/index.html [10ms]
2024-02-26 08:01:23.832 [info] > git ls-files --stage -- /home/abraham/css-exercises/flex/03-flex-header-2/index.html [4ms]
2024-02-26 08:01:23.844 [info] > git cat-file -s fa39648cda184ef8b9fe0598f461d3f88e5d1ac0 [3ms]
2024-02-26 08:01:26.093 [info] > git show --textconv :flex/03-flex-header-2/style.css [7ms]
2024-02-26 08:01:26.094 [info] > git ls-files --stage -- /home/abraham/css-exercises/flex/03-flex-header-2/style.css [2ms]
2024-02-26 08:01:26.102 [info] > git cat-file -s bf4c8af10d4c409a77d10de1f2c8a8a04dc4fd6e [2ms]
2024-02-26 08:01:26.578 [info] > git show --textconv :flex/03-flex-header-2/index.html [8ms]
2024-02-26 08:01:26.579 [info] > git ls-files --stage -- /home/abraham/css-exercises/flex/03-flex-header-2/index.html [2ms]
2024-02-26 08:01:26.587 [info] > git cat-file -s fa39648cda184ef8b9fe0598f461d3f88e5d1ac0 [2ms]
2024-02-26 08:03:18.094 [info] > git show --textconv :flex/03-flex-header-2/style.css [6ms]
2024-02-26 08:03:18.095 [info] > git ls-files --stage -- /home/abraham/css-exercises/flex/03-flex-header-2/style.css [1ms]
2024-02-26 08:03:18.100 [info] > git cat-file -s bf4c8af10d4c409a77d10de1f2c8a8a04dc4fd6e [1ms]
2024-02-26 08:03:45.713 [info] > git show --textconv :flex/03-flex-header-2/index.html [7ms]
2024-02-26 08:03:45.715 [info] > git ls-files --stage -- /home/abraham/css-exercises/flex/03-flex-header-2/index.html [3ms]
2024-02-26 08:03:45.721 [info] > git cat-file -s fa39648cda184ef8b9fe0598f461d3f88e5d1ac0 [1ms]
2024-02-26 08:03:50.452 [info] > git show --textconv :flex/03-flex-header-2/style.css [7ms]
2024-02-26 08:03:50.453 [info] > git ls-files --stage -- /home/abraham/css-exercises/flex/03-flex-header-2/style.css [3ms]
2024-02-26 08:03:50.460 [info] > git cat-file -s bf4c8af10d4c409a77d10de1f2c8a8a04dc4fd6e [1ms]
2024-02-26 08:04:09.457 [info] > git show --textconv :flex/03-flex-header-2/index.html [7ms]
2024-02-26 08:04:09.459 [info] > git ls-files --stage -- /home/abraham/css-exercises/flex/03-flex-header-2/index.html [2ms]
2024-02-26 08:04:09.465 [info] > git cat-file -s fa39648cda184ef8b9fe0598f461d3f88e5d1ac0 [1ms]
2024-02-26 08:04:20.491 [info] > git show --textconv :flex/03-flex-header-2/style.css [6ms]
2024-02-26 08:04:20.492 [info] > git ls-files --stage -- /home/abraham/css-exercises/flex/03-flex-header-2/style.css [2ms]
2024-02-26 08:04:20.498 [info] > git cat-file -s bf4c8af10d4c409a77d10de1f2c8a8a04dc4fd6e [2ms]
2024-02-26 08:04:27.031 [info] > git show --textconv :flex/03-flex-header-2/index.html [6ms]
2024-02-26 08:04:27.032 [info] > git ls-files --stage -- /home/abraham/css-exercises/flex/03-flex-header-2/index.html [2ms]
2024-02-26 08:04:27.039 [info] > git cat-file -s fa39648cda184ef8b9fe0598f461d3f88e5d1ac0 [2ms]
2024-02-26 08:05:52.897 [info] > git show --textconv :flex/03-flex-header-2/style.css [6ms]
2024-02-26 08:05:52.898 [info] > git ls-files --stage -- /home/abraham/css-exercises/flex/03-flex-header-2/style.css [2ms]
2024-02-26 08:05:52.905 [info] > git cat-file -s bf4c8af10d4c409a77d10de1f2c8a8a04dc4fd6e [1ms]
2024-02-26 08:15:03.780 [info] > git show --textconv :flex/03-flex-header-2/index.html [17ms]
2024-02-26 08:15:03.785 [info] > git ls-files --stage -- /home/abraham/css-exercises/flex/03-flex-header-2/index.html [6ms]
2024-02-26 08:15:03.805 [info] > git cat-file -s fa39648cda184ef8b9fe0598f461d3f88e5d1ac0 [5ms]
2024-02-26 08:15:11.587 [info] > git show --textconv :flex/03-flex-header-2/style.css [20ms]
2024-02-26 08:15:11.590 [info] > git ls-files --stage -- /home/abraham/css-exercises/flex/03-flex-header-2/style.css [7ms]
2024-02-26 08:15:11.605 [info] > git cat-file -s bf4c8af10d4c409a77d10de1f2c8a8a04dc4fd6e [3ms]
2024-02-26 08:16:32.708 [info] > git show --textconv :flex/03-flex-header-2/index.html [20ms]
2024-02-26 08:16:32.712 [info] > git ls-files --stage -- /home/abraham/css-exercises/flex/03-flex-header-2/index.html [6ms]
2024-02-26 08:16:32.726 [info] > git cat-file -s fa39648cda184ef8b9fe0598f461d3f88e5d1ac0 [4ms]
2024-02-26 08:17:19.950 [info] > git show --textconv :flex/03-flex-header-2/style.css [18ms]
2024-02-26 08:17:19.952 [info] > git ls-files --stage -- /home/abraham/css-exercises/flex/03-flex-header-2/style.css [5ms]
2024-02-26 08:17:19.970 [info] > git cat-file -s bf4c8af10d4c409a77d10de1f2c8a8a04dc4fd6e [7ms]
2024-02-26 08:17:39.612 [info] > git config --get commit.template [23ms]
2024-02-26 08:17:39.613 [info] > git for-each-ref --format=%(refname)%00%(upstream:short)%00%(objectname)%00%(upstream:track)%00%(upstream:remotename)%00%(upstream:remoteref) refs/heads/main refs/remotes/main [3ms]
2024-02-26 08:17:39.646 [info] > git status -z -uall [11ms]
2024-02-26 08:17:54.586 [info] > git check-ignore -v -z --stdin [2ms]
2024-02-26 08:18:00.225 [info] > git show --textconv :flex/03-flex-header-2/index.html [20ms]
2024-02-26 08:18:00.230 [info] > git ls-files --stage -- /home/abraham/css-exercises/flex/03-flex-header-2/index.html [6ms]
2024-02-26 08:18:00.254 [info] > git cat-file -s fa39648cda184ef8b9fe0598f461d3f88e5d1ac0 [8ms]
2024-02-26 08:18:04.493 [info] > git config --get commit.template [30ms]
2024-02-26 08:18:04.495 [info] > git for-each-ref --format=%(refname)%00%(upstream:short)%00%(objectname)%00%(upstream:track)%00%(upstream:remotename)%00%(upstream:remoteref) refs/heads/main refs/remotes/main [7ms]
2024-02-26 08:18:04.532 [info] > git status -z -uall [9ms]
2024-02-26 08:19:24.286 [info] > git show --textconv :flex/03-flex-header-2/style.css [20ms]
2024-02-26 08:19:24.293 [info] > git ls-files --stage -- /home/abraham/css-exercises/flex/03-flex-header-2/style.css [8ms]
2024-02-26 08:19:24.310 [info] > git cat-file -s bf4c8af10d4c409a77d10de1f2c8a8a04dc4fd6e [3ms]
2024-02-26 08:20:02.768 [info] > git show --textconv :flex/03-flex-header-2/index.html [40ms]
2024-02-26 08:20:02.774 [info] > git ls-files --stage -- /home/abraham/css-exercises/flex/03-flex-header-2/index.html [14ms]
2024-02-26 08:20:02.794 [info] > git cat-file -s fa39648cda184ef8b9fe0598f461d3f88e5d1ac0 [5ms]
2024-02-26 08:20:07.485 [info] > git show --textconv :flex/03-flex-header-2/style.css [8ms]
2024-02-26 08:20:07.486 [info] > git ls-files --stage -- /home/abraham/css-exercises/flex/03-flex-header-2/style.css [3ms]
2024-02-26 08:20:07.496 [info] > git cat-file -s bf4c8af10d4c409a77d10de1f2c8a8a04dc4fd6e [3ms]
2024-02-26 08:26:41.842 [info] > git show --textconv :flex/03-flex-header-2/index.html [18ms]
2024-02-26 08:26:41.846 [info] > git ls-files --stage -- /home/abraham/css-exercises/flex/03-flex-header-2/index.html [7ms]
2024-02-26 08:26:41.873 [info] > git cat-file -s fa39648cda184ef8b9fe0598f461d3f88e5d1ac0 [11ms]
2024-02-26 08:27:54.530 [info] > git show --textconv :flex/03-flex-header-2/style.css [16ms]
2024-02-26 08:27:54.534 [info] > git ls-files --stage -- /home/abraham/css-exercises/flex/03-flex-header-2/style.css [6ms]
2024-02-26 08:27:54.550 [info] > git cat-file -s bf4c8af10d4c409a77d10de1f2c8a8a04dc4fd6e [3ms]
2024-02-26 08:28:14.353 [info] > git show --textconv :flex/03-flex-header-2/index.html [13ms]
2024-02-26 08:28:14.356 [info] > git ls-files --stage -- /home/abraham/css-exercises/flex/03-flex-header-2/index.html [5ms]
2024-02-26 08:28:14.371 [info] > git cat-file -s fa39648cda184ef8b9fe0598f461d3f88e5d1ac0 [3ms]
2024-02-26 08:28:23.117 [info] > git show --textconv :flex/03-flex-header-2/style.css [24ms]
2024-02-26 08:28:23.121 [info] > git ls-files --stage -- /home/abraham/css-exercises/flex/03-flex-header-2/style.css [7ms]
2024-02-26 08:28:23.146 [info] > git cat-file -s bf4c8af10d4c409a77d10de1f2c8a8a04dc4fd6e [8ms]
2024-02-26 08:29:12.420 [info] > git show --textconv :flex/03-flex-header-2/index.html [24ms]
2024-02-26 08:29:12.424 [info] > git ls-files --stage -- /home/abraham/css-exercises/flex/03-flex-header-2/index.html [6ms]
2024-02-26 08:29:12.439 [info] > git cat-file -s fa39648cda184ef8b9fe0598f461d3f88e5d1ac0 [3ms]
2024-02-26 08:30:02.649 [info] > git show --textconv :flex/03-flex-header-2/style.css [17ms]
2024-02-26 08:30:02.652 [info] > git ls-files --stage -- /home/abraham/css-exercises/flex/03-flex-header-2/style.css [8ms]
2024-02-26 08:30:02.665 [info] > git cat-file -s bf4c8af10d4c409a77d10de1f2c8a8a04dc4fd6e [3ms]
2024-02-26 08:31:07.714 [info] > git show --textconv :flex/03-flex-header-2/index.html [13ms]
2024-02-26 08:31:07.718 [info] > git ls-files --stage -- /home/abraham/css-exercises/flex/03-flex-header-2/index.html [5ms]
2024-02-26 08:31:07.732 [info] > git cat-file -s fa39648cda184ef8b9fe0598f461d3f88e5d1ac0 [4ms]
2024-02-26 08:31:22.198 [info] > git show --textconv :flex/03-flex-header-2/style.css [29ms]
2024-02-26 08:31:22.200 [info] > git ls-files --stage -- /home/abraham/css-exercises/flex/03-flex-header-2/style.css [10ms]
2024-02-26 08:31:22.222 [info] > git cat-file -s bf4c8af10d4c409a77d10de1f2c8a8a04dc4fd6e [5ms]
2024-02-26 08:33:15.524 [info] > git show --textconv :flex/03-flex-header-2/index.html [23ms]
2024-02-26 08:33:15.527 [info] > git ls-files --stage -- /home/abraham/css-exercises/flex/03-flex-header-2/index.html [5ms]
2024-02-26 08:33:15.561 [info] > git cat-file -s fa39648cda184ef8b9fe0598f461d3f88e5d1ac0 [4ms]
2024-02-26 08:33:31.246 [info] > git show --textconv :flex/03-flex-header-2/style.css [21ms]
2024-02-26 08:33:31.250 [info] > git ls-files --stage -- /home/abraham/css-exercises/flex/03-flex-header-2/style.css [8ms]
2024-02-26 08:33:31.272 [info] > git cat-file -s bf4c8af10d4c409a77d10de1f2c8a8a04dc4fd6e [4ms]
2024-02-26 08:33:39.658 [info] > git show --textconv :flex/03-flex-header-2/index.html [25ms]
2024-02-26 08:33:39.663 [info] > git ls-files --stage -- /home/abraham/css-exercises/flex/03-flex-header-2/index.html [6ms]
2024-02-26 08:33:39.678 [info] > git cat-file -s fa39648cda184ef8b9fe0598f461d3f88e5d1ac0 [3ms]
2024-02-26 08:33:41.100 [info] > git show --textconv :flex/03-flex-header-2/style.css [27ms]
2024-02-26 08:33:41.106 [info] > git ls-files --stage -- /home/abraham/css-exercises/flex/03-flex-header-2/style.css [9ms]
2024-02-26 08:33:41.129 [info] > git cat-file -s bf4c8af10d4c409a77d10de1f2c8a8a04dc4fd6e [6ms]
2024-02-26 08:34:57.626 [info] > git show --textconv :flex/03-flex-header-2/index.html [20ms]
2024-02-26 08:34:57.634 [info] > git ls-files --stage -- /home/abraham/css-exercises/flex/03-flex-header-2/index.html [12ms]
2024-02-26 08:34:57.663 [info] > git cat-file -s fa39648cda184ef8b9fe0598f461d3f88e5d1ac0 [8ms]
2024-02-26 08:34:59.700 [info] > git show --textconv :flex/03-flex-header-2/style.css [18ms]
2024-02-26 08:34:59.704 [info] > git ls-files --stage -- /home/abraham/css-exercises/flex/03-flex-header-2/style.css [7ms]
2024-02-26 08:34:59.726 [info] > git cat-file -s bf4c8af10d4c409a77d10de1f2c8a8a04dc4fd6e [4ms]
2024-02-26 08:37:06.728 [info] > git show --textconv :flex/03-flex-header-2/index.html [27ms]
2024-02-26 08:37:06.733 [info] > git ls-files --stage -- /home/abraham/css-exercises/flex/03-flex-header-2/index.html [14ms]
2024-02-26 08:37:06.749 [info] > git cat-file -s fa39648cda184ef8b9fe0598f461d3f88e5d1ac0 [4ms]
2024-02-26 08:37:09.496 [info] > git config --get commit.template [33ms]
2024-02-26 08:37:09.506 [info] > git for-each-ref --format=%(refname)%00%(upstream:short)%00%(objectname)%00%(upstream:track)%00%(upstream:remotename)%00%(upstream:remoteref) refs/heads/main refs/remotes/main [15ms]
2024-02-26 08:37:09.546 [info] > git status -z -uall [7ms]
2024-02-26 08:37:09.594 [info] > git show --textconv :flex/03-flex-header-2/style.css [16ms]
2024-02-26 08:37:09.595 [info] > git ls-files --stage -- /home/abraham/css-exercises/flex/03-flex-header-2/style.css [5ms]
2024-02-26 08:37:09.607 [info] > git cat-file -s bf4c8af10d4c409a77d10de1f2c8a8a04dc4fd6e [2ms]
2024-02-26 08:37:45.181 [info] > git config --get commit.template [22ms]
2024-02-26 08:37:45.192 [info] > git ls-files --stage -- /home/abraham/css-exercises/flex/03-flex-header-2/style.css [14ms]
2024-02-26 08:37:45.200 [info] > git for-each-ref --format=%(refname)%00%(upstream:short)%00%(objectname)%00%(upstream:track)%00%(upstream:remotename)%00%(upstream:remoteref) refs/heads/main refs/remotes/main [9ms]
2024-02-26 08:37:45.203 [info] > git cat-file -s 233fd78cca61cd2cefed81197c5f108ed685f2a1 [4ms]
2024-02-26 08:37:45.226 [info] > git status -z -uall [13ms]
2024-02-26 08:37:45.230 [info] > git show --textconv :flex/03-flex-header-2/style.css [4ms]
2024-02-26 08:37:54.365 [info] > git config --get commit.template [6ms]
2024-02-26 08:37:54.384 [info] > git for-each-ref --format=%(refname)%00%(upstream:short)%00%(objectname)%00%(upstream:track)%00%(upstream:remotename)%00%(upstream:remoteref) refs/heads/main refs/remotes/main [4ms]
2024-02-26 08:37:54.398 [info] > git status -z -uall [4ms]
2024-02-26 08:38:21.713 [info] > git config --get commit.template [36ms]
2024-02-26 08:38:21.716 [info] > git ls-files --stage -- /home/abraham/css-exercises/flex/03-flex-header-2/style.css [5ms]
2024-02-26 08:38:21.732 [info] > git for-each-ref --format=%(refname)%00%(upstream:short)%00%(objectname)%00%(upstream:track)%00%(upstream:remotename)%00%(upstream:remoteref) refs/heads/main refs/remotes/main [41ms]
2024-02-26 08:38:21.735 [info] > git cat-file -s 233fd78cca61cd2cefed81197c5f108ed685f2a1 [3ms]
2024-02-26 08:38:21.759 [info] > git status -z -uall [14ms]
2024-02-26 08:38:21.768 [info] > git show --textconv :flex/03-flex-header-2/style.css [9ms]
2024-02-26 08:38:24.202 [info] > git merge-base refs/heads/main refs/remotes/origin/main [4ms]
2024-02-26 08:38:24.237 [info] > git rev-list --count --left-right refs/heads/main...refs/remotes/origin/main [8ms]
2024-02-26 08:38:27.106 [info] > git log --oneline --cherry main...main@{upstream} -- [3ms]
2024-02-26 08:38:28.357 [info] > git ls-files --stage -- /home/abraham/css-exercises/flex/03-flex-header-2/style.css [4ms]
2024-02-26 08:38:28.375 [info] > git cat-file -s 233fd78cca61cd2cefed81197c5f108ed685f2a1 [6ms]
2024-02-26 08:38:28.400 [info] > git show --textconv :flex/03-flex-header-2/style.css [4ms]
2024-02-26 08:38:31.475 [info] > git pull --tags origin main [4353ms]
2024-02-26 08:38:31.475 [info] From github.com:abrahamgek/css-exercises
 * branch            main       -> FETCH_HEAD
2024-02-26 08:38:32.741 [info] > git ls-files --stage -- /home/abraham/css-exercises/flex/03-flex-header-2/style.css [3ms]
2024-02-26 08:38:32.757 [info] > git cat-file -s 233fd78cca61cd2cefed81197c5f108ed685f2a1 [3ms]
2024-02-26 08:38:32.784 [info] > git show --textconv :flex/03-flex-header-2/style.css [3ms]
2024-02-26 08:38:35.333 [info] > git push origin main:main [3844ms]
2024-02-26 08:38:35.333 [info] To github.com:abrahamgek/css-exercises.git
   c13fec4..d37c9b9  main -> main
2024-02-26 08:38:35.368 [info] > git config --get commit.template [18ms]
2024-02-26 08:38:35.370 [info] > git for-each-ref --format=%(refname)%00%(upstream:short)%00%(objectname)%00%(upstream:track)%00%(upstream:remotename)%00%(upstream:remoteref) refs/heads/main refs/remotes/main [4ms]
2024-02-26 08:38:35.394 [info] > git status -z -uall [7ms]
2024-02-26 08:38:35.562 [info] > git merge-base refs/heads/main refs/remotes/origin/main [4ms]
2024-02-26 08:38:35.592 [info] > git rev-list --count --left-right refs/heads/main...refs/remotes/origin/main [8ms]
2024-02-26 08:38:36.606 [info] > git config --get commit.template [2ms]
2024-02-26 08:38:36.618 [info] > git for-each-ref --format=%(refname)%00%(upstream:short)%00%(objectname)%00%(upstream:track)%00%(upstream:remotename)%00%(upstream:remoteref) refs/heads/main refs/remotes/main [2ms]
2024-02-26 08:38:36.639 [info] > git status -z -uall [6ms]
2024-02-26 08:38:36.716 [info] > git ls-files --stage -- /home/abraham/css-exercises/flex/03-flex-header-2/style.css [3ms]
2024-02-26 08:38:36.729 [info] > git cat-file -s 233fd78cca61cd2cefed81197c5f108ed685f2a1 [2ms]
2024-02-26 08:38:36.749 [info] > git show --textconv :flex/03-flex-header-2/style.css [2ms]
2024-02-26 08:39:58.023 [info] > git show --textconv :flex/03-flex-header-2/index.html [16ms]
2024-02-26 08:39:58.025 [info] > git ls-files --stage -- /home/abraham/css-exercises/flex/03-flex-header-2/index.html [4ms]
2024-02-26 08:39:58.041 [info] > git cat-file -s 6bba50fe8f990ebefdc4fce2fa01d6329e2e6b65 [4ms]
2024-02-26 08:40:05.439 [info] > git check-ignore -v -z --stdin [3ms]
2024-02-26 08:40:07.714 [info] > git ls-files --stage -- /home/abraham/css-exercises/flex/04-flex-information/index.html [3ms]
2024-02-26 08:40:07.769 [info] > git show --textconv :flex/04-flex-information/index.html [71ms]
2024-02-26 08:40:07.769 [info] > git cat-file -s 3cc3efd262ae045e8d73de6269f05ffabb8ea4ee [40ms]
2024-02-26 08:40:10.079 [info] > git check-ignore -v -z --stdin [4ms]
2024-02-26 08:40:10.368 [info] > git show --textconv :flex/04-flex-information/style.css [17ms]
2024-02-26 08:40:10.369 [info] > git ls-files --stage -- /home/abraham/css-exercises/flex/04-flex-information/style.css [3ms]
2024-02-26 08:40:10.385 [info] > git cat-file -s 80c00fd4bd5bdee3457dae266e588fe3a011fff5 [3ms]
2024-02-26 08:40:13.059 [info] > git show --textconv :flex/04-flex-information/index.html [27ms]
2024-02-26 08:40:13.066 [info] > git ls-files --stage -- /home/abraham/css-exercises/flex/04-flex-information/index.html [10ms]
2024-02-26 08:40:13.085 [info] > git cat-file -s 3cc3efd262ae045e8d73de6269f05ffabb8ea4ee [5ms]
2024-02-26 08:41:56.717 [info] > git show --textconv :flex/04-flex-information/style.css [18ms]
2024-02-26 08:41:56.720 [info] > git ls-files --stage -- /home/abraham/css-exercises/flex/04-flex-information/style.css [7ms]
2024-02-26 08:41:56.735 [info] > git cat-file -s 80c00fd4bd5bdee3457dae266e588fe3a011fff5 [4ms]
2024-02-26 08:42:27.185 [info] > git show --textconv :flex/04-flex-information/index.html [33ms]
2024-02-26 08:42:27.191 [info] > git ls-files --stage -- /home/abraham/css-exercises/flex/04-flex-information/index.html [10ms]
2024-02-26 08:42:27.207 [info] > git cat-file -s 3cc3efd262ae045e8d73de6269f05ffabb8ea4ee [4ms]
2024-02-26 08:42:47.048 [info] > git show --textconv :flex/04-flex-information/style.css [13ms]
2024-02-26 08:42:47.050 [info] > git ls-files --stage -- /home/abraham/css-exercises/flex/04-flex-information/style.css [3ms]
2024-02-26 08:42:47.064 [info] > git cat-file -s 80c00fd4bd5bdee3457dae266e588fe3a011fff5 [4ms]
2024-02-26 08:43:47.022 [info] > git show --textconv :flex/04-flex-information/index.html [19ms]
2024-02-26 08:43:47.033 [info] > git ls-files --stage -- /home/abraham/css-exercises/flex/04-flex-information/index.html [13ms]
2024-02-26 08:43:47.053 [info] > git cat-file -s 3cc3efd262ae045e8d73de6269f05ffabb8ea4ee [2ms]
2024-02-26 08:43:50.448 [info] > git show --textconv :flex/04-flex-information/style.css [23ms]
2024-02-26 08:43:50.453 [info] > git ls-files --stage -- /home/abraham/css-exercises/flex/04-flex-information/style.css [9ms]
2024-02-26 08:43:50.481 [info] > git cat-file -s 80c00fd4bd5bdee3457dae266e588fe3a011fff5 [4ms]
2024-02-26 08:44:19.881 [info] > git show --textconv :flex/04-flex-information/index.html [17ms]
2024-02-26 08:44:19.884 [info] > git ls-files --stage -- /home/abraham/css-exercises/flex/04-flex-information/index.html [4ms]
2024-02-26 08:44:19.906 [info] > git cat-file -s 3cc3efd262ae045e8d73de6269f05ffabb8ea4ee [6ms]
2024-02-26 08:45:18.166 [info] > git show --textconv :flex/04-flex-information/style.css [16ms]
2024-02-26 08:45:18.170 [info] > git ls-files --stage -- /home/abraham/css-exercises/flex/04-flex-information/style.css [6ms]
2024-02-26 08:45:18.184 [info] > git cat-file -s 80c00fd4bd5bdee3457dae266e588fe3a011fff5 [4ms]
2024-02-26 08:45:58.436 [info] > git show --textconv :flex/04-flex-information/index.html [16ms]
2024-02-26 08:45:58.439 [info] > git ls-files --stage -- /home/abraham/css-exercises/flex/04-flex-information/index.html [4ms]
2024-02-26 08:45:58.455 [info] > git cat-file -s 3cc3efd262ae045e8d73de6269f05ffabb8ea4ee [4ms]
2024-02-26 08:46:10.498 [info] > git show --textconv :flex/04-flex-information/style.css [31ms]
2024-02-26 08:46:10.505 [info] > git ls-files --stage -- /home/abraham/css-exercises/flex/04-flex-information/style.css [12ms]
2024-02-26 08:46:10.534 [info] > git cat-file -s 80c00fd4bd5bdee3457dae266e588fe3a011fff5 [5ms]
2024-02-26 08:48:11.765 [info] > git show --textconv :flex/04-flex-information/index.html [28ms]
2024-02-26 08:48:11.771 [info] > git ls-files --stage -- /home/abraham/css-exercises/flex/04-flex-information/index.html [8ms]
2024-02-26 08:48:11.811 [info] > git cat-file -s 3cc3efd262ae045e8d73de6269f05ffabb8ea4ee [6ms]
2024-02-26 08:48:17.382 [info] > git show --textconv :flex/04-flex-information/style.css [22ms]
2024-02-26 08:48:17.389 [info] > git ls-files --stage -- /home/abraham/css-exercises/flex/04-flex-information/style.css [10ms]
2024-02-26 08:48:17.412 [info] > git cat-file -s 80c00fd4bd5bdee3457dae266e588fe3a011fff5 [6ms]
2024-02-26 08:48:18.594 [info] > git show --textconv :flex/04-flex-information/index.html [32ms]
2024-02-26 08:48:18.597 [info] > git ls-files --stage -- /home/abraham/css-exercises/flex/04-flex-information/index.html [12ms]
2024-02-26 08:48:18.615 [info] > git cat-file -s 3cc3efd262ae045e8d73de6269f05ffabb8ea4ee [5ms]
2024-02-26 08:49:06.125 [info] > git show --textconv :flex/04-flex-information/style.css [27ms]
2024-02-26 08:49:06.131 [info] > git ls-files --stage -- /home/abraham/css-exercises/flex/04-flex-information/style.css [10ms]
2024-02-26 08:49:06.159 [info] > git cat-file -s 80c00fd4bd5bdee3457dae266e588fe3a011fff5 [10ms]
2024-02-26 08:53:53.883 [info] > git show --textconv :flex/04-flex-information/index.html [23ms]
2024-02-26 08:53:53.887 [info] > git ls-files --stage -- /home/abraham/css-exercises/flex/04-flex-information/index.html [6ms]
2024-02-26 08:53:53.908 [info] > git cat-file -s 3cc3efd262ae045e8d73de6269f05ffabb8ea4ee [2ms]
2024-02-26 08:56:02.338 [info] > git show --textconv :flex/04-flex-information/style.css [33ms]
2024-02-26 08:56:02.345 [info] > git ls-files --stage -- /home/abraham/css-exercises/flex/04-flex-information/style.css [11ms]
2024-02-26 08:56:02.364 [info] > git cat-file -s 80c00fd4bd5bdee3457dae266e588fe3a011fff5 [4ms]
2024-02-26 08:58:05.240 [info] > git config --get commit.template [19ms]
2024-02-26 08:58:05.240 [info] > git for-each-ref --format=%(refname)%00%(upstream:short)%00%(objectname)%00%(upstream:track)%00%(upstream:remotename)%00%(upstream:remoteref) refs/heads/main refs/remotes/main [5ms]
2024-02-26 08:58:05.285 [info] > git status -z -uall [13ms]
2024-02-26 08:58:05.665 [info] > git show --textconv :flex/04-flex-information/index.html [15ms]
2024-02-26 08:58:05.668 [info] > git ls-files --stage -- /home/abraham/css-exercises/flex/04-flex-information/index.html [4ms]
2024-02-26 08:58:05.683 [info] > git cat-file -s 3cc3efd262ae045e8d73de6269f05ffabb8ea4ee [3ms]
2024-02-26 08:59:02.444 [info] > git config --get commit.template [15ms]
2024-02-26 08:59:02.480 [info] > git for-each-ref --format=%(refname)%00%(upstream:short)%00%(objectname)%00%(upstream:track)%00%(upstream:remotename)%00%(upstream:remoteref) refs/heads/main refs/remotes/main [38ms]
2024-02-26 08:59:02.483 [info] > git ls-files --stage -- /home/abraham/css-exercises/flex/04-flex-information/index.html [4ms]
2024-02-26 08:59:02.517 [info] > git cat-file -s 1a04cb462b33a8d21ee032455fa2365e4aa90cdf [19ms]
2024-02-26 08:59:02.521 [info] > git status -z -uall [5ms]
2024-02-26 08:59:02.582 [info] > git show --textconv :flex/04-flex-information/index.html [9ms]
2024-02-26 08:59:05.198 [info] > git merge-base refs/heads/main refs/remotes/origin/main [17ms]
2024-02-26 08:59:05.241 [info] > git rev-list --count --left-right refs/heads/main...refs/remotes/origin/main [7ms]
2024-02-26 08:59:07.766 [info] > git config --get commit.template [24ms]
2024-02-26 08:59:07.771 [info] > git for-each-ref --format=%(refname)%00%(upstream:short)%00%(objectname)%00%(upstream:track)%00%(upstream:remotename)%00%(upstream:remoteref) refs/heads/main refs/remotes/main [8ms]
2024-02-26 08:59:07.841 [info] > git status -z -uall [41ms]
2024-02-26 08:59:07.851 [info] > git log --oneline --cherry main...main@{upstream} -- [14ms]
2024-02-26 08:59:12.197 [info] > git pull --tags origin main [4301ms]
2024-02-26 08:59:12.197 [info] From github.com:abrahamgek/css-exercises
 * branch            main       -> FETCH_HEAD
2024-02-26 08:59:16.300 [info] > git push origin main:main [4094ms]
2024-02-26 08:59:16.300 [info] To github.com:abrahamgek/css-exercises.git
   d37c9b9..47a505b  main -> main
2024-02-26 08:59:16.328 [info] > git config --get commit.template [14ms]
2024-02-26 08:59:16.328 [info] > git for-each-ref --format=%(refname)%00%(upstream:short)%00%(objectname)%00%(upstream:track)%00%(upstream:remotename)%00%(upstream:remoteref) refs/heads/main refs/remotes/main [4ms]
2024-02-26 08:59:16.345 [info] > git status -z -uall [4ms]
2024-02-26 08:59:16.472 [info] > git merge-base refs/heads/main refs/remotes/origin/main [3ms]
2024-02-26 08:59:16.493 [info] > git rev-list --count --left-right refs/heads/main...refs/remotes/origin/main [5ms]
2024-02-26 09:00:04.970 [info] > git config --get commit.template [33ms]
2024-02-26 09:00:04.994 [info] > git ls-files --stage -- /home/abraham/css-exercises/flex/04-flex-information/index.html [26ms]
2024-02-26 09:00:05.016 [info] > git for-each-ref --format=%(refname)%00%(upstream:short)%00%(objectname)%00%(upstream:track)%00%(upstream:remotename)%00%(upstream:remoteref) refs/heads/main refs/remotes/main [24ms]
2024-02-26 09:00:05.034 [info] > git cat-file -s 1a04cb462b33a8d21ee032455fa2365e4aa90cdf [20ms]
2024-02-26 09:00:05.040 [info] > git status -z -uall [7ms]
2024-02-26 09:00:05.066 [info] > git show --textconv :flex/04-flex-information/index.html [6ms]
2024-02-26 09:00:51.741 [info] > git show --textconv :flex/04-flex-information/style.css [14ms]
2024-02-26 09:00:51.743 [info] > git ls-files --stage -- /home/abraham/css-exercises/flex/04-flex-information/style.css [3ms]
2024-02-26 09:00:51.763 [info] > git cat-file -s db7fba9453003f921068b50947b3f69d3abfc314 [5ms]
2024-02-26 09:01:11.546 [info] > git config --get commit.template [13ms]
2024-02-26 09:01:11.548 [info] > git for-each-ref --format=%(refname)%00%(upstream:short)%00%(objectname)%00%(upstream:track)%00%(upstream:remotename)%00%(upstream:remoteref) refs/heads/main refs/remotes/main [2ms]
2024-02-26 09:01:11.567 [info] > git status -z -uall [6ms]
2024-02-26 09:01:39.643 [info] > git config --get commit.template [18ms]
2024-02-26 09:01:39.656 [info] > git ls-files --stage -- /home/abraham/css-exercises/flex/04-flex-information/style.css [15ms]
2024-02-26 09:01:39.672 [info] > git for-each-ref --format=%(refname)%00%(upstream:short)%00%(objectname)%00%(upstream:track)%00%(upstream:remotename)%00%(upstream:remoteref) refs/heads/main refs/remotes/main [17ms]
2024-02-26 09:01:39.673 [info] > git cat-file -s 3c570140bd959b35cec2d6fb4186c3ecbdcd2ed1 [3ms]
2024-02-26 09:01:39.708 [info] > git status -z -uall [22ms]
2024-02-26 09:01:39.714 [info] > git show --textconv :flex/04-flex-information/style.css [8ms]
2024-02-26 09:01:44.729 [info] > git config --get commit.template [2ms]
2024-02-26 09:01:44.741 [info] > git for-each-ref --format=%(refname)%00%(upstream:short)%00%(objectname)%00%(upstream:track)%00%(upstream:remotename)%00%(upstream:remoteref) refs/heads/main refs/remotes/main [2ms]
2024-02-26 09:01:44.756 [info] > git status -z -uall [5ms]
2024-02-26 09:01:55.180 [info] > git config --get commit.template [27ms]
2024-02-26 09:01:55.198 [info] > git ls-files --stage -- /home/abraham/css-exercises/flex/04-flex-information/style.css [20ms]
2024-02-26 09:01:55.219 [info] > git for-each-ref --format=%(refname)%00%(upstream:short)%00%(objectname)%00%(upstream:track)%00%(upstream:remotename)%00%(upstream:remoteref) refs/heads/main refs/remotes/main [23ms]
2024-02-26 09:01:55.220 [info] > git cat-file -s 3c570140bd959b35cec2d6fb4186c3ecbdcd2ed1 [5ms]
2024-02-26 09:01:55.259 [info] > git status -z -uall [17ms]
2024-02-26 09:01:55.269 [info] > git show --textconv :flex/04-flex-information/style.css [12ms]
2024-02-26 09:01:57.352 [info] > git merge-base refs/heads/main refs/remotes/origin/main [5ms]
2024-02-26 09:01:57.392 [info] > git rev-list --count --left-right refs/heads/main...refs/remotes/origin/main [6ms]
2024-02-26 09:02:25.957 [info] > git show --textconv :flex/04-flex-information/index.html [14ms]
2024-02-26 09:02:25.961 [info] > git ls-files --stage -- /home/abraham/css-exercises/flex/04-flex-information/index.html [6ms]
2024-02-26 09:02:25.976 [info] > git cat-file -s 1a04cb462b33a8d21ee032455fa2365e4aa90cdf [3ms]
2024-02-26 09:02:38.233 [info] > git check-ignore -v -z --stdin [2ms]
2024-02-26 09:02:41.632 [info] > git show --textconv :flex/05-flex-modal/index.html [16ms]
2024-02-26 09:02:41.634 [info] > git ls-files --stage -- /home/abraham/css-exercises/flex/05-flex-modal/index.html [4ms]
2024-02-26 09:02:41.649 [info] > git cat-file -s 3b4a06f2bcfadcb72c75ac9192bc8c57e54c502c [3ms]
2024-02-26 09:02:44.565 [info] > git show --textconv :flex/05-flex-modal/style.css [16ms]
2024-02-26 09:02:44.568 [info] > git ls-files --stage -- /home/abraham/css-exercises/flex/05-flex-modal/style.css [4ms]
2024-02-26 09:02:44.584 [info] > git cat-file -s 780b355ef3de2a0e13e0fa788790dd5c687ab74a [5ms]
2024-02-26 09:02:50.362 [info] > git show --textconv :flex/05-flex-modal/README.md [14ms]
2024-02-26 09:02:50.364 [info] > git ls-files --stage -- /home/abraham/css-exercises/flex/05-flex-modal/README.md [5ms]
2024-02-26 09:02:50.377 [info] > git cat-file -s 1b89892e77f648e1407ddc60ff538d68ab17c578 [4ms]
2024-02-26 09:02:52.864 [info] > git show --textconv :flex/05-flex-modal/style.css [33ms]
2024-02-26 09:02:52.872 [info] > git ls-files --stage -- /home/abraham/css-exercises/flex/05-flex-modal/style.css [13ms]
2024-02-26 09:02:52.905 [info] > git cat-file -s 780b355ef3de2a0e13e0fa788790dd5c687ab74a [9ms]
2024-02-26 09:02:54.030 [info] > git show --textconv :flex/05-flex-modal/index.html [19ms]
2024-02-26 09:02:54.032 [info] > git ls-files --stage -- /home/abraham/css-exercises/flex/05-flex-modal/index.html [4ms]
2024-02-26 09:02:54.054 [info] > git cat-file -s 3b4a06f2bcfadcb72c75ac9192bc8c57e54c502c [3ms]
2024-02-26 09:03:33.572 [info] > git show --textconv :flex/05-flex-modal/style.css [24ms]
2024-02-26 09:03:33.575 [info] > git ls-files --stage -- /home/abraham/css-exercises/flex/05-flex-modal/style.css [5ms]
2024-02-26 09:03:33.592 [info] > git cat-file -s 780b355ef3de2a0e13e0fa788790dd5c687ab74a [4ms]
2024-02-26 09:03:36.614 [info] > git show --textconv :flex/05-flex-modal/index.html [29ms]
2024-02-26 09:03:36.618 [info] > git ls-files --stage -- /home/abraham/css-exercises/flex/05-flex-modal/index.html [6ms]
2024-02-26 09:03:36.639 [info] > git cat-file -s 3b4a06f2bcfadcb72c75ac9192bc8c57e54c502c [5ms]
2024-02-26 09:04:01.336 [info] > git show --textconv :flex/05-flex-modal/style.css [13ms]
2024-02-26 09:04:01.339 [info] > git ls-files --stage -- /home/abraham/css-exercises/flex/05-flex-modal/style.css [4ms]
2024-02-26 09:04:01.353 [info] > git cat-file -s 780b355ef3de2a0e13e0fa788790dd5c687ab74a [2ms]
2024-02-26 09:04:54.342 [info] > git show --textconv :flex/05-flex-modal/index.html [27ms]
2024-02-26 09:04:54.344 [info] > git ls-files --stage -- /home/abraham/css-exercises/flex/05-flex-modal/index.html [19ms]
2024-02-26 09:04:54.362 [info] > git cat-file -s 3b4a06f2bcfadcb72c75ac9192bc8c57e54c502c [4ms]
2024-02-26 09:07:45.806 [info] > git show --textconv :flex/05-flex-modal/style.css [23ms]
2024-02-26 09:07:45.809 [info] > git ls-files --stage -- /home/abraham/css-exercises/flex/05-flex-modal/style.css [7ms]
2024-02-26 09:07:45.828 [info] > git cat-file -s 780b355ef3de2a0e13e0fa788790dd5c687ab74a [6ms]
2024-02-26 09:09:00.943 [info] > git show --textconv :flex/05-flex-modal/index.html [28ms]
2024-02-26 09:09:00.949 [info] > git ls-files --stage -- /home/abraham/css-exercises/flex/05-flex-modal/index.html [12ms]
2024-02-26 09:09:00.965 [info] > git cat-file -s 3b4a06f2bcfadcb72c75ac9192bc8c57e54c502c [4ms]
2024-02-26 09:09:30.493 [info] > git show --textconv :flex/05-flex-modal/style.css [32ms]
2024-02-26 09:09:30.499 [info] > git ls-files --stage -- /home/abraham/css-exercises/flex/05-flex-modal/style.css [9ms]
2024-02-26 09:09:30.520 [info] > git cat-file -s 780b355ef3de2a0e13e0fa788790dd5c687ab74a [5ms]
2024-02-26 09:10:31.685 [info] > git show --textconv :flex/05-flex-modal/index.html [17ms]
2024-02-26 09:10:31.688 [info] > git ls-files --stage -- /home/abraham/css-exercises/flex/05-flex-modal/index.html [5ms]
2024-02-26 09:10:31.702 [info] > git cat-file -s 3b4a06f2bcfadcb72c75ac9192bc8c57e54c502c [3ms]
2024-02-26 09:10:43.553 [info] > git show --textconv :flex/05-flex-modal/style.css [14ms]
2024-02-26 09:10:43.556 [info] > git ls-files --stage -- /home/abraham/css-exercises/flex/05-flex-modal/style.css [6ms]
2024-02-26 09:10:43.575 [info] > git cat-file -s 780b355ef3de2a0e13e0fa788790dd5c687ab74a [7ms]
2024-02-26 09:11:41.735 [info] > git show --textconv :flex/05-flex-modal/index.html [16ms]
2024-02-26 09:11:41.737 [info] > git ls-files --stage -- /home/abraham/css-exercises/flex/05-flex-modal/index.html [3ms]
2024-02-26 09:11:41.754 [info] > git cat-file -s 3b4a06f2bcfadcb72c75ac9192bc8c57e54c502c [3ms]
2024-02-26 09:11:45.634 [info] > git show --textconv :flex/05-flex-modal/style.css [13ms]
2024-02-26 09:11:45.637 [info] > git ls-files --stage -- /home/abraham/css-exercises/flex/05-flex-modal/style.css [4ms]
2024-02-26 09:11:45.654 [info] > git cat-file -s 780b355ef3de2a0e13e0fa788790dd5c687ab74a [3ms]
2024-02-26 09:11:53.876 [info] > git show --textconv :flex/05-flex-modal/index.html [15ms]
2024-02-26 09:11:53.878 [info] > git ls-files --stage -- /home/abraham/css-exercises/flex/05-flex-modal/index.html [3ms]
2024-02-26 09:11:53.891 [info] > git cat-file -s 3b4a06f2bcfadcb72c75ac9192bc8c57e54c502c [3ms]
2024-02-26 09:11:55.404 [info] > git show --textconv :flex/05-flex-modal/style.css [8ms]
2024-02-26 09:11:55.406 [info] > git ls-files --stage -- /home/abraham/css-exercises/flex/05-flex-modal/style.css [3ms]
2024-02-26 09:11:55.416 [info] > git cat-file -s 780b355ef3de2a0e13e0fa788790dd5c687ab74a [2ms]
2024-02-26 09:13:33.327 [info] > git show --textconv :flex/05-flex-modal/index.html [33ms]
2024-02-26 09:13:33.331 [info] > git ls-files --stage -- /home/abraham/css-exercises/flex/05-flex-modal/index.html [6ms]
2024-02-26 09:13:33.352 [info] > git cat-file -s 3b4a06f2bcfadcb72c75ac9192bc8c57e54c502c [4ms]
2024-02-26 09:14:27.292 [info] > git show --textconv :flex/05-flex-modal/style.css [18ms]
2024-02-26 09:14:27.295 [info] > git ls-files --stage -- /home/abraham/css-exercises/flex/05-flex-modal/style.css [8ms]
2024-02-26 09:14:27.308 [info] > git cat-file -s 780b355ef3de2a0e13e0fa788790dd5c687ab74a [2ms]
2024-02-26 09:14:35.984 [info] > git show --textconv :flex/05-flex-modal/index.html [27ms]
2024-02-26 09:14:35.994 [info] > git ls-files --stage -- /home/abraham/css-exercises/flex/05-flex-modal/index.html [9ms]
2024-02-26 09:14:36.011 [info] > git cat-file -s 3b4a06f2bcfadcb72c75ac9192bc8c57e54c502c [4ms]
2024-02-26 09:14:40.098 [info] > git show --textconv :flex/05-flex-modal/style.css [22ms]
2024-02-26 09:14:40.102 [info] > git ls-files --stage -- /home/abraham/css-exercises/flex/05-flex-modal/style.css [7ms]
2024-02-26 09:14:40.117 [info] > git cat-file -s 780b355ef3de2a0e13e0fa788790dd5c687ab74a [4ms]
2024-02-26 09:18:25.808 [info] > git show --textconv :flex/05-flex-modal/style.css [10ms]
2024-02-26 09:18:25.810 [info] > git ls-files --stage -- /home/abraham/css-exercises/flex/05-flex-modal/style.css [4ms]
2024-02-26 09:18:25.821 [info] > git cat-file -s 780b355ef3de2a0e13e0fa788790dd5c687ab74a [2ms]
2024-02-26 09:18:44.564 [info] > git show --textconv :flex/05-flex-modal/index.html [21ms]
2024-02-26 09:18:44.567 [info] > git ls-files --stage -- /home/abraham/css-exercises/flex/05-flex-modal/index.html [6ms]
2024-02-26 09:18:44.582 [info] > git cat-file -s 3b4a06f2bcfadcb72c75ac9192bc8c57e54c502c [4ms]
2024-02-26 09:18:52.826 [info] > git show --textconv :flex/05-flex-modal/style.css [16ms]
2024-02-26 09:18:52.827 [info] > git ls-files --stage -- /home/abraham/css-exercises/flex/05-flex-modal/style.css [3ms]
2024-02-26 09:18:52.843 [info] > git cat-file -s 780b355ef3de2a0e13e0fa788790dd5c687ab74a [3ms]
2024-02-26 09:19:32.602 [info] > git show --textconv :flex/05-flex-modal/index.html [39ms]
2024-02-26 09:19:32.602 [info] > git show --textconv :flex/05-flex-modal/style.css [27ms]
2024-02-26 09:19:32.603 [info] > git ls-files --stage -- /home/abraham/css-exercises/flex/05-flex-modal/index.html [17ms]
2024-02-26 09:19:32.616 [info] > git cat-file -s 3b4a06f2bcfadcb72c75ac9192bc8c57e54c502c [4ms]
2024-02-26 09:19:32.617 [info] > git ls-files --stage -- /home/abraham/css-exercises/flex/05-flex-modal/style.css [19ms]
2024-02-26 09:19:32.632 [info] > git cat-file -s 780b355ef3de2a0e13e0fa788790dd5c687ab74a [2ms]
2024-02-26 09:37:30.221 [info] > git config --get commit.template [11ms]
2024-02-26 09:37:30.222 [info] > git for-each-ref --format=%(refname)%00%(upstream:short)%00%(objectname)%00%(upstream:track)%00%(upstream:remotename)%00%(upstream:remoteref) refs/heads/main refs/remotes/main [3ms]
2024-02-26 09:37:30.237 [info] > git status -z -uall [5ms]
