2024-05-24 14:31:46.327 [info] Log level: Info
2024-05-24 14:31:46.327 [info] Validating found git in: "git"
2024-05-24 14:31:46.327 [info] Using git "2.43.0" from "git"
2024-05-24 14:31:46.328 [info] > git rev-parse --show-toplevel [401ms]
2024-05-24 14:31:46.328 [info] > git rev-parse --git-dir --git-common-dir [33ms]
2024-05-24 14:31:46.328 [info] Open repository: /home/abraham
2024-05-24 14:31:46.328 [info] > git rev-parse --show-toplevel [13ms]
2024-05-24 14:31:46.328 [info] > git config --get commit.template [33ms]
2024-05-24 14:31:46.362 [info] > git rev-parse --show-toplevel [72ms]
2024-05-24 14:31:46.376 [info] > git for-each-ref --format=%(refname)%00%(upstream:short)%00%(objectname)%00%(upstream:track)%00%(upstream:remotename)%00%(upstream:remoteref) refs/heads/main refs/remotes/main [34ms]
2024-05-24 14:31:46.394 [warning] ENOENT: no such file or directory, open '/home/abraham/.git/refs/remotes/origin/main'
2024-05-24 14:31:46.431 [info] > git rev-parse --show-toplevel [57ms]
2024-05-24 14:31:46.461 [info] > git rev-parse refs/remotes/origin/main [67ms]
2024-05-24 14:31:46.475 [info] > git rev-parse --show-toplevel [33ms]
2024-05-24 14:31:46.512 [info] > git rev-parse --show-toplevel [22ms]
2024-05-24 14:31:46.527 [info] > git rev-parse --git-dir --git-common-dir [3ms]
2024-05-24 14:31:46.543 [info] Open repository: /home/abraham/css-exercises
2024-05-24 14:31:46.574 [info] > git config --get commit.template [15ms]
2024-05-24 14:31:46.594 [info] > git rev-parse --show-toplevel [24ms]
2024-05-24 14:31:46.635 [info] > git for-each-ref --format=%(refname)%00%(upstream:short)%00%(objectname)%00%(upstream:track)%00%(upstream:remotename)%00%(upstream:remoteref) refs/heads/main refs/remotes/main [31ms]
2024-05-24 14:31:46.637 [info] > git rev-parse --git-dir --git-common-dir [20ms]
2024-05-24 14:31:46.645 [info] Open repository: /home/abraham/git_test
2024-05-24 14:31:46.680 [info] > git status -z -uall [208ms]
2024-05-24 14:31:46.680 [info] > git rev-parse --show-toplevel [11ms]
2024-05-24 14:31:46.682 [info] > git config --get commit.template [23ms]
2024-05-24 14:31:47.291 [info] > git status -z -uall [597ms]
2024-05-24 14:31:47.292 [info] > git merge-base refs/heads/main refs/remotes/origin/main [46ms]
2024-05-24 14:31:47.303 [info] > git rev-parse --show-toplevel [79ms]
2024-05-24 14:31:47.355 [info] > git merge-base refs/heads/main refs/remotes/origin/main [42ms]
2024-05-24 14:31:47.364 [info] > git rev-list --count --left-right refs/heads/main...refs/remotes/origin/main [62ms]
2024-05-24 14:31:47.372 [info] > git config --get commit.template [90ms]
2024-05-24 14:31:47.373 [info] > git for-each-ref --format=%(refname)%00%(upstream:short)%00%(objectname)%00%(upstream:track)%00%(upstream:remotename)%00%(upstream:remoteref) refs/heads/main refs/remotes/main [105ms]
2024-05-24 14:31:47.397 [info] > git diff --name-status -z --diff-filter=ADMR 6ec21817fd388db0e7902a78d63a3b6f096a3408...refs/remotes/origin/main [25ms]
2024-05-24 14:31:47.398 [info] > git rev-list --count --left-right refs/heads/main...refs/remotes/origin/main [35ms]
2024-05-24 14:31:47.409 [info] > git config --get commit.template [65ms]
2024-05-24 14:31:47.409 [info] > git rev-parse --git-dir --git-common-dir [76ms]
2024-05-24 14:31:47.416 [info] Open repository: /home/abraham/landing_page
2024-05-24 14:31:47.506 [info] > git diff --name-status -z --diff-filter=ADMR ec153d4c9c7e6065a14327a403a79ea5a0b84f47...refs/remotes/origin/main [96ms]
2024-05-24 14:31:47.541 [info] > git rev-parse --show-toplevel [79ms]
2024-05-24 14:31:47.542 [info] > git config --get commit.template [91ms]
2024-05-24 14:31:47.542 [info] > git for-each-ref --format=%(refname)%00%(upstream:short)%00%(objectname)%00%(upstream:track)%00%(upstream:remotename)%00%(upstream:remoteref) refs/heads/main refs/remotes/main [109ms]
2024-05-24 14:31:47.572 [warning] ENOENT: no such file or directory, open '/home/abraham/.git/refs/remotes/origin/main'
2024-05-24 14:31:47.593 [info] > git status -z -uall [39ms]
2024-05-24 14:31:47.593 [info] > git for-each-ref --format=%(refname)%00%(upstream:short)%00%(objectname)%00%(upstream:track)%00%(upstream:remotename)%00%(upstream:remoteref) refs/heads/main refs/remotes/main [77ms]
2024-05-24 14:31:47.610 [info] > git rev-parse refs/remotes/origin/main [38ms]
2024-05-24 14:31:47.622 [info] > git rev-parse --show-toplevel [59ms]
2024-05-24 14:31:47.684 [info] > git merge-base refs/heads/main refs/remotes/origin/main [43ms]
2024-05-24 14:31:47.697 [info] > git for-each-ref --format=%(refname)%00%(upstream:short)%00%(objectname)%00%(upstream:track)%00%(upstream:remotename)%00%(upstream:remoteref) refs/heads/main refs/remotes/main [93ms]
2024-05-24 14:31:47.702 [info] > git config --get commit.template [20ms]
2024-05-24 14:31:47.702 [info] > git rev-parse --git-dir --git-common-dir [34ms]
2024-05-24 14:31:47.708 [info] Open repository: /home/abraham/odin-recipes
2024-05-24 14:31:47.760 [info] > git status -z -uall [36ms]
2024-05-24 14:31:47.761 [info] > git rev-list --count --left-right refs/heads/main...refs/remotes/origin/main [64ms]
2024-05-24 14:31:47.852 [info] > git rev-parse --show-toplevel [93ms]
2024-05-24 14:31:47.852 [info] > git config --get commit.template [110ms]
2024-05-24 14:31:47.879 [info] > git status -z -uall [257ms]
2024-05-24 14:31:47.879 [info] > git status -z -uall [11ms]
2024-05-24 14:31:47.879 [info] > git for-each-ref --format=%(refname)%00%(upstream:short)%00%(objectname)%00%(upstream:track)%00%(upstream:remotename)%00%(upstream:remoteref) refs/heads/main refs/remotes/main [37ms]
2024-05-24 14:31:47.884 [info] > git diff --name-status -z --diff-filter=ADMR 9ceb1b9bfcb54650191b59fb74fc67f1dfaa9d72...refs/remotes/origin/main [113ms]
2024-05-24 14:31:47.900 [info] > git rev-parse --git-dir --git-common-dir [23ms]
2024-05-24 14:31:47.906 [info] Open repository: /home/abraham/plp_python
2024-05-24 14:31:47.965 [info] > git merge-base refs/heads/main refs/remotes/origin/main [46ms]
2024-05-24 14:31:47.978 [info] > git for-each-ref --format=%(refname)%00%(upstream:short)%00%(objectname)%00%(upstream:track)%00%(upstream:remotename)%00%(upstream:remoteref) refs/heads/main refs/remotes/main [82ms]
2024-05-24 14:31:47.982 [info] > git rev-list --count --left-right refs/heads/main...refs/remotes/origin/main [5ms]
2024-05-24 14:31:47.993 [info] > git config --get commit.template [32ms]
2024-05-24 14:31:47.993 [info] > git rev-parse --show-toplevel [42ms]
2024-05-24 14:31:47.994 [info] > git config --get commit.template [55ms]
2024-05-24 14:31:48.046 [info] > git status -z -uall [29ms]
2024-05-24 14:31:48.046 [info] > git diff --name-status -z --diff-filter=ADMR 6ca9dd8586998252c1db464b1a78aa7deeaa1940...refs/remotes/origin/main [55ms]
2024-05-24 14:31:48.074 [info] > git rev-parse --show-toplevel [46ms]
2024-05-24 14:31:48.095 [info] > git status -z -uall [2ms]
2024-05-24 14:31:48.096 [info] > git for-each-ref --format=%(refname)%00%(upstream:short)%00%(objectname)%00%(upstream:track)%00%(upstream:remotename)%00%(upstream:remoteref) refs/heads/main refs/remotes/main [31ms]
2024-05-24 14:31:48.096 [info] > git for-each-ref --format=%(refname)%00%(upstream:short)%00%(objectname)%00%(upstream:track)%00%(upstream:remotename)%00%(upstream:remoteref) refs/heads/main refs/remotes/main [41ms]
2024-05-24 14:31:48.126 [info] > git merge-base refs/heads/main refs/remotes/origin/main [16ms]
2024-05-24 14:31:48.138 [info] > git config --get commit.template [14ms]
2024-05-24 14:31:48.159 [info] > git status -z -uall [11ms]
2024-05-24 14:31:48.159 [info] > git rev-list --count --left-right refs/heads/main...refs/remotes/origin/main [24ms]
2024-05-24 14:31:48.191 [info] > git status -z -uall [34ms]
2024-05-24 14:31:48.192 [info] > git diff --name-status -z --diff-filter=ADMR 8a088326432389c076e403481bce9be602d816c3...refs/remotes/origin/main [22ms]
2024-05-24 14:31:48.244 [info] > git merge-base refs/heads/main refs/remotes/origin/main [35ms]
2024-05-24 14:31:48.255 [info] > git for-each-ref --format=%(refname)%00%(upstream:short)%00%(objectname)%00%(upstream:track)%00%(upstream:remotename)%00%(upstream:remoteref) refs/heads/main refs/remotes/main [73ms]
2024-05-24 14:31:48.259 [info] > git rev-list --count --left-right refs/heads/main...refs/remotes/origin/main [5ms]
2024-05-24 14:31:48.271 [info] > git config --get commit.template [42ms]
2024-05-24 14:31:48.302 [info] > git diff --name-status -z --diff-filter=ADMR 5644b85c7dbe0a1b9adf8af38dc564e70ce3650f...refs/remotes/origin/main [32ms]
2024-05-24 14:31:48.327 [info] > git status -z -uall [2ms]
2024-05-24 14:31:48.328 [info] > git for-each-ref --format=%(refname)%00%(upstream:short)%00%(objectname)%00%(upstream:track)%00%(upstream:remotename)%00%(upstream:remoteref) refs/heads/main refs/remotes/main [14ms]
2024-05-24 14:31:48.579 [info] > git status -z -uall [137ms]
2024-05-24 14:31:52.708 [info] > git merge-base refs/heads/main refs/remotes/origin/main [11ms]
2024-05-24 14:31:52.723 [info] > git merge-base refs/heads/main refs/remotes/origin/main [35ms]
2024-05-24 14:31:52.743 [info] > git merge-base refs/heads/main refs/remotes/origin/main [68ms]
2024-05-24 14:31:52.762 [info] > git merge-base refs/heads/main refs/remotes/origin/main [100ms]
2024-05-24 14:31:52.776 [info] > git merge-base refs/heads/main refs/remotes/origin/main [133ms]
2024-05-24 14:31:52.790 [info] > git rev-list --count --left-right refs/heads/main...refs/remotes/origin/main [15ms]
2024-05-24 14:31:52.792 [info] > git rev-list --count --left-right refs/heads/main...refs/remotes/origin/main [31ms]
2024-05-24 14:31:52.793 [info] > git rev-list --count --left-right refs/heads/main...refs/remotes/origin/main [52ms]
2024-05-24 14:31:52.794 [info] > git rev-list --count --left-right refs/heads/main...refs/remotes/origin/main [72ms]
2024-05-24 14:31:52.794 [info] > git merge-base refs/heads/main refs/remotes/origin/main [90ms]
2024-05-24 14:31:52.807 [info] > git rev-list --count --left-right refs/heads/main...refs/remotes/origin/main [20ms]
2024-05-24 14:31:52.810 [info] > git rev-list --count --left-right refs/heads/main...refs/remotes/origin/main [5ms]
2024-05-24 14:31:53.762 [info] > git config --get commit.template [22ms]
2024-05-24 14:31:53.764 [info] > git for-each-ref --format=%(refname)%00%(upstream:short)%00%(objectname)%00%(upstream:track)%00%(upstream:remotename)%00%(upstream:remoteref) refs/heads/main refs/remotes/main [5ms]
2024-05-24 14:31:53.782 [warning] ENOENT: no such file or directory, open '/home/abraham/.git/refs/remotes/origin/main'
2024-05-24 14:31:53.854 [info] > git rev-parse refs/remotes/origin/main [73ms]
2024-05-24 14:31:54.250 [info] > git status -z -uall [373ms]
2024-05-24 14:31:54.337 [info] > git check-ignore -v -z --stdin [55ms]
2024-05-24 14:31:55.322 [info] > git check-ignore -v -z --stdin [39ms]
2024-05-24 14:31:59.294 [info] > git config --get commit.template [12ms]
2024-05-24 14:31:59.296 [info] > git for-each-ref --format=%(refname)%00%(upstream:short)%00%(objectname)%00%(upstream:track)%00%(upstream:remotename)%00%(upstream:remoteref) refs/heads/main refs/remotes/main [3ms]
2024-05-24 14:31:59.314 [warning] ENOENT: no such file or directory, open '/home/abraham/.git/refs/remotes/origin/main'
2024-05-24 14:31:59.316 [info] > git rev-parse refs/remotes/origin/main [2ms]
2024-05-24 14:31:59.525 [info] > git status -z -uall [196ms]
