2024-05-26 17:03:42.492 [info] Log level: Info
2024-05-26 17:03:42.492 [info] Validating found git in: "git"
2024-05-26 17:03:42.492 [info] Using git "2.43.0" from "git"
2024-05-26 17:03:42.492 [info] > git rev-parse --show-toplevel [8ms]
2024-05-26 17:03:42.492 [info] > git rev-parse --git-dir --git-common-dir [4ms]
2024-05-26 17:03:42.492 [info] Open repository: /home/abraham
2024-05-26 17:03:42.492 [info] > git rev-parse --show-toplevel [332ms]
2024-05-26 17:03:42.492 [info] > git config --get commit.template [343ms]
2024-05-26 17:03:42.505 [info] > git rev-parse --show-toplevel [14ms]
2024-05-26 17:03:42.514 [info] > git for-each-ref --format=%(refname)%00%(upstream:short)%00%(objectname)%00%(upstream:track)%00%(upstream:remotename)%00%(upstream:remoteref) refs/heads/main refs/remotes/main [14ms]
2024-05-26 17:03:42.681 [info] > git rev-parse --show-toplevel [168ms]
2024-05-26 17:03:42.706 [info] > git rev-parse --show-toplevel [9ms]
2024-05-26 17:03:42.797 [info] > git rev-parse --show-toplevel [77ms]
2024-05-26 17:03:42.817 [info] > git rev-parse --git-dir --git-common-dir [6ms]
2024-05-26 17:03:42.824 [info] Open repository: /home/abraham/css-exercises
2024-05-26 17:03:42.900 [info] > git config --get commit.template [49ms]
2024-05-26 17:03:42.903 [info] > git rev-parse --show-toplevel [39ms]
2024-05-26 17:03:42.935 [info] > git for-each-ref --format=%(refname)%00%(upstream:short)%00%(objectname)%00%(upstream:track)%00%(upstream:remotename)%00%(upstream:remoteref) refs/heads/main refs/remotes/main [15ms]
2024-05-26 17:03:42.956 [info] > git status -z -uall [221ms]
2024-05-26 17:03:42.988 [info] > git rev-parse --show-toplevel [57ms]
2024-05-26 17:03:43.005 [info] > git merge-base refs/heads/main refs/remotes/origin/main [34ms]
2024-05-26 17:03:43.007 [info] GitHistoryProvider:resolveHistoryItemGroupCommonAncestor - Failed to resolve common ancestor for 'refs/heads/main' and 'refs/remotes/origin/main'
2024-05-26 17:03:43.025 [info] > git config --get commit.template [25ms]
2024-05-26 17:03:43.616 [info] > git status -z -uall [580ms]
2024-05-26 17:03:43.617 [info] > git rev-parse --git-dir --git-common-dir [598ms]
2024-05-26 17:03:43.622 [info] Open repository: /home/abraham/landing_page
2024-05-26 17:03:43.768 [info] > git merge-base refs/heads/main refs/remotes/origin/main [56ms]
2024-05-26 17:03:43.777 [info] > git rev-parse --show-toplevel [83ms]
2024-05-26 17:03:43.777 [info] > git config --get commit.template [93ms]
2024-05-26 17:03:43.778 [info] > git for-each-ref --format=%(refname)%00%(upstream:short)%00%(objectname)%00%(upstream:track)%00%(upstream:remotename)%00%(upstream:remoteref) refs/heads/main refs/remotes/main [104ms]
2024-05-26 17:03:43.817 [info] > git rev-list --count --left-right refs/heads/main...refs/remotes/origin/main [40ms]
2024-05-26 17:03:43.827 [info] > git config --get commit.template [93ms]
2024-05-26 17:03:43.843 [info] > git diff --name-status -z --diff-filter=ADMR a45da21fd91200d9d0e7315faa9188d695440cf9...refs/remotes/origin/main [17ms]
2024-05-26 17:03:43.845 [info] > git rev-parse --show-toplevel [53ms]
2024-05-26 17:03:43.866 [info] > git for-each-ref --format=%(refname)%00%(upstream:short)%00%(objectname)%00%(upstream:track)%00%(upstream:remotename)%00%(upstream:remoteref) refs/heads/main refs/remotes/main [27ms]
2024-05-26 17:03:43.878 [info] > git rev-parse --git-dir --git-common-dir [13ms]
2024-05-26 17:03:43.885 [info] Open repository: /home/abraham/odin-recipes
2024-05-26 17:03:43.887 [info] > git for-each-ref --format=%(refname)%00%(upstream:short)%00%(objectname)%00%(upstream:track)%00%(upstream:remotename)%00%(upstream:remoteref) refs/heads/main refs/remotes/main [32ms]
2024-05-26 17:03:44.036 [info] > git rev-parse --show-toplevel [109ms]
2024-05-26 17:03:44.040 [info] > git config --get commit.template [126ms]
2024-05-26 17:03:44.091 [info] > git status -z -uall [216ms]
2024-05-26 17:03:44.091 [info] > git status -z -uall [37ms]
2024-05-26 17:03:44.091 [info] > git status -z -uall [5ms]
2024-05-26 17:03:44.092 [info] > git for-each-ref --format=%(refname)%00%(upstream:short)%00%(objectname)%00%(upstream:track)%00%(upstream:remotename)%00%(upstream:remoteref) refs/heads/main refs/remotes/main [17ms]
2024-05-26 17:03:44.163 [info] > git merge-base refs/heads/main refs/remotes/origin/main [51ms]
2024-05-26 17:03:44.180 [info] > git rev-list --count --left-right refs/heads/main...refs/remotes/origin/main [8ms]
2024-05-26 17:03:44.191 [info] > git config --get commit.template [40ms]
2024-05-26 17:03:44.216 [info] > git status -z -uall [10ms]
2024-05-26 17:03:44.216 [info] > git diff --name-status -z --diff-filter=ADMR 1ffd48638eef2e9ad66ccfdf296b5f547ce49a77...refs/remotes/origin/main [26ms]
2024-05-26 17:03:44.222 [info] > git for-each-ref --format=%(refname)%00%(upstream:short)%00%(objectname)%00%(upstream:track)%00%(upstream:remotename)%00%(upstream:remoteref) refs/heads/main refs/remotes/main [7ms]
2024-05-26 17:03:44.263 [info] > git merge-base refs/heads/main refs/remotes/origin/main [31ms]
2024-05-26 17:03:44.277 [info] > git config --get commit.template [15ms]
2024-05-26 17:03:44.279 [info] > git rev-list --count --left-right refs/heads/main...refs/remotes/origin/main [6ms]
2024-05-26 17:03:44.324 [info] > git status -z -uall [14ms]
2024-05-26 17:03:44.325 [info] > git for-each-ref --format=%(refname)%00%(upstream:short)%00%(objectname)%00%(upstream:track)%00%(upstream:remotename)%00%(upstream:remoteref) refs/heads/main refs/remotes/main [5ms]
2024-05-26 17:03:44.328 [info] > git diff --name-status -z --diff-filter=ADMR d92eea3892d17fc69cd5020f657116685e469e83...refs/remotes/origin/main [34ms]
2024-05-26 17:03:44.340 [info] > git status -z -uall [1ms]
2024-05-26 17:03:48.885 [info] > git merge-base refs/heads/main refs/remotes/origin/main [10ms]
2024-05-26 17:03:48.896 [info] > git merge-base refs/heads/main refs/remotes/origin/main [31ms]
2024-05-26 17:03:48.910 [info] > git merge-base refs/heads/main refs/remotes/origin/main [56ms]
2024-05-26 17:03:48.911 [info] GitHistoryProvider:resolveHistoryItemGroupCommonAncestor - Failed to resolve common ancestor for 'refs/heads/main' and 'refs/remotes/origin/main'
2024-05-26 17:03:48.912 [info] > git rev-list --count --left-right refs/heads/main...refs/remotes/origin/main [4ms]
2024-05-26 17:03:48.913 [info] > git rev-list --count --left-right refs/heads/main...refs/remotes/origin/main [17ms]
2024-05-26 17:03:48.913 [info] > git merge-base refs/heads/main refs/remotes/origin/main [32ms]
2024-05-26 17:03:48.929 [info] > git rev-list --count --left-right refs/heads/main...refs/remotes/origin/main [4ms]
2024-05-26 17:03:49.303 [info] > git config --get commit.template [15ms]
2024-05-26 17:03:49.305 [info] > git for-each-ref --format=%(refname)%00%(upstream:short)%00%(objectname)%00%(upstream:track)%00%(upstream:remotename)%00%(upstream:remoteref) refs/heads/main refs/remotes/main [3ms]
2024-05-26 17:03:49.682 [info] > git status -z -uall [364ms]
2024-05-26 17:03:49.695 [info] > git merge-base refs/heads/main refs/remotes/origin/main [87ms]
2024-05-26 17:03:49.696 [info] GitHistoryProvider:resolveHistoryItemGroupCommonAncestor - Failed to resolve common ancestor for 'refs/heads/main' and 'refs/remotes/origin/main'
2024-05-26 17:03:50.251 [info] > git check-ignore -v -z --stdin [51ms]
2024-05-26 17:03:50.518 [info] > git merge-base refs/heads/main refs/remotes/origin/main [5ms]
2024-05-26 17:03:50.527 [info] GitHistoryProvider:resolveHistoryItemGroupCommonAncestor - Failed to resolve common ancestor for 'refs/heads/main' and 'refs/remotes/origin/main'
2024-05-26 17:03:50.869 [info] > git merge-base refs/heads/main refs/remotes/origin/main [8ms]
2024-05-26 17:03:50.871 [info] GitHistoryProvider:resolveHistoryItemGroupCommonAncestor - Failed to resolve common ancestor for 'refs/heads/main' and 'refs/remotes/origin/main'
2024-05-26 17:03:51.497 [info] > git check-ignore -v -z --stdin [20ms]
2024-05-26 17:03:54.731 [info] > git config --get commit.template [13ms]
2024-05-26 17:03:54.733 [info] > git for-each-ref --format=%(refname)%00%(upstream:short)%00%(objectname)%00%(upstream:track)%00%(upstream:remotename)%00%(upstream:remoteref) refs/heads/main refs/remotes/main [4ms]
2024-05-26 17:03:54.922 [info] > git status -z -uall [174ms]
2024-05-26 17:03:55.086 [info] > git merge-base refs/heads/main refs/remotes/origin/main [9ms]
2024-05-26 17:03:55.087 [info] GitHistoryProvider:resolveHistoryItemGroupCommonAncestor - Failed to resolve common ancestor for 'refs/heads/main' and 'refs/remotes/origin/main'
2024-05-26 17:03:59.986 [info] > git config --get commit.template [30ms]
2024-05-26 17:03:59.992 [info] > git for-each-ref --format=%(refname)%00%(upstream:short)%00%(objectname)%00%(upstream:track)%00%(upstream:remotename)%00%(upstream:remoteref) refs/heads/main refs/remotes/main [10ms]
2024-05-26 17:04:00.197 [info] > git status -z -uall [172ms]
2024-05-26 17:04:00.339 [info] > git merge-base refs/heads/main refs/remotes/origin/main [4ms]
2024-05-26 17:04:00.340 [info] GitHistoryProvider:resolveHistoryItemGroupCommonAncestor - Failed to resolve common ancestor for 'refs/heads/main' and 'refs/remotes/origin/main'
2024-05-26 17:04:05.233 [info] > git config --get commit.template [15ms]
2024-05-26 17:04:05.236 [info] > git for-each-ref --format=%(refname)%00%(upstream:short)%00%(objectname)%00%(upstream:track)%00%(upstream:remotename)%00%(upstream:remoteref) refs/heads/main refs/remotes/main [4ms]
2024-05-26 17:04:05.439 [info] > git status -z -uall [188ms]
2024-05-26 17:04:05.601 [info] > git merge-base refs/heads/main refs/remotes/origin/main [6ms]
2024-05-26 17:04:05.603 [info] GitHistoryProvider:resolveHistoryItemGroupCommonAncestor - Failed to resolve common ancestor for 'refs/heads/main' and 'refs/remotes/origin/main'
2024-05-26 17:04:08.198 [info] > git merge-base refs/heads/main refs/remotes/origin/main [25ms]
2024-05-26 17:04:08.201 [info] GitHistoryProvider:resolveHistoryItemGroupCommonAncestor - Failed to resolve common ancestor for 'refs/heads/main' and 'refs/remotes/origin/main'
2024-05-26 17:04:08.407 [info] > git merge-base refs/heads/main refs/remotes/origin/main [16ms]
2024-05-26 17:04:08.409 [info] GitHistoryProvider:resolveHistoryItemGroupCommonAncestor - Failed to resolve common ancestor for 'refs/heads/main' and 'refs/remotes/origin/main'
2024-05-26 17:04:08.481 [info] > git add -A -- . [400ms]
2024-05-26 17:04:08.912 [info] > git -c user.useConfigOnly=true commit --quiet --allow-empty-message --file - [412ms]
2024-05-26 17:04:08.946 [info] > git config --get commit.template [3ms]
2024-05-26 17:04:09.023 [info] > git config --get commit.template [37ms]
2024-05-26 17:04:09.026 [info] > git for-each-ref --format=%(refname)%00%(upstream:short)%00%(objectname)%00%(upstream:track)%00%(upstream:remotename)%00%(upstream:remoteref) refs/heads/main refs/remotes/main [12ms]
2024-05-26 17:04:09.366 [info] > git status -z -uall [308ms]
2024-05-26 17:04:09.401 [info] > git merge-base refs/heads/main refs/remotes/origin/main [22ms]
2024-05-26 17:04:09.402 [info] GitHistoryProvider:resolveHistoryItemGroupCommonAncestor - Failed to resolve common ancestor for 'refs/heads/main' and 'refs/remotes/origin/main'
2024-05-26 17:04:09.511 [info] > git merge-base refs/heads/main refs/remotes/origin/main [6ms]
2024-05-26 17:04:09.512 [info] GitHistoryProvider:resolveHistoryItemGroupCommonAncestor - Failed to resolve common ancestor for 'refs/heads/main' and 'refs/remotes/origin/main'
2024-05-26 17:04:09.991 [info] > git merge-base refs/heads/main refs/remotes/origin/main [57ms]
2024-05-26 17:04:09.992 [info] GitHistoryProvider:resolveHistoryItemGroupCommonAncestor - Failed to resolve common ancestor for 'refs/heads/main' and 'refs/remotes/origin/main'
2024-05-26 17:04:12.454 [info] > git merge-base refs/heads/main refs/remotes/origin/main [7ms]
2024-05-26 17:04:12.455 [info] GitHistoryProvider:resolveHistoryItemGroupCommonAncestor - Failed to resolve common ancestor for 'refs/heads/main' and 'refs/remotes/origin/main'
2024-05-26 17:04:12.499 [info] > git merge-base refs/heads/main refs/remotes/origin/main [5ms]
2024-05-26 17:04:12.500 [info] GitHistoryProvider:resolveHistoryItemGroupCommonAncestor - Failed to resolve common ancestor for 'refs/heads/main' and 'refs/remotes/origin/main'
2024-05-26 17:04:12.635 [info] > git log --oneline --cherry main...main@{upstream} -- [381ms]
2024-05-26 17:04:17.108 [info] > git pull --tags origin main [4457ms]
2024-05-26 17:04:17.108 [info] ERROR: Repository not found.
fatal: Could not read from remote repository.

Please make sure you have the correct access rights
and the repository exists.
2024-05-26 17:04:17.171 [info] > git config --get commit.template [30ms]
2024-05-26 17:04:17.178 [info] > git for-each-ref --format=%(refname)%00%(upstream:short)%00%(objectname)%00%(upstream:track)%00%(upstream:remotename)%00%(upstream:remoteref) refs/heads/main refs/remotes/main [10ms]
2024-05-26 17:04:17.410 [info] > git status -z -uall [203ms]
2024-05-26 17:04:17.460 [info] > git merge-base refs/heads/main refs/remotes/origin/main [6ms]
2024-05-26 17:04:17.462 [info] GitHistoryProvider:resolveHistoryItemGroupCommonAncestor - Failed to resolve common ancestor for 'refs/heads/main' and 'refs/remotes/origin/main'
2024-05-26 17:04:17.576 [info] > git config --get commit.template [18ms]
2024-05-26 17:04:17.579 [info] > git for-each-ref --format=%(refname)%00%(upstream:short)%00%(objectname)%00%(upstream:track)%00%(upstream:remotename)%00%(upstream:remoteref) refs/heads/main refs/remotes/main [4ms]
2024-05-26 17:04:17.681 [info] > git merge-base refs/heads/main refs/remotes/origin/main [7ms]
2024-05-26 17:04:17.683 [info] GitHistoryProvider:resolveHistoryItemGroupCommonAncestor - Failed to resolve common ancestor for 'refs/heads/main' and 'refs/remotes/origin/main'
2024-05-26 17:04:17.770 [info] > git merge-base refs/heads/main refs/remotes/origin/main [8ms]
2024-05-26 17:04:17.772 [info] GitHistoryProvider:resolveHistoryItemGroupCommonAncestor - Failed to resolve common ancestor for 'refs/heads/main' and 'refs/remotes/origin/main'
2024-05-26 17:04:17.811 [info] > git status -z -uall [215ms]
2024-05-26 17:04:17.848 [info] > git merge-base refs/heads/main refs/remotes/origin/main [5ms]
2024-05-26 17:04:17.849 [info] GitHistoryProvider:resolveHistoryItemGroupCommonAncestor - Failed to resolve common ancestor for 'refs/heads/main' and 'refs/remotes/origin/main'
2024-05-26 17:04:19.066 [info] > git config --get commit.template [17ms]
2024-05-26 17:04:19.070 [info] > git for-each-ref --format=%(refname)%00%(upstream:short)%00%(objectname)%00%(upstream:track)%00%(upstream:remotename)%00%(upstream:remoteref) refs/heads/main refs/remotes/main [5ms]
2024-05-26 17:04:19.268 [info] > git status -z -uall [180ms]
2024-05-26 17:04:24.300 [info] > git config --get commit.template [4ms]
2024-05-26 17:04:24.314 [info] > git for-each-ref --format=%(refname)%00%(upstream:short)%00%(objectname)%00%(upstream:track)%00%(upstream:remotename)%00%(upstream:remoteref) refs/heads/main refs/remotes/main [4ms]
2024-05-26 17:04:24.465 [info] > git status -z -uall [141ms]
2024-05-26 17:04:29.501 [info] > git config --get commit.template [15ms]
2024-05-26 17:04:29.504 [info] > git for-each-ref --format=%(refname)%00%(upstream:short)%00%(objectname)%00%(upstream:track)%00%(upstream:remotename)%00%(upstream:remoteref) refs/heads/main refs/remotes/main [5ms]
2024-05-26 17:04:29.674 [info] > git status -z -uall [156ms]
2024-05-26 17:04:34.727 [info] > git config --get commit.template [23ms]
2024-05-26 17:04:34.732 [info] > git for-each-ref --format=%(refname)%00%(upstream:short)%00%(objectname)%00%(upstream:track)%00%(upstream:remotename)%00%(upstream:remoteref) refs/heads/main refs/remotes/main [8ms]
2024-05-26 17:04:34.984 [info] > git status -z -uall [224ms]
2024-05-26 17:04:40.017 [info] > git config --get commit.template [4ms]
2024-05-26 17:04:40.040 [info] > git for-each-ref --format=%(refname)%00%(upstream:short)%00%(objectname)%00%(upstream:track)%00%(upstream:remotename)%00%(upstream:remoteref) refs/heads/main refs/remotes/main [5ms]
2024-05-26 17:04:40.183 [info] > git status -z -uall [133ms]
