2024-05-24 14:24:11.103 [info] (Client) Pylance async client (2024.5.1) started with python extension (2024.6.0)
2024-05-24 14:24:12.228 [info] [Info  - 2:24:11 PM] (675) Pylance language server 2024.5.1 (pyright version 1.1.360, commit 4bc8428d) starting
2024-05-24 14:24:12.245 [info] [Info  - 2:24:12 PM] (675) Server root directory: file:///home/abraham/.vscode-server/extensions/ms-python.vscode-pylance-2024.5.1/dist
2024-05-24 14:24:12.252 [info] [Info  - 2:24:12 PM] (675) Starting service instance "abraham"
2024-05-24 14:24:12.279 [info] [Info  - 2:24:12 PM] (675) Auto-Indent enabled
2024-05-24 14:24:12.451 [info] [Info  - 2:24:12 PM] (675) Setting pythonPath for service "abraham": "/bin/python3"
2024-05-24 14:24:12.452 [info] [Info  - 2:24:12 PM] (675) Setting environmentName for service "abraham": "3.10.12 (global)"
2024-05-24 14:24:12.498 [info] [Info  - 2:24:12 PM] (675) Assuming Python version 3.10.12.final.0
2024-05-24 14:24:12.732 [info] [Info  - 2:24:12 PM] (675) Found 2 source files
2024-05-24 14:24:12.978 [info] [Info  - 2:24:12 PM] (675) Background analysis(1) root directory: file:///home/abraham/.vscode-server/extensions/ms-python.vscode-pylance-2024.5.1/dist
2024-05-24 14:24:12.984 [info] [Info  - 2:24:12 PM] (675) Background analysis(1) started
2024-05-24 14:24:22.579 [info] [Info  - 2:24:22 PM] (675) Setting pythonPath for service "abraham": "/bin/python3"
2024-05-24 14:24:22.580 [info] [Info  - 2:24:22 PM] (675) Setting environmentName for service "abraham": "3.10.12 (global)"
2024-05-24 14:24:22.656 [info] [Info  - 2:24:22 PM] (675) Assuming Python version 3.10.12.final.0
2024-05-24 14:24:22.928 [info] [Info  - 2:24:22 PM] (675) Found 2 source files
2024-05-24 14:24:22.956 [info] [Info  - 2:24:22 PM] (675) Setting pythonPath for service "abraham": "/bin/python3"
2024-05-24 14:24:22.957 [info] [Info  - 2:24:22 PM] (675) Setting environmentName for service "abraham": "3.10.12 (global)"
2024-05-24 14:24:23.021 [info] [Info  - 2:24:23 PM] (675) Assuming Python version 3.10.12.final.0
2024-05-24 14:24:23.235 [info] [Info  - 2:24:23 PM] (675) Found 2 source files
2024-05-24 14:24:23.262 [info] [Info  - 2:24:23 PM] (675) Setting pythonPath for service "abraham": "/bin/python3"
2024-05-24 14:24:23.262 [info] [Info  - 2:24:23 PM] (675) Setting environmentName for service "abraham": "3.10.12 (global)"
2024-05-24 14:24:23.315 [info] [Info  - 2:24:23 PM] (675) Assuming Python version 3.10.12.final.0
2024-05-24 14:24:23.523 [info] [Info  - 2:24:23 PM] (675) Found 2 source files
2024-05-24 14:24:23.556 [info] [Info  - 2:24:23 PM] (675) Setting pythonPath for service "abraham": "/bin/python3"
2024-05-24 14:24:23.557 [info] [Info  - 2:24:23 PM] (675) Setting environmentName for service "abraham": "3.10.12 (global)"
2024-05-24 14:24:23.609 [info] [Info  - 2:24:23 PM] (675) Assuming Python version 3.10.12.final.0
2024-05-24 14:24:23.799 [info] [Info  - 2:24:23 PM] (675) Found 2 source files
2024-05-24 14:24:23.828 [info] [Info  - 2:24:23 PM] (675) Setting pythonPath for service "abraham": "/bin/python3"
2024-05-24 14:24:23.828 [info] [Info  - 2:24:23 PM] (675) Setting environmentName for service "abraham": "3.10.12 (global)"
2024-05-24 14:24:23.872 [info] [Info  - 2:24:23 PM] (675) Assuming Python version 3.10.12.final.0
2024-05-24 14:24:24.056 [info] [Info  - 2:24:24 PM] (675) Found 2 source files
2024-05-24 14:24:24.078 [info] [Info  - 2:24:24 PM] (675) Setting pythonPath for service "abraham": "/bin/python3"
2024-05-24 14:24:24.078 [info] [Info  - 2:24:24 PM] (675) Setting environmentName for service "abraham": "3.10.12 (global)"
2024-05-24 14:24:24.122 [info] [Info  - 2:24:24 PM] (675) Assuming Python version 3.10.12.final.0
2024-05-24 14:24:24.356 [info] [Info  - 2:24:24 PM] (675) Found 2 source files
