2024-05-24 14:54:11.251 [info] Log level: Info
2024-05-24 14:54:11.251 [info] Validating found git in: "git"
2024-05-24 14:54:11.251 [info] Using git "2.43.0" from "git"
2024-05-24 14:54:11.251 [info] > git rev-parse --show-toplevel [9ms]
2024-05-24 14:54:11.251 [info] > git rev-parse --git-dir --git-common-dir [4ms]
2024-05-24 14:54:11.251 [info] Open repository: /home/abraham
2024-05-24 14:54:11.251 [info] > git rev-parse --show-toplevel [235ms]
2024-05-24 14:54:11.251 [info] > git config --get commit.template [246ms]
2024-05-24 14:54:11.287 [info] > git for-each-ref --format=%(refname)%00%(upstream:short)%00%(objectname)%00%(upstream:track)%00%(upstream:remotename)%00%(upstream:remoteref) refs/heads/main refs/remotes/main [12ms]
2024-05-24 14:54:11.290 [info] > git rev-parse --show-toplevel [26ms]
2024-05-24 14:54:11.515 [info] > git rev-parse --show-toplevel [22ms]
2024-05-24 14:54:11.555 [info] > git rev-parse --show-toplevel [21ms]
2024-05-24 14:54:11.651 [info] > git rev-parse --show-toplevel [62ms]
2024-05-24 14:54:11.685 [info] > git rev-parse --git-dir --git-common-dir [20ms]
2024-05-24 14:54:11.696 [info] Open repository: /home/abraham/css-exercises
2024-05-24 14:54:11.736 [info] > git rev-parse --show-toplevel [9ms]
2024-05-24 14:54:11.739 [info] > git config --get commit.template [23ms]
2024-05-24 14:54:11.776 [info] > git status -z -uall [225ms]
2024-05-24 14:54:11.777 [info] > git rev-parse --git-dir --git-common-dir [7ms]
2024-05-24 14:54:11.789 [info] Open repository: /home/abraham/git_test
2024-05-24 14:54:11.792 [info] > git for-each-ref --format=%(refname)%00%(upstream:short)%00%(objectname)%00%(upstream:track)%00%(upstream:remotename)%00%(upstream:remoteref) refs/heads/main refs/remotes/main [33ms]
2024-05-24 14:54:11.879 [info] > git merge-base refs/heads/main refs/remotes/origin/main [68ms]
2024-05-24 14:54:11.881 [info] GitHistoryProvider:resolveHistoryItemGroupCommonAncestor - Failed to resolve common ancestor for 'refs/heads/main' and 'refs/remotes/origin/main'
2024-05-24 14:54:11.893 [info] > git config --get commit.template [19ms]
2024-05-24 14:54:11.894 [info] > git rev-parse --show-toplevel [31ms]
2024-05-24 14:54:11.894 [info] > git config --get commit.template [41ms]
2024-05-24 14:54:12.744 [info] > git status -z -uall [17ms]
2024-05-24 14:54:12.744 [info] > git rev-parse --show-toplevel [131ms]
2024-05-24 14:54:12.817 [info] > git for-each-ref --format=%(refname)%00%(upstream:short)%00%(objectname)%00%(upstream:track)%00%(upstream:remotename)%00%(upstream:remoteref) refs/heads/main refs/remotes/main [77ms]
2024-05-24 14:54:12.843 [info] > git for-each-ref --format=%(refname)%00%(upstream:short)%00%(objectname)%00%(upstream:track)%00%(upstream:remotename)%00%(upstream:remoteref) refs/heads/main refs/remotes/main [130ms]
2024-05-24 14:54:12.862 [info] > git merge-base refs/heads/main refs/remotes/origin/main [27ms]
2024-05-24 14:54:12.878 [info] > git rev-parse --git-dir --git-common-dir [121ms]
2024-05-24 14:54:12.894 [info] Open repository: /home/abraham/landing_page
2024-05-24 14:54:12.933 [info] > git rev-list --count --left-right refs/heads/main...refs/remotes/origin/main [56ms]
2024-05-24 14:54:12.945 [info] > git config --get commit.template [88ms]
2024-05-24 14:54:12.968 [info] > git rev-parse --show-toplevel [44ms]
2024-05-24 14:54:12.969 [info] > git config --get commit.template [58ms]
2024-05-24 14:54:13.045 [info] > git status -z -uall [34ms]
2024-05-24 14:54:13.046 [info] > git diff --name-status -z --diff-filter=ADMR ec153d4c9c7e6065a14327a403a79ea5a0b84f47...refs/remotes/origin/main [102ms]
2024-05-24 14:54:13.067 [info] > git rev-parse --show-toplevel [32ms]
2024-05-24 14:54:13.086 [info] > git for-each-ref --format=%(refname)%00%(upstream:short)%00%(objectname)%00%(upstream:track)%00%(upstream:remotename)%00%(upstream:remoteref) refs/heads/main refs/remotes/main [94ms]
2024-05-24 14:54:13.127 [info] > git merge-base refs/heads/main refs/remotes/origin/main [49ms]
2024-05-24 14:54:13.141 [info] > git for-each-ref --format=%(refname)%00%(upstream:short)%00%(objectname)%00%(upstream:track)%00%(upstream:remotename)%00%(upstream:remoteref) refs/heads/main refs/remotes/main [80ms]
2024-05-24 14:54:13.153 [info] > git rev-list --count --left-right refs/heads/main...refs/remotes/origin/main [13ms]
2024-05-24 14:54:13.166 [info] > git config --get commit.template [41ms]
2024-05-24 14:54:13.166 [info] > git rev-parse --git-dir --git-common-dir [56ms]
2024-05-24 14:54:13.180 [info] Open repository: /home/abraham/odin-recipes
2024-05-24 14:54:13.319 [info] > git status -z -uall [337ms]
2024-05-24 14:54:13.319 [info] > git diff --name-status -z --diff-filter=ADMR 9ceb1b9bfcb54650191b59fb74fc67f1dfaa9d72...refs/remotes/origin/main [154ms]
2024-05-24 14:54:13.360 [info] > git rev-parse --show-toplevel [69ms]
2024-05-24 14:54:13.361 [info] > git config --get commit.template [84ms]
2024-05-24 14:54:13.399 [info] > git status -z -uall [54ms]
2024-05-24 14:54:13.399 [info] > git status -z -uall [20ms]
2024-05-24 14:54:13.402 [info] > git for-each-ref --format=%(refname)%00%(upstream:short)%00%(objectname)%00%(upstream:track)%00%(upstream:remotename)%00%(upstream:remoteref) refs/heads/main refs/remotes/main [69ms]
2024-05-24 14:54:13.418 [info] > git rev-parse --git-dir --git-common-dir [25ms]
2024-05-24 14:54:13.424 [info] Open repository: /home/abraham/plp_python
2024-05-24 14:54:13.488 [info] > git merge-base refs/heads/main refs/remotes/origin/main [48ms]
2024-05-24 14:54:13.501 [info] > git for-each-ref --format=%(refname)%00%(upstream:short)%00%(objectname)%00%(upstream:track)%00%(upstream:remotename)%00%(upstream:remoteref) refs/heads/main refs/remotes/main [87ms]
2024-05-24 14:54:13.562 [info] > git rev-list --count --left-right refs/heads/main...refs/remotes/origin/main [63ms]
2024-05-24 14:54:13.577 [info] > git config --get commit.template [91ms]
2024-05-24 14:54:13.578 [info] > git rev-parse --show-toplevel [107ms]
2024-05-24 14:54:13.580 [info] > git config --get commit.template [119ms]
2024-05-24 14:54:13.640 [info] > git status -z -uall [48ms]
2024-05-24 14:54:13.641 [info] > git diff --name-status -z --diff-filter=ADMR 6ca9dd8586998252c1db464b1a78aa7deeaa1940...refs/remotes/origin/main [66ms]
2024-05-24 14:54:13.681 [info] > git rev-parse --show-toplevel [76ms]
2024-05-24 14:54:13.736 [info] > git status -z -uall [5ms]
2024-05-24 14:54:13.736 [info] > git for-each-ref --format=%(refname)%00%(upstream:short)%00%(objectname)%00%(upstream:track)%00%(upstream:remotename)%00%(upstream:remoteref) refs/heads/main refs/remotes/main [67ms]
2024-05-24 14:54:13.737 [info] > git for-each-ref --format=%(refname)%00%(upstream:short)%00%(objectname)%00%(upstream:track)%00%(upstream:remotename)%00%(upstream:remoteref) refs/heads/main refs/remotes/main [83ms]
2024-05-24 14:54:13.802 [info] > git merge-base refs/heads/main refs/remotes/origin/main [29ms]
2024-05-24 14:54:13.902 [info] > git config --get commit.template [105ms]
2024-05-24 14:54:13.945 [info] > git status -z -uall [28ms]
2024-05-24 14:54:13.945 [info] > git status -z -uall [14ms]
2024-05-24 14:54:13.945 [info] > git rev-list --count --left-right refs/heads/main...refs/remotes/origin/main [129ms]
2024-05-24 14:54:14.164 [info] > git merge-base refs/heads/main refs/remotes/origin/main [54ms]
2024-05-24 14:54:14.174 [info] > git for-each-ref --format=%(refname)%00%(upstream:short)%00%(objectname)%00%(upstream:track)%00%(upstream:remotename)%00%(upstream:remoteref) refs/heads/main refs/remotes/main [203ms]
2024-05-24 14:54:14.175 [info] > git diff --name-status -z --diff-filter=ADMR 8a088326432389c076e403481bce9be602d816c3...refs/remotes/origin/main [217ms]
2024-05-24 14:54:14.180 [info] > git rev-list --count --left-right refs/heads/main...refs/remotes/origin/main [7ms]
2024-05-24 14:54:14.193 [info] > git config --get commit.template [41ms]
2024-05-24 14:54:14.249 [info] > git diff --name-status -z --diff-filter=ADMR 5644b85c7dbe0a1b9adf8af38dc564e70ce3650f...refs/remotes/origin/main [56ms]
2024-05-24 14:54:14.270 [info] > git for-each-ref --format=%(refname)%00%(upstream:short)%00%(objectname)%00%(upstream:track)%00%(upstream:remotename)%00%(upstream:remoteref) refs/heads/main refs/remotes/main [35ms]
2024-05-24 14:54:14.275 [info] > git status -z -uall [13ms]
2024-05-24 14:54:14.308 [info] > git status -z -uall [5ms]
2024-05-24 14:54:19.921 [info] > git config --get commit.template [23ms]
2024-05-24 14:54:19.926 [info] > git for-each-ref --format=%(refname)%00%(upstream:short)%00%(objectname)%00%(upstream:track)%00%(upstream:remotename)%00%(upstream:remoteref) refs/heads/main refs/remotes/main [7ms]
2024-05-24 14:54:20.124 [info] > git status -z -uall [177ms]
