2024-01-31 19:27:19.807 [info] Log level: Info
2024-01-31 19:27:19.808 [info] Validating found git in: "git"
2024-01-31 19:27:19.808 [info] Using git "2.43.0" from "git"
2024-01-31 19:27:19.808 [info] > git rev-parse --show-toplevel [12ms]
2024-01-31 19:27:19.826 [info] > git rev-parse --git-dir --git-common-dir [10ms]
2024-01-31 19:27:19.871 [info] Open repository: /home/abraham/odin-recipes
2024-01-31 19:27:19.923 [info] > git rev-parse --show-toplevel [28ms]
2024-01-31 19:27:19.931 [info] > git config --get commit.template [44ms]
2024-01-31 19:27:19.952 [info] > git for-each-ref --format=%(refname)%00%(upstream:short)%00%(objectname)%00%(upstream:track)%00%(upstream:remotename)%00%(upstream:remoteref) refs/heads/main refs/remotes/main [8ms]
2024-01-31 19:27:19.972 [info] > git status -z -uall [9ms]
2024-01-31 19:27:20.033 [info] > git config --get commit.template [3ms]
2024-01-31 19:27:20.045 [info] > git for-each-ref --format=%(refname)%00%(upstream:short)%00%(objectname)%00%(upstream:track)%00%(upstream:remotename)%00%(upstream:remoteref) refs/heads/main refs/remotes/main [3ms]
2024-01-31 19:27:20.060 [info] > git status -z -uall [5ms]
2024-01-31 19:27:20.450 [info] > git check-ignore -v -z --stdin [3ms]
2024-01-31 19:27:25.973 [info] > git show --textconv :recipes/lasagna.html [36ms]
2024-01-31 19:27:25.977 [info] > git ls-files --stage -- /home/abraham/odin-recipes/recipes/lasagna.html [27ms]
2024-01-31 19:27:25.992 [info] > git cat-file -s b81086bf78b6d947fd2e1c404557d270f48be32c [7ms]
2024-01-31 19:27:31.691 [info] > git show --textconv :recipes/lasagna.css [52ms]
2024-01-31 19:27:31.691 [info] > git ls-files --stage -- /home/abraham/odin-recipes/recipes/lasagna.css [43ms]
2024-01-31 19:27:31.714 [info] > git cat-file -s e69de29bb2d1d6434b8b29ae775ad8c2e48c5391 [11ms]
2024-01-31 19:27:32.785 [info] > git show --textconv :recipes/lasagna.html [14ms]
2024-01-31 19:27:32.787 [info] > git ls-files --stage -- /home/abraham/odin-recipes/recipes/lasagna.html [4ms]
2024-01-31 19:27:32.799 [info] > git cat-file -s b81086bf78b6d947fd2e1c404557d270f48be32c [3ms]
2024-01-31 19:27:43.493 [info] > git show --textconv :recipes/lasagna.css [11ms]
2024-01-31 19:27:43.495 [info] > git ls-files --stage -- /home/abraham/odin-recipes/recipes/lasagna.css [4ms]
2024-01-31 19:27:43.509 [info] > git cat-file -s e69de29bb2d1d6434b8b29ae775ad8c2e48c5391 [4ms]
2024-01-31 19:27:54.020 [info] > git show --textconv :recipes/lasagna.html [12ms]
2024-01-31 19:27:54.023 [info] > git ls-files --stage -- /home/abraham/odin-recipes/recipes/lasagna.html [4ms]
2024-01-31 19:27:54.033 [info] > git cat-file -s b81086bf78b6d947fd2e1c404557d270f48be32c [2ms]
2024-01-31 19:27:56.865 [info] > git show --textconv :recipes/lasagna.css [15ms]
2024-01-31 19:27:56.866 [info] > git ls-files --stage -- /home/abraham/odin-recipes/recipes/lasagna.css [4ms]
2024-01-31 19:27:56.879 [info] > git cat-file -s e69de29bb2d1d6434b8b29ae775ad8c2e48c5391 [5ms]
2024-01-31 19:28:38.840 [info] > git show --textconv :recipes/lasagna.html [13ms]
2024-01-31 19:28:38.845 [info] > git ls-files --stage -- /home/abraham/odin-recipes/recipes/lasagna.html [5ms]
2024-01-31 19:28:38.857 [info] > git cat-file -s b81086bf78b6d947fd2e1c404557d270f48be32c [3ms]
2024-01-31 19:29:03.829 [info] > git show --textconv :recipes/lasagna.css [10ms]
2024-01-31 19:29:03.837 [info] > git ls-files --stage -- /home/abraham/odin-recipes/recipes/lasagna.css [9ms]
2024-01-31 19:29:03.847 [info] > git cat-file -s e69de29bb2d1d6434b8b29ae775ad8c2e48c5391 [2ms]
2024-01-31 19:29:38.994 [info] > git show --textconv :recipes/lasagna.html [17ms]
2024-01-31 19:29:38.996 [info] > git ls-files --stage -- /home/abraham/odin-recipes/recipes/lasagna.html [4ms]
2024-01-31 19:29:39.007 [info] > git cat-file -s b81086bf78b6d947fd2e1c404557d270f48be32c [3ms]
2024-01-31 19:29:49.354 [info] > git show --textconv :recipes/lasagna.css [7ms]
2024-01-31 19:29:49.356 [info] > git ls-files --stage -- /home/abraham/odin-recipes/recipes/lasagna.css [4ms]
2024-01-31 19:29:49.365 [info] > git cat-file -s e69de29bb2d1d6434b8b29ae775ad8c2e48c5391 [1ms]
2024-01-31 19:30:47.832 [info] > git show --textconv :recipes/lasagna.html [13ms]
2024-01-31 19:30:47.836 [info] > git ls-files --stage -- /home/abraham/odin-recipes/recipes/lasagna.html [5ms]
2024-01-31 19:30:47.848 [info] > git cat-file -s b81086bf78b6d947fd2e1c404557d270f48be32c [3ms]
2024-01-31 19:31:07.643 [info] > git show --textconv :recipes/lasagna.css [16ms]
2024-01-31 19:31:07.646 [info] > git ls-files --stage -- /home/abraham/odin-recipes/recipes/lasagna.css [5ms]
2024-01-31 19:31:07.665 [info] > git cat-file -s e69de29bb2d1d6434b8b29ae775ad8c2e48c5391 [5ms]
2024-01-31 19:31:39.779 [info] > git show --textconv :recipes/lasagna.html [30ms]
2024-01-31 19:31:39.786 [info] > git ls-files --stage -- /home/abraham/odin-recipes/recipes/lasagna.html [12ms]
2024-01-31 19:31:39.800 [info] > git cat-file -s b81086bf78b6d947fd2e1c404557d270f48be32c [3ms]
2024-01-31 19:31:46.604 [info] > git show --textconv :recipes/lasagna.css [15ms]
2024-01-31 19:31:46.607 [info] > git ls-files --stage -- /home/abraham/odin-recipes/recipes/lasagna.css [3ms]
2024-01-31 19:31:46.621 [info] > git cat-file -s e69de29bb2d1d6434b8b29ae775ad8c2e48c5391 [3ms]
2024-01-31 19:32:59.986 [info] > git show --textconv :recipes/lasagna.html [27ms]
2024-01-31 19:32:59.989 [info] > git ls-files --stage -- /home/abraham/odin-recipes/recipes/lasagna.html [6ms]
2024-01-31 19:33:00.002 [info] > git cat-file -s b81086bf78b6d947fd2e1c404557d270f48be32c [3ms]
2024-01-31 19:33:10.610 [info] > git show --textconv :recipes/lasagna.css [11ms]
2024-01-31 19:33:10.612 [info] > git ls-files --stage -- /home/abraham/odin-recipes/recipes/lasagna.css [5ms]
2024-01-31 19:33:10.623 [info] > git cat-file -s e69de29bb2d1d6434b8b29ae775ad8c2e48c5391 [2ms]
2024-01-31 19:33:38.397 [info] > git show --textconv :recipes/lasagna.html [10ms]
2024-01-31 19:33:38.398 [info] > git ls-files --stage -- /home/abraham/odin-recipes/recipes/lasagna.html [3ms]
2024-01-31 19:33:38.407 [info] > git cat-file -s b81086bf78b6d947fd2e1c404557d270f48be32c [2ms]
2024-01-31 19:34:10.585 [info] > git show --textconv :recipes/lasagna.css [17ms]
2024-01-31 19:34:10.587 [info] > git ls-files --stage -- /home/abraham/odin-recipes/recipes/lasagna.css [4ms]
2024-01-31 19:34:10.615 [info] > git cat-file -s e69de29bb2d1d6434b8b29ae775ad8c2e48c5391 [8ms]
2024-01-31 19:35:27.016 [info] > git show --textconv :recipes/lasagna.html [38ms]
2024-01-31 19:35:27.018 [info] > git ls-files --stage -- /home/abraham/odin-recipes/recipes/lasagna.html [14ms]
2024-01-31 19:35:27.029 [info] > git cat-file -s b81086bf78b6d947fd2e1c404557d270f48be32c [4ms]
2024-01-31 19:35:29.748 [info] > git show --textconv :recipes/lasagna.css [10ms]
2024-01-31 19:35:29.754 [info] > git ls-files --stage -- /home/abraham/odin-recipes/recipes/lasagna.css [7ms]
2024-01-31 19:35:29.765 [info] > git cat-file -s e69de29bb2d1d6434b8b29ae775ad8c2e48c5391 [2ms]
2024-01-31 19:35:31.552 [info] > git show --textconv :recipes/lasagna.html [18ms]
2024-01-31 19:35:31.555 [info] > git ls-files --stage -- /home/abraham/odin-recipes/recipes/lasagna.html [6ms]
2024-01-31 19:35:31.571 [info] > git cat-file -s b81086bf78b6d947fd2e1c404557d270f48be32c [3ms]
2024-01-31 19:35:33.610 [info] > git show --textconv :recipes/lasagna.css [21ms]
2024-01-31 19:35:33.615 [info] > git ls-files --stage -- /home/abraham/odin-recipes/recipes/lasagna.css [10ms]
2024-01-31 19:35:33.639 [info] > git cat-file -s e69de29bb2d1d6434b8b29ae775ad8c2e48c5391 [7ms]
2024-01-31 19:36:28.042 [info] > git show --textconv :recipes/lasagna.html [26ms]
2024-01-31 19:36:28.046 [info] > git ls-files --stage -- /home/abraham/odin-recipes/recipes/lasagna.html [9ms]
2024-01-31 19:36:28.063 [info] > git cat-file -s b81086bf78b6d947fd2e1c404557d270f48be32c [4ms]
2024-01-31 19:36:38.106 [info] > git show --textconv :recipes/lasagna.css [9ms]
2024-01-31 19:36:38.108 [info] > git ls-files --stage -- /home/abraham/odin-recipes/recipes/lasagna.css [3ms]
2024-01-31 19:36:38.118 [info] > git cat-file -s e69de29bb2d1d6434b8b29ae775ad8c2e48c5391 [2ms]
2024-01-31 19:36:58.446 [info] > git show --textconv :recipes/lasagna.html [18ms]
2024-01-31 19:36:58.449 [info] > git ls-files --stage -- /home/abraham/odin-recipes/recipes/lasagna.html [5ms]
2024-01-31 19:36:58.475 [info] > git cat-file -s b81086bf78b6d947fd2e1c404557d270f48be32c [11ms]
2024-01-31 19:37:25.745 [info] > git show --textconv :recipes/lasagna.css [11ms]
2024-01-31 19:37:25.747 [info] > git ls-files --stage -- /home/abraham/odin-recipes/recipes/lasagna.css [3ms]
2024-01-31 19:37:25.766 [info] > git cat-file -s e69de29bb2d1d6434b8b29ae775ad8c2e48c5391 [8ms]
2024-01-31 19:37:57.556 [info] > git show --textconv :recipes/lasagna.html [16ms]
2024-01-31 19:37:57.558 [info] > git ls-files --stage -- /home/abraham/odin-recipes/recipes/lasagna.html [3ms]
2024-01-31 19:37:57.569 [info] > git cat-file -s b81086bf78b6d947fd2e1c404557d270f48be32c [3ms]
2024-01-31 19:38:14.505 [info] > git show --textconv :recipes/lasagna.css [12ms]
2024-01-31 19:38:14.507 [info] > git ls-files --stage -- /home/abraham/odin-recipes/recipes/lasagna.css [4ms]
2024-01-31 19:38:14.519 [info] > git cat-file -s e69de29bb2d1d6434b8b29ae775ad8c2e48c5391 [3ms]
2024-01-31 19:40:19.611 [info] > git show --textconv :recipes/lasagna.html [13ms]
2024-01-31 19:40:19.615 [info] > git ls-files --stage -- /home/abraham/odin-recipes/recipes/lasagna.html [5ms]
2024-01-31 19:40:19.628 [info] > git cat-file -s b81086bf78b6d947fd2e1c404557d270f48be32c [3ms]
2024-01-31 19:40:57.988 [info] > git show --textconv :recipes/lasagna.css [21ms]
2024-01-31 19:40:57.993 [info] > git ls-files --stage -- /home/abraham/odin-recipes/recipes/lasagna.css [9ms]
2024-01-31 19:40:58.012 [info] > git cat-file -s e69de29bb2d1d6434b8b29ae775ad8c2e48c5391 [4ms]
2024-01-31 19:52:35.845 [info] > git show --textconv :recipes/lasagna.html [33ms]
2024-01-31 19:52:35.853 [info] > git ls-files --stage -- /home/abraham/odin-recipes/recipes/lasagna.html [10ms]
2024-01-31 19:52:35.866 [info] > git cat-file -s b81086bf78b6d947fd2e1c404557d270f48be32c [2ms]
2024-01-31 19:53:13.477 [info] > git show --textconv :recipes/lasagna.css [12ms]
2024-01-31 19:53:13.484 [info] > git ls-files --stage -- /home/abraham/odin-recipes/recipes/lasagna.css [9ms]
2024-01-31 19:53:13.496 [info] > git cat-file -s e69de29bb2d1d6434b8b29ae775ad8c2e48c5391 [2ms]
2024-01-31 19:57:03.640 [info] > git show --textconv :recipes/lasagna.html [21ms]
2024-01-31 19:57:03.646 [info] > git ls-files --stage -- /home/abraham/odin-recipes/recipes/lasagna.html [5ms]
2024-01-31 19:57:03.667 [info] > git cat-file -s b81086bf78b6d947fd2e1c404557d270f48be32c [9ms]
2024-01-31 19:58:53.078 [info] > git show --textconv :recipes/lasagna.css [19ms]
2024-01-31 19:58:53.082 [info] > git ls-files --stage -- /home/abraham/odin-recipes/recipes/lasagna.css [7ms]
2024-01-31 19:58:53.100 [info] > git cat-file -s e69de29bb2d1d6434b8b29ae775ad8c2e48c5391 [4ms]
2024-01-31 20:04:21.418 [info] > git show --textconv :recipes/lasagna.html [10ms]
2024-01-31 20:04:21.421 [info] > git ls-files --stage -- /home/abraham/odin-recipes/recipes/lasagna.html [3ms]
2024-01-31 20:04:21.430 [info] > git cat-file -s b81086bf78b6d947fd2e1c404557d270f48be32c [2ms]
2024-01-31 20:04:23.450 [info] > git show --textconv :recipes/lasagna.css [21ms]
2024-01-31 20:04:23.453 [info] > git ls-files --stage -- /home/abraham/odin-recipes/recipes/lasagna.css [6ms]
2024-01-31 20:04:23.466 [info] > git cat-file -s e69de29bb2d1d6434b8b29ae775ad8c2e48c5391 [3ms]
2024-01-31 20:04:57.875 [info] > git config --get commit.template [15ms]
2024-01-31 20:04:57.877 [info] > git for-each-ref --format=%(refname)%00%(upstream:short)%00%(objectname)%00%(upstream:track)%00%(upstream:remotename)%00%(upstream:remoteref) refs/heads/main refs/remotes/main [4ms]
2024-01-31 20:04:57.896 [info] > git status -z -uall [4ms]
2024-01-31 20:04:58.311 [info] > git show --textconv :recipes/lasagna.html [19ms]
2024-01-31 20:04:58.314 [info] > git ls-files --stage -- /home/abraham/odin-recipes/recipes/lasagna.html [7ms]
2024-01-31 20:04:58.335 [info] > git cat-file -s b81086bf78b6d947fd2e1c404557d270f48be32c [5ms]
2024-01-31 20:06:19.867 [info] > git config --get commit.template [30ms]
2024-01-31 20:06:19.880 [info] > git ls-files --stage -- /home/abraham/odin-recipes/recipes/lasagna.html [18ms]
2024-01-31 20:06:19.893 [info] > git for-each-ref --format=%(refname)%00%(upstream:short)%00%(objectname)%00%(upstream:track)%00%(upstream:remotename)%00%(upstream:remoteref) refs/heads/main refs/remotes/main [14ms]
2024-01-31 20:06:19.895 [info] > git cat-file -s cf739c2427ce451909bd38db2abe956d502f2098 [5ms]
2024-01-31 20:06:19.948 [info] > git status -z -uall [28ms]
2024-01-31 20:06:19.963 [info] > git show --textconv :recipes/lasagna.html [17ms]
2024-01-31 20:06:21.801 [info] > git merge-base refs/heads/main refs/remotes/origin/main [16ms]
2024-01-31 20:06:21.833 [info] > git rev-list --count --left-right refs/heads/main...refs/remotes/origin/main [6ms]
2024-01-31 20:06:26.618 [info] > git config --get commit.template [18ms]
2024-01-31 20:06:26.618 [info] > git for-each-ref --format=%(refname)%00%(upstream:short)%00%(objectname)%00%(upstream:track)%00%(upstream:remotename)%00%(upstream:remoteref) refs/heads/main refs/remotes/main [3ms]
2024-01-31 20:06:26.639 [info] > git status -z -uall [4ms]
2024-01-31 20:06:26.737 [info] > git log --oneline --cherry main...main@{upstream} -- [11ms]
2024-01-31 20:06:28.066 [info] > git ls-files --stage -- /home/abraham/odin-recipes/recipes/lasagna.html [3ms]
2024-01-31 20:06:28.083 [info] > git cat-file -s cf739c2427ce451909bd38db2abe956d502f2098 [3ms]
2024-01-31 20:06:28.116 [info] > git show --textconv :recipes/lasagna.html [7ms]
2024-01-31 20:06:30.119 [info] > git pull --tags origin main [3359ms]
2024-01-31 20:06:30.119 [info] From github.com:abrahamgek/odin-recipes
 * branch            main       -> FETCH_HEAD
2024-01-31 20:06:31.391 [info] > git ls-files --stage -- /home/abraham/odin-recipes/recipes/lasagna.html [4ms]
2024-01-31 20:06:31.420 [info] > git cat-file -s cf739c2427ce451909bd38db2abe956d502f2098 [6ms]
2024-01-31 20:06:31.462 [info] > git show --textconv :recipes/lasagna.html [9ms]
2024-01-31 20:06:33.586 [info] > git push origin main:main [3455ms]
2024-01-31 20:06:33.586 [info] To github.com:abrahamgek/odin-recipes.git
   40e30ec..3811370  main -> main
2024-01-31 20:06:33.614 [info] > git for-each-ref --format=%(refname)%00%(upstream:short)%00%(objectname)%00%(upstream:track)%00%(upstream:remotename)%00%(upstream:remoteref) refs/heads/main refs/remotes/main [5ms]
2024-01-31 20:06:33.617 [info] > git config --get commit.template [17ms]
2024-01-31 20:06:33.631 [info] > git status -z -uall [3ms]
2024-01-31 20:06:33.780 [info] > git merge-base refs/heads/main refs/remotes/origin/main [7ms]
2024-01-31 20:06:33.798 [info] > git rev-list --count --left-right refs/heads/main...refs/remotes/origin/main [4ms]
2024-01-31 20:06:34.806 [info] > git config --get commit.template [15ms]
2024-01-31 20:06:34.807 [info] > git for-each-ref --format=%(refname)%00%(upstream:short)%00%(objectname)%00%(upstream:track)%00%(upstream:remotename)%00%(upstream:remoteref) refs/heads/main refs/remotes/main [2ms]
2024-01-31 20:06:34.823 [info] > git status -z -uall [4ms]
2024-01-31 20:06:34.902 [info] > git ls-files --stage -- /home/abraham/odin-recipes/recipes/lasagna.html [3ms]
2024-01-31 20:06:34.915 [info] > git cat-file -s cf739c2427ce451909bd38db2abe956d502f2098 [2ms]
2024-01-31 20:06:34.951 [info] > git show --textconv :recipes/lasagna.html [7ms]
2024-01-31 20:06:39.744 [info] > git show --textconv :recipes/lasagna.css [12ms]
2024-01-31 20:06:39.747 [info] > git ls-files --stage -- /home/abraham/odin-recipes/recipes/lasagna.css [4ms]
2024-01-31 20:06:39.759 [info] > git cat-file -s 09b61a88ad06ddf8246bead7f17bd69e502baa64 [3ms]
2024-01-31 20:07:00.516 [info] > git ls-files --stage -- /home/abraham/odin-recipes/index.html [4ms]
2024-01-31 20:07:00.552 [info] > git show --textconv :index.html [49ms]
2024-01-31 20:07:00.554 [info] > git cat-file -s 5a2ed3016bba73feb169301bda7fc3b135a98a2b [27ms]
2024-01-31 20:07:35.766 [info] > git show --textconv :recipes/lasagna.html [11ms]
2024-01-31 20:07:35.768 [info] > git ls-files --stage -- /home/abraham/odin-recipes/recipes/lasagna.html [3ms]
2024-01-31 20:07:35.779 [info] > git cat-file -s cf739c2427ce451909bd38db2abe956d502f2098 [3ms]
2024-01-31 20:07:37.479 [info] > git show --textconv :recipes/lasagna.css [13ms]
2024-01-31 20:07:37.484 [info] > git ls-files --stage -- /home/abraham/odin-recipes/recipes/lasagna.css [7ms]
2024-01-31 20:07:37.500 [info] > git cat-file -s 09b61a88ad06ddf8246bead7f17bd69e502baa64 [4ms]
2024-01-31 20:07:39.594 [info] > git show --textconv :recipes/lasagna.html [19ms]
2024-01-31 20:07:39.597 [info] > git ls-files --stage -- /home/abraham/odin-recipes/recipes/lasagna.html [3ms]
2024-01-31 20:07:39.611 [info] > git cat-file -s cf739c2427ce451909bd38db2abe956d502f2098 [3ms]
2024-01-31 20:07:45.492 [info] > git show --textconv :recipes/lasagna.css [14ms]
2024-01-31 20:07:45.495 [info] > git ls-files --stage -- /home/abraham/odin-recipes/recipes/lasagna.css [4ms]
2024-01-31 20:07:45.515 [info] > git cat-file -s 09b61a88ad06ddf8246bead7f17bd69e502baa64 [5ms]
2024-01-31 20:13:47.145 [info] > git config --get commit.template [32ms]
2024-01-31 20:13:47.146 [info] > git ls-files --stage -- /home/abraham/odin-recipes/recipes/lasagna.css [4ms]
2024-01-31 20:13:47.155 [info] > git for-each-ref --format=%(refname)%00%(upstream:short)%00%(objectname)%00%(upstream:track)%00%(upstream:remotename)%00%(upstream:remoteref) refs/heads/main refs/remotes/main [28ms]
2024-01-31 20:13:47.157 [info] > git cat-file -s 7db43db1394bb82338013e840fc8b003f4178d61 [3ms]
2024-01-31 20:13:47.181 [info] > git status -z -uall [13ms]
2024-01-31 20:13:47.182 [info] > git show --textconv :recipes/lasagna.css [3ms]
2024-01-31 20:13:49.896 [info] > git merge-base refs/heads/main refs/remotes/origin/main [6ms]
2024-01-31 20:13:49.921 [info] > git rev-list --count --left-right refs/heads/main...refs/remotes/origin/main [5ms]
2024-01-31 20:13:52.735 [info] > git config --get commit.template [4ms]
2024-01-31 20:13:52.779 [info] > git log --oneline --cherry main...main@{upstream} -- [18ms]
2024-01-31 20:13:52.802 [info] > git for-each-ref --format=%(refname)%00%(upstream:short)%00%(objectname)%00%(upstream:track)%00%(upstream:remotename)%00%(upstream:remoteref) refs/heads/main refs/remotes/main [24ms]
2024-01-31 20:13:52.832 [info] > git status -z -uall [6ms]
2024-01-31 20:13:54.023 [info] > git ls-files --stage -- /home/abraham/odin-recipes/recipes/lasagna.css [2ms]
2024-01-31 20:13:54.034 [info] > git cat-file -s 7db43db1394bb82338013e840fc8b003f4178d61 [2ms]
2024-01-31 20:13:54.053 [info] > git show --textconv :recipes/lasagna.css [3ms]
2024-01-31 20:13:55.947 [info] > git pull --tags origin main [3152ms]
2024-01-31 20:13:55.947 [info] From github.com:abrahamgek/odin-recipes
 * branch            main       -> FETCH_HEAD
2024-01-31 20:13:57.160 [info] > git ls-files --stage -- /home/abraham/odin-recipes/recipes/lasagna.css [3ms]
2024-01-31 20:13:57.180 [info] > git cat-file -s 7db43db1394bb82338013e840fc8b003f4178d61 [4ms]
2024-01-31 20:13:57.210 [info] > git show --textconv :recipes/lasagna.css [3ms]
2024-01-31 20:13:59.794 [info] > git show --textconv :recipes/lasagna.html [23ms]
2024-01-31 20:13:59.798 [info] > git ls-files --stage -- /home/abraham/odin-recipes/recipes/lasagna.html [7ms]
2024-01-31 20:13:59.818 [info] > git cat-file -s cf739c2427ce451909bd38db2abe956d502f2098 [3ms]
2024-01-31 20:14:00.814 [info] > git show --textconv :recipes/lasagna.css [14ms]
2024-01-31 20:14:00.818 [info] > git ls-files --stage -- /home/abraham/odin-recipes/recipes/lasagna.css [5ms]
2024-01-31 20:14:00.829 [info] > git cat-file -s 7db43db1394bb82338013e840fc8b003f4178d61 [3ms]
2024-01-31 20:14:05.942 [info] > git push origin main:main [9984ms]
2024-01-31 20:14:05.942 [info] To github.com:abrahamgek/odin-recipes.git
   3811370..f8fd71d  main -> main
2024-01-31 20:14:05.971 [info] > git config --get commit.template [12ms]
2024-01-31 20:14:05.972 [info] > git for-each-ref --format=%(refname)%00%(upstream:short)%00%(objectname)%00%(upstream:track)%00%(upstream:remotename)%00%(upstream:remoteref) refs/heads/main refs/remotes/main [3ms]
2024-01-31 20:14:05.993 [info] > git status -z -uall [3ms]
2024-01-31 20:14:06.072 [info] > git merge-base refs/heads/main refs/remotes/origin/main [3ms]
2024-01-31 20:14:06.091 [info] > git rev-list --count --left-right refs/heads/main...refs/remotes/origin/main [4ms]
2024-01-31 20:14:07.183 [info] > git config --get commit.template [15ms]
2024-01-31 20:14:07.185 [info] > git for-each-ref --format=%(refname)%00%(upstream:short)%00%(objectname)%00%(upstream:track)%00%(upstream:remotename)%00%(upstream:remoteref) refs/heads/main refs/remotes/main [3ms]
2024-01-31 20:14:07.202 [info] > git status -z -uall [2ms]
2024-01-31 20:14:07.272 [info] > git ls-files --stage -- /home/abraham/odin-recipes/recipes/lasagna.css [3ms]
2024-01-31 20:14:07.285 [info] > git cat-file -s 7db43db1394bb82338013e840fc8b003f4178d61 [3ms]
2024-01-31 20:14:07.304 [info] > git show --textconv :recipes/lasagna.css [3ms]
2024-01-31 20:14:08.758 [info] > git show --textconv :recipes/lasagna.html [10ms]
2024-01-31 20:14:08.760 [info] > git ls-files --stage -- /home/abraham/odin-recipes/recipes/lasagna.html [4ms]
2024-01-31 20:14:08.772 [info] > git cat-file -s cf739c2427ce451909bd38db2abe956d502f2098 [2ms]
2024-01-31 20:14:14.555 [info] > git show --textconv :recipes/lasagna.css [16ms]
2024-01-31 20:14:14.558 [info] > git ls-files --stage -- /home/abraham/odin-recipes/recipes/lasagna.css [4ms]
2024-01-31 20:14:14.574 [info] > git cat-file -s 7db43db1394bb82338013e840fc8b003f4178d61 [3ms]
2024-01-31 20:14:22.953 [info] > git show --textconv :recipes/lasagna.html [13ms]
2024-01-31 20:14:22.956 [info] > git ls-files --stage -- /home/abraham/odin-recipes/recipes/lasagna.html [4ms]
2024-01-31 20:14:22.969 [info] > git cat-file -s cf739c2427ce451909bd38db2abe956d502f2098 [2ms]
2024-01-31 20:14:26.159 [info] > git show --textconv :recipes/Moussaka.html [11ms]
2024-01-31 20:14:26.162 [info] > git ls-files --stage -- /home/abraham/odin-recipes/recipes/Moussaka.html [4ms]
2024-01-31 20:14:26.172 [info] > git cat-file -s 51c21ee600e403b0f9e48a163165694218df761e [2ms]
2024-01-31 20:14:39.833 [info] > git show --textconv :recipes/moussaka.css [12ms]
2024-01-31 20:14:39.835 [info] > git ls-files --stage -- /home/abraham/odin-recipes/recipes/moussaka.css [5ms]
2024-01-31 20:14:40.086 [info] > git check-ignore -v -z --stdin [2ms]
2024-01-31 20:14:40.590 [info] > git config --get commit.template [11ms]
2024-01-31 20:14:40.591 [info] > git for-each-ref --format=%(refname)%00%(upstream:short)%00%(objectname)%00%(upstream:track)%00%(upstream:remotename)%00%(upstream:remoteref) refs/heads/main refs/remotes/main [3ms]
2024-01-31 20:14:40.608 [info] > git status -z -uall [3ms]
2024-01-31 20:14:43.597 [info] > git show --textconv :recipes/Moussaka.html [20ms]
2024-01-31 20:14:43.600 [info] > git ls-files --stage -- /home/abraham/odin-recipes/recipes/Moussaka.html [3ms]
2024-01-31 20:14:43.614 [info] > git cat-file -s 51c21ee600e403b0f9e48a163165694218df761e [3ms]
2024-01-31 20:16:32.417 [info] > git show --textconv :recipes/moussaka.css [17ms]
2024-01-31 20:16:32.420 [info] > git ls-files --stage -- /home/abraham/odin-recipes/recipes/moussaka.css [6ms]
2024-01-31 20:16:36.101 [info] > git show --textconv :recipes/Moussaka.html [23ms]
2024-01-31 20:16:36.105 [info] > git ls-files --stage -- /home/abraham/odin-recipes/recipes/Moussaka.html [6ms]
2024-01-31 20:16:36.124 [info] > git cat-file -s 51c21ee600e403b0f9e48a163165694218df761e [3ms]
2024-01-31 20:16:41.808 [info] > git show --textconv :recipes/moussaka.css [17ms]
2024-01-31 20:16:41.810 [info] > git ls-files --stage -- /home/abraham/odin-recipes/recipes/moussaka.css [6ms]
2024-01-31 20:18:01.177 [info] > git show --textconv :recipes/Moussaka.html [35ms]
2024-01-31 20:18:01.182 [info] > git ls-files --stage -- /home/abraham/odin-recipes/recipes/Moussaka.html [8ms]
2024-01-31 20:18:01.200 [info] > git cat-file -s 51c21ee600e403b0f9e48a163165694218df761e [3ms]
2024-01-31 20:18:24.222 [info] > git show --textconv :recipes/moussaka.css [21ms]
2024-01-31 20:18:24.226 [info] > git ls-files --stage -- /home/abraham/odin-recipes/recipes/moussaka.css [8ms]
2024-01-31 20:18:26.999 [info] > git show --textconv :recipes/Moussaka.html [12ms]
2024-01-31 20:18:27.002 [info] > git ls-files --stage -- /home/abraham/odin-recipes/recipes/Moussaka.html [5ms]
2024-01-31 20:18:27.016 [info] > git cat-file -s 51c21ee600e403b0f9e48a163165694218df761e [6ms]
2024-01-31 20:19:13.166 [info] > git show --textconv :recipes/moussaka.css [15ms]
2024-01-31 20:19:13.171 [info] > git ls-files --stage -- /home/abraham/odin-recipes/recipes/moussaka.css [5ms]
2024-01-31 20:19:24.938 [info] > git show --textconv :recipes/Moussaka.html [29ms]
2024-01-31 20:19:24.943 [info] > git ls-files --stage -- /home/abraham/odin-recipes/recipes/Moussaka.html [8ms]
2024-01-31 20:19:24.966 [info] > git cat-file -s 51c21ee600e403b0f9e48a163165694218df761e [6ms]
2024-01-31 20:19:42.518 [info] > git show --textconv :recipes/moussaka.css [15ms]
2024-01-31 20:19:42.520 [info] > git ls-files --stage -- /home/abraham/odin-recipes/recipes/moussaka.css [5ms]
2024-01-31 20:20:29.593 [info] > git show --textconv :recipes/Moussaka.html [20ms]
2024-01-31 20:20:29.596 [info] > git ls-files --stage -- /home/abraham/odin-recipes/recipes/Moussaka.html [7ms]
2024-01-31 20:20:29.613 [info] > git cat-file -s 51c21ee600e403b0f9e48a163165694218df761e [5ms]
2024-01-31 20:21:31.164 [info] > git config --get commit.template [36ms]
2024-01-31 20:21:31.166 [info] > git for-each-ref --format=%(refname)%00%(upstream:short)%00%(objectname)%00%(upstream:track)%00%(upstream:remotename)%00%(upstream:remoteref) refs/heads/main refs/remotes/main [9ms]
2024-01-31 20:21:31.188 [info] > git status -z -uall [3ms]
2024-01-31 20:22:42.380 [info] > git config --get commit.template [17ms]
2024-01-31 20:22:42.391 [info] > git ls-files --stage -- /home/abraham/odin-recipes/recipes/Moussaka.html [14ms]
2024-01-31 20:22:42.400 [info] > git for-each-ref --format=%(refname)%00%(upstream:short)%00%(objectname)%00%(upstream:track)%00%(upstream:remotename)%00%(upstream:remoteref) refs/heads/main refs/remotes/main [10ms]
2024-01-31 20:22:42.402 [info] > git cat-file -s bc3b5b8ae8255a6da0b1e304d62a2a5497b15200 [4ms]
2024-01-31 20:22:42.438 [info] > git status -z -uall [23ms]
2024-01-31 20:22:42.439 [info] > git show --textconv :recipes/Moussaka.html [6ms]
2024-01-31 20:22:44.564 [info] > git merge-base refs/heads/main refs/remotes/origin/main [5ms]
2024-01-31 20:22:44.582 [info] > git rev-list --count --left-right refs/heads/main...refs/remotes/origin/main [5ms]
2024-01-31 20:22:47.465 [info] > git config --get commit.template [2ms]
2024-01-31 20:22:47.481 [info] > git for-each-ref --format=%(refname)%00%(upstream:short)%00%(objectname)%00%(upstream:track)%00%(upstream:remotename)%00%(upstream:remoteref) refs/heads/main refs/remotes/main [5ms]
2024-01-31 20:22:47.509 [info] > git status -z -uall [6ms]
2024-01-31 20:22:51.115 [info] > git log --oneline --cherry main...main@{upstream} -- [8ms]
2024-01-31 20:22:52.384 [info] > git ls-files --stage -- /home/abraham/odin-recipes/recipes/Moussaka.html [3ms]
2024-01-31 20:22:52.399 [info] > git cat-file -s bc3b5b8ae8255a6da0b1e304d62a2a5497b15200 [2ms]
2024-01-31 20:22:52.424 [info] > git show --textconv :recipes/Moussaka.html [5ms]
2024-01-31 20:22:54.013 [info] > git pull --tags origin main [2872ms]
2024-01-31 20:22:54.013 [info] From github.com:abrahamgek/odin-recipes
 * branch            main       -> FETCH_HEAD
2024-01-31 20:22:55.274 [info] > git ls-files --stage -- /home/abraham/odin-recipes/recipes/Moussaka.html [3ms]
2024-01-31 20:22:55.288 [info] > git cat-file -s bc3b5b8ae8255a6da0b1e304d62a2a5497b15200 [3ms]
2024-01-31 20:22:55.308 [info] > git show --textconv :recipes/Moussaka.html [4ms]
2024-01-31 20:22:57.104 [info] > git push origin main:main [3076ms]
2024-01-31 20:22:57.104 [info] To github.com:abrahamgek/odin-recipes.git
   f8fd71d..8c5eb68  main -> main
2024-01-31 20:22:57.134 [info] > git config --get commit.template [14ms]
2024-01-31 20:22:57.136 [info] > git for-each-ref --format=%(refname)%00%(upstream:short)%00%(objectname)%00%(upstream:track)%00%(upstream:remotename)%00%(upstream:remoteref) refs/heads/main refs/remotes/main [4ms]
2024-01-31 20:22:57.154 [info] > git status -z -uall [5ms]
2024-01-31 20:22:57.418 [info] > git merge-base refs/heads/main refs/remotes/origin/main [6ms]
2024-01-31 20:22:57.439 [info] > git rev-list --count --left-right refs/heads/main...refs/remotes/origin/main [6ms]
2024-01-31 20:22:58.443 [info] > git config --get commit.template [15ms]
2024-01-31 20:22:58.444 [info] > git for-each-ref --format=%(refname)%00%(upstream:short)%00%(objectname)%00%(upstream:track)%00%(upstream:remotename)%00%(upstream:remoteref) refs/heads/main refs/remotes/main [5ms]
2024-01-31 20:22:58.462 [info] > git status -z -uall [5ms]
2024-01-31 20:22:58.540 [info] > git ls-files --stage -- /home/abraham/odin-recipes/recipes/Moussaka.html [3ms]
2024-01-31 20:22:58.553 [info] > git cat-file -s bc3b5b8ae8255a6da0b1e304d62a2a5497b15200 [2ms]
2024-01-31 20:22:58.578 [info] > git show --textconv :recipes/Moussaka.html [4ms]
2024-01-31 20:23:41.735 [info] > git show --textconv :recipes/moussaka.css [17ms]
2024-01-31 20:23:41.741 [info] > git ls-files --stage -- /home/abraham/odin-recipes/recipes/moussaka.css [11ms]
2024-01-31 20:23:41.762 [info] > git cat-file -s e69de29bb2d1d6434b8b29ae775ad8c2e48c5391 [4ms]
2024-01-31 20:23:43.874 [info] > git show --textconv :recipes/Moussaka.html [14ms]
2024-01-31 20:23:43.876 [info] > git ls-files --stage -- /home/abraham/odin-recipes/recipes/Moussaka.html [4ms]
2024-01-31 20:23:43.888 [info] > git cat-file -s bc3b5b8ae8255a6da0b1e304d62a2a5497b15200 [2ms]
2024-01-31 20:23:44.833 [info] > git config --get commit.template [14ms]
2024-01-31 20:23:44.860 [info] > git for-each-ref --format=%(refname)%00%(upstream:short)%00%(objectname)%00%(upstream:track)%00%(upstream:remotename)%00%(upstream:remoteref) refs/heads/main refs/remotes/main [5ms]
2024-01-31 20:23:44.901 [info] > git status -z -uall [10ms]
2024-01-31 20:24:45.069 [info] > git config --get commit.template [7ms]
2024-01-31 20:24:45.087 [info] > git for-each-ref --format=%(refname)%00%(upstream:short)%00%(objectname)%00%(upstream:track)%00%(upstream:remotename)%00%(upstream:remoteref) refs/heads/main refs/remotes/main [3ms]
2024-01-31 20:24:45.099 [info] > git status -z -uall [3ms]
2024-01-31 20:24:46.427 [info] > git merge-base refs/heads/main refs/remotes/origin/main [5ms]
2024-01-31 20:24:46.454 [info] > git rev-list --count --left-right refs/heads/main...refs/remotes/origin/main [5ms]
2024-01-31 20:24:49.038 [info] > git log --oneline --cherry main...main@{upstream} -- [3ms]
2024-01-31 20:24:51.933 [info] > git pull --tags origin main [2871ms]
2024-01-31 20:24:51.933 [info] From github.com:abrahamgek/odin-recipes
 * branch            main       -> FETCH_HEAD
2024-01-31 20:24:55.120 [info] > git push origin main:main [3173ms]
2024-01-31 20:24:55.120 [info] To github.com:abrahamgek/odin-recipes.git
   8c5eb68..7a04fcd  main -> main
2024-01-31 20:24:55.152 [info] > git config --get commit.template [16ms]
2024-01-31 20:24:55.153 [info] > git for-each-ref --format=%(refname)%00%(upstream:short)%00%(objectname)%00%(upstream:track)%00%(upstream:remotename)%00%(upstream:remoteref) refs/heads/main refs/remotes/main [5ms]
2024-01-31 20:24:55.174 [info] > git status -z -uall [3ms]
2024-01-31 20:24:55.223 [info] > git config --get commit.template [17ms]
2024-01-31 20:24:55.228 [info] > git for-each-ref --format=%(refname)%00%(upstream:short)%00%(objectname)%00%(upstream:track)%00%(upstream:remotename)%00%(upstream:remoteref) refs/heads/main refs/remotes/main [8ms]
2024-01-31 20:24:55.272 [info] > git merge-base refs/heads/main refs/remotes/origin/main [21ms]
2024-01-31 20:24:55.286 [info] > git status -z -uall [17ms]
2024-01-31 20:24:55.290 [info] > git rev-list --count --left-right refs/heads/main...refs/remotes/origin/main [6ms]
2024-01-31 20:25:51.089 [info] > git for-each-ref --format=%(refname)%00%(upstream:short)%00%(objectname)%00%(upstream:track)%00%(upstream:remotename)%00%(upstream:remoteref) refs/heads/main refs/remotes/main [5ms]
2024-01-31 20:25:51.090 [info] > git config --get commit.template [24ms]
2024-01-31 20:25:51.103 [info] > git status -z -uall [4ms]
2024-01-31 20:25:56.144 [info] > git show --textconv :recipes/moussaka.css [10ms]
2024-01-31 20:25:56.146 [info] > git ls-files --stage -- /home/abraham/odin-recipes/recipes/moussaka.css [4ms]
2024-01-31 20:25:56.155 [info] > git cat-file -s e1c692975a1311cf99dc4e00d6c9f8cf866e821f [2ms]
2024-01-31 20:26:04.648 [info] > git show --textconv :recipes/Pasta.html [9ms]
2024-01-31 20:26:04.650 [info] > git ls-files --stage -- /home/abraham/odin-recipes/recipes/Pasta.html [3ms]
2024-01-31 20:26:04.661 [info] > git cat-file -s 37428217289a9aa08de803cdabf4487dceb606ce [2ms]
2024-01-31 20:26:13.863 [info] > git show --textconv :recipes/pasta.css [7ms]
2024-01-31 20:26:13.865 [info] > git ls-files --stage -- /home/abraham/odin-recipes/recipes/pasta.css [3ms]
2024-01-31 20:26:14.119 [info] > git check-ignore -v -z --stdin [2ms]
2024-01-31 20:26:14.614 [info] > git config --get commit.template [3ms]
2024-01-31 20:26:14.621 [info] > git for-each-ref --format=%(refname)%00%(upstream:short)%00%(objectname)%00%(upstream:track)%00%(upstream:remotename)%00%(upstream:remoteref) refs/heads/main refs/remotes/main [2ms]
2024-01-31 20:26:14.631 [info] > git status -z -uall [2ms]
2024-01-31 20:26:16.895 [info] > git show --textconv :recipes/Pasta.html [24ms]
2024-01-31 20:26:16.899 [info] > git ls-files --stage -- /home/abraham/odin-recipes/recipes/Pasta.html [10ms]
2024-01-31 20:26:16.911 [info] > git cat-file -s 37428217289a9aa08de803cdabf4487dceb606ce [3ms]
2024-01-31 20:28:35.980 [info] > git config --get commit.template [28ms]
2024-01-31 20:28:35.986 [info] > git for-each-ref --format=%(refname)%00%(upstream:short)%00%(objectname)%00%(upstream:track)%00%(upstream:remotename)%00%(upstream:remoteref) refs/heads/main refs/remotes/main [11ms]
2024-01-31 20:28:36.025 [info] > git status -z -uall [10ms]
2024-01-31 20:28:58.313 [info] > git show --textconv :recipes/pasta.css [10ms]
2024-01-31 20:28:58.315 [info] > git ls-files --stage -- /home/abraham/odin-recipes/recipes/pasta.css [3ms]
2024-01-31 20:29:20.401 [info] > git config --get commit.template [13ms]
2024-01-31 20:29:20.404 [info] > git for-each-ref --format=%(refname)%00%(upstream:short)%00%(objectname)%00%(upstream:track)%00%(upstream:remotename)%00%(upstream:remoteref) refs/heads/main refs/remotes/main [4ms]
2024-01-31 20:29:20.426 [info] > git status -z -uall [5ms]
2024-01-31 20:29:20.664 [info] > git show --textconv :recipes/Pasta.html [18ms]
2024-01-31 20:29:20.674 [info] > git ls-files --stage -- /home/abraham/odin-recipes/recipes/Pasta.html [11ms]
2024-01-31 20:29:20.695 [info] > git cat-file -s 37428217289a9aa08de803cdabf4487dceb606ce [5ms]
2024-01-31 20:29:23.095 [info] > git show --textconv :recipes/pasta.css [19ms]
2024-01-31 20:29:23.096 [info] > git ls-files --stage -- /home/abraham/odin-recipes/recipes/pasta.css [7ms]
2024-01-31 20:29:25.457 [info] > git config --get commit.template [14ms]
2024-01-31 20:29:25.458 [info] > git for-each-ref --format=%(refname)%00%(upstream:short)%00%(objectname)%00%(upstream:track)%00%(upstream:remotename)%00%(upstream:remoteref) refs/heads/main refs/remotes/main [2ms]
2024-01-31 20:29:25.473 [info] > git status -z -uall [3ms]
2024-01-31 20:31:12.185 [info] > git config --get commit.template [5ms]
2024-01-31 20:31:12.211 [info] > git for-each-ref --format=%(refname)%00%(upstream:short)%00%(objectname)%00%(upstream:track)%00%(upstream:remotename)%00%(upstream:remoteref) refs/heads/main refs/remotes/main [11ms]
2024-01-31 20:31:12.212 [info] > git ls-files --stage -- /home/abraham/odin-recipes/recipes/pasta.css [2ms]
2024-01-31 20:31:12.231 [info] > git cat-file -s 2043d1314c7d2365f7251d13fc2785848fdc12d4 [12ms]
2024-01-31 20:31:12.233 [info] > git status -z -uall [3ms]
2024-01-31 20:31:12.263 [info] > git show --textconv :recipes/pasta.css [3ms]
2024-01-31 20:31:14.119 [info] > git merge-base refs/heads/main refs/remotes/origin/main [5ms]
2024-01-31 20:31:14.139 [info] > git rev-list --count --left-right refs/heads/main...refs/remotes/origin/main [5ms]
2024-01-31 20:31:17.272 [info] > git config --get commit.template [18ms]
2024-01-31 20:31:17.273 [info] > git for-each-ref --format=%(refname)%00%(upstream:short)%00%(objectname)%00%(upstream:track)%00%(upstream:remotename)%00%(upstream:remoteref) refs/heads/main refs/remotes/main [6ms]
2024-01-31 20:31:17.290 [info] > git status -z -uall [4ms]
2024-01-31 20:32:30.885 [info] > git log --oneline --cherry main...main@{upstream} -- [8ms]
2024-01-31 20:32:32.157 [info] > git ls-files --stage -- /home/abraham/odin-recipes/recipes/pasta.css [4ms]
2024-01-31 20:32:32.174 [info] > git cat-file -s 2043d1314c7d2365f7251d13fc2785848fdc12d4 [5ms]
2024-01-31 20:32:32.198 [info] > git show --textconv :recipes/pasta.css [5ms]
2024-01-31 20:32:33.859 [info] > git pull --tags origin main [2957ms]
2024-01-31 20:32:33.859 [info] From github.com:abrahamgek/odin-recipes
 * branch            main       -> FETCH_HEAD
2024-01-31 20:32:35.120 [info] > git ls-files --stage -- /home/abraham/odin-recipes/recipes/pasta.css [6ms]
2024-01-31 20:32:35.133 [info] > git cat-file -s 2043d1314c7d2365f7251d13fc2785848fdc12d4 [2ms]
2024-01-31 20:32:35.155 [info] > git show --textconv :recipes/pasta.css [3ms]
2024-01-31 20:32:43.060 [info] > git push origin main:main [9188ms]
2024-01-31 20:32:43.061 [info] To github.com:abrahamgek/odin-recipes.git
   7a04fcd..8a08832  main -> main
2024-01-31 20:32:43.112 [info] > git config --get commit.template [14ms]
2024-01-31 20:32:43.155 [info] > git for-each-ref --format=%(refname)%00%(upstream:short)%00%(objectname)%00%(upstream:track)%00%(upstream:remotename)%00%(upstream:remoteref) refs/heads/main refs/remotes/main [9ms]
2024-01-31 20:32:43.177 [info] > git status -z -uall [3ms]
2024-01-31 20:32:43.286 [info] > git merge-base refs/heads/main refs/remotes/origin/main [4ms]
2024-01-31 20:32:43.315 [info] > git rev-list --count --left-right refs/heads/main...refs/remotes/origin/main [13ms]
2024-01-31 20:32:52.772 [info] > git config --get commit.template [26ms]
2024-01-31 20:32:52.789 [info] > git ls-files --stage -- /home/abraham/odin-recipes/recipes/pasta.css [21ms]
2024-01-31 20:32:52.805 [info] > git for-each-ref --format=%(refname)%00%(upstream:short)%00%(objectname)%00%(upstream:track)%00%(upstream:remotename)%00%(upstream:remoteref) refs/heads/main refs/remotes/main [17ms]
2024-01-31 20:32:52.806 [info] > git cat-file -s 2043d1314c7d2365f7251d13fc2785848fdc12d4 [5ms]
2024-01-31 20:32:52.854 [info] > git status -z -uall [31ms]
2024-01-31 20:32:52.854 [info] > git show --textconv :recipes/pasta.css [11ms]
