2024-03-22 17:46:53.651 [info] Extension host with pid 1488 started
2024-03-22 17:46:53.723 [info] Lock '/home/abraham/.vscode-server/data/User/workspaceStorage/25e177342695eca690a7dbbd182a76a1/vscode.lock': Lock acquired.
2024-03-22 17:46:53.853 [info] ExtensionService#_doActivateExtension vscode.git-base, startup: true, activationEvent: '*', root cause: vscode.git
2024-03-22 17:46:53.856 [info] ExtensionService#_doActivateExtension ms-vscode.test-adapter-converter, startup: true, activationEvent: '*', root cause: hbenl.vscode-test-explorer
2024-03-22 17:46:53.912 [info] ExtensionService#_doActivateExtension vscode.git, startup: true, activationEvent: '*'
2024-03-22 17:46:53.912 [info] ExtensionService#_doActivateExtension vscode.github, startup: true, activationEvent: '*'
2024-03-22 17:46:53.913 [info] ExtensionService#_doActivateExtension hbenl.vscode-test-explorer, startup: true, activationEvent: '*'
2024-03-22 17:46:54.375 [info] Eager extensions activated
2024-03-22 17:46:54.376 [info] ExtensionService#_doActivateExtension vscode.debug-auto-launch, startup: false, activationEvent: 'onStartupFinished'
2024-03-22 17:46:54.383 [info] ExtensionService#_doActivateExtension vscode.merge-conflict, startup: false, activationEvent: 'onStartupFinished'
2024-03-22 17:46:54.384 [info] ExtensionService#_doActivateExtension bradlc.vscode-tailwindcss, startup: false, activationEvent: 'onStartupFinished'
2024-03-22 17:46:54.384 [info] ExtensionService#_doActivateExtension formulahendry.code-runner, startup: false, activationEvent: 'onStartupFinished'
2024-03-22 17:46:54.385 [info] ExtensionService#_doActivateExtension ms-python.python, startup: false, activationEvent: 'onStartupFinished', root cause: littlefoxteam.vscode-python-test-adapter
2024-03-22 17:46:54.386 [info] ExtensionService#_doActivateExtension ritwickdey.LiveServer, startup: false, activationEvent: 'onStartupFinished'
2024-03-22 17:46:55.749 [info] ExtensionService#_doActivateExtension littlefoxteam.vscode-python-test-adapter, startup: false, activationEvent: 'onStartupFinished'
2024-03-22 17:46:58.225 [info] ExtensionService#_doActivateExtension ms-python.vscode-pylance, startup: false, activationEvent: 'api', root cause: ms-python.python
2024-03-22 17:46:58.931 [info] ExtensionService#_doActivateExtension vscode.tunnel-forwarding, startup: false, activationEvent: 'onTunnel'
2024-03-22 18:11:03.033 [info] Extension host terminating: received terminate message from renderer
2024-03-22 18:11:03.034 [info] Lock '/home/abraham/.vscode-server/data/User/workspaceStorage/25e177342695eca690a7dbbd182a76a1/vscode.lock': Marking the lockfile as scheduled to be released in 6000 ms.
2024-03-22 18:11:03.231 [error] Canceled: Canceled
	at new $ (/home/abraham/.vscode-server/bin/1e790d77f81672c49be070e04474901747115651/out/vs/workbench/api/node/extensionHostProcess.js:140:45885)
	at s.U (/home/abraham/.vscode-server/bin/1e790d77f81672c49be070e04474901747115651/out/vs/workbench/api/node/extensionHostProcess.js:147:5556)
	at z.<computed>.T.charCodeAt.z.<computed> (/home/abraham/.vscode-server/bin/1e790d77f81672c49be070e04474901747115651/out/vs/workbench/api/node/extensionHostProcess.js:147:3007)
	at u.g (/home/abraham/.vscode-server/bin/1e790d77f81672c49be070e04474901747115651/out/vs/workbench/api/node/extensionHostProcess.js:150:184300)
	at u.executeCommand (/home/abraham/.vscode-server/bin/1e790d77f81672c49be070e04474901747115651/out/vs/workbench/api/node/extensionHostProcess.js:150:183738)
	at f.registerCommand.description (/home/abraham/.vscode-server/bin/1e790d77f81672c49be070e04474901747115651/out/vs/workbench/api/node/extensionHostProcess.js:150:183062)
	at u.h (/home/abraham/.vscode-server/bin/1e790d77f81672c49be070e04474901747115651/out/vs/workbench/api/node/extensionHostProcess.js:150:184839)
	at u.g (/home/abraham/.vscode-server/bin/1e790d77f81672c49be070e04474901747115651/out/vs/workbench/api/node/extensionHostProcess.js:150:183831)
	at u.executeCommand (/home/abraham/.vscode-server/bin/1e790d77f81672c49be070e04474901747115651/out/vs/workbench/api/node/extensionHostProcess.js:150:183738)
	at Object.executeCommand (/home/abraham/.vscode-server/bin/1e790d77f81672c49be070e04474901747115651/out/vs/workbench/api/node/extensionHostProcess.js:160:21654)
	at p.O [as value] (/home/abraham/.vscode-server/bin/1e790d77f81672c49be070e04474901747115651/extensions/git/dist/main.js:2:943479)
	at n.y (/home/abraham/.vscode-server/bin/1e790d77f81672c49be070e04474901747115651/out/vs/workbench/api/node/extensionHostProcess.js:80:1902)
	at n.z (/home/abraham/.vscode-server/bin/1e790d77f81672c49be070e04474901747115651/out/vs/workbench/api/node/extensionHostProcess.js:80:1972)
	at n.fire (/home/abraham/.vscode-server/bin/1e790d77f81672c49be070e04474901747115651/out/vs/workbench/api/node/extensionHostProcess.js:80:2188)
	at Object.m [as dispose] (/home/abraham/.vscode-server/bin/1e790d77f81672c49be070e04474901747115651/extensions/git/dist/main.js:2:962791)
	at /home/abraham/.vscode-server/bin/1e790d77f81672c49be070e04474901747115651/extensions/git/dist/main.js:2:968825
	at Array.forEach (<anonymous>)
	at f.dispose (/home/abraham/.vscode-server/bin/1e790d77f81672c49be070e04474901747115651/extensions/git/dist/main.js:2:968811)
	at l.<anonymous> (/home/abraham/.vscode-server/bin/1e790d77f81672c49be070e04474901747115651/out/vs/workbench/api/node/extensionHostProcess.js:148:3704)
	at l.dispose (/home/abraham/.vscode-server/bin/1e790d77f81672c49be070e04474901747115651/out/vs/workbench/api/node/extensionHostProcess.js:148:3801)
	at l.<anonymous> (/home/abraham/.vscode-server/bin/1e790d77f81672c49be070e04474901747115651/extensions/git/dist/main.js:2:945736)
	at l.dispose (/home/abraham/.vscode-server/bin/1e790d77f81672c49be070e04474901747115651/out/vs/workbench/api/node/extensionHostProcess.js:148:3801)
	at o (/home/abraham/.vscode-server/bin/1e790d77f81672c49be070e04474901747115651/out/vs/workbench/api/node/extensionHostProcess.js:30:754)
	at p.cb (/home/abraham/.vscode-server/bin/1e790d77f81672c49be070e04474901747115651/out/vs/workbench/api/node/extensionHostProcess.js:156:9882)
	at /home/abraham/.vscode-server/bin/1e790d77f81672c49be070e04474901747115651/out/vs/workbench/api/node/extensionHostProcess.js:156:7816
	at Array.map (<anonymous>)
	at p.Y (/home/abraham/.vscode-server/bin/1e790d77f81672c49be070e04474901747115651/out/vs/workbench/api/node/extensionHostProcess.js:156:7803)
	at p.terminate (/home/abraham/.vscode-server/bin/1e790d77f81672c49be070e04474901747115651/out/vs/workbench/api/node/extensionHostProcess.js:156:8076)
	at o.terminate (/home/abraham/.vscode-server/bin/1e790d77f81672c49be070e04474901747115651/out/vs/workbench/api/node/extensionHostProcess.js:160:1513)
	at t (/home/abraham/.vscode-server/bin/1e790d77f81672c49be070e04474901747115651/out/vs/workbench/api/node/extensionHostProcess.js:173:9949)
	at p.value (/home/abraham/.vscode-server/bin/1e790d77f81672c49be070e04474901747115651/out/vs/workbench/api/node/extensionHostProcess.js:173:7996)
	at n.y (/home/abraham/.vscode-server/bin/1e790d77f81672c49be070e04474901747115651/out/vs/workbench/api/node/extensionHostProcess.js:80:1902)
	at n.fire (/home/abraham/.vscode-server/bin/1e790d77f81672c49be070e04474901747115651/out/vs/workbench/api/node/extensionHostProcess.js:80:2119)
	at r.fire (/home/abraham/.vscode-server/bin/1e790d77f81672c49be070e04474901747115651/out/vs/workbench/api/node/extensionHostProcess.js:105:14091)
	at u.z (/home/abraham/.vscode-server/bin/1e790d77f81672c49be070e04474901747115651/out/vs/workbench/api/node/extensionHostProcess.js:105:17156)
	at p.value (/home/abraham/.vscode-server/bin/1e790d77f81672c49be070e04474901747115651/out/vs/workbench/api/node/extensionHostProcess.js:105:15608)
	at n.y (/home/abraham/.vscode-server/bin/1e790d77f81672c49be070e04474901747115651/out/vs/workbench/api/node/extensionHostProcess.js:80:1902)
	at n.fire (/home/abraham/.vscode-server/bin/1e790d77f81672c49be070e04474901747115651/out/vs/workbench/api/node/extensionHostProcess.js:80:2119)
	at p.acceptChunk (/home/abraham/.vscode-server/bin/1e790d77f81672c49be070e04474901747115651/out/vs/workbench/api/node/extensionHostProcess.js:105:11865)
	at p.value (/home/abraham/.vscode-server/bin/1e790d77f81672c49be070e04474901747115651/out/vs/workbench/api/node/extensionHostProcess.js:105:11152)
	at n.y (/home/abraham/.vscode-server/bin/1e790d77f81672c49be070e04474901747115651/out/vs/workbench/api/node/extensionHostProcess.js:80:1902)
	at n.fire (/home/abraham/.vscode-server/bin/1e790d77f81672c49be070e04474901747115651/out/vs/workbench/api/node/extensionHostProcess.js:80:2119)
	at n.z (/home/abraham/.vscode-server/bin/1e790d77f81672c49be070e04474901747115651/out/vs/workbench/api/node/extensionHostProcess.js:170:19768)
	at n.acceptFrame (/home/abraham/.vscode-server/bin/1e790d77f81672c49be070e04474901747115651/out/vs/workbench/api/node/extensionHostProcess.js:170:19574)
	at i.n (/home/abraham/.vscode-server/bin/1e790d77f81672c49be070e04474901747115651/out/vs/workbench/api/node/extensionHostProcess.js:170:18073)
	at /home/abraham/.vscode-server/bin/1e790d77f81672c49be070e04474901747115651/out/vs/workbench/api/node/extensionHostProcess.js:170:15293
	at Socket.y (/home/abraham/.vscode-server/bin/1e790d77f81672c49be070e04474901747115651/out/vs/workbench/api/node/extensionHostProcess.js:170:13198)
	at Socket.emit (node:events:514:28)
	at addChunk (node:internal/streams/readable:324:12)
	at readableAddChunk (node:internal/streams/readable:297:9)
	at Readable.push (node:internal/streams/readable:234:10)
	at TCP.onStreamRead (node:internal/stream_base_commons:190:23) setContext undefined
2024-03-22 18:11:03.233 [error] Canceled: Canceled
	at new $ (/home/abraham/.vscode-server/bin/1e790d77f81672c49be070e04474901747115651/out/vs/workbench/api/node/extensionHostProcess.js:140:45885)
	at s.U (/home/abraham/.vscode-server/bin/1e790d77f81672c49be070e04474901747115651/out/vs/workbench/api/node/extensionHostProcess.js:147:5556)
	at z.<computed>.T.charCodeAt.z.<computed> (/home/abraham/.vscode-server/bin/1e790d77f81672c49be070e04474901747115651/out/vs/workbench/api/node/extensionHostProcess.js:147:3007)
	at u.g (/home/abraham/.vscode-server/bin/1e790d77f81672c49be070e04474901747115651/out/vs/workbench/api/node/extensionHostProcess.js:150:184300)
	at u.executeCommand (/home/abraham/.vscode-server/bin/1e790d77f81672c49be070e04474901747115651/out/vs/workbench/api/node/extensionHostProcess.js:150:183738)
	at f.registerCommand.description (/home/abraham/.vscode-server/bin/1e790d77f81672c49be070e04474901747115651/out/vs/workbench/api/node/extensionHostProcess.js:150:183062)
	at u.h (/home/abraham/.vscode-server/bin/1e790d77f81672c49be070e04474901747115651/out/vs/workbench/api/node/extensionHostProcess.js:150:184839)
	at u.g (/home/abraham/.vscode-server/bin/1e790d77f81672c49be070e04474901747115651/out/vs/workbench/api/node/extensionHostProcess.js:150:183831)
	at u.executeCommand (/home/abraham/.vscode-server/bin/1e790d77f81672c49be070e04474901747115651/out/vs/workbench/api/node/extensionHostProcess.js:150:183738)
	at Object.executeCommand (/home/abraham/.vscode-server/bin/1e790d77f81672c49be070e04474901747115651/out/vs/workbench/api/node/extensionHostProcess.js:160:21654)
	at set hasGitHubRepositories [as hasGitHubRepositories] (/home/abraham/.vscode-server/bin/1e790d77f81672c49be070e04474901747115651/extensions/github/dist/extension.js:2:325214)
	at /home/abraham/.vscode-server/bin/1e790d77f81672c49be070e04474901747115651/extensions/github/dist/extension.js:2:326173
	at p.value (/home/abraham/.vscode-server/bin/1e790d77f81672c49be070e04474901747115651/extensions/git/dist/main.js:2:1050811)
	at n.y (/home/abraham/.vscode-server/bin/1e790d77f81672c49be070e04474901747115651/out/vs/workbench/api/node/extensionHostProcess.js:80:1902)
	at n.z (/home/abraham/.vscode-server/bin/1e790d77f81672c49be070e04474901747115651/out/vs/workbench/api/node/extensionHostProcess.js:80:1972)
	at n.fire (/home/abraham/.vscode-server/bin/1e790d77f81672c49be070e04474901747115651/out/vs/workbench/api/node/extensionHostProcess.js:80:2188)
	at Object.m [as dispose] (/home/abraham/.vscode-server/bin/1e790d77f81672c49be070e04474901747115651/extensions/git/dist/main.js:2:962791)
	at /home/abraham/.vscode-server/bin/1e790d77f81672c49be070e04474901747115651/extensions/git/dist/main.js:2:968825
	at Array.forEach (<anonymous>)
	at f.dispose (/home/abraham/.vscode-server/bin/1e790d77f81672c49be070e04474901747115651/extensions/git/dist/main.js:2:968811)
	at l.<anonymous> (/home/abraham/.vscode-server/bin/1e790d77f81672c49be070e04474901747115651/out/vs/workbench/api/node/extensionHostProcess.js:148:3704)
	at l.dispose (/home/abraham/.vscode-server/bin/1e790d77f81672c49be070e04474901747115651/out/vs/workbench/api/node/extensionHostProcess.js:148:3801)
	at l.<anonymous> (/home/abraham/.vscode-server/bin/1e790d77f81672c49be070e04474901747115651/extensions/git/dist/main.js:2:945736)
	at l.dispose (/home/abraham/.vscode-server/bin/1e790d77f81672c49be070e04474901747115651/out/vs/workbench/api/node/extensionHostProcess.js:148:3801)
	at o (/home/abraham/.vscode-server/bin/1e790d77f81672c49be070e04474901747115651/out/vs/workbench/api/node/extensionHostProcess.js:30:754)
	at p.cb (/home/abraham/.vscode-server/bin/1e790d77f81672c49be070e04474901747115651/out/vs/workbench/api/node/extensionHostProcess.js:156:9882)
	at /home/abraham/.vscode-server/bin/1e790d77f81672c49be070e04474901747115651/out/vs/workbench/api/node/extensionHostProcess.js:156:7816
	at Array.map (<anonymous>)
	at p.Y (/home/abraham/.vscode-server/bin/1e790d77f81672c49be070e04474901747115651/out/vs/workbench/api/node/extensionHostProcess.js:156:7803)
	at p.terminate (/home/abraham/.vscode-server/bin/1e790d77f81672c49be070e04474901747115651/out/vs/workbench/api/node/extensionHostProcess.js:156:8076)
	at o.terminate (/home/abraham/.vscode-server/bin/1e790d77f81672c49be070e04474901747115651/out/vs/workbench/api/node/extensionHostProcess.js:160:1513)
	at t (/home/abraham/.vscode-server/bin/1e790d77f81672c49be070e04474901747115651/out/vs/workbench/api/node/extensionHostProcess.js:173:9949)
	at p.value (/home/abraham/.vscode-server/bin/1e790d77f81672c49be070e04474901747115651/out/vs/workbench/api/node/extensionHostProcess.js:173:7996)
	at n.y (/home/abraham/.vscode-server/bin/1e790d77f81672c49be070e04474901747115651/out/vs/workbench/api/node/extensionHostProcess.js:80:1902)
	at n.fire (/home/abraham/.vscode-server/bin/1e790d77f81672c49be070e04474901747115651/out/vs/workbench/api/node/extensionHostProcess.js:80:2119)
	at r.fire (/home/abraham/.vscode-server/bin/1e790d77f81672c49be070e04474901747115651/out/vs/workbench/api/node/extensionHostProcess.js:105:14091)
	at u.z (/home/abraham/.vscode-server/bin/1e790d77f81672c49be070e04474901747115651/out/vs/workbench/api/node/extensionHostProcess.js:105:17156)
	at p.value (/home/abraham/.vscode-server/bin/1e790d77f81672c49be070e04474901747115651/out/vs/workbench/api/node/extensionHostProcess.js:105:15608)
	at n.y (/home/abraham/.vscode-server/bin/1e790d77f81672c49be070e04474901747115651/out/vs/workbench/api/node/extensionHostProcess.js:80:1902)
	at n.fire (/home/abraham/.vscode-server/bin/1e790d77f81672c49be070e04474901747115651/out/vs/workbench/api/node/extensionHostProcess.js:80:2119)
	at p.acceptChunk (/home/abraham/.vscode-server/bin/1e790d77f81672c49be070e04474901747115651/out/vs/workbench/api/node/extensionHostProcess.js:105:11865)
	at p.value (/home/abraham/.vscode-server/bin/1e790d77f81672c49be070e04474901747115651/out/vs/workbench/api/node/extensionHostProcess.js:105:11152)
	at n.y (/home/abraham/.vscode-server/bin/1e790d77f81672c49be070e04474901747115651/out/vs/workbench/api/node/extensionHostProcess.js:80:1902)
	at n.fire (/home/abraham/.vscode-server/bin/1e790d77f81672c49be070e04474901747115651/out/vs/workbench/api/node/extensionHostProcess.js:80:2119)
	at n.z (/home/abraham/.vscode-server/bin/1e790d77f81672c49be070e04474901747115651/out/vs/workbench/api/node/extensionHostProcess.js:170:19768)
	at n.acceptFrame (/home/abraham/.vscode-server/bin/1e790d77f81672c49be070e04474901747115651/out/vs/workbench/api/node/extensionHostProcess.js:170:19574)
	at i.n (/home/abraham/.vscode-server/bin/1e790d77f81672c49be070e04474901747115651/out/vs/workbench/api/node/extensionHostProcess.js:170:18073)
	at /home/abraham/.vscode-server/bin/1e790d77f81672c49be070e04474901747115651/out/vs/workbench/api/node/extensionHostProcess.js:170:15293
	at Socket.y (/home/abraham/.vscode-server/bin/1e790d77f81672c49be070e04474901747115651/out/vs/workbench/api/node/extensionHostProcess.js:170:13198)
	at Socket.emit (node:events:514:28)
	at addChunk (node:internal/streams/readable:324:12)
	at readableAddChunk (node:internal/streams/readable:297:9)
	at Readable.push (node:internal/streams/readable:234:10)
	at TCP.onStreamRead (node:internal/stream_base_commons:190:23) setContext undefined
2024-03-22 18:11:03.268 [info] Extension host with pid 1488 exiting with code 0
