2024-02-28 09:04:13.180 [info] Log level: Info
2024-02-28 09:04:13.180 [info] Validating found git in: "git"
2024-02-28 09:04:13.180 [info] Using git "2.43.0" from "git"
2024-02-28 09:04:13.180 [info] > git rev-parse --show-toplevel [14ms]
2024-02-28 09:04:13.180 [info] > git rev-parse --git-dir --git-common-dir [4ms]
2024-02-28 09:04:13.180 [info] Open repository: /home/abraham/css-exercises
2024-02-28 09:04:13.220 [info] > git rev-parse --show-toplevel [18ms]
2024-02-28 09:04:13.221 [info] > git config --get commit.template [27ms]
2024-02-28 09:04:13.242 [info] > git rev-parse --show-toplevel [12ms]
2024-02-28 09:04:13.260 [info] > git rev-parse --show-toplevel [11ms]
2024-02-28 09:04:13.275 [info] > git rev-parse --show-toplevel [4ms]
2024-02-28 09:04:13.285 [info] > git rev-parse --show-toplevel [2ms]
2024-02-28 09:04:13.293 [info] > git rev-parse --show-toplevel [2ms]
2024-02-28 09:04:13.317 [info] > git for-each-ref --format=%(refname)%00%(upstream:short)%00%(objectname)%00%(upstream:track)%00%(upstream:remotename)%00%(upstream:remoteref) refs/heads/main refs/remotes/main [78ms]
2024-02-28 09:04:13.343 [info] > git status -z -uall [10ms]
2024-02-28 09:04:13.366 [info] > git config --get commit.template [2ms]
2024-02-28 09:04:13.379 [info] > git for-each-ref --format=%(refname)%00%(upstream:short)%00%(objectname)%00%(upstream:track)%00%(upstream:remotename)%00%(upstream:remoteref) refs/heads/main refs/remotes/main [6ms]
2024-02-28 09:04:13.403 [info] > git status -z -uall [8ms]
2024-02-28 09:04:28.312 [info] > git merge-base refs/heads/main refs/remotes/origin/main [71ms]
2024-02-28 09:04:28.329 [info] > git rev-list --count --left-right refs/heads/main...refs/remotes/origin/main [7ms]
2024-02-28 09:04:29.368 [info] > git check-ignore -v -z --stdin [3ms]
2024-02-28 09:04:33.541 [info] > git check-ignore -v -z --stdin [12ms]
2024-02-28 09:04:38.114 [info] > git show --textconv :flex/05-flex-modal/index.html [21ms]
2024-02-28 09:04:38.120 [info] > git ls-files --stage -- /home/abraham/css-exercises/flex/05-flex-modal/index.html [8ms]
2024-02-28 09:04:38.147 [info] > git cat-file -s 3b4a06f2bcfadcb72c75ac9192bc8c57e54c502c [9ms]
2024-02-28 09:04:40.609 [info] > git show --textconv :flex/05-flex-modal/style.css [11ms]
2024-02-28 09:04:40.614 [info] > git ls-files --stage -- /home/abraham/css-exercises/flex/05-flex-modal/style.css [8ms]
2024-02-28 09:04:40.628 [info] > git cat-file -s 780b355ef3de2a0e13e0fa788790dd5c687ab74a [8ms]
2024-02-28 09:04:58.320 [info] > git check-ignore -v -z --stdin [4ms]
2024-02-28 09:05:02.192 [info] > git show --textconv :flex/05-flex-modal/index.html [23ms]
2024-02-28 09:05:02.195 [info] > git ls-files --stage -- /home/abraham/css-exercises/flex/05-flex-modal/index.html [14ms]
2024-02-28 09:05:02.205 [info] > git cat-file -s 3b4a06f2bcfadcb72c75ac9192bc8c57e54c502c [3ms]
2024-02-28 09:07:01.473 [info] > git show --textconv :flex/05-flex-modal/style.css [19ms]
2024-02-28 09:07:01.479 [info] > git ls-files --stage -- /home/abraham/css-exercises/flex/05-flex-modal/style.css [8ms]
2024-02-28 09:07:01.491 [info] > git cat-file -s 780b355ef3de2a0e13e0fa788790dd5c687ab74a [3ms]
2024-02-28 09:07:53.199 [info] > git show --textconv :flex/05-flex-modal/index.html [20ms]
2024-02-28 09:07:53.200 [info] > git ls-files --stage -- /home/abraham/css-exercises/flex/05-flex-modal/index.html [7ms]
2024-02-28 09:07:53.214 [info] > git cat-file -s 3b4a06f2bcfadcb72c75ac9192bc8c57e54c502c [5ms]
2024-02-28 09:08:07.188 [info] > git show --textconv :flex/05-flex-modal/style.css [14ms]
2024-02-28 09:08:07.193 [info] > git ls-files --stage -- /home/abraham/css-exercises/flex/05-flex-modal/style.css [9ms]
2024-02-28 09:08:07.211 [info] > git cat-file -s 780b355ef3de2a0e13e0fa788790dd5c687ab74a [4ms]
2024-02-28 09:09:16.840 [info] > git show --textconv :flex/05-flex-modal/index.html [29ms]
2024-02-28 09:09:16.845 [info] > git ls-files --stage -- /home/abraham/css-exercises/flex/05-flex-modal/index.html [11ms]
2024-02-28 09:09:16.863 [info] > git cat-file -s 3b4a06f2bcfadcb72c75ac9192bc8c57e54c502c [5ms]
2024-02-28 09:09:36.790 [info] > git show --textconv :flex/05-flex-modal/style.css [15ms]
2024-02-28 09:09:36.795 [info] > git ls-files --stage -- /home/abraham/css-exercises/flex/05-flex-modal/style.css [7ms]
2024-02-28 09:09:36.808 [info] > git cat-file -s 780b355ef3de2a0e13e0fa788790dd5c687ab74a [3ms]
2024-02-28 09:10:50.021 [info] > git show --textconv :flex/05-flex-modal/index.html [21ms]
2024-02-28 09:10:50.034 [info] > git ls-files --stage -- /home/abraham/css-exercises/flex/05-flex-modal/index.html [14ms]
2024-02-28 09:10:50.050 [info] > git cat-file -s 3b4a06f2bcfadcb72c75ac9192bc8c57e54c502c [5ms]
2024-02-28 09:10:51.499 [info] > git show --textconv :flex/05-flex-modal/style.css [22ms]
2024-02-28 09:10:51.503 [info] > git ls-files --stage -- /home/abraham/css-exercises/flex/05-flex-modal/style.css [10ms]
2024-02-28 09:10:51.520 [info] > git cat-file -s 780b355ef3de2a0e13e0fa788790dd5c687ab74a [5ms]
2024-02-28 09:11:46.264 [info] > git config --get commit.template [23ms]
2024-02-28 09:11:46.265 [info] > git for-each-ref --format=%(refname)%00%(upstream:short)%00%(objectname)%00%(upstream:track)%00%(upstream:remotename)%00%(upstream:remoteref) refs/heads/main refs/remotes/main [7ms]
2024-02-28 09:11:46.293 [info] > git status -z -uall [8ms]
2024-02-28 09:11:46.900 [info] > git show --textconv :flex/05-flex-modal/index.html [15ms]
2024-02-28 09:11:46.902 [info] > git ls-files --stage -- /home/abraham/css-exercises/flex/05-flex-modal/index.html [4ms]
2024-02-28 09:11:46.914 [info] > git cat-file -s 3b4a06f2bcfadcb72c75ac9192bc8c57e54c502c [2ms]
2024-02-28 09:13:01.741 [info] > git config --get commit.template [17ms]
2024-02-28 09:13:01.752 [info] > git ls-files --stage -- /home/abraham/css-exercises/flex/05-flex-modal/index.html [14ms]
2024-02-28 09:13:01.764 [info] > git for-each-ref --format=%(refname)%00%(upstream:short)%00%(objectname)%00%(upstream:track)%00%(upstream:remotename)%00%(upstream:remoteref) refs/heads/main refs/remotes/main [13ms]
2024-02-28 09:13:01.765 [info] > git cat-file -s 6be5f57c231af6866408f6a41193b48347619b31 [4ms]
2024-02-28 09:13:01.789 [info] > git status -z -uall [14ms]
2024-02-28 09:13:01.800 [info] > git show --textconv :flex/05-flex-modal/index.html [13ms]
2024-02-28 09:13:03.814 [info] > git merge-base refs/heads/main refs/remotes/origin/main [5ms]
2024-02-28 09:13:03.848 [info] > git rev-list --count --left-right refs/heads/main...refs/remotes/origin/main [10ms]
2024-02-28 09:13:32.093 [info] > git config --get commit.template [23ms]
2024-02-28 09:13:32.098 [info] > git for-each-ref --format=%(refname)%00%(upstream:short)%00%(objectname)%00%(upstream:track)%00%(upstream:remotename)%00%(upstream:remoteref) refs/heads/main refs/remotes/main [7ms]
2024-02-28 09:13:32.118 [info] > git status -z -uall [5ms]
2024-02-28 09:13:45.685 [info] > git check-ignore -v -z --stdin [3ms]
2024-02-28 09:13:48.438 [info] > git show --textconv :flex/06-flex-layout/index.html [14ms]
2024-02-28 09:13:48.440 [info] > git ls-files --stage -- /home/abraham/css-exercises/flex/06-flex-layout/index.html [4ms]
2024-02-28 09:13:48.454 [info] > git cat-file -s a05f14bb02576409f38dcfdb448633ebc02e73fe [5ms]
2024-02-28 09:13:48.852 [info] > git check-ignore -v -z --stdin [22ms]
2024-02-28 09:13:54.119 [info] > git check-ignore -v -z --stdin [2ms]
2024-02-28 09:13:54.572 [info] > git ls-files --stage -- /home/abraham/css-exercises/flex/06-flex-layout/style.css [2ms]
2024-02-28 09:13:54.620 [info] > git show --textconv :flex/06-flex-layout/style.css [63ms]
2024-02-28 09:13:54.621 [info] > git cat-file -s 743aa09f4ca1343d1327261d5ec078445cef13e7 [40ms]
2024-02-28 09:13:58.239 [info] > git show --textconv :flex/06-flex-layout/index.html [10ms]
2024-02-28 09:13:58.241 [info] > git ls-files --stage -- /home/abraham/css-exercises/flex/06-flex-layout/index.html [4ms]
2024-02-28 09:13:58.252 [info] > git cat-file -s a05f14bb02576409f38dcfdb448633ebc02e73fe [2ms]
2024-02-28 09:15:30.611 [info] > git show --textconv :flex/06-flex-layout/style.css [12ms]
2024-02-28 09:15:30.615 [info] > git ls-files --stage -- /home/abraham/css-exercises/flex/06-flex-layout/style.css [7ms]
2024-02-28 09:15:30.627 [info] > git cat-file -s 743aa09f4ca1343d1327261d5ec078445cef13e7 [3ms]
2024-02-28 09:15:36.687 [info] > git show --textconv :flex/06-flex-layout/index.html [16ms]
2024-02-28 09:15:36.691 [info] > git ls-files --stage -- /home/abraham/css-exercises/flex/06-flex-layout/index.html [4ms]
2024-02-28 09:15:36.706 [info] > git cat-file -s a05f14bb02576409f38dcfdb448633ebc02e73fe [3ms]
2024-02-28 09:15:44.843 [info] > git show --textconv :flex/06-flex-layout/style.css [18ms]
2024-02-28 09:15:44.846 [info] > git ls-files --stage -- /home/abraham/css-exercises/flex/06-flex-layout/style.css [10ms]
2024-02-28 09:15:44.862 [info] > git cat-file -s 743aa09f4ca1343d1327261d5ec078445cef13e7 [3ms]
2024-02-28 09:17:10.584 [info] > git show --textconv :flex/06-flex-layout/index.html [29ms]
2024-02-28 09:17:10.584 [info] > git show --textconv :flex/06-flex-layout/style.css [21ms]
2024-02-28 09:17:10.584 [info] > git ls-files --stage -- /home/abraham/css-exercises/flex/06-flex-layout/index.html [13ms]
2024-02-28 09:17:10.595 [info] > git cat-file -s a05f14bb02576409f38dcfdb448633ebc02e73fe [4ms]
2024-02-28 09:17:10.596 [info] > git ls-files --stage -- /home/abraham/css-exercises/flex/06-flex-layout/style.css [16ms]
2024-02-28 09:17:10.608 [info] > git cat-file -s 743aa09f4ca1343d1327261d5ec078445cef13e7 [5ms]
2024-02-28 09:33:47.520 [info] > git show --textconv :flex/06-flex-layout/style.css [7ms]
2024-02-28 09:33:47.523 [info] > git ls-files --stage -- /home/abraham/css-exercises/flex/06-flex-layout/style.css [3ms]
2024-02-28 09:33:47.532 [info] > git cat-file -s 743aa09f4ca1343d1327261d5ec078445cef13e7 [2ms]
2024-02-28 09:33:54.682 [info] > git show --textconv :flex/06-flex-layout/style.css [11ms]
2024-02-28 09:33:54.685 [info] > git ls-files --stage -- /home/abraham/css-exercises/flex/06-flex-layout/style.css [3ms]
2024-02-28 09:33:54.698 [info] > git cat-file -s 743aa09f4ca1343d1327261d5ec078445cef13e7 [3ms]
2024-02-28 09:33:56.199 [info] > git show --textconv :flex/06-flex-layout/index.html [10ms]
2024-02-28 09:33:56.201 [info] > git ls-files --stage -- /home/abraham/css-exercises/flex/06-flex-layout/index.html [3ms]
2024-02-28 09:33:56.214 [info] > git cat-file -s a05f14bb02576409f38dcfdb448633ebc02e73fe [2ms]
2024-02-28 09:33:59.547 [info] > git show --textconv :flex/06-flex-layout/style.css [14ms]
2024-02-28 09:33:59.550 [info] > git ls-files --stage -- /home/abraham/css-exercises/flex/06-flex-layout/style.css [6ms]
2024-02-28 09:33:59.564 [info] > git cat-file -s 743aa09f4ca1343d1327261d5ec078445cef13e7 [4ms]
2024-02-28 09:34:02.070 [info] > git show --textconv :flex/06-flex-layout/index.html [34ms]
2024-02-28 09:34:02.070 [info] > git show --textconv :flex/06-flex-layout/style.css [22ms]
2024-02-28 09:34:02.071 [info] > git ls-files --stage -- /home/abraham/css-exercises/flex/06-flex-layout/index.html [13ms]
2024-02-28 09:34:02.082 [info] > git cat-file -s a05f14bb02576409f38dcfdb448633ebc02e73fe [4ms]
2024-02-28 09:34:02.083 [info] > git ls-files --stage -- /home/abraham/css-exercises/flex/06-flex-layout/style.css [15ms]
2024-02-28 09:34:02.092 [info] > git cat-file -s 743aa09f4ca1343d1327261d5ec078445cef13e7 [3ms]
2024-02-28 09:54:08.147 [info] > git config --get commit.template [36ms]
2024-02-28 09:54:08.150 [info] > git ls-files --stage -- /home/abraham/css-exercises/flex/06-flex-layout/style.css [6ms]
2024-02-28 09:54:08.174 [info] > git ls-files --stage -- /home/abraham/css-exercises/flex/06-flex-layout/index.html [43ms]
2024-02-28 09:54:08.202 [info] > git cat-file -s b41c3c4d706354bb26caba10f7fe3dc90a705461 [30ms]
2024-02-28 09:54:08.204 [info] > git for-each-ref --format=%(refname)%00%(upstream:short)%00%(objectname)%00%(upstream:track)%00%(upstream:remotename)%00%(upstream:remoteref) refs/heads/main refs/remotes/main [4ms]
2024-02-28 09:54:08.205 [info] > git cat-file -s a05f14bb02576409f38dcfdb448633ebc02e73fe [17ms]
2024-02-28 09:54:08.249 [info] > git status -z -uall [24ms]
2024-02-28 09:54:08.249 [info] > git show --textconv :flex/06-flex-layout/style.css [13ms]
2024-02-28 09:54:08.268 [info] > git show --textconv :flex/06-flex-layout/index.html [21ms]
2024-02-28 09:54:13.301 [info] > git config --get commit.template [16ms]
2024-02-28 09:54:13.304 [info] > git for-each-ref --format=%(refname)%00%(upstream:short)%00%(objectname)%00%(upstream:track)%00%(upstream:remotename)%00%(upstream:remoteref) refs/heads/main refs/remotes/main [8ms]
2024-02-28 09:54:13.328 [info] > git status -z -uall [9ms]
2024-02-28 09:54:21.509 [info] > git check-ignore -v -z --stdin [2ms]
2024-02-28 09:54:23.900 [info] > git ls-files --stage -- /home/abraham/css-exercises/flex/07-flex-layout-2/index.html [9ms]
2024-02-28 09:54:23.939 [info] > git show --textconv :flex/07-flex-layout-2/index.html [71ms]
2024-02-28 09:54:23.940 [info] > git cat-file -s 85c1d0b75caed03383c60b7282620b592a3d5127 [27ms]
2024-02-28 09:54:29.783 [info] > git show --textconv :flex/07-flex-layout-2/style.css [16ms]
2024-02-28 09:54:29.785 [info] > git ls-files --stage -- /home/abraham/css-exercises/flex/07-flex-layout-2/style.css [4ms]
2024-02-28 09:54:29.800 [info] > git cat-file -s 6caf04c79451489cc708102360331bdf31d6da98 [3ms]
2024-02-28 09:54:31.774 [info] > git show --textconv :flex/07-flex-layout-2/index.html [20ms]
2024-02-28 09:54:31.776 [info] > git ls-files --stage -- /home/abraham/css-exercises/flex/07-flex-layout-2/index.html [7ms]
2024-02-28 09:54:31.789 [info] > git cat-file -s 85c1d0b75caed03383c60b7282620b592a3d5127 [3ms]
2024-02-28 10:06:18.448 [info] > git show --textconv :flex/07-flex-layout-2/style.css [25ms]
2024-02-28 10:06:18.463 [info] > git ls-files --stage -- /home/abraham/css-exercises/flex/07-flex-layout-2/style.css [15ms]
2024-02-28 10:06:18.490 [info] > git cat-file -s 6caf04c79451489cc708102360331bdf31d6da98 [7ms]
2024-02-28 10:06:21.187 [info] > git show --textconv :flex/07-flex-layout-2/index.html [43ms]
2024-02-28 10:06:21.188 [info] > git show --textconv :flex/07-flex-layout-2/style.css [30ms]
2024-02-28 10:06:21.188 [info] > git ls-files --stage -- /home/abraham/css-exercises/flex/07-flex-layout-2/index.html [15ms]
2024-02-28 10:06:21.201 [info] > git cat-file -s 85c1d0b75caed03383c60b7282620b592a3d5127 [3ms]
2024-02-28 10:06:21.201 [info] > git ls-files --stage -- /home/abraham/css-exercises/flex/07-flex-layout-2/style.css [17ms]
2024-02-28 10:06:21.211 [info] > git cat-file -s 6caf04c79451489cc708102360331bdf31d6da98 [2ms]
