2024-03-08 09:24:19.456 [info] Extension host with pid 680 started
2024-03-08 09:24:19.502 [info] Lock '/home/abraham/.vscode-server/data/User/workspaceStorage/faeb5d17a8df12c89dfdd06dfdbf8e9d/vscode.lock': Lock acquired.
2024-03-08 09:24:19.658 [info] ExtensionService#_doActivateExtension vscode.git-base, startup: true, activationEvent: '*', root cause: vscode.git
2024-03-08 09:24:19.912 [info] ExtensionService#_doActivateExtension vscode.git, startup: true, activationEvent: '*'
2024-03-08 09:24:19.912 [info] ExtensionService#_doActivateExtension vscode.github, startup: true, activationEvent: '*'
2024-03-08 09:24:20.237 [info] Eager extensions activated
2024-03-08 09:24:20.238 [info] ExtensionService#_doActivateExtension vscode.debug-auto-launch, startup: false, activationEvent: 'onStartupFinished'
2024-03-08 09:24:20.239 [info] ExtensionService#_doActivateExtension vscode.merge-conflict, startup: false, activationEvent: 'onStartupFinished'
2024-03-08 09:24:20.241 [info] ExtensionService#_doActivateExtension bradlc.vscode-tailwindcss, startup: false, activationEvent: 'onStartupFinished'
2024-03-08 09:24:20.242 [info] ExtensionService#_doActivateExtension formulahendry.code-runner, startup: false, activationEvent: 'onStartupFinished'
2024-03-08 09:24:20.244 [info] ExtensionService#_doActivateExtension ritwickdey.LiveServer, startup: false, activationEvent: 'onStartupFinished'
2024-03-08 09:24:28.906 [warning] [Decorations] CAPPING events from decorations provider vscode.git 10000
2024-03-08 09:24:29.981 [warning] [Decorations] CAPPING events from decorations provider vscode.git 10002
2024-03-08 09:24:34.122 [warning] [Decorations] CAPPING events from decorations provider vscode.git 9987
2024-03-08 09:24:39.341 [warning] [Decorations] CAPPING events from decorations provider vscode.git 9987
2024-03-08 09:24:40.907 [info] ExtensionService#_doActivateExtension vscode.emmet, startup: false, activationEvent: 'onLanguage'
2024-03-08 09:24:49.382 [warning] [Decorations] CAPPING events from decorations provider vscode.git 9987
2024-03-08 09:24:54.380 [warning] [Decorations] CAPPING events from decorations provider vscode.git 9987
2024-03-08 09:24:59.572 [warning] [Decorations] CAPPING events from decorations provider vscode.git 9987
2024-03-08 09:25:04.461 [warning] [Decorations] CAPPING events from decorations provider vscode.git 9987
2024-03-08 09:25:06.837 [warning] [Decorations] CAPPING events from decorations provider vscode.git 9987
2024-03-08 09:27:44.444 [warning] [Decorations] CAPPING events from decorations provider vscode.git 9987
2024-03-08 09:27:49.634 [warning] [Decorations] CAPPING events from decorations provider vscode.git 9988
2024-03-08 09:27:56.071 [warning] [Decorations] CAPPING events from decorations provider vscode.git 9988
2024-03-08 09:28:01.279 [warning] [Decorations] CAPPING events from decorations provider vscode.git 9988
2024-03-08 09:28:06.532 [warning] [Decorations] CAPPING events from decorations provider vscode.git 9988
2024-03-08 09:28:10.298 [info] ExtensionService#_doActivateExtension vscode.npm, startup: false, activationEvent: 'onTerminalQuickFixRequest:ms-vscode.npm-command'
2024-03-08 09:28:11.833 [warning] [Decorations] CAPPING events from decorations provider vscode.git 9988
2024-03-08 09:28:17.047 [warning] [Decorations] CAPPING events from decorations provider vscode.git 9988
2024-03-08 09:28:26.296 [warning] [Decorations] CAPPING events from decorations provider vscode.git 9988
2024-03-08 09:28:31.607 [warning] [Decorations] CAPPING events from decorations provider vscode.git 9988
2024-03-08 09:28:38.056 [warning] [Decorations] CAPPING events from decorations provider vscode.git 9988
2024-03-08 09:28:43.284 [warning] [Decorations] CAPPING events from decorations provider vscode.git 9988
2024-03-08 09:28:48.500 [warning] [Decorations] CAPPING events from decorations provider vscode.git 9988
2024-03-08 09:28:53.679 [warning] [Decorations] CAPPING events from decorations provider vscode.git 9988
2024-03-08 09:28:58.866 [warning] [Decorations] CAPPING events from decorations provider vscode.git 9988
2024-03-08 09:29:04.046 [warning] [Decorations] CAPPING events from decorations provider vscode.git 9988
2024-03-08 09:29:09.236 [warning] [Decorations] CAPPING events from decorations provider vscode.git 9988
2024-03-08 09:29:14.428 [warning] [Decorations] CAPPING events from decorations provider vscode.git 9988
2024-03-08 09:29:19.652 [warning] [Decorations] CAPPING events from decorations provider vscode.git 9988
2024-03-08 09:29:24.836 [warning] [Decorations] CAPPING events from decorations provider vscode.git 9988
2024-03-08 09:29:30.049 [warning] [Decorations] CAPPING events from decorations provider vscode.git 9988
2024-03-08 09:29:35.249 [warning] [Decorations] CAPPING events from decorations provider vscode.git 9988
2024-03-08 09:29:40.455 [warning] [Decorations] CAPPING events from decorations provider vscode.git 9988
2024-03-08 09:29:45.724 [warning] [Decorations] CAPPING events from decorations provider vscode.git 9988
2024-03-08 09:29:50.934 [warning] [Decorations] CAPPING events from decorations provider vscode.git 9988
2024-03-08 09:29:56.156 [warning] [Decorations] CAPPING events from decorations provider vscode.git 9988
2024-03-08 09:30:01.369 [warning] [Decorations] CAPPING events from decorations provider vscode.git 9988
2024-03-08 09:30:06.591 [warning] [Decorations] CAPPING events from decorations provider vscode.git 9988
2024-03-08 09:30:11.797 [warning] [Decorations] CAPPING events from decorations provider vscode.git 9988
2024-03-08 09:30:17.042 [warning] [Decorations] CAPPING events from decorations provider vscode.git 9988
2024-03-08 09:30:22.478 [warning] [Decorations] CAPPING events from decorations provider vscode.git 9988
2024-03-08 09:30:27.716 [warning] [Decorations] CAPPING events from decorations provider vscode.git 9988
2024-03-08 09:30:32.937 [warning] [Decorations] CAPPING events from decorations provider vscode.git 9988
2024-03-08 09:30:38.140 [warning] [Decorations] CAPPING events from decorations provider vscode.git 9988
2024-03-08 09:30:43.401 [warning] [Decorations] CAPPING events from decorations provider vscode.git 9988
2024-03-08 09:30:48.615 [warning] [Decorations] CAPPING events from decorations provider vscode.git 9988
2024-03-08 09:30:53.809 [warning] [Decorations] CAPPING events from decorations provider vscode.git 9988
2024-03-08 09:30:59.034 [warning] [Decorations] CAPPING events from decorations provider vscode.git 9989
2024-03-08 09:31:04.237 [warning] [Decorations] CAPPING events from decorations provider vscode.git 9989
2024-03-08 09:31:09.443 [warning] [Decorations] CAPPING events from decorations provider vscode.git 9989
2024-03-08 09:31:14.648 [warning] [Decorations] CAPPING events from decorations provider vscode.git 9989
2024-03-08 09:31:19.849 [warning] [Decorations] CAPPING events from decorations provider vscode.git 9990
2024-03-08 09:31:25.045 [warning] [Decorations] CAPPING events from decorations provider vscode.git 9990
2024-03-08 09:31:30.241 [warning] [Decorations] CAPPING events from decorations provider vscode.git 9990
2024-03-08 09:31:35.439 [warning] [Decorations] CAPPING events from decorations provider vscode.git 9990
2024-03-08 09:31:40.650 [warning] [Decorations] CAPPING events from decorations provider vscode.git 9990
2024-03-08 09:31:45.871 [warning] [Decorations] CAPPING events from decorations provider vscode.git 9990
2024-03-08 09:31:51.075 [warning] [Decorations] CAPPING events from decorations provider vscode.git 9990
2024-03-08 09:31:56.287 [warning] [Decorations] CAPPING events from decorations provider vscode.git 9990
2024-03-08 09:32:01.510 [warning] [Decorations] CAPPING events from decorations provider vscode.git 9990
2024-03-08 09:32:06.708 [warning] [Decorations] CAPPING events from decorations provider vscode.git 9990
2024-03-08 09:32:11.909 [warning] [Decorations] CAPPING events from decorations provider vscode.git 9990
2024-03-08 09:32:17.103 [warning] [Decorations] CAPPING events from decorations provider vscode.git 9990
2024-03-08 09:32:22.301 [warning] [Decorations] CAPPING events from decorations provider vscode.git 9990
2024-03-08 09:32:27.503 [warning] [Decorations] CAPPING events from decorations provider vscode.git 9990
2024-03-08 09:32:32.729 [warning] [Decorations] CAPPING events from decorations provider vscode.git 9990
2024-03-08 09:32:37.942 [warning] [Decorations] CAPPING events from decorations provider vscode.git 9990
2024-03-08 09:32:43.147 [warning] [Decorations] CAPPING events from decorations provider vscode.git 9990
2024-03-08 09:32:48.371 [warning] [Decorations] CAPPING events from decorations provider vscode.git 9990
2024-03-08 09:32:53.591 [warning] [Decorations] CAPPING events from decorations provider vscode.git 9990
2024-03-08 09:32:58.790 [warning] [Decorations] CAPPING events from decorations provider vscode.git 9991
2024-03-08 09:33:03.995 [warning] [Decorations] CAPPING events from decorations provider vscode.git 9991
2024-03-08 09:33:09.230 [warning] [Decorations] CAPPING events from decorations provider vscode.git 9993
2024-03-08 09:33:14.449 [warning] [Decorations] CAPPING events from decorations provider vscode.git 9993
2024-03-08 09:33:19.657 [warning] [Decorations] CAPPING events from decorations provider vscode.git 9993
2024-03-08 09:33:24.887 [warning] [Decorations] CAPPING events from decorations provider vscode.git 9993
2024-03-08 09:33:30.097 [warning] [Decorations] CAPPING events from decorations provider vscode.git 9993
2024-03-08 09:33:35.312 [warning] [Decorations] CAPPING events from decorations provider vscode.git 9993
2024-03-08 09:34:00.341 [warning] [Decorations] CAPPING events from decorations provider vscode.git 9993
2024-03-08 09:34:01.645 [warning] [Decorations] CAPPING events from decorations provider vscode.git 9993
2024-03-08 09:34:07.023 [warning] [Decorations] CAPPING events from decorations provider vscode.git 9993
2024-03-08 09:34:12.406 [warning] [Decorations] CAPPING events from decorations provider vscode.git 9993
2024-03-08 09:34:33.468 [warning] [Decorations] CAPPING events from decorations provider vscode.git 9993
2024-03-08 09:35:22.601 [warning] [Decorations] CAPPING events from decorations provider vscode.git 9993
