2024-03-09 21:00:29.094 [info] Log level: Info
2024-03-09 21:00:29.094 [info] Validating found git in: "git"
2024-03-09 21:00:29.094 [info] Using git "2.43.0" from "git"
2024-03-09 21:00:29.094 [info] > git rev-parse --show-toplevel [24ms]
2024-03-09 21:00:29.094 [info] > git rev-parse --git-dir --git-common-dir [48ms]
2024-03-09 21:00:29.094 [info] Open repository: /home/abraham/landing_page
2024-03-09 21:00:29.151 [info] > git config --get commit.template [38ms]
2024-03-09 21:00:29.225 [info] > git for-each-ref --format=%(refname)%00%(upstream:short)%00%(objectname)%00%(upstream:track)%00%(upstream:remotename)%00%(upstream:remoteref) refs/heads/main refs/remotes/main [60ms]
2024-03-09 21:00:29.259 [info] > git status -z -uall [20ms]
2024-03-09 21:00:29.297 [info] > git config --get commit.template [5ms]
2024-03-09 21:00:29.365 [info] > git for-each-ref --format=%(refname)%00%(upstream:short)%00%(objectname)%00%(upstream:track)%00%(upstream:remotename)%00%(upstream:remoteref) refs/heads/main refs/remotes/main [50ms]
2024-03-09 21:00:29.380 [info] > git status -z -uall [3ms]
2024-03-09 21:00:29.768 [info] > git show --textconv :index.html [96ms]
2024-03-09 21:00:29.768 [info] > git show --textconv :styles.css [88ms]
2024-03-09 21:00:29.769 [info] > git ls-files --stage -- /home/abraham/landing_page/index.html [80ms]
2024-03-09 21:00:29.798 [info] > git check-ignore -v -z --stdin [5ms]
2024-03-09 21:00:29.800 [info] > git cat-file -s 637203749372e3d3e3f72e8e8790c0b9cc4ababb [21ms]
2024-03-09 21:00:29.801 [info] > git ls-files --stage -- /home/abraham/landing_page/styles.css [102ms]
2024-03-09 21:00:29.815 [info] > git cat-file -s 92f09fd7c1e2c3ad80c9fb2560ffa16236238f7c [6ms]
2024-03-09 21:00:53.292 [info] > git show --textconv :styles.css [10ms]
2024-03-09 21:00:53.293 [info] > git ls-files --stage -- /home/abraham/landing_page/styles.css [3ms]
2024-03-09 21:00:53.306 [info] > git cat-file -s 92f09fd7c1e2c3ad80c9fb2560ffa16236238f7c [3ms]
2024-03-09 21:00:58.808 [info] > git show --textconv :index.html [16ms]
2024-03-09 21:00:58.812 [info] > git ls-files --stage -- /home/abraham/landing_page/index.html [5ms]
2024-03-09 21:00:58.824 [info] > git cat-file -s 637203749372e3d3e3f72e8e8790c0b9cc4ababb [3ms]
2024-03-09 21:01:03.844 [info] > git show --textconv :styles.css [14ms]
2024-03-09 21:01:03.847 [info] > git ls-files --stage -- /home/abraham/landing_page/styles.css [4ms]
2024-03-09 21:01:03.860 [info] > git cat-file -s 92f09fd7c1e2c3ad80c9fb2560ffa16236238f7c [4ms]
2024-03-09 21:02:11.830 [info] > git show --textconv :index.html [24ms]
2024-03-09 21:02:11.832 [info] > git ls-files --stage -- /home/abraham/landing_page/index.html [8ms]
2024-03-09 21:02:11.855 [info] > git cat-file -s 637203749372e3d3e3f72e8e8790c0b9cc4ababb [7ms]
2024-03-09 21:02:24.673 [info] > git show --textconv :styles.css [16ms]
2024-03-09 21:02:24.676 [info] > git ls-files --stage -- /home/abraham/landing_page/styles.css [6ms]
2024-03-09 21:02:24.686 [info] > git cat-file -s 92f09fd7c1e2c3ad80c9fb2560ffa16236238f7c [3ms]
2024-03-09 21:03:12.442 [info] > git show --textconv :index.html [12ms]
2024-03-09 21:03:12.444 [info] > git ls-files --stage -- /home/abraham/landing_page/index.html [4ms]
2024-03-09 21:03:12.458 [info] > git cat-file -s 637203749372e3d3e3f72e8e8790c0b9cc4ababb [3ms]
2024-03-09 21:03:25.946 [info] > git show --textconv :styles.css [10ms]
2024-03-09 21:03:25.949 [info] > git ls-files --stage -- /home/abraham/landing_page/styles.css [3ms]
2024-03-09 21:03:25.961 [info] > git cat-file -s 92f09fd7c1e2c3ad80c9fb2560ffa16236238f7c [4ms]
2024-03-09 21:04:05.030 [info] > git show --textconv :index.html [15ms]
2024-03-09 21:04:05.032 [info] > git ls-files --stage -- /home/abraham/landing_page/index.html [4ms]
2024-03-09 21:04:05.047 [info] > git cat-file -s 637203749372e3d3e3f72e8e8790c0b9cc4ababb [3ms]
2024-03-09 21:04:24.179 [info] > git show --textconv :styles.css [17ms]
2024-03-09 21:04:24.181 [info] > git ls-files --stage -- /home/abraham/landing_page/styles.css [8ms]
2024-03-09 21:04:24.194 [info] > git cat-file -s 92f09fd7c1e2c3ad80c9fb2560ffa16236238f7c [3ms]
2024-03-09 21:06:31.973 [info] > git show --textconv :index.html [13ms]
2024-03-09 21:06:31.975 [info] > git ls-files --stage -- /home/abraham/landing_page/index.html [4ms]
2024-03-09 21:06:31.987 [info] > git cat-file -s 637203749372e3d3e3f72e8e8790c0b9cc4ababb [3ms]
2024-03-09 21:06:44.354 [info] > git show --textconv :styles.css [19ms]
2024-03-09 21:06:44.358 [info] > git ls-files --stage -- /home/abraham/landing_page/styles.css [6ms]
2024-03-09 21:06:44.371 [info] > git cat-file -s 92f09fd7c1e2c3ad80c9fb2560ffa16236238f7c [3ms]
2024-03-09 21:07:25.876 [info] > git show --textconv :index.html [7ms]
2024-03-09 21:07:25.878 [info] > git ls-files --stage -- /home/abraham/landing_page/index.html [2ms]
2024-03-09 21:07:25.886 [info] > git cat-file -s 637203749372e3d3e3f72e8e8790c0b9cc4ababb [1ms]
2024-03-09 21:07:30.969 [info] > git show --textconv :styles.css [13ms]
2024-03-09 21:07:30.971 [info] > git ls-files --stage -- /home/abraham/landing_page/styles.css [4ms]
2024-03-09 21:07:30.984 [info] > git cat-file -s 92f09fd7c1e2c3ad80c9fb2560ffa16236238f7c [2ms]
2024-03-09 21:11:55.517 [info] > git show --textconv :index.html [16ms]
2024-03-09 21:11:55.520 [info] > git ls-files --stage -- /home/abraham/landing_page/index.html [3ms]
2024-03-09 21:11:55.539 [info] > git cat-file -s 637203749372e3d3e3f72e8e8790c0b9cc4ababb [3ms]
2024-03-09 21:13:28.551 [info] > git show --textconv :styles.css [15ms]
2024-03-09 21:13:28.554 [info] > git ls-files --stage -- /home/abraham/landing_page/styles.css [5ms]
2024-03-09 21:13:28.566 [info] > git cat-file -s 92f09fd7c1e2c3ad80c9fb2560ffa16236238f7c [3ms]
2024-03-09 21:14:26.364 [info] > git show --textconv :index.html [17ms]
2024-03-09 21:14:26.366 [info] > git ls-files --stage -- /home/abraham/landing_page/index.html [6ms]
2024-03-09 21:14:26.378 [info] > git cat-file -s 637203749372e3d3e3f72e8e8790c0b9cc4ababb [3ms]
2024-03-09 21:20:41.756 [info] > git show --textconv :styles.css [20ms]
2024-03-09 21:20:41.762 [info] > git ls-files --stage -- /home/abraham/landing_page/styles.css [7ms]
2024-03-09 21:20:41.787 [info] > git cat-file -s 92f09fd7c1e2c3ad80c9fb2560ffa16236238f7c [8ms]
2024-03-09 21:21:12.788 [info] > git show --textconv :index.html [11ms]
2024-03-09 21:21:12.789 [info] > git ls-files --stage -- /home/abraham/landing_page/index.html [2ms]
2024-03-09 21:21:12.800 [info] > git cat-file -s 637203749372e3d3e3f72e8e8790c0b9cc4ababb [3ms]
2024-03-09 21:21:26.782 [info] > git show --textconv :styles.css [11ms]
2024-03-09 21:21:26.784 [info] > git ls-files --stage -- /home/abraham/landing_page/styles.css [3ms]
2024-03-09 21:21:26.796 [info] > git cat-file -s 92f09fd7c1e2c3ad80c9fb2560ffa16236238f7c [3ms]
2024-03-09 21:23:10.594 [info] > git show --textconv :index.html [18ms]
2024-03-09 21:23:10.598 [info] > git ls-files --stage -- /home/abraham/landing_page/index.html [10ms]
2024-03-09 21:23:10.616 [info] > git cat-file -s 637203749372e3d3e3f72e8e8790c0b9cc4ababb [7ms]
2024-03-09 21:23:17.424 [info] > git show --textconv :styles.css [11ms]
2024-03-09 21:23:17.426 [info] > git ls-files --stage -- /home/abraham/landing_page/styles.css [2ms]
2024-03-09 21:23:17.438 [info] > git cat-file -s 92f09fd7c1e2c3ad80c9fb2560ffa16236238f7c [3ms]
2024-03-09 21:25:03.867 [info] > git show --textconv :index.html [15ms]
2024-03-09 21:25:03.870 [info] > git ls-files --stage -- /home/abraham/landing_page/index.html [4ms]
2024-03-09 21:25:03.885 [info] > git cat-file -s 637203749372e3d3e3f72e8e8790c0b9cc4ababb [6ms]
2024-03-09 21:25:13.285 [info] > git show --textconv :styles.css [15ms]
2024-03-09 21:25:13.286 [info] > git ls-files --stage -- /home/abraham/landing_page/styles.css [5ms]
2024-03-09 21:25:13.302 [info] > git cat-file -s 92f09fd7c1e2c3ad80c9fb2560ffa16236238f7c [3ms]
2024-03-09 21:25:25.449 [info] > git show --textconv :index.html [14ms]
2024-03-09 21:25:25.454 [info] > git ls-files --stage -- /home/abraham/landing_page/index.html [6ms]
2024-03-09 21:25:25.475 [info] > git cat-file -s 637203749372e3d3e3f72e8e8790c0b9cc4ababb [5ms]
2024-03-09 21:25:27.861 [info] > git show --textconv :styles.css [13ms]
2024-03-09 21:25:27.864 [info] > git ls-files --stage -- /home/abraham/landing_page/styles.css [3ms]
2024-03-09 21:25:27.877 [info] > git cat-file -s 92f09fd7c1e2c3ad80c9fb2560ffa16236238f7c [3ms]
2024-03-09 21:26:03.630 [info] > git show --textconv :index.html [12ms]
2024-03-09 21:26:03.632 [info] > git ls-files --stage -- /home/abraham/landing_page/index.html [4ms]
2024-03-09 21:26:03.645 [info] > git cat-file -s 637203749372e3d3e3f72e8e8790c0b9cc4ababb [3ms]
2024-03-09 21:26:10.936 [info] > git show --textconv :styles.css [15ms]
2024-03-09 21:26:10.938 [info] > git ls-files --stage -- /home/abraham/landing_page/styles.css [4ms]
2024-03-09 21:26:10.951 [info] > git cat-file -s 92f09fd7c1e2c3ad80c9fb2560ffa16236238f7c [3ms]
2024-03-09 21:29:27.015 [info] > git show --textconv :index.html [15ms]
2024-03-09 21:29:27.017 [info] > git ls-files --stage -- /home/abraham/landing_page/index.html [5ms]
2024-03-09 21:29:27.026 [info] > git cat-file -s 637203749372e3d3e3f72e8e8790c0b9cc4ababb [2ms]
2024-03-09 21:30:03.977 [info] > git show --textconv :styles.css [16ms]
2024-03-09 21:30:03.978 [info] > git ls-files --stage -- /home/abraham/landing_page/styles.css [3ms]
2024-03-09 21:30:03.989 [info] > git cat-file -s 92f09fd7c1e2c3ad80c9fb2560ffa16236238f7c [2ms]
2024-03-09 21:30:15.830 [info] > git show --textconv :index.html [17ms]
2024-03-09 21:30:15.832 [info] > git ls-files --stage -- /home/abraham/landing_page/index.html [6ms]
2024-03-09 21:30:15.845 [info] > git cat-file -s 637203749372e3d3e3f72e8e8790c0b9cc4ababb [3ms]
2024-03-09 21:30:35.049 [info] > git show --textconv :styles.css [9ms]
2024-03-09 21:30:35.050 [info] > git ls-files --stage -- /home/abraham/landing_page/styles.css [2ms]
2024-03-09 21:30:35.061 [info] > git cat-file -s 92f09fd7c1e2c3ad80c9fb2560ffa16236238f7c [2ms]
2024-03-09 21:30:37.099 [info] > git show --textconv :index.html [18ms]
2024-03-09 21:30:37.101 [info] > git ls-files --stage -- /home/abraham/landing_page/index.html [8ms]
2024-03-09 21:30:37.116 [info] > git cat-file -s 637203749372e3d3e3f72e8e8790c0b9cc4ababb [3ms]
2024-03-09 21:30:39.588 [info] > git show --textconv :styles.css [16ms]
2024-03-09 21:30:39.590 [info] > git ls-files --stage -- /home/abraham/landing_page/styles.css [4ms]
2024-03-09 21:30:39.599 [info] > git cat-file -s 92f09fd7c1e2c3ad80c9fb2560ffa16236238f7c [3ms]
2024-03-09 21:32:18.534 [info] > git show --textconv :index.html [16ms]
2024-03-09 21:32:18.535 [info] > git ls-files --stage -- /home/abraham/landing_page/index.html [8ms]
2024-03-09 21:32:18.546 [info] > git cat-file -s 637203749372e3d3e3f72e8e8790c0b9cc4ababb [2ms]
2024-03-09 21:32:46.012 [info] > git show --textconv :styles.css [22ms]
2024-03-09 21:32:46.014 [info] > git ls-files --stage -- /home/abraham/landing_page/styles.css [5ms]
2024-03-09 21:32:46.030 [info] > git cat-file -s 92f09fd7c1e2c3ad80c9fb2560ffa16236238f7c [5ms]
2024-03-09 21:34:49.675 [info] > git show --textconv :index.html [21ms]
2024-03-09 21:34:49.679 [info] > git ls-files --stage -- /home/abraham/landing_page/index.html [6ms]
2024-03-09 21:34:49.706 [info] > git cat-file -s 637203749372e3d3e3f72e8e8790c0b9cc4ababb [10ms]
2024-03-09 21:35:05.144 [info] > git show --textconv :styles.css [25ms]
2024-03-09 21:35:05.149 [info] > git ls-files --stage -- /home/abraham/landing_page/styles.css [9ms]
2024-03-09 21:35:05.187 [info] > git cat-file -s 92f09fd7c1e2c3ad80c9fb2560ffa16236238f7c [11ms]
2024-03-09 21:35:13.427 [info] > git show --textconv :index.html [11ms]
2024-03-09 21:35:13.429 [info] > git ls-files --stage -- /home/abraham/landing_page/index.html [3ms]
2024-03-09 21:35:13.442 [info] > git cat-file -s 637203749372e3d3e3f72e8e8790c0b9cc4ababb [4ms]
2024-03-09 21:35:24.996 [info] > git show --textconv :styles.css [10ms]
2024-03-09 21:35:24.998 [info] > git ls-files --stage -- /home/abraham/landing_page/styles.css [2ms]
2024-03-09 21:35:25.008 [info] > git cat-file -s 92f09fd7c1e2c3ad80c9fb2560ffa16236238f7c [2ms]
2024-03-09 21:41:57.326 [info] > git show --textconv :index.html [12ms]
2024-03-09 21:41:57.329 [info] > git ls-files --stage -- /home/abraham/landing_page/index.html [3ms]
2024-03-09 21:41:57.340 [info] > git cat-file -s 637203749372e3d3e3f72e8e8790c0b9cc4ababb [2ms]
2024-03-09 21:47:27.317 [info] > git show --textconv :styles.css [14ms]
2024-03-09 21:47:27.320 [info] > git ls-files --stage -- /home/abraham/landing_page/styles.css [6ms]
2024-03-09 21:47:27.332 [info] > git cat-file -s 92f09fd7c1e2c3ad80c9fb2560ffa16236238f7c [2ms]
2024-03-09 21:49:43.129 [info] > git show --textconv :index.html [9ms]
2024-03-09 21:49:43.131 [info] > git ls-files --stage -- /home/abraham/landing_page/index.html [2ms]
2024-03-09 21:49:43.141 [info] > git cat-file -s 637203749372e3d3e3f72e8e8790c0b9cc4ababb [2ms]
2024-03-09 21:49:53.270 [info] > git show --textconv :styles.css [13ms]
2024-03-09 21:49:53.276 [info] > git ls-files --stage -- /home/abraham/landing_page/styles.css [7ms]
2024-03-09 21:49:53.294 [info] > git cat-file -s 92f09fd7c1e2c3ad80c9fb2560ffa16236238f7c [2ms]
2024-03-09 21:53:22.564 [info] > git show --textconv :index.html [10ms]
2024-03-09 21:53:22.566 [info] > git ls-files --stage -- /home/abraham/landing_page/index.html [3ms]
2024-03-09 21:53:22.578 [info] > git cat-file -s 637203749372e3d3e3f72e8e8790c0b9cc4ababb [2ms]
2024-03-09 21:53:39.571 [info] > git show --textconv :styles.css [13ms]
2024-03-09 21:53:39.574 [info] > git ls-files --stage -- /home/abraham/landing_page/styles.css [4ms]
2024-03-09 21:53:39.588 [info] > git cat-file -s 92f09fd7c1e2c3ad80c9fb2560ffa16236238f7c [2ms]
2024-03-09 21:54:00.161 [info] > git show --textconv :index.html [18ms]
2024-03-09 21:54:00.164 [info] > git ls-files --stage -- /home/abraham/landing_page/index.html [5ms]
2024-03-09 21:54:00.191 [info] > git cat-file -s 637203749372e3d3e3f72e8e8790c0b9cc4ababb [9ms]
2024-03-09 21:58:25.931 [info] > git show --textconv :styles.css [16ms]
2024-03-09 21:58:25.933 [info] > git ls-files --stage -- /home/abraham/landing_page/styles.css [5ms]
2024-03-09 21:58:25.949 [info] > git cat-file -s 92f09fd7c1e2c3ad80c9fb2560ffa16236238f7c [4ms]
2024-03-09 21:58:46.589 [info] > git show --textconv :index.html [16ms]
2024-03-09 21:58:46.593 [info] > git ls-files --stage -- /home/abraham/landing_page/index.html [6ms]
2024-03-09 21:58:46.607 [info] > git cat-file -s 637203749372e3d3e3f72e8e8790c0b9cc4ababb [3ms]
2024-03-09 21:59:18.366 [info] > git show --textconv :styles.css [20ms]
2024-03-09 21:59:18.369 [info] > git ls-files --stage -- /home/abraham/landing_page/styles.css [6ms]
2024-03-09 21:59:18.394 [info] > git cat-file -s 92f09fd7c1e2c3ad80c9fb2560ffa16236238f7c [6ms]
2024-03-09 21:59:36.350 [info] > git show --textconv :index.html [19ms]
2024-03-09 21:59:36.354 [info] > git ls-files --stage -- /home/abraham/landing_page/index.html [6ms]
2024-03-09 21:59:36.371 [info] > git cat-file -s 637203749372e3d3e3f72e8e8790c0b9cc4ababb [3ms]
2024-03-09 21:59:57.886 [info] > git show --textconv :styles.css [20ms]
2024-03-09 21:59:57.889 [info] > git ls-files --stage -- /home/abraham/landing_page/styles.css [7ms]
2024-03-09 21:59:57.915 [info] > git cat-file -s 92f09fd7c1e2c3ad80c9fb2560ffa16236238f7c [7ms]
2024-03-09 22:00:01.713 [info] > git show --textconv :index.html [12ms]
2024-03-09 22:00:01.715 [info] > git ls-files --stage -- /home/abraham/landing_page/index.html [3ms]
2024-03-09 22:00:01.728 [info] > git cat-file -s 637203749372e3d3e3f72e8e8790c0b9cc4ababb [2ms]
2024-03-09 22:00:06.590 [info] > git show --textconv :styles.css [11ms]
2024-03-09 22:00:06.591 [info] > git ls-files --stage -- /home/abraham/landing_page/styles.css [2ms]
2024-03-09 22:00:06.607 [info] > git cat-file -s 92f09fd7c1e2c3ad80c9fb2560ffa16236238f7c [4ms]
2024-03-09 22:00:10.044 [info] > git show --textconv :index.html [22ms]
2024-03-09 22:00:10.045 [info] > git ls-files --stage -- /home/abraham/landing_page/index.html [4ms]
2024-03-09 22:00:10.059 [info] > git cat-file -s 637203749372e3d3e3f72e8e8790c0b9cc4ababb [4ms]
2024-03-09 22:00:51.281 [info] > git show --textconv :styles.css [10ms]
2024-03-09 22:00:51.283 [info] > git ls-files --stage -- /home/abraham/landing_page/styles.css [3ms]
2024-03-09 22:00:51.293 [info] > git cat-file -s 92f09fd7c1e2c3ad80c9fb2560ffa16236238f7c [2ms]
2024-03-09 22:01:27.447 [info] > git show --textconv :index.html [9ms]
2024-03-09 22:01:27.448 [info] > git ls-files --stage -- /home/abraham/landing_page/index.html [2ms]
2024-03-09 22:01:27.457 [info] > git cat-file -s 637203749372e3d3e3f72e8e8790c0b9cc4ababb [2ms]
2024-03-09 22:02:18.698 [info] > git show --textconv :styles.css [11ms]
2024-03-09 22:02:18.700 [info] > git ls-files --stage -- /home/abraham/landing_page/styles.css [2ms]
2024-03-09 22:02:18.712 [info] > git cat-file -s 92f09fd7c1e2c3ad80c9fb2560ffa16236238f7c [2ms]
2024-03-09 22:03:29.603 [info] > git show --textconv :index.html [13ms]
2024-03-09 22:03:29.606 [info] > git ls-files --stage -- /home/abraham/landing_page/index.html [4ms]
2024-03-09 22:03:29.619 [info] > git cat-file -s 637203749372e3d3e3f72e8e8790c0b9cc4ababb [3ms]
2024-03-09 22:03:34.581 [info] > git show --textconv :styles.css [25ms]
2024-03-09 22:03:34.585 [info] > git ls-files --stage -- /home/abraham/landing_page/styles.css [8ms]
2024-03-09 22:03:34.613 [info] > git cat-file -s 92f09fd7c1e2c3ad80c9fb2560ffa16236238f7c [7ms]
2024-03-09 22:05:03.834 [info] > git show --textconv :index.html [13ms]
2024-03-09 22:05:03.836 [info] > git ls-files --stage -- /home/abraham/landing_page/index.html [2ms]
2024-03-09 22:05:03.849 [info] > git cat-file -s 637203749372e3d3e3f72e8e8790c0b9cc4ababb [2ms]
2024-03-09 22:05:15.067 [info] > git show --textconv :styles.css [17ms]
2024-03-09 22:05:15.069 [info] > git ls-files --stage -- /home/abraham/landing_page/styles.css [7ms]
2024-03-09 22:05:15.082 [info] > git cat-file -s 92f09fd7c1e2c3ad80c9fb2560ffa16236238f7c [3ms]
2024-03-09 22:07:54.918 [info] > git show --textconv :index.html [12ms]
2024-03-09 22:07:54.920 [info] > git ls-files --stage -- /home/abraham/landing_page/index.html [2ms]
2024-03-09 22:07:54.932 [info] > git cat-file -s 637203749372e3d3e3f72e8e8790c0b9cc4ababb [2ms]
2024-03-09 22:07:57.800 [info] > git show --textconv :styles.css [7ms]
2024-03-09 22:07:57.802 [info] > git ls-files --stage -- /home/abraham/landing_page/styles.css [2ms]
2024-03-09 22:07:57.811 [info] > git cat-file -s 92f09fd7c1e2c3ad80c9fb2560ffa16236238f7c [2ms]
2024-03-09 22:08:54.842 [info] > git show --textconv :index.html [15ms]
2024-03-09 22:08:54.844 [info] > git ls-files --stage -- /home/abraham/landing_page/index.html [4ms]
2024-03-09 22:08:54.860 [info] > git cat-file -s 637203749372e3d3e3f72e8e8790c0b9cc4ababb [3ms]
2024-03-09 22:09:05.832 [info] > git show --textconv :styles.css [12ms]
2024-03-09 22:09:05.833 [info] > git ls-files --stage -- /home/abraham/landing_page/styles.css [2ms]
2024-03-09 22:09:05.844 [info] > git cat-file -s 92f09fd7c1e2c3ad80c9fb2560ffa16236238f7c [2ms]
2024-03-09 22:10:52.700 [info] > git show --textconv :index.html [12ms]
2024-03-09 22:10:52.702 [info] > git ls-files --stage -- /home/abraham/landing_page/index.html [2ms]
2024-03-09 22:10:52.715 [info] > git cat-file -s 637203749372e3d3e3f72e8e8790c0b9cc4ababb [2ms]
2024-03-09 22:12:11.328 [info] > git show --textconv :styles.css [14ms]
2024-03-09 22:12:11.328 [info] > git ls-files --stage -- /home/abraham/landing_page/styles.css [2ms]
2024-03-09 22:12:11.341 [info] > git cat-file -s 92f09fd7c1e2c3ad80c9fb2560ffa16236238f7c [3ms]
2024-03-09 22:13:39.778 [info] > git config --get commit.template [20ms]
2024-03-09 22:13:39.781 [info] > git for-each-ref --format=%(refname)%00%(upstream:short)%00%(objectname)%00%(upstream:track)%00%(upstream:remotename)%00%(upstream:remoteref) refs/heads/main refs/remotes/main [5ms]
2024-03-09 22:13:39.802 [info] > git status -z -uall [3ms]
2024-03-09 22:13:40.535 [info] > git show --textconv :index.html [12ms]
2024-03-09 22:13:40.536 [info] > git ls-files --stage -- /home/abraham/landing_page/index.html [2ms]
2024-03-09 22:13:40.549 [info] > git cat-file -s 637203749372e3d3e3f72e8e8790c0b9cc4ababb [3ms]
2024-03-09 22:13:44.856 [info] > git config --get commit.template [18ms]
2024-03-09 22:13:44.857 [info] > git for-each-ref --format=%(refname)%00%(upstream:short)%00%(objectname)%00%(upstream:track)%00%(upstream:remotename)%00%(upstream:remoteref) refs/heads/main refs/remotes/main [4ms]
2024-03-09 22:13:44.872 [info] > git status -z -uall [3ms]
2024-03-09 22:14:07.309 [info] > git show --textconv :styles.css [10ms]
2024-03-09 22:14:07.312 [info] > git ls-files --stage -- /home/abraham/landing_page/styles.css [3ms]
2024-03-09 22:14:07.324 [info] > git cat-file -s 92f09fd7c1e2c3ad80c9fb2560ffa16236238f7c [3ms]
2024-03-09 22:14:28.083 [info] > git show --textconv :index.html [14ms]
2024-03-09 22:14:28.085 [info] > git ls-files --stage -- /home/abraham/landing_page/index.html [4ms]
2024-03-09 22:14:28.102 [info] > git cat-file -s 637203749372e3d3e3f72e8e8790c0b9cc4ababb [3ms]
2024-03-09 22:15:43.265 [info] > git show --textconv :styles.css [16ms]
2024-03-09 22:15:43.267 [info] > git ls-files --stage -- /home/abraham/landing_page/styles.css [5ms]
2024-03-09 22:15:43.281 [info] > git cat-file -s 92f09fd7c1e2c3ad80c9fb2560ffa16236238f7c [3ms]
2024-03-09 22:21:44.826 [info] > git show --textconv :index.html [17ms]
2024-03-09 22:21:44.829 [info] > git ls-files --stage -- /home/abraham/landing_page/index.html [4ms]
2024-03-09 22:21:44.845 [info] > git cat-file -s 637203749372e3d3e3f72e8e8790c0b9cc4ababb [3ms]
2024-03-09 22:22:15.458 [info] > git show --textconv :styles.css [14ms]
2024-03-09 22:22:15.460 [info] > git ls-files --stage -- /home/abraham/landing_page/styles.css [3ms]
2024-03-09 22:22:15.473 [info] > git cat-file -s 92f09fd7c1e2c3ad80c9fb2560ffa16236238f7c [2ms]
2024-03-09 22:34:44.700 [info] > git show --textconv :index.html [12ms]
2024-03-09 22:34:44.703 [info] > git ls-files --stage -- /home/abraham/landing_page/index.html [4ms]
2024-03-09 22:34:44.721 [info] > git cat-file -s 637203749372e3d3e3f72e8e8790c0b9cc4ababb [4ms]
2024-03-09 22:34:51.138 [info] > git show --textconv :styles.css [12ms]
2024-03-09 22:34:51.143 [info] > git ls-files --stage -- /home/abraham/landing_page/styles.css [7ms]
2024-03-09 22:34:51.156 [info] > git cat-file -s 92f09fd7c1e2c3ad80c9fb2560ffa16236238f7c [2ms]
2024-03-09 22:35:43.420 [info] > git show --textconv :index.html [13ms]
2024-03-09 22:35:43.422 [info] > git ls-files --stage -- /home/abraham/landing_page/index.html [3ms]
2024-03-09 22:35:43.442 [info] > git cat-file -s 637203749372e3d3e3f72e8e8790c0b9cc4ababb [4ms]
2024-03-09 22:36:06.562 [info] > git show --textconv :styles.css [13ms]
2024-03-09 22:36:06.565 [info] > git ls-files --stage -- /home/abraham/landing_page/styles.css [4ms]
2024-03-09 22:36:06.578 [info] > git cat-file -s 92f09fd7c1e2c3ad80c9fb2560ffa16236238f7c [3ms]
2024-03-09 22:38:52.570 [info] > git show --textconv :index.html [18ms]
2024-03-09 22:38:52.575 [info] > git ls-files --stage -- /home/abraham/landing_page/index.html [11ms]
2024-03-09 22:38:52.589 [info] > git cat-file -s 637203749372e3d3e3f72e8e8790c0b9cc4ababb [3ms]
2024-03-09 22:39:20.995 [info] > git show --textconv :styles.css [15ms]
2024-03-09 22:39:20.997 [info] > git ls-files --stage -- /home/abraham/landing_page/styles.css [5ms]
2024-03-09 22:39:21.009 [info] > git cat-file -s 92f09fd7c1e2c3ad80c9fb2560ffa16236238f7c [2ms]
2024-03-09 22:39:45.702 [info] > git show --textconv :index.html [13ms]
2024-03-09 22:39:45.705 [info] > git ls-files --stage -- /home/abraham/landing_page/index.html [3ms]
2024-03-09 22:39:45.717 [info] > git cat-file -s 637203749372e3d3e3f72e8e8790c0b9cc4ababb [2ms]
2024-03-09 22:40:36.301 [info] > git show --textconv :styles.css [11ms]
2024-03-09 22:40:36.303 [info] > git ls-files --stage -- /home/abraham/landing_page/styles.css [3ms]
2024-03-09 22:40:36.315 [info] > git cat-file -s 92f09fd7c1e2c3ad80c9fb2560ffa16236238f7c [3ms]
2024-03-09 22:40:38.860 [info] > git show --textconv :index.html [11ms]
2024-03-09 22:40:38.862 [info] > git ls-files --stage -- /home/abraham/landing_page/index.html [3ms]
2024-03-09 22:40:38.873 [info] > git cat-file -s 637203749372e3d3e3f72e8e8790c0b9cc4ababb [2ms]
2024-03-09 22:40:50.998 [info] > git show --textconv :styles.css [14ms]
2024-03-09 22:40:51.000 [info] > git ls-files --stage -- /home/abraham/landing_page/styles.css [3ms]
2024-03-09 22:40:51.012 [info] > git cat-file -s 92f09fd7c1e2c3ad80c9fb2560ffa16236238f7c [3ms]
2024-03-09 22:44:38.203 [info] > git show --textconv :index.html [12ms]
2024-03-09 22:44:38.205 [info] > git ls-files --stage -- /home/abraham/landing_page/index.html [3ms]
2024-03-09 22:44:38.221 [info] > git cat-file -s 637203749372e3d3e3f72e8e8790c0b9cc4ababb [4ms]
2024-03-09 22:45:22.675 [info] > git show --textconv :styles.css [15ms]
2024-03-09 22:45:22.678 [info] > git ls-files --stage -- /home/abraham/landing_page/styles.css [5ms]
2024-03-09 22:45:22.692 [info] > git cat-file -s 92f09fd7c1e2c3ad80c9fb2560ffa16236238f7c [3ms]
2024-03-09 22:47:55.572 [info] > git show --textconv :index.html [20ms]
2024-03-09 22:47:55.576 [info] > git ls-files --stage -- /home/abraham/landing_page/index.html [4ms]
2024-03-09 22:47:55.593 [info] > git cat-file -s 637203749372e3d3e3f72e8e8790c0b9cc4ababb [3ms]
2024-03-09 22:50:44.262 [info] > git show --textconv :styles.css [12ms]
2024-03-09 22:50:44.263 [info] > git ls-files --stage -- /home/abraham/landing_page/styles.css [4ms]
2024-03-09 22:50:44.275 [info] > git cat-file -s 92f09fd7c1e2c3ad80c9fb2560ffa16236238f7c [2ms]
2024-03-09 22:56:32.339 [info] > git check-ignore -v -z --stdin [3ms]
2024-03-09 22:56:39.179 [info] > git check-ignore -v -z --stdin [1ms]
2024-03-09 22:56:39.769 [info] > git config --get commit.template [10ms]
2024-03-09 22:56:39.769 [info] > git for-each-ref --format=%(refname)%00%(upstream:short)%00%(objectname)%00%(upstream:track)%00%(upstream:remotename)%00%(upstream:remoteref) refs/heads/main refs/remotes/main [2ms]
2024-03-09 22:56:39.778 [info] > git status -z -uall [2ms]
2024-03-09 22:57:38.903 [info] > git check-ignore -v -z --stdin [2ms]
2024-03-09 22:57:39.373 [info] > git config --get commit.template [7ms]
2024-03-09 22:57:39.373 [info] > git for-each-ref --format=%(refname)%00%(upstream:short)%00%(objectname)%00%(upstream:track)%00%(upstream:remotename)%00%(upstream:remoteref) refs/heads/main refs/remotes/main [1ms]
2024-03-09 22:57:39.382 [info] > git status -z -uall [2ms]
2024-03-09 22:57:41.251 [info] > git show --textconv :styles.css [25ms]
2024-03-09 22:57:41.255 [info] > git ls-files --stage -- /home/abraham/landing_page/styles.css [8ms]
2024-03-09 22:57:41.283 [info] > git cat-file -s 92f09fd7c1e2c3ad80c9fb2560ffa16236238f7c [7ms]
2024-03-09 22:57:43.532 [info] > git show --textconv :index.html [7ms]
2024-03-09 22:57:43.533 [info] > git ls-files --stage -- /home/abraham/landing_page/index.html [1ms]
2024-03-09 22:57:43.542 [info] > git cat-file -s 637203749372e3d3e3f72e8e8790c0b9cc4ababb [2ms]
2024-03-09 22:58:35.229 [info] > git show --textconv :styles.css [15ms]
2024-03-09 22:58:35.236 [info] > git ls-files --stage -- /home/abraham/landing_page/styles.css [8ms]
2024-03-09 22:58:35.245 [info] > git cat-file -s 92f09fd7c1e2c3ad80c9fb2560ffa16236238f7c [1ms]
2024-03-09 22:58:45.234 [info] > git show --textconv :index.html [11ms]
2024-03-09 22:58:45.235 [info] > git ls-files --stage -- /home/abraham/landing_page/index.html [3ms]
2024-03-09 22:58:45.247 [info] > git cat-file -s 637203749372e3d3e3f72e8e8790c0b9cc4ababb [2ms]
2024-03-09 22:58:58.617 [info] > git show --textconv :styles.css [11ms]
2024-03-09 22:58:58.619 [info] > git ls-files --stage -- /home/abraham/landing_page/styles.css [3ms]
2024-03-09 22:58:58.627 [info] > git cat-file -s 92f09fd7c1e2c3ad80c9fb2560ffa16236238f7c [2ms]
2024-03-09 22:59:06.135 [info] > git show --textconv :index.html [5ms]
2024-03-09 22:59:06.136 [info] > git ls-files --stage -- /home/abraham/landing_page/index.html [1ms]
2024-03-09 22:59:06.142 [info] > git cat-file -s 637203749372e3d3e3f72e8e8790c0b9cc4ababb [1ms]
2024-03-09 23:00:08.447 [info] > git show --textconv :styles.css [6ms]
2024-03-09 23:00:08.448 [info] > git ls-files --stage -- /home/abraham/landing_page/styles.css [1ms]
2024-03-09 23:00:08.454 [info] > git cat-file -s 92f09fd7c1e2c3ad80c9fb2560ffa16236238f7c [1ms]
2024-03-09 23:00:47.891 [info] > git check-ignore -v -z --stdin [1ms]
2024-03-09 23:00:48.318 [info] > git config --get commit.template [6ms]
2024-03-09 23:00:48.318 [info] > git for-each-ref --format=%(refname)%00%(upstream:short)%00%(objectname)%00%(upstream:track)%00%(upstream:remotename)%00%(upstream:remoteref) refs/heads/main refs/remotes/main [1ms]
2024-03-09 23:00:48.326 [info] > git status -z -uall [1ms]
2024-03-09 23:00:50.051 [info] > git show --textconv :styles.css [7ms]
2024-03-09 23:00:50.052 [info] > git ls-files --stage -- /home/abraham/landing_page/styles.css [1ms]
2024-03-09 23:00:50.058 [info] > git cat-file -s 92f09fd7c1e2c3ad80c9fb2560ffa16236238f7c [1ms]
2024-03-09 23:01:05.691 [info] > git check-ignore -v -z --stdin [1ms]
2024-03-09 23:01:06.244 [info] > git config --get commit.template [1ms]
2024-03-09 23:01:06.252 [info] > git for-each-ref --format=%(refname)%00%(upstream:short)%00%(objectname)%00%(upstream:track)%00%(upstream:remotename)%00%(upstream:remoteref) refs/heads/main refs/remotes/main [2ms]
2024-03-09 23:01:06.262 [info] > git status -z -uall [2ms]
2024-03-09 23:01:14.636 [info] > git show --textconv :index.html [6ms]
2024-03-09 23:01:14.637 [info] > git ls-files --stage -- /home/abraham/landing_page/index.html [2ms]
2024-03-09 23:01:14.643 [info] > git cat-file -s 637203749372e3d3e3f72e8e8790c0b9cc4ababb [1ms]
2024-03-09 23:01:32.810 [info] > git show --textconv :styles.css [9ms]
2024-03-09 23:01:32.811 [info] > git ls-files --stage -- /home/abraham/landing_page/styles.css [2ms]
2024-03-09 23:01:32.821 [info] > git cat-file -s 92f09fd7c1e2c3ad80c9fb2560ffa16236238f7c [1ms]
2024-03-09 23:01:44.716 [info] > git show --textconv :index.html [5ms]
2024-03-09 23:01:44.717 [info] > git ls-files --stage -- /home/abraham/landing_page/index.html [1ms]
2024-03-09 23:01:44.723 [info] > git cat-file -s 637203749372e3d3e3f72e8e8790c0b9cc4ababb [1ms]
2024-03-09 23:01:47.543 [info] > git show --textconv :styles.css [9ms]
2024-03-09 23:01:47.544 [info] > git ls-files --stage -- /home/abraham/landing_page/styles.css [1ms]
2024-03-09 23:01:47.552 [info] > git cat-file -s 92f09fd7c1e2c3ad80c9fb2560ffa16236238f7c [1ms]
2024-03-09 23:01:50.485 [info] > git show --textconv :index.html [6ms]
2024-03-09 23:01:50.485 [info] > git ls-files --stage -- /home/abraham/landing_page/index.html [1ms]
2024-03-09 23:01:50.491 [info] > git cat-file -s 637203749372e3d3e3f72e8e8790c0b9cc4ababb [1ms]
2024-03-09 23:02:17.970 [info] > git show --textconv :styles.css [6ms]
2024-03-09 23:02:17.970 [info] > git ls-files --stage -- /home/abraham/landing_page/styles.css [1ms]
2024-03-09 23:02:17.978 [info] > git cat-file -s 92f09fd7c1e2c3ad80c9fb2560ffa16236238f7c [1ms]
2024-03-09 23:02:27.010 [info] > git show --textconv :index.html [9ms]
2024-03-09 23:02:27.011 [info] > git ls-files --stage -- /home/abraham/landing_page/index.html [3ms]
2024-03-09 23:02:27.017 [info] > git cat-file -s 637203749372e3d3e3f72e8e8790c0b9cc4ababb [1ms]
2024-03-09 23:06:58.816 [info] > git check-ignore -v -z --stdin [7ms]
2024-03-09 23:06:59.178 [info] > git config --get commit.template [30ms]
2024-03-09 23:06:59.180 [info] > git for-each-ref --format=%(refname)%00%(upstream:short)%00%(objectname)%00%(upstream:track)%00%(upstream:remotename)%00%(upstream:remoteref) refs/heads/main refs/remotes/main [10ms]
2024-03-09 23:06:59.217 [info] > git status -z -uall [9ms]
2024-03-09 23:07:01.144 [info] > git show --textconv :index.html [13ms]
2024-03-09 23:07:01.146 [info] > git ls-files --stage -- /home/abraham/landing_page/index.html [4ms]
2024-03-09 23:07:01.160 [info] > git cat-file -s 637203749372e3d3e3f72e8e8790c0b9cc4ababb [3ms]
2024-03-09 23:24:54.893 [info] > git show --textconv :styles.css [9ms]
2024-03-09 23:24:54.895 [info] > git ls-files --stage -- /home/abraham/landing_page/styles.css [2ms]
2024-03-09 23:24:54.905 [info] > git cat-file -s 92f09fd7c1e2c3ad80c9fb2560ffa16236238f7c [2ms]
2024-03-09 23:25:43.753 [info] > git show --textconv :index.html [6ms]
2024-03-09 23:25:43.753 [info] > git ls-files --stage -- /home/abraham/landing_page/index.html [1ms]
2024-03-09 23:25:43.759 [info] > git cat-file -s 637203749372e3d3e3f72e8e8790c0b9cc4ababb [1ms]
2024-03-09 23:25:57.176 [info] > git show --textconv :styles.css [5ms]
2024-03-09 23:25:57.177 [info] > git ls-files --stage -- /home/abraham/landing_page/styles.css [2ms]
2024-03-09 23:25:57.183 [info] > git cat-file -s 92f09fd7c1e2c3ad80c9fb2560ffa16236238f7c [2ms]
2024-03-09 23:26:10.393 [info] > git show --textconv :index.html [8ms]
2024-03-09 23:26:10.394 [info] > git ls-files --stage -- /home/abraham/landing_page/index.html [2ms]
2024-03-09 23:26:10.402 [info] > git cat-file -s 637203749372e3d3e3f72e8e8790c0b9cc4ababb [2ms]
2024-03-09 23:27:50.338 [info] > git config --get commit.template [6ms]
2024-03-09 23:27:50.338 [info] > git for-each-ref --format=%(refname)%00%(upstream:short)%00%(objectname)%00%(upstream:track)%00%(upstream:remotename)%00%(upstream:remoteref) refs/heads/main refs/remotes/main [1ms]
2024-03-09 23:27:50.346 [info] > git status -z -uall [2ms]
2024-03-09 23:27:51.616 [info] > git show --textconv :styles.css [26ms]
2024-03-09 23:27:51.620 [info] > git ls-files --stage -- /home/abraham/landing_page/styles.css [8ms]
2024-03-09 23:27:51.634 [info] > git cat-file -s 92f09fd7c1e2c3ad80c9fb2560ffa16236238f7c [2ms]
2024-03-09 23:27:55.384 [info] > git config --get commit.template [11ms]
2024-03-09 23:27:55.384 [info] > git for-each-ref --format=%(refname)%00%(upstream:short)%00%(objectname)%00%(upstream:track)%00%(upstream:remotename)%00%(upstream:remoteref) refs/heads/main refs/remotes/main [2ms]
2024-03-09 23:27:55.393 [info] > git status -z -uall [2ms]
2024-03-09 23:29:14.013 [info] > git show --textconv :index.html [6ms]
2024-03-09 23:29:14.014 [info] > git ls-files --stage -- /home/abraham/landing_page/index.html [1ms]
2024-03-09 23:29:14.020 [info] > git cat-file -s 637203749372e3d3e3f72e8e8790c0b9cc4ababb [1ms]
2024-03-09 23:29:43.522 [info] > git show --textconv :styles.css [8ms]
2024-03-09 23:29:43.523 [info] > git ls-files --stage -- /home/abraham/landing_page/styles.css [2ms]
2024-03-09 23:29:43.532 [info] > git cat-file -s 92f09fd7c1e2c3ad80c9fb2560ffa16236238f7c [2ms]
2024-03-09 23:31:26.120 [info] > git config --get commit.template [1ms]
2024-03-09 23:31:26.129 [info] > git for-each-ref --format=%(refname)%00%(upstream:short)%00%(objectname)%00%(upstream:track)%00%(upstream:remotename)%00%(upstream:remoteref) refs/heads/main refs/remotes/main [1ms]
2024-03-09 23:31:26.138 [info] > git status -z -uall [1ms]
2024-03-09 23:31:26.859 [info] > git show --textconv :index.html [9ms]
2024-03-09 23:31:26.860 [info] > git ls-files --stage -- /home/abraham/landing_page/index.html [2ms]
2024-03-09 23:31:26.870 [info] > git cat-file -s 637203749372e3d3e3f72e8e8790c0b9cc4ababb [1ms]
2024-03-09 23:31:31.165 [info] > git config --get commit.template [10ms]
2024-03-09 23:31:31.166 [info] > git for-each-ref --format=%(refname)%00%(upstream:short)%00%(objectname)%00%(upstream:track)%00%(upstream:remotename)%00%(upstream:remoteref) refs/heads/main refs/remotes/main [2ms]
2024-03-09 23:31:31.176 [info] > git status -z -uall [1ms]
2024-03-09 23:31:52.450 [info] > git show --textconv :styles.css [14ms]
2024-03-09 23:31:52.453 [info] > git ls-files --stage -- /home/abraham/landing_page/styles.css [4ms]
2024-03-09 23:31:52.469 [info] > git cat-file -s 92f09fd7c1e2c3ad80c9fb2560ffa16236238f7c [3ms]
2024-03-09 23:32:35.915 [info] > git config --get commit.template [2ms]
2024-03-09 23:32:35.924 [info] > git for-each-ref --format=%(refname)%00%(upstream:short)%00%(objectname)%00%(upstream:track)%00%(upstream:remotename)%00%(upstream:remoteref) refs/heads/main refs/remotes/main [1ms]
2024-03-09 23:32:35.934 [info] > git status -z -uall [1ms]
2024-03-09 23:38:03.410 [info] > git config --get commit.template [15ms]
2024-03-09 23:38:03.410 [info] > git for-each-ref --format=%(refname)%00%(upstream:short)%00%(objectname)%00%(upstream:track)%00%(upstream:remotename)%00%(upstream:remoteref) refs/heads/main refs/remotes/main [2ms]
2024-03-09 23:38:03.422 [info] > git status -z -uall [2ms]
2024-03-09 23:38:03.439 [info] > git ls-files --stage -- /home/abraham/landing_page/styles.css [1ms]
2024-03-09 23:38:03.452 [info] > git cat-file -s 577f08073e9730608cbabd4db7d21240d4b914ac [1ms]
2024-03-09 23:38:03.464 [info] > git show --textconv :styles.css [2ms]
2024-03-09 23:38:06.288 [info] > git show --textconv :index.html [10ms]
2024-03-09 23:38:06.290 [info] > git ls-files --stage -- /home/abraham/landing_page/index.html [3ms]
2024-03-09 23:38:06.301 [info] > git cat-file -s 40722869c128de294212f6f3e5e358ab253e1871 [2ms]
