2024-05-26 17:22:37.624 [info] Log level: Info
2024-05-26 17:22:37.624 [info] Validating found git in: "git"
2024-05-26 17:22:37.624 [info] Using git "2.43.0" from "git"
2024-05-26 17:22:37.624 [info] > git rev-parse --show-toplevel [22ms]
2024-05-26 17:22:37.624 [info] > git rev-parse --git-dir --git-common-dir [248ms]
2024-05-26 17:22:37.624 [info] Open repository: /home/abraham
2024-05-26 17:22:37.624 [info] > git rev-parse --show-toplevel [15ms]
2024-05-26 17:22:37.624 [info] > git config --get commit.template [27ms]
2024-05-26 17:22:37.648 [info] > git rev-parse --show-toplevel [46ms]
2024-05-26 17:22:37.664 [info] > git for-each-ref --format=%(refname)%00%(upstream:short)%00%(objectname)%00%(upstream:track)%00%(upstream:remotename)%00%(upstream:remoteref) refs/heads/main refs/remotes/main [27ms]
2024-05-26 17:22:37.669 [info] > git rev-parse --show-toplevel [6ms]
2024-05-26 17:22:37.738 [info] > git rev-parse --show-toplevel [61ms]
2024-05-26 17:22:37.754 [info] > git rev-parse --show-toplevel [2ms]
2024-05-26 17:22:37.783 [info] > git rev-parse --git-dir --git-common-dir [2ms]
2024-05-26 17:22:37.792 [info] Open repository: /home/abraham/css-exercises
2024-05-26 17:22:37.868 [info] > git config --get commit.template [50ms]
2024-05-26 17:22:37.876 [info] > git rev-parse --show-toplevel [45ms]
2024-05-26 17:22:37.908 [info] > git for-each-ref --format=%(refname)%00%(upstream:short)%00%(objectname)%00%(upstream:track)%00%(upstream:remotename)%00%(upstream:remoteref) refs/heads/main refs/remotes/main [19ms]
2024-05-26 17:22:37.922 [info] > git rev-parse --show-toplevel [19ms]
2024-05-26 17:22:37.947 [info] > git status -z -uall [210ms]
2024-05-26 17:22:37.947 [info] > git status -z -uall [4ms]
2024-05-26 17:22:37.980 [info] > git rev-parse --git-dir --git-common-dir [46ms]
2024-05-26 17:22:37.989 [info] Open repository: /home/abraham/landing_page
2024-05-26 17:22:38.026 [info] > git merge-base refs/heads/main refs/remotes/origin/main [63ms]
2024-05-26 17:22:38.208 [info] > git merge-base refs/heads/main refs/remotes/origin/main [124ms]
2024-05-26 17:22:38.217 [info] > git rev-list --count --left-right refs/heads/main...refs/remotes/origin/main [178ms]
2024-05-26 17:22:38.228 [info] > git rev-parse --show-toplevel [205ms]
2024-05-26 17:22:38.230 [info] > git config --get commit.template [218ms]
2024-05-26 17:22:38.230 [info] > git config --get commit.template [229ms]
2024-05-26 17:22:38.245 [info] > git diff --name-status -z --diff-filter=ADMR 4a938cbbcd53501cf1ef10b913db717e86d194ea...refs/remotes/origin/main [17ms]
2024-05-26 17:22:38.247 [info] > git rev-list --count --left-right refs/heads/main...refs/remotes/origin/main [30ms]
2024-05-26 17:22:38.257 [info] > git config --get commit.template [84ms]
2024-05-26 17:22:38.964 [info] > git diff --name-status -z --diff-filter=ADMR a45da21fd91200d9d0e7315faa9188d695440cf9...refs/remotes/origin/main [708ms]
2024-05-26 17:22:38.965 [info] > git rev-parse --show-toplevel [723ms]
2024-05-26 17:22:39.013 [info] > git merge-base refs/heads/main refs/remotes/origin/main [79ms]
2024-05-26 17:22:39.022 [info] > git merge-base refs/heads/main refs/remotes/origin/main [97ms]
2024-05-26 17:22:39.035 [info] > git for-each-ref --format=%(refname)%00%(upstream:short)%00%(objectname)%00%(upstream:track)%00%(upstream:remotename)%00%(upstream:remoteref) refs/heads/main refs/remotes/main [758ms]
2024-05-26 17:22:39.035 [info] > git for-each-ref --format=%(refname)%00%(upstream:short)%00%(objectname)%00%(upstream:track)%00%(upstream:remotename)%00%(upstream:remoteref) refs/heads/main refs/remotes/main [768ms]
2024-05-26 17:22:39.042 [info] > git rev-list --count --left-right refs/heads/main...refs/remotes/origin/main [8ms]
2024-05-26 17:22:39.042 [info] > git rev-list --count --left-right refs/heads/main...refs/remotes/origin/main [20ms]
2024-05-26 17:22:39.043 [info] > git rev-parse --git-dir --git-common-dir [54ms]
2024-05-26 17:22:39.049 [info] Open repository: /home/abraham/odin-recipes
2024-05-26 17:22:39.050 [info] > git for-each-ref --format=%(refname)%00%(upstream:short)%00%(objectname)%00%(upstream:track)%00%(upstream:remotename)%00%(upstream:remoteref) refs/heads/main refs/remotes/main [72ms]
2024-05-26 17:22:39.076 [info] > git rev-parse --show-toplevel [3ms]
2024-05-26 17:22:39.081 [info] > git config --get commit.template [18ms]
2024-05-26 17:22:39.141 [info] > git status -z -uall [48ms]
2024-05-26 17:22:39.178 [info] > git status -z -uall [39ms]
2024-05-26 17:22:39.179 [info] > git merge-base refs/heads/main refs/remotes/origin/main [24ms]
2024-05-26 17:22:39.196 [info] > git for-each-ref --format=%(refname)%00%(upstream:short)%00%(objectname)%00%(upstream:track)%00%(upstream:remotename)%00%(upstream:remoteref) refs/heads/main refs/remotes/main [79ms]
2024-05-26 17:22:39.200 [info] > git rev-list --count --left-right refs/heads/main...refs/remotes/origin/main [10ms]
2024-05-26 17:22:39.211 [info] > git config --get commit.template [35ms]
2024-05-26 17:22:39.214 [info] > git diff --name-status -z --diff-filter=ADMR 1ffd48638eef2e9ad66ccfdf296b5f547ce49a77...refs/remotes/origin/main [4ms]
2024-05-26 17:22:39.244 [info] > git status -z -uall [2ms]
2024-05-26 17:22:39.245 [info] > git for-each-ref --format=%(refname)%00%(upstream:short)%00%(objectname)%00%(upstream:track)%00%(upstream:remotename)%00%(upstream:remoteref) refs/heads/main refs/remotes/main [16ms]
2024-05-26 17:22:39.314 [info] > git status -z -uall [210ms]
2024-05-26 17:22:39.314 [info] > git merge-base refs/heads/main refs/remotes/origin/main [58ms]
2024-05-26 17:22:39.331 [info] > git config --get commit.template [45ms]
2024-05-26 17:22:39.336 [info] > git rev-list --count --left-right refs/heads/main...refs/remotes/origin/main [12ms]
2024-05-26 17:22:39.371 [info] > git status -z -uall [14ms]
2024-05-26 17:22:39.375 [info] > git diff --name-status -z --diff-filter=ADMR d92eea3892d17fc69cd5020f657116685e469e83...refs/remotes/origin/main [30ms]
2024-05-26 17:22:39.376 [info] > git for-each-ref --format=%(refname)%00%(upstream:short)%00%(objectname)%00%(upstream:track)%00%(upstream:remotename)%00%(upstream:remoteref) refs/heads/main refs/remotes/main [7ms]
2024-05-26 17:22:39.392 [info] > git status -z -uall [4ms]
2024-05-26 17:22:40.317 [info] > git merge-base refs/heads/main refs/remotes/origin/main [46ms]
2024-05-26 17:22:40.349 [info] > git rev-list --count --left-right refs/heads/main...refs/remotes/origin/main [11ms]
2024-05-26 17:22:41.138 [info] > git check-ignore -v -z --stdin [81ms]
2024-05-26 17:22:41.719 [info] > git merge-base refs/heads/main refs/remotes/origin/main [8ms]
2024-05-26 17:22:41.735 [info] > git rev-list --count --left-right refs/heads/main...refs/remotes/origin/main [4ms]
2024-05-26 17:22:44.422 [info] > git config --get commit.template [11ms]
2024-05-26 17:22:44.436 [info] > git for-each-ref --format=%(refname)%00%(upstream:short)%00%(objectname)%00%(upstream:track)%00%(upstream:remotename)%00%(upstream:remoteref) refs/heads/main refs/remotes/main [4ms]
2024-05-26 17:22:44.615 [info] > git status -z -uall [166ms]
2024-05-26 17:22:45.383 [info] > git check-ignore -v -z --stdin [30ms]
2024-05-26 17:22:49.659 [info] > git config --get commit.template [6ms]
2024-05-26 17:22:49.679 [info] > git for-each-ref --format=%(refname)%00%(upstream:short)%00%(objectname)%00%(upstream:track)%00%(upstream:remotename)%00%(upstream:remoteref) refs/heads/main refs/remotes/main [3ms]
2024-05-26 17:22:49.841 [info] > git status -z -uall [149ms]
2024-05-26 17:22:55.434 [info] > git config --get commit.template [8ms]
2024-05-26 17:22:55.465 [info] > git for-each-ref --format=%(refname)%00%(upstream:short)%00%(objectname)%00%(upstream:track)%00%(upstream:remotename)%00%(upstream:remoteref) refs/heads/main refs/remotes/main [6ms]
2024-05-26 17:22:55.754 [info] > git status -z -uall [260ms]
2024-05-26 17:23:00.834 [info] > git config --get commit.template [38ms]
2024-05-26 17:23:00.836 [info] > git for-each-ref --format=%(refname)%00%(upstream:short)%00%(objectname)%00%(upstream:track)%00%(upstream:remotename)%00%(upstream:remoteref) refs/heads/main refs/remotes/main [8ms]
2024-05-26 17:23:01.102 [info] > git status -z -uall [231ms]
