2024-02-25 12:43:58.442 [info] Log level: Info
2024-02-25 12:43:58.443 [info] Validating found git in: "git"
2024-02-25 12:43:58.443 [info] Using git "2.43.0" from "git"
2024-02-25 12:43:58.443 [info] > git rev-parse --show-toplevel [17ms]
2024-02-25 12:43:58.443 [info] > git rev-parse --git-dir --git-common-dir [4ms]
2024-02-25 12:43:58.443 [info] Open repository: /home/abraham
2024-02-25 12:43:58.655 [info] > git rev-parse --show-toplevel [189ms]
2024-02-25 12:43:58.657 [info] > git config --get commit.template [201ms]
2024-02-25 12:43:58.698 [info] > git rev-parse --show-toplevel [24ms]
2024-02-25 12:43:58.717 [info] > git for-each-ref --format=%(refname)%00%(upstream:short)%00%(objectname)%00%(upstream:track)%00%(upstream:remotename)%00%(upstream:remoteref) refs/heads/main refs/remotes/main [27ms]
2024-02-25 12:43:58.720 [info] > git rev-parse --show-toplevel [5ms]
2024-02-25 12:43:58.748 [info] > git rev-parse --show-toplevel [14ms]
2024-02-25 12:43:58.762 [info] > git rev-parse --git-dir --git-common-dir [3ms]
2024-02-25 12:43:58.776 [info] Open repository: /home/abraham/css-exercises
2024-02-25 12:43:58.817 [info] > git rev-parse --show-toplevel [14ms]
2024-02-25 12:43:58.819 [info] > git config --get commit.template [29ms]
2024-02-25 12:43:58.854 [info] > git rev-parse --git-dir --git-common-dir [21ms]
2024-02-25 12:43:58.864 [info] Open repository: /home/abraham/git_test
2024-02-25 12:43:58.889 [info] > git for-each-ref --format=%(refname)%00%(upstream:short)%00%(objectname)%00%(upstream:track)%00%(upstream:remotename)%00%(upstream:remoteref) refs/heads/main refs/remotes/main [48ms]
2024-02-25 12:43:58.894 [info] > git rev-parse --show-toplevel [10ms]
2024-02-25 12:43:58.895 [info] > git config --get commit.template [19ms]
2024-02-25 12:43:58.923 [info] > git rev-parse --show-toplevel [19ms]
2024-02-25 12:43:58.933 [info] > git for-each-ref --format=%(refname)%00%(upstream:short)%00%(objectname)%00%(upstream:track)%00%(upstream:remotename)%00%(upstream:remoteref) refs/heads/main refs/remotes/main [21ms]
2024-02-25 12:43:58.940 [warning] ENOENT: no such file or directory, open '/home/abraham/git_test/.git/refs/remotes/origin/main'
2024-02-25 12:43:58.941 [info] > git status -z -uall [20ms]
2024-02-25 12:43:58.941 [info] > git rev-parse --git-dir --git-common-dir [10ms]
2024-02-25 12:43:58.948 [info] Open repository: /home/abraham/odin-recipes
2024-02-25 12:43:58.998 [info] > git rev-parse refs/remotes/origin/main [59ms]
2024-02-25 12:43:59.022 [info] > git status -z -uall [14ms]
2024-02-25 12:43:59.023 [info] > git config --get commit.template [31ms]
2024-02-25 12:43:59.023 [info] > git rev-parse --show-toplevel [39ms]
2024-02-25 12:43:59.036 [info] > git config --get commit.template [61ms]
2024-02-25 12:43:59.103 [info] > git config --get commit.template [14ms]
2024-02-25 12:43:59.103 [info] > git for-each-ref --format=%(refname)%00%(upstream:short)%00%(objectname)%00%(upstream:track)%00%(upstream:remotename)%00%(upstream:remoteref) refs/heads/main refs/remotes/main [24ms]
2024-02-25 12:43:59.104 [info] > git for-each-ref --format=%(refname)%00%(upstream:short)%00%(objectname)%00%(upstream:track)%00%(upstream:remotename)%00%(upstream:remoteref) refs/heads/main refs/remotes/main [37ms]
2024-02-25 12:43:59.148 [info] > git status -z -uall [9ms]
2024-02-25 12:43:59.148 [info] > git for-each-ref --format=%(refname)%00%(upstream:short)%00%(objectname)%00%(upstream:track)%00%(upstream:remotename)%00%(upstream:remoteref) refs/heads/main refs/remotes/main [17ms]
2024-02-25 12:43:59.202 [warning] ENOENT: no such file or directory, open '/home/abraham/git_test/.git/refs/remotes/origin/main'
2024-02-25 12:43:59.205 [info] > git status -z -uall [58ms]
2024-02-25 12:43:59.229 [info] > git rev-parse refs/remotes/origin/main [27ms]
2024-02-25 12:43:59.242 [info] > git status -z -uall [3ms]
2024-02-25 12:43:59.243 [info] > git config --get commit.template [14ms]
2024-02-25 12:43:59.260 [info] > git for-each-ref --format=%(refname)%00%(upstream:short)%00%(objectname)%00%(upstream:track)%00%(upstream:remotename)%00%(upstream:remoteref) refs/heads/main refs/remotes/main [3ms]
2024-02-25 12:43:59.273 [info] > git status -z -uall [2ms]
2024-02-25 12:43:59.339 [info] > git status -z -uall [594ms]
2024-02-25 12:44:01.680 [info] > git check-ignore -v -z --stdin [57ms]
2024-02-25 12:44:01.682 [info] > git check-ignore -v -z --stdin [47ms]
2024-02-25 12:44:01.682 [info] > git check-ignore -v -z --stdin [36ms]
2024-02-25 12:44:01.683 [info] > git check-ignore -v -z --stdin [26ms]
2024-02-25 12:44:01.733 [info] > git config --get commit.template [63ms]
2024-02-25 12:44:01.775 [info] > git for-each-ref --format=%(refname)%00%(upstream:short)%00%(objectname)%00%(upstream:track)%00%(upstream:remotename)%00%(upstream:remoteref) refs/heads/main refs/remotes/main [22ms]
2024-02-25 12:44:01.899 [info] > git status -z -uall [106ms]
2024-02-25 12:44:07.854 [info] > git config --get commit.template [17ms]
2024-02-25 12:44:07.858 [info] > git for-each-ref --format=%(refname)%00%(upstream:short)%00%(objectname)%00%(upstream:track)%00%(upstream:remotename)%00%(upstream:remoteref) refs/heads/main refs/remotes/main [7ms]
2024-02-25 12:44:07.964 [info] > git status -z -uall [86ms]
