2024-02-18 16:58:58.520 [info] Extension host with pid 555 started
2024-02-18 16:58:58.581 [info] Lock '/home/abraham/.vscode-server/data/User/workspaceStorage/5de1caa45ec4bad5bc758ebe0b553175/vscode.lock': Lock acquired.
2024-02-18 16:58:58.742 [info] ExtensionService#_doActivateExtension vscode.emmet, startup: false, activationEvent: 'onLanguage'
2024-02-18 16:58:58.748 [info] ExtensionService#_doActivateExtension ms-vscode.live-server, startup: false, activationEvent: 'onWebviewPanel:browserPreview'
2024-02-18 16:58:58.752 [info] ExtensionService#_doActivateExtension vscode.css-language-features, startup: false, activationEvent: 'onLanguage:css'
2024-02-18 16:58:58.753 [info] ExtensionService#_doActivateExtension solnurkarim.html-to-css-autocompletion, startup: false, activationEvent: 'onLanguage:css'
2024-02-18 16:58:58.754 [info] ExtensionService#_doActivateExtension vscode.html-language-features, startup: false, activationEvent: 'onLanguage:html'
2024-02-18 16:58:58.755 [info] ExtensionService#_doActivateExtension george-alisson.html-preview-vscode, startup: false, activationEvent: 'onLanguage:html'
2024-02-18 16:59:00.451 [info] ExtensionService#_doActivateExtension vscode.git-base, startup: true, activationEvent: '*', root cause: vscode.git
2024-02-18 16:59:01.144 [info] ExtensionService#_doActivateExtension vscode.git, startup: true, activationEvent: '*'
2024-02-18 16:59:01.145 [info] ExtensionService#_doActivateExtension vscode.github, startup: true, activationEvent: '*'
2024-02-18 16:59:02.126 [info] Eager extensions activated
2024-02-18 16:59:02.127 [info] ExtensionService#_doActivateExtension vscode.debug-auto-launch, startup: false, activationEvent: 'onStartupFinished'
2024-02-18 16:59:02.128 [info] ExtensionService#_doActivateExtension vscode.merge-conflict, startup: false, activationEvent: 'onStartupFinished'
2024-02-18 16:59:02.128 [info] ExtensionService#_doActivateExtension bradlc.vscode-tailwindcss, startup: false, activationEvent: 'onStartupFinished'
2024-02-18 16:59:02.128 [info] ExtensionService#_doActivateExtension formulahendry.code-runner, startup: false, activationEvent: 'onStartupFinished'
2024-02-18 16:59:02.129 [info] ExtensionService#_doActivateExtension ritwickdey.LiveServer, startup: false, activationEvent: 'onStartupFinished'
2024-02-18 16:59:05.643 [info] ExtensionService#_doActivateExtension vscode.tunnel-forwarding, startup: false, activationEvent: 'onTunnel'
2024-02-18 16:59:31.348 [info] Extension host terminating: received terminate message from renderer
2024-02-18 16:59:31.349 [info] Lock '/home/abraham/.vscode-server/data/User/workspaceStorage/5de1caa45ec4bad5bc758ebe0b553175/vscode.lock': Marking the lockfile as scheduled to be released in 6000 ms.
2024-02-18 16:59:31.443 [error] Canceled: Canceled
	at new g (/home/abraham/.vscode-server/bin/8b3775030ed1a69b13e4f4c628c612102e30a681/out/vs/workbench/api/node/extensionHostProcess.js:141:110274)
	at u.U (/home/abraham/.vscode-server/bin/8b3775030ed1a69b13e4f4c628c612102e30a681/out/vs/workbench/api/node/extensionHostProcess.js:150:10866)
	at P.<computed>.j.charCodeAt.P.<computed> (/home/abraham/.vscode-server/bin/8b3775030ed1a69b13e4f4c628c612102e30a681/out/vs/workbench/api/node/extensionHostProcess.js:150:8317)
	at d.g (/home/abraham/.vscode-server/bin/8b3775030ed1a69b13e4f4c628c612102e30a681/out/vs/workbench/api/node/extensionHostProcess.js:141:139555)
	at d.executeCommand (/home/abraham/.vscode-server/bin/8b3775030ed1a69b13e4f4c628c612102e30a681/out/vs/workbench/api/node/extensionHostProcess.js:141:138993)
	at b.registerCommand.description (/home/abraham/.vscode-server/bin/8b3775030ed1a69b13e4f4c628c612102e30a681/out/vs/workbench/api/node/extensionHostProcess.js:141:138317)
	at d.h (/home/abraham/.vscode-server/bin/8b3775030ed1a69b13e4f4c628c612102e30a681/out/vs/workbench/api/node/extensionHostProcess.js:141:140094)
	at d.g (/home/abraham/.vscode-server/bin/8b3775030ed1a69b13e4f4c628c612102e30a681/out/vs/workbench/api/node/extensionHostProcess.js:141:139086)
	at d.executeCommand (/home/abraham/.vscode-server/bin/8b3775030ed1a69b13e4f4c628c612102e30a681/out/vs/workbench/api/node/extensionHostProcess.js:141:138993)
	at Object.executeCommand (/home/abraham/.vscode-server/bin/8b3775030ed1a69b13e4f4c628c612102e30a681/out/vs/workbench/api/node/extensionHostProcess.js:158:21333)
	at f.I [as value] (/home/abraham/.vscode-server/bin/8b3775030ed1a69b13e4f4c628c612102e30a681/extensions/git/dist/main.js:2:924696)
	at n.y (/home/abraham/.vscode-server/bin/8b3775030ed1a69b13e4f4c628c612102e30a681/out/vs/workbench/api/node/extensionHostProcess.js:80:1902)
	at n.z (/home/abraham/.vscode-server/bin/8b3775030ed1a69b13e4f4c628c612102e30a681/out/vs/workbench/api/node/extensionHostProcess.js:80:1972)
	at n.fire (/home/abraham/.vscode-server/bin/8b3775030ed1a69b13e4f4c628c612102e30a681/out/vs/workbench/api/node/extensionHostProcess.js:80:2188)
	at Object.m [as dispose] (/home/abraham/.vscode-server/bin/8b3775030ed1a69b13e4f4c628c612102e30a681/extensions/git/dist/main.js:2:940613)
	at /home/abraham/.vscode-server/bin/8b3775030ed1a69b13e4f4c628c612102e30a681/extensions/git/dist/main.js:2:945566
	at Array.forEach (<anonymous>)
	at p.dispose (/home/abraham/.vscode-server/bin/8b3775030ed1a69b13e4f4c628c612102e30a681/extensions/git/dist/main.js:2:945552)
	at l.<anonymous> (/home/abraham/.vscode-server/bin/8b3775030ed1a69b13e4f4c628c612102e30a681/out/vs/workbench/api/node/extensionHostProcess.js:137:3620)
	at l.dispose (/home/abraham/.vscode-server/bin/8b3775030ed1a69b13e4f4c628c612102e30a681/out/vs/workbench/api/node/extensionHostProcess.js:137:3717)
	at l.<anonymous> (/home/abraham/.vscode-server/bin/8b3775030ed1a69b13e4f4c628c612102e30a681/extensions/git/dist/main.js:2:926708)
	at l.dispose (/home/abraham/.vscode-server/bin/8b3775030ed1a69b13e4f4c628c612102e30a681/out/vs/workbench/api/node/extensionHostProcess.js:137:3717)
	at s (/home/abraham/.vscode-server/bin/8b3775030ed1a69b13e4f4c628c612102e30a681/out/vs/workbench/api/node/extensionHostProcess.js:30:754)
	at f.cb (/home/abraham/.vscode-server/bin/8b3775030ed1a69b13e4f4c628c612102e30a681/out/vs/workbench/api/node/extensionHostProcess.js:154:9873)
	at /home/abraham/.vscode-server/bin/8b3775030ed1a69b13e4f4c628c612102e30a681/out/vs/workbench/api/node/extensionHostProcess.js:154:7808
	at Array.map (<anonymous>)
	at f.Y (/home/abraham/.vscode-server/bin/8b3775030ed1a69b13e4f4c628c612102e30a681/out/vs/workbench/api/node/extensionHostProcess.js:154:7795)
	at f.terminate (/home/abraham/.vscode-server/bin/8b3775030ed1a69b13e4f4c628c612102e30a681/out/vs/workbench/api/node/extensionHostProcess.js:154:8068)
	at s.terminate (/home/abraham/.vscode-server/bin/8b3775030ed1a69b13e4f4c628c612102e30a681/out/vs/workbench/api/node/extensionHostProcess.js:158:1513)
	at a (/home/abraham/.vscode-server/bin/8b3775030ed1a69b13e4f4c628c612102e30a681/out/vs/workbench/api/node/extensionHostProcess.js:171:9802)
	at f.value (/home/abraham/.vscode-server/bin/8b3775030ed1a69b13e4f4c628c612102e30a681/out/vs/workbench/api/node/extensionHostProcess.js:171:7849)
	at n.y (/home/abraham/.vscode-server/bin/8b3775030ed1a69b13e4f4c628c612102e30a681/out/vs/workbench/api/node/extensionHostProcess.js:80:1902)
	at n.fire (/home/abraham/.vscode-server/bin/8b3775030ed1a69b13e4f4c628c612102e30a681/out/vs/workbench/api/node/extensionHostProcess.js:80:2119)
	at o.fire (/home/abraham/.vscode-server/bin/8b3775030ed1a69b13e4f4c628c612102e30a681/out/vs/workbench/api/node/extensionHostProcess.js:103:14039)
	at d.z (/home/abraham/.vscode-server/bin/8b3775030ed1a69b13e4f4c628c612102e30a681/out/vs/workbench/api/node/extensionHostProcess.js:103:17104)
	at f.value (/home/abraham/.vscode-server/bin/8b3775030ed1a69b13e4f4c628c612102e30a681/out/vs/workbench/api/node/extensionHostProcess.js:103:15556)
	at n.y (/home/abraham/.vscode-server/bin/8b3775030ed1a69b13e4f4c628c612102e30a681/out/vs/workbench/api/node/extensionHostProcess.js:80:1902)
	at n.fire (/home/abraham/.vscode-server/bin/8b3775030ed1a69b13e4f4c628c612102e30a681/out/vs/workbench/api/node/extensionHostProcess.js:80:2119)
	at f.acceptChunk (/home/abraham/.vscode-server/bin/8b3775030ed1a69b13e4f4c628c612102e30a681/out/vs/workbench/api/node/extensionHostProcess.js:103:11813)
	at f.value (/home/abraham/.vscode-server/bin/8b3775030ed1a69b13e4f4c628c612102e30a681/out/vs/workbench/api/node/extensionHostProcess.js:103:11100)
	at n.y (/home/abraham/.vscode-server/bin/8b3775030ed1a69b13e4f4c628c612102e30a681/out/vs/workbench/api/node/extensionHostProcess.js:80:1902)
	at n.fire (/home/abraham/.vscode-server/bin/8b3775030ed1a69b13e4f4c628c612102e30a681/out/vs/workbench/api/node/extensionHostProcess.js:80:2119)
	at n.z (/home/abraham/.vscode-server/bin/8b3775030ed1a69b13e4f4c628c612102e30a681/out/vs/workbench/api/node/extensionHostProcess.js:168:19527)
	at n.acceptFrame (/home/abraham/.vscode-server/bin/8b3775030ed1a69b13e4f4c628c612102e30a681/out/vs/workbench/api/node/extensionHostProcess.js:168:19333)
	at i.n (/home/abraham/.vscode-server/bin/8b3775030ed1a69b13e4f4c628c612102e30a681/out/vs/workbench/api/node/extensionHostProcess.js:168:17832)
	at /home/abraham/.vscode-server/bin/8b3775030ed1a69b13e4f4c628c612102e30a681/out/vs/workbench/api/node/extensionHostProcess.js:168:15052
	at Socket.E (/home/abraham/.vscode-server/bin/8b3775030ed1a69b13e4f4c628c612102e30a681/out/vs/workbench/api/node/extensionHostProcess.js:168:12957)
	at Socket.emit (node:events:513:28)
	at addChunk (node:internal/streams/readable:324:12)
	at readableAddChunk (node:internal/streams/readable:297:9)
	at Readable.push (node:internal/streams/readable:234:10)
	at TCP.onStreamRead (node:internal/stream_base_commons:190:23) setContext undefined
2024-02-18 16:59:31.445 [error] Canceled: Canceled
	at new g (/home/abraham/.vscode-server/bin/8b3775030ed1a69b13e4f4c628c612102e30a681/out/vs/workbench/api/node/extensionHostProcess.js:141:110274)
	at u.U (/home/abraham/.vscode-server/bin/8b3775030ed1a69b13e4f4c628c612102e30a681/out/vs/workbench/api/node/extensionHostProcess.js:150:10866)
	at P.<computed>.j.charCodeAt.P.<computed> (/home/abraham/.vscode-server/bin/8b3775030ed1a69b13e4f4c628c612102e30a681/out/vs/workbench/api/node/extensionHostProcess.js:150:8317)
	at d.g (/home/abraham/.vscode-server/bin/8b3775030ed1a69b13e4f4c628c612102e30a681/out/vs/workbench/api/node/extensionHostProcess.js:141:139555)
	at d.executeCommand (/home/abraham/.vscode-server/bin/8b3775030ed1a69b13e4f4c628c612102e30a681/out/vs/workbench/api/node/extensionHostProcess.js:141:138993)
	at b.registerCommand.description (/home/abraham/.vscode-server/bin/8b3775030ed1a69b13e4f4c628c612102e30a681/out/vs/workbench/api/node/extensionHostProcess.js:141:138317)
	at d.h (/home/abraham/.vscode-server/bin/8b3775030ed1a69b13e4f4c628c612102e30a681/out/vs/workbench/api/node/extensionHostProcess.js:141:140094)
	at d.g (/home/abraham/.vscode-server/bin/8b3775030ed1a69b13e4f4c628c612102e30a681/out/vs/workbench/api/node/extensionHostProcess.js:141:139086)
	at d.executeCommand (/home/abraham/.vscode-server/bin/8b3775030ed1a69b13e4f4c628c612102e30a681/out/vs/workbench/api/node/extensionHostProcess.js:141:138993)
	at Object.executeCommand (/home/abraham/.vscode-server/bin/8b3775030ed1a69b13e4f4c628c612102e30a681/out/vs/workbench/api/node/extensionHostProcess.js:158:21333)
	at set b [as b] (/home/abraham/.vscode-server/bin/8b3775030ed1a69b13e4f4c628c612102e30a681/extensions/github/dist/extension.js:2:322364)
	at /home/abraham/.vscode-server/bin/8b3775030ed1a69b13e4f4c628c612102e30a681/extensions/github/dist/extension.js:2:323005
	at f.value (/home/abraham/.vscode-server/bin/8b3775030ed1a69b13e4f4c628c612102e30a681/extensions/git/dist/main.js:2:1016450)
	at n.y (/home/abraham/.vscode-server/bin/8b3775030ed1a69b13e4f4c628c612102e30a681/out/vs/workbench/api/node/extensionHostProcess.js:80:1902)
	at n.z (/home/abraham/.vscode-server/bin/8b3775030ed1a69b13e4f4c628c612102e30a681/out/vs/workbench/api/node/extensionHostProcess.js:80:1972)
	at n.fire (/home/abraham/.vscode-server/bin/8b3775030ed1a69b13e4f4c628c612102e30a681/out/vs/workbench/api/node/extensionHostProcess.js:80:2188)
	at Object.m [as dispose] (/home/abraham/.vscode-server/bin/8b3775030ed1a69b13e4f4c628c612102e30a681/extensions/git/dist/main.js:2:940613)
	at /home/abraham/.vscode-server/bin/8b3775030ed1a69b13e4f4c628c612102e30a681/extensions/git/dist/main.js:2:945566
	at Array.forEach (<anonymous>)
	at p.dispose (/home/abraham/.vscode-server/bin/8b3775030ed1a69b13e4f4c628c612102e30a681/extensions/git/dist/main.js:2:945552)
	at l.<anonymous> (/home/abraham/.vscode-server/bin/8b3775030ed1a69b13e4f4c628c612102e30a681/out/vs/workbench/api/node/extensionHostProcess.js:137:3620)
	at l.dispose (/home/abraham/.vscode-server/bin/8b3775030ed1a69b13e4f4c628c612102e30a681/out/vs/workbench/api/node/extensionHostProcess.js:137:3717)
	at l.<anonymous> (/home/abraham/.vscode-server/bin/8b3775030ed1a69b13e4f4c628c612102e30a681/extensions/git/dist/main.js:2:926708)
	at l.dispose (/home/abraham/.vscode-server/bin/8b3775030ed1a69b13e4f4c628c612102e30a681/out/vs/workbench/api/node/extensionHostProcess.js:137:3717)
	at s (/home/abraham/.vscode-server/bin/8b3775030ed1a69b13e4f4c628c612102e30a681/out/vs/workbench/api/node/extensionHostProcess.js:30:754)
	at f.cb (/home/abraham/.vscode-server/bin/8b3775030ed1a69b13e4f4c628c612102e30a681/out/vs/workbench/api/node/extensionHostProcess.js:154:9873)
	at /home/abraham/.vscode-server/bin/8b3775030ed1a69b13e4f4c628c612102e30a681/out/vs/workbench/api/node/extensionHostProcess.js:154:7808
	at Array.map (<anonymous>)
	at f.Y (/home/abraham/.vscode-server/bin/8b3775030ed1a69b13e4f4c628c612102e30a681/out/vs/workbench/api/node/extensionHostProcess.js:154:7795)
	at f.terminate (/home/abraham/.vscode-server/bin/8b3775030ed1a69b13e4f4c628c612102e30a681/out/vs/workbench/api/node/extensionHostProcess.js:154:8068)
	at s.terminate (/home/abraham/.vscode-server/bin/8b3775030ed1a69b13e4f4c628c612102e30a681/out/vs/workbench/api/node/extensionHostProcess.js:158:1513)
	at a (/home/abraham/.vscode-server/bin/8b3775030ed1a69b13e4f4c628c612102e30a681/out/vs/workbench/api/node/extensionHostProcess.js:171:9802)
	at f.value (/home/abraham/.vscode-server/bin/8b3775030ed1a69b13e4f4c628c612102e30a681/out/vs/workbench/api/node/extensionHostProcess.js:171:7849)
	at n.y (/home/abraham/.vscode-server/bin/8b3775030ed1a69b13e4f4c628c612102e30a681/out/vs/workbench/api/node/extensionHostProcess.js:80:1902)
	at n.fire (/home/abraham/.vscode-server/bin/8b3775030ed1a69b13e4f4c628c612102e30a681/out/vs/workbench/api/node/extensionHostProcess.js:80:2119)
	at o.fire (/home/abraham/.vscode-server/bin/8b3775030ed1a69b13e4f4c628c612102e30a681/out/vs/workbench/api/node/extensionHostProcess.js:103:14039)
	at d.z (/home/abraham/.vscode-server/bin/8b3775030ed1a69b13e4f4c628c612102e30a681/out/vs/workbench/api/node/extensionHostProcess.js:103:17104)
	at f.value (/home/abraham/.vscode-server/bin/8b3775030ed1a69b13e4f4c628c612102e30a681/out/vs/workbench/api/node/extensionHostProcess.js:103:15556)
	at n.y (/home/abraham/.vscode-server/bin/8b3775030ed1a69b13e4f4c628c612102e30a681/out/vs/workbench/api/node/extensionHostProcess.js:80:1902)
	at n.fire (/home/abraham/.vscode-server/bin/8b3775030ed1a69b13e4f4c628c612102e30a681/out/vs/workbench/api/node/extensionHostProcess.js:80:2119)
	at f.acceptChunk (/home/abraham/.vscode-server/bin/8b3775030ed1a69b13e4f4c628c612102e30a681/out/vs/workbench/api/node/extensionHostProcess.js:103:11813)
	at f.value (/home/abraham/.vscode-server/bin/8b3775030ed1a69b13e4f4c628c612102e30a681/out/vs/workbench/api/node/extensionHostProcess.js:103:11100)
	at n.y (/home/abraham/.vscode-server/bin/8b3775030ed1a69b13e4f4c628c612102e30a681/out/vs/workbench/api/node/extensionHostProcess.js:80:1902)
	at n.fire (/home/abraham/.vscode-server/bin/8b3775030ed1a69b13e4f4c628c612102e30a681/out/vs/workbench/api/node/extensionHostProcess.js:80:2119)
	at n.z (/home/abraham/.vscode-server/bin/8b3775030ed1a69b13e4f4c628c612102e30a681/out/vs/workbench/api/node/extensionHostProcess.js:168:19527)
	at n.acceptFrame (/home/abraham/.vscode-server/bin/8b3775030ed1a69b13e4f4c628c612102e30a681/out/vs/workbench/api/node/extensionHostProcess.js:168:19333)
	at i.n (/home/abraham/.vscode-server/bin/8b3775030ed1a69b13e4f4c628c612102e30a681/out/vs/workbench/api/node/extensionHostProcess.js:168:17832)
	at /home/abraham/.vscode-server/bin/8b3775030ed1a69b13e4f4c628c612102e30a681/out/vs/workbench/api/node/extensionHostProcess.js:168:15052
	at Socket.E (/home/abraham/.vscode-server/bin/8b3775030ed1a69b13e4f4c628c612102e30a681/out/vs/workbench/api/node/extensionHostProcess.js:168:12957)
	at Socket.emit (node:events:513:28)
	at addChunk (node:internal/streams/readable:324:12)
	at readableAddChunk (node:internal/streams/readable:297:9)
	at Readable.push (node:internal/streams/readable:234:10)
	at TCP.onStreamRead (node:internal/stream_base_commons:190:23) setContext undefined
2024-02-18 16:59:31.446 [error] Canceled: Canceled
	at new g (/home/abraham/.vscode-server/bin/8b3775030ed1a69b13e4f4c628c612102e30a681/out/vs/workbench/api/node/extensionHostProcess.js:141:110274)
	at u.U (/home/abraham/.vscode-server/bin/8b3775030ed1a69b13e4f4c628c612102e30a681/out/vs/workbench/api/node/extensionHostProcess.js:150:10866)
	at P.<computed>.j.charCodeAt.P.<computed> (/home/abraham/.vscode-server/bin/8b3775030ed1a69b13e4f4c628c612102e30a681/out/vs/workbench/api/node/extensionHostProcess.js:150:8317)
	at d.g (/home/abraham/.vscode-server/bin/8b3775030ed1a69b13e4f4c628c612102e30a681/out/vs/workbench/api/node/extensionHostProcess.js:141:139555)
	at d.executeCommand (/home/abraham/.vscode-server/bin/8b3775030ed1a69b13e4f4c628c612102e30a681/out/vs/workbench/api/node/extensionHostProcess.js:141:138993)
	at b.registerCommand.description (/home/abraham/.vscode-server/bin/8b3775030ed1a69b13e4f4c628c612102e30a681/out/vs/workbench/api/node/extensionHostProcess.js:141:138317)
	at d.h (/home/abraham/.vscode-server/bin/8b3775030ed1a69b13e4f4c628c612102e30a681/out/vs/workbench/api/node/extensionHostProcess.js:141:140094)
	at d.g (/home/abraham/.vscode-server/bin/8b3775030ed1a69b13e4f4c628c612102e30a681/out/vs/workbench/api/node/extensionHostProcess.js:141:139086)
	at d.executeCommand (/home/abraham/.vscode-server/bin/8b3775030ed1a69b13e4f4c628c612102e30a681/out/vs/workbench/api/node/extensionHostProcess.js:141:138993)
	at Object.executeCommand (/home/abraham/.vscode-server/bin/8b3775030ed1a69b13e4f4c628c612102e30a681/out/vs/workbench/api/node/extensionHostProcess.js:158:21333)
	at f.value (/home/abraham/.vscode-server/extensions/ms-vscode.live-server-0.4.13/out/extension.js:1:76820)
	at n.y (/home/abraham/.vscode-server/bin/8b3775030ed1a69b13e4f4c628c612102e30a681/out/vs/workbench/api/node/extensionHostProcess.js:80:1902)
	at n.fire (/home/abraham/.vscode-server/bin/8b3775030ed1a69b13e4f4c628c612102e30a681/out/vs/workbench/api/node/extensionHostProcess.js:80:2119)
	at f.closeServer (/home/abraham/.vscode-server/extensions/ms-vscode.live-server-0.4.13/out/extension.js:1:86708)
	at f.dispose (/home/abraham/.vscode-server/extensions/ms-vscode.live-server-0.4.13/out/extension.js:1:88998)
	at /home/abraham/.vscode-server/extensions/ms-vscode.live-server-0.4.13/out/extension.js:1:71717
	at Map.forEach (<anonymous>)
	at b.closeAllServers (/home/abraham/.vscode-server/extensions/ms-vscode.live-server-0.4.13/out/extension.js:1:71702)
	at b.dispose (/home/abraham/.vscode-server/extensions/ms-vscode.live-server-0.4.13/out/extension.js:1:71745)
	at t.deactivate (/home/abraham/.vscode-server/extensions/ms-vscode.live-server-0.4.13/out/extension.js:1:64717)
	at f.cb (/home/abraham/.vscode-server/bin/8b3775030ed1a69b13e4f4c628c612102e30a681/out/vs/workbench/api/node/extensionHostProcess.js:154:9678)
	at /home/abraham/.vscode-server/bin/8b3775030ed1a69b13e4f4c628c612102e30a681/out/vs/workbench/api/node/extensionHostProcess.js:154:7808
	at Array.map (<anonymous>)
	at f.Y (/home/abraham/.vscode-server/bin/8b3775030ed1a69b13e4f4c628c612102e30a681/out/vs/workbench/api/node/extensionHostProcess.js:154:7795)
	at f.terminate (/home/abraham/.vscode-server/bin/8b3775030ed1a69b13e4f4c628c612102e30a681/out/vs/workbench/api/node/extensionHostProcess.js:154:8068)
	at s.terminate (/home/abraham/.vscode-server/bin/8b3775030ed1a69b13e4f4c628c612102e30a681/out/vs/workbench/api/node/extensionHostProcess.js:158:1513)
	at a (/home/abraham/.vscode-server/bin/8b3775030ed1a69b13e4f4c628c612102e30a681/out/vs/workbench/api/node/extensionHostProcess.js:171:9802)
	at f.value (/home/abraham/.vscode-server/bin/8b3775030ed1a69b13e4f4c628c612102e30a681/out/vs/workbench/api/node/extensionHostProcess.js:171:7849)
	at n.y (/home/abraham/.vscode-server/bin/8b3775030ed1a69b13e4f4c628c612102e30a681/out/vs/workbench/api/node/extensionHostProcess.js:80:1902)
	at n.fire (/home/abraham/.vscode-server/bin/8b3775030ed1a69b13e4f4c628c612102e30a681/out/vs/workbench/api/node/extensionHostProcess.js:80:2119)
	at o.fire (/home/abraham/.vscode-server/bin/8b3775030ed1a69b13e4f4c628c612102e30a681/out/vs/workbench/api/node/extensionHostProcess.js:103:14039)
	at d.z (/home/abraham/.vscode-server/bin/8b3775030ed1a69b13e4f4c628c612102e30a681/out/vs/workbench/api/node/extensionHostProcess.js:103:17104)
	at f.value (/home/abraham/.vscode-server/bin/8b3775030ed1a69b13e4f4c628c612102e30a681/out/vs/workbench/api/node/extensionHostProcess.js:103:15556)
	at n.y (/home/abraham/.vscode-server/bin/8b3775030ed1a69b13e4f4c628c612102e30a681/out/vs/workbench/api/node/extensionHostProcess.js:80:1902)
	at n.fire (/home/abraham/.vscode-server/bin/8b3775030ed1a69b13e4f4c628c612102e30a681/out/vs/workbench/api/node/extensionHostProcess.js:80:2119)
	at f.acceptChunk (/home/abraham/.vscode-server/bin/8b3775030ed1a69b13e4f4c628c612102e30a681/out/vs/workbench/api/node/extensionHostProcess.js:103:11813)
	at f.value (/home/abraham/.vscode-server/bin/8b3775030ed1a69b13e4f4c628c612102e30a681/out/vs/workbench/api/node/extensionHostProcess.js:103:11100)
	at n.y (/home/abraham/.vscode-server/bin/8b3775030ed1a69b13e4f4c628c612102e30a681/out/vs/workbench/api/node/extensionHostProcess.js:80:1902)
	at n.fire (/home/abraham/.vscode-server/bin/8b3775030ed1a69b13e4f4c628c612102e30a681/out/vs/workbench/api/node/extensionHostProcess.js:80:2119)
	at n.z (/home/abraham/.vscode-server/bin/8b3775030ed1a69b13e4f4c628c612102e30a681/out/vs/workbench/api/node/extensionHostProcess.js:168:19527)
	at n.acceptFrame (/home/abraham/.vscode-server/bin/8b3775030ed1a69b13e4f4c628c612102e30a681/out/vs/workbench/api/node/extensionHostProcess.js:168:19333)
	at i.n (/home/abraham/.vscode-server/bin/8b3775030ed1a69b13e4f4c628c612102e30a681/out/vs/workbench/api/node/extensionHostProcess.js:168:17832)
	at /home/abraham/.vscode-server/bin/8b3775030ed1a69b13e4f4c628c612102e30a681/out/vs/workbench/api/node/extensionHostProcess.js:168:15052
	at Socket.E (/home/abraham/.vscode-server/bin/8b3775030ed1a69b13e4f4c628c612102e30a681/out/vs/workbench/api/node/extensionHostProcess.js:168:12957)
	at Socket.emit (node:events:513:28)
	at addChunk (node:internal/streams/readable:324:12)
	at readableAddChunk (node:internal/streams/readable:297:9)
	at Readable.push (node:internal/streams/readable:234:10)
	at TCP.onStreamRead (node:internal/stream_base_commons:190:23) setContext undefined
2024-02-18 16:59:31.450 [info] Extension host with pid 555 exiting with code 0
