2024-05-24 14:09:19.095 [info] Log level: Info
2024-05-24 14:09:19.095 [info] Validating found git in: "git"
2024-05-24 14:09:19.095 [info] Using git "2.43.0" from "git"
2024-05-24 14:09:19.095 [info] > git rev-parse --show-toplevel [303ms]
2024-05-24 14:09:19.095 [info] > git rev-parse --git-dir --git-common-dir [61ms]
2024-05-24 14:09:19.095 [info] Open repository: /home/abraham
2024-05-24 14:09:19.095 [info] > git rev-parse --show-toplevel [20ms]
2024-05-24 14:09:19.095 [info] > git config --get commit.template [39ms]
2024-05-24 14:09:19.604 [info] > git rev-parse --show-toplevel [95ms]
2024-05-24 14:09:19.625 [info] > git for-each-ref --format=%(refname)%00%(upstream:short)%00%(objectname)%00%(upstream:track)%00%(upstream:remotename)%00%(upstream:remoteref) refs/heads/main refs/remotes/main [40ms]
2024-05-24 14:09:19.655 [warning] ENOENT: no such file or directory, open '/home/abraham/.git/refs/remotes/origin/main'
2024-05-24 14:09:19.657 [info] > git rev-parse --show-toplevel [35ms]
2024-05-24 14:09:19.746 [info] > git rev-parse refs/remotes/origin/main [93ms]
2024-05-24 14:09:19.769 [info] > git rev-parse --show-toplevel [72ms]
2024-05-24 14:09:19.797 [info] > git rev-parse --show-toplevel [7ms]
2024-05-24 14:09:19.855 [info] > git rev-parse --git-dir --git-common-dir [4ms]
2024-05-24 14:09:19.868 [info] Open repository: /home/abraham/css-exercises
2024-05-24 14:09:19.903 [info] > git rev-parse --show-toplevel [4ms]
2024-05-24 14:09:19.905 [info] > git config --get commit.template [21ms]
2024-05-24 14:09:19.995 [info] > git rev-parse --git-dir --git-common-dir [10ms]
2024-05-24 14:09:20.022 [info] Open repository: /home/abraham/git_test
2024-05-24 14:09:20.024 [info] > git for-each-ref --format=%(refname)%00%(upstream:short)%00%(objectname)%00%(upstream:track)%00%(upstream:remotename)%00%(upstream:remoteref) refs/heads/main refs/remotes/main [53ms]
2024-05-24 14:09:20.950 [info] > git rev-parse --show-toplevel [877ms]
2024-05-24 14:09:20.951 [info] > git config --get commit.template [901ms]
2024-05-24 14:09:21.028 [info] > git rev-parse --show-toplevel [38ms]
2024-05-24 14:09:21.043 [info] > git for-each-ref --format=%(refname)%00%(upstream:short)%00%(objectname)%00%(upstream:track)%00%(upstream:remotename)%00%(upstream:remoteref) refs/heads/main refs/remotes/main [31ms]
2024-05-24 14:09:21.100 [info] > git status -z -uall [75ms]
2024-05-24 14:09:21.100 [info] > git rev-parse --git-dir --git-common-dir [60ms]
2024-05-24 14:09:21.106 [info] Open repository: /home/abraham/landing_page
2024-05-24 14:09:21.175 [info] > git merge-base refs/heads/main refs/remotes/origin/main [56ms]
2024-05-24 14:09:21.312 [info] > git config --get commit.template [140ms]
2024-05-24 14:09:21.312 [info] > git rev-parse --show-toplevel [152ms]
2024-05-24 14:09:21.313 [info] > git config --get commit.template [166ms]
2024-05-24 14:09:21.363 [info] > git status -z -uall [1602ms] (cancelled)
2024-05-24 14:09:21.364 [info] > git rev-list --count --left-right refs/heads/main...refs/remotes/origin/main [176ms]
2024-05-24 14:09:21.424 [info] > git rev-parse --show-toplevel [95ms]
2024-05-24 14:09:21.444 [info] > git status -z -uall [52ms]
2024-05-24 14:09:21.444 [info] > git for-each-ref --format=%(refname)%00%(upstream:short)%00%(objectname)%00%(upstream:track)%00%(upstream:remotename)%00%(upstream:remoteref) refs/heads/main refs/remotes/main [26ms]
2024-05-24 14:09:21.445 [info] > git for-each-ref --format=%(refname)%00%(upstream:short)%00%(objectname)%00%(upstream:track)%00%(upstream:remotename)%00%(upstream:remoteref) refs/heads/main refs/remotes/main [39ms]
2024-05-24 14:09:21.479 [info] > git diff --name-status -z --diff-filter=ADMR ec153d4c9c7e6065a14327a403a79ea5a0b84f47...refs/remotes/origin/main [102ms]
2024-05-24 14:09:21.667 [info] > git merge-base refs/heads/main refs/remotes/origin/main [200ms]
2024-05-24 14:09:21.700 [info] > git rev-parse --git-dir --git-common-dir [259ms]
2024-05-24 14:09:21.726 [info] Open repository: /home/abraham/odin-recipes
2024-05-24 14:09:21.801 [info] > git rev-list --count --left-right refs/heads/main...refs/remotes/origin/main [102ms]
2024-05-24 14:09:21.820 [info] > git config --get commit.template [245ms]
2024-05-24 14:09:21.833 [info] > git diff --name-status -z --diff-filter=ADMR 9ceb1b9bfcb54650191b59fb74fc67f1dfaa9d72...refs/remotes/origin/main [15ms]
2024-05-24 14:09:21.835 [info] > git rev-parse --show-toplevel [47ms]
2024-05-24 14:09:21.835 [info] > git config --get commit.template [74ms]
2024-05-24 14:09:21.921 [info] > git status -z -uall [67ms]
2024-05-24 14:09:21.922 [info] > git status -z -uall [51ms]
2024-05-24 14:09:21.922 [info] > git for-each-ref --format=%(refname)%00%(upstream:short)%00%(objectname)%00%(upstream:track)%00%(upstream:remotename)%00%(upstream:remoteref) refs/heads/main refs/remotes/main [38ms]
2024-05-24 14:09:21.991 [info] > git merge-base refs/heads/main refs/remotes/origin/main [46ms]
2024-05-24 14:09:22.009 [info] > git for-each-ref --format=%(refname)%00%(upstream:short)%00%(objectname)%00%(upstream:track)%00%(upstream:remotename)%00%(upstream:remoteref) refs/heads/main refs/remotes/main [94ms]
2024-05-24 14:09:22.010 [info] > git rev-parse --git-dir --git-common-dir [112ms]
2024-05-24 14:09:22.025 [info] Open repository: /home/abraham/plp_python
2024-05-24 14:09:22.089 [info] > git rev-list --count --left-right refs/heads/main...refs/remotes/origin/main [81ms]
2024-05-24 14:09:22.109 [info] > git config --get commit.template [120ms]
2024-05-24 14:09:22.117 [info] > git rev-parse --show-toplevel [41ms]
2024-05-24 14:09:22.119 [info] > git config --get commit.template [63ms]
2024-05-24 14:09:22.187 [info] > git status -z -uall [43ms]
2024-05-24 14:09:22.188 [info] > git diff --name-status -z --diff-filter=ADMR 6ca9dd8586998252c1db464b1a78aa7deeaa1940...refs/remotes/origin/main [80ms]
2024-05-24 14:09:22.311 [info] > git rev-parse --show-toplevel [133ms]
2024-05-24 14:09:22.312 [info] > git for-each-ref --format=%(refname)%00%(upstream:short)%00%(objectname)%00%(upstream:track)%00%(upstream:remotename)%00%(upstream:remoteref) refs/heads/main refs/remotes/main [153ms]
2024-05-24 14:09:22.349 [info] > git status -z -uall [142ms]
2024-05-24 14:09:22.350 [info] > git for-each-ref --format=%(refname)%00%(upstream:short)%00%(objectname)%00%(upstream:track)%00%(upstream:remotename)%00%(upstream:remoteref) refs/heads/main refs/remotes/main [68ms]
2024-05-24 14:09:22.403 [info] > git merge-base refs/heads/main refs/remotes/origin/main [34ms]
2024-05-24 14:09:22.423 [info] > git config --get commit.template [23ms]
2024-05-24 14:09:22.451 [info] > git rev-list --count --left-right refs/heads/main...refs/remotes/origin/main [33ms]
2024-05-24 14:09:22.530 [info] > git status -z -uall [83ms]
2024-05-24 14:09:22.530 [info] > git status -z -uall [32ms]
2024-05-24 14:09:22.566 [info] > git for-each-ref --format=%(refname)%00%(upstream:short)%00%(objectname)%00%(upstream:track)%00%(upstream:remotename)%00%(upstream:remoteref) refs/heads/main refs/remotes/main [50ms]
2024-05-24 14:09:22.592 [info] > git diff --name-status -z --diff-filter=ADMR 8a088326432389c076e403481bce9be602d816c3...refs/remotes/origin/main [121ms]
2024-05-24 14:09:22.617 [info] > git merge-base refs/heads/main refs/remotes/origin/main [34ms]
2024-05-24 14:09:22.640 [info] > git config --get commit.template [28ms]
2024-05-24 14:09:22.644 [info] > git rev-list --count --left-right refs/heads/main...refs/remotes/origin/main [10ms]
2024-05-24 14:09:22.726 [info] > git status -z -uall [28ms]
2024-05-24 14:09:22.732 [info] > git for-each-ref --format=%(refname)%00%(upstream:short)%00%(objectname)%00%(upstream:track)%00%(upstream:remotename)%00%(upstream:remoteref) refs/heads/main refs/remotes/main [48ms]
2024-05-24 14:09:22.732 [info] > git diff --name-status -z --diff-filter=ADMR 5644b85c7dbe0a1b9adf8af38dc564e70ce3650f...refs/remotes/origin/main [66ms]
2024-05-24 14:09:22.783 [info] > git status -z -uall [5ms]
