2024-03-08 10:03:04.721 [info] Extension host with pid 567 started
2024-03-08 10:03:04.748 [info] Lock '/home/abraham/.vscode-server/data/User/workspaceStorage/faeb5d17a8df12c89dfdd06dfdbf8e9d/vscode.lock': Lock acquired.
2024-03-08 10:03:04.882 [info] ExtensionService#_doActivateExtension vscode.git-base, startup: true, activationEvent: '*', root cause: vscode.git
2024-03-08 10:03:04.973 [info] ExtensionService#_doActivateExtension vscode.git, startup: true, activationEvent: '*'
2024-03-08 10:03:04.974 [info] ExtensionService#_doActivateExtension vscode.github, startup: true, activationEvent: '*'
2024-03-08 10:03:05.520 [info] Eager extensions activated
2024-03-08 10:03:05.521 [info] ExtensionService#_doActivateExtension vscode.debug-auto-launch, startup: false, activationEvent: 'onStartupFinished'
2024-03-08 10:03:05.521 [info] ExtensionService#_doActivateExtension vscode.merge-conflict, startup: false, activationEvent: 'onStartupFinished'
2024-03-08 10:03:05.522 [info] ExtensionService#_doActivateExtension bradlc.vscode-tailwindcss, startup: false, activationEvent: 'onStartupFinished'
2024-03-08 10:03:05.523 [info] ExtensionService#_doActivateExtension formulahendry.code-runner, startup: false, activationEvent: 'onStartupFinished'
2024-03-08 10:03:05.523 [info] ExtensionService#_doActivateExtension ritwickdey.LiveServer, startup: false, activationEvent: 'onStartupFinished'
2024-03-08 10:03:06.925 [warning] [Decorations] CAPPING events from decorations provider vscode.git 3440
2024-03-08 10:03:07.895 [warning] [Decorations] CAPPING events from decorations provider vscode.git 3440
2024-03-08 10:03:11.184 [warning] [Decorations] CAPPING events from decorations provider vscode.git 3440
2024-03-08 10:03:12.307 [info] ExtensionService#_doActivateExtension vscode.emmet, startup: false, activationEvent: 'onLanguage'
2024-03-08 10:03:16.660 [warning] [Decorations] CAPPING events from decorations provider vscode.git 3458
2024-03-08 10:03:41.319 [warning] [Decorations] CAPPING events from decorations provider vscode.git 3458
2024-03-08 10:04:13.209 [error] CodeExpectedError: Unable to write into user settings. Please open the user settings to correct errors/warnings in it and try again.
    at f.y (vscode-file://vscode-app/c:/Users/Admin/AppData/Local/Programs/Microsoft%20VS%20Code/resources/app/out/vs/workbench/workbench.desktop.main.js:2295:15834)
    at f.o (vscode-file://vscode-app/c:/Users/Admin/AppData/Local/Programs/Microsoft%20VS%20Code/resources/app/out/vs/workbench/workbench.desktop.main.js:2295:13195)
    at f.n (vscode-file://vscode-app/c:/Users/Admin/AppData/Local/Programs/Microsoft%20VS%20Code/resources/app/out/vs/workbench/workbench.desktop.main.js:2295:13086)
    at async Object.factory (vscode-file://vscode-app/c:/Users/Admin/AppData/Local/Programs/Microsoft%20VS%20Code/resources/app/out/vs/workbench/workbench.desktop.main.js:2295:12836)
2024-03-08 10:04:13.211 [info] ExtensionService#_doActivateExtension vscode.json-language-features, startup: false, activationEvent: 'onLanguage:jsonc'
2024-03-08 10:04:13.212 [info] ExtensionService#_doActivateExtension vscode.typescript-language-features, startup: false, activationEvent: 'onLanguage:jsonc'
2024-03-08 10:04:33.997 [info] Extension host terminating: received terminate message from renderer
2024-03-08 10:04:33.999 [info] Lock '/home/abraham/.vscode-server/data/User/workspaceStorage/faeb5d17a8df12c89dfdd06dfdbf8e9d/vscode.lock': Marking the lockfile as scheduled to be released in 6000 ms.
2024-03-08 10:04:34.096 [error] Canceled: Canceled
	at new $ (/home/abraham/.vscode-server/bin/1e790d77f81672c49be070e04474901747115651/out/vs/workbench/api/node/extensionHostProcess.js:140:45885)
	at s.U (/home/abraham/.vscode-server/bin/1e790d77f81672c49be070e04474901747115651/out/vs/workbench/api/node/extensionHostProcess.js:147:5556)
	at z.<computed>.T.charCodeAt.z.<computed> (/home/abraham/.vscode-server/bin/1e790d77f81672c49be070e04474901747115651/out/vs/workbench/api/node/extensionHostProcess.js:147:3007)
	at u.g (/home/abraham/.vscode-server/bin/1e790d77f81672c49be070e04474901747115651/out/vs/workbench/api/node/extensionHostProcess.js:150:184300)
	at u.executeCommand (/home/abraham/.vscode-server/bin/1e790d77f81672c49be070e04474901747115651/out/vs/workbench/api/node/extensionHostProcess.js:150:183738)
	at f.registerCommand.description (/home/abraham/.vscode-server/bin/1e790d77f81672c49be070e04474901747115651/out/vs/workbench/api/node/extensionHostProcess.js:150:183062)
	at u.h (/home/abraham/.vscode-server/bin/1e790d77f81672c49be070e04474901747115651/out/vs/workbench/api/node/extensionHostProcess.js:150:184839)
	at u.g (/home/abraham/.vscode-server/bin/1e790d77f81672c49be070e04474901747115651/out/vs/workbench/api/node/extensionHostProcess.js:150:183831)
	at u.executeCommand (/home/abraham/.vscode-server/bin/1e790d77f81672c49be070e04474901747115651/out/vs/workbench/api/node/extensionHostProcess.js:150:183738)
	at Object.executeCommand (/home/abraham/.vscode-server/bin/1e790d77f81672c49be070e04474901747115651/out/vs/workbench/api/node/extensionHostProcess.js:160:21654)
	at p.O [as value] (/home/abraham/.vscode-server/bin/1e790d77f81672c49be070e04474901747115651/extensions/git/dist/main.js:2:943479)
	at n.y (/home/abraham/.vscode-server/bin/1e790d77f81672c49be070e04474901747115651/out/vs/workbench/api/node/extensionHostProcess.js:80:1902)
	at n.z (/home/abraham/.vscode-server/bin/1e790d77f81672c49be070e04474901747115651/out/vs/workbench/api/node/extensionHostProcess.js:80:1972)
	at n.fire (/home/abraham/.vscode-server/bin/1e790d77f81672c49be070e04474901747115651/out/vs/workbench/api/node/extensionHostProcess.js:80:2188)
	at Object.m [as dispose] (/home/abraham/.vscode-server/bin/1e790d77f81672c49be070e04474901747115651/extensions/git/dist/main.js:2:962791)
	at /home/abraham/.vscode-server/bin/1e790d77f81672c49be070e04474901747115651/extensions/git/dist/main.js:2:968825
	at Array.forEach (<anonymous>)
	at f.dispose (/home/abraham/.vscode-server/bin/1e790d77f81672c49be070e04474901747115651/extensions/git/dist/main.js:2:968811)
	at l.<anonymous> (/home/abraham/.vscode-server/bin/1e790d77f81672c49be070e04474901747115651/out/vs/workbench/api/node/extensionHostProcess.js:148:3704)
	at l.dispose (/home/abraham/.vscode-server/bin/1e790d77f81672c49be070e04474901747115651/out/vs/workbench/api/node/extensionHostProcess.js:148:3801)
	at l.<anonymous> (/home/abraham/.vscode-server/bin/1e790d77f81672c49be070e04474901747115651/extensions/git/dist/main.js:2:945736)
	at l.dispose (/home/abraham/.vscode-server/bin/1e790d77f81672c49be070e04474901747115651/out/vs/workbench/api/node/extensionHostProcess.js:148:3801)
	at o (/home/abraham/.vscode-server/bin/1e790d77f81672c49be070e04474901747115651/out/vs/workbench/api/node/extensionHostProcess.js:30:754)
	at p.cb (/home/abraham/.vscode-server/bin/1e790d77f81672c49be070e04474901747115651/out/vs/workbench/api/node/extensionHostProcess.js:156:9882)
	at /home/abraham/.vscode-server/bin/1e790d77f81672c49be070e04474901747115651/out/vs/workbench/api/node/extensionHostProcess.js:156:7816
	at Array.map (<anonymous>)
	at p.Y (/home/abraham/.vscode-server/bin/1e790d77f81672c49be070e04474901747115651/out/vs/workbench/api/node/extensionHostProcess.js:156:7803)
	at p.terminate (/home/abraham/.vscode-server/bin/1e790d77f81672c49be070e04474901747115651/out/vs/workbench/api/node/extensionHostProcess.js:156:8076)
	at o.terminate (/home/abraham/.vscode-server/bin/1e790d77f81672c49be070e04474901747115651/out/vs/workbench/api/node/extensionHostProcess.js:160:1513)
	at t (/home/abraham/.vscode-server/bin/1e790d77f81672c49be070e04474901747115651/out/vs/workbench/api/node/extensionHostProcess.js:173:9949)
	at p.value (/home/abraham/.vscode-server/bin/1e790d77f81672c49be070e04474901747115651/out/vs/workbench/api/node/extensionHostProcess.js:173:7996)
	at n.y (/home/abraham/.vscode-server/bin/1e790d77f81672c49be070e04474901747115651/out/vs/workbench/api/node/extensionHostProcess.js:80:1902)
	at n.fire (/home/abraham/.vscode-server/bin/1e790d77f81672c49be070e04474901747115651/out/vs/workbench/api/node/extensionHostProcess.js:80:2119)
	at r.fire (/home/abraham/.vscode-server/bin/1e790d77f81672c49be070e04474901747115651/out/vs/workbench/api/node/extensionHostProcess.js:105:14091)
	at u.z (/home/abraham/.vscode-server/bin/1e790d77f81672c49be070e04474901747115651/out/vs/workbench/api/node/extensionHostProcess.js:105:17156)
	at p.value (/home/abraham/.vscode-server/bin/1e790d77f81672c49be070e04474901747115651/out/vs/workbench/api/node/extensionHostProcess.js:105:15608)
	at n.y (/home/abraham/.vscode-server/bin/1e790d77f81672c49be070e04474901747115651/out/vs/workbench/api/node/extensionHostProcess.js:80:1902)
	at n.fire (/home/abraham/.vscode-server/bin/1e790d77f81672c49be070e04474901747115651/out/vs/workbench/api/node/extensionHostProcess.js:80:2119)
	at p.acceptChunk (/home/abraham/.vscode-server/bin/1e790d77f81672c49be070e04474901747115651/out/vs/workbench/api/node/extensionHostProcess.js:105:11865)
	at p.value (/home/abraham/.vscode-server/bin/1e790d77f81672c49be070e04474901747115651/out/vs/workbench/api/node/extensionHostProcess.js:105:11152)
	at n.y (/home/abraham/.vscode-server/bin/1e790d77f81672c49be070e04474901747115651/out/vs/workbench/api/node/extensionHostProcess.js:80:1902)
	at n.fire (/home/abraham/.vscode-server/bin/1e790d77f81672c49be070e04474901747115651/out/vs/workbench/api/node/extensionHostProcess.js:80:2119)
	at n.z (/home/abraham/.vscode-server/bin/1e790d77f81672c49be070e04474901747115651/out/vs/workbench/api/node/extensionHostProcess.js:170:19768)
	at n.acceptFrame (/home/abraham/.vscode-server/bin/1e790d77f81672c49be070e04474901747115651/out/vs/workbench/api/node/extensionHostProcess.js:170:19574)
	at i.n (/home/abraham/.vscode-server/bin/1e790d77f81672c49be070e04474901747115651/out/vs/workbench/api/node/extensionHostProcess.js:170:18073)
	at /home/abraham/.vscode-server/bin/1e790d77f81672c49be070e04474901747115651/out/vs/workbench/api/node/extensionHostProcess.js:170:15293
	at Socket.y (/home/abraham/.vscode-server/bin/1e790d77f81672c49be070e04474901747115651/out/vs/workbench/api/node/extensionHostProcess.js:170:13198)
	at Socket.emit (node:events:514:28)
	at addChunk (node:internal/streams/readable:324:12)
	at readableAddChunk (node:internal/streams/readable:297:9)
	at Readable.push (node:internal/streams/readable:234:10)
	at TCP.onStreamRead (node:internal/stream_base_commons:190:23) setContext undefined
2024-03-08 10:04:34.096 [error] Canceled: Canceled
	at new $ (/home/abraham/.vscode-server/bin/1e790d77f81672c49be070e04474901747115651/out/vs/workbench/api/node/extensionHostProcess.js:140:45885)
	at s.U (/home/abraham/.vscode-server/bin/1e790d77f81672c49be070e04474901747115651/out/vs/workbench/api/node/extensionHostProcess.js:147:5556)
	at z.<computed>.T.charCodeAt.z.<computed> (/home/abraham/.vscode-server/bin/1e790d77f81672c49be070e04474901747115651/out/vs/workbench/api/node/extensionHostProcess.js:147:3007)
	at u.g (/home/abraham/.vscode-server/bin/1e790d77f81672c49be070e04474901747115651/out/vs/workbench/api/node/extensionHostProcess.js:150:184300)
	at u.executeCommand (/home/abraham/.vscode-server/bin/1e790d77f81672c49be070e04474901747115651/out/vs/workbench/api/node/extensionHostProcess.js:150:183738)
	at f.registerCommand.description (/home/abraham/.vscode-server/bin/1e790d77f81672c49be070e04474901747115651/out/vs/workbench/api/node/extensionHostProcess.js:150:183062)
	at u.h (/home/abraham/.vscode-server/bin/1e790d77f81672c49be070e04474901747115651/out/vs/workbench/api/node/extensionHostProcess.js:150:184839)
	at u.g (/home/abraham/.vscode-server/bin/1e790d77f81672c49be070e04474901747115651/out/vs/workbench/api/node/extensionHostProcess.js:150:183831)
	at u.executeCommand (/home/abraham/.vscode-server/bin/1e790d77f81672c49be070e04474901747115651/out/vs/workbench/api/node/extensionHostProcess.js:150:183738)
	at Object.executeCommand (/home/abraham/.vscode-server/bin/1e790d77f81672c49be070e04474901747115651/out/vs/workbench/api/node/extensionHostProcess.js:160:21654)
	at p.O [as value] (/home/abraham/.vscode-server/bin/1e790d77f81672c49be070e04474901747115651/extensions/git/dist/main.js:2:943479)
	at n.y (/home/abraham/.vscode-server/bin/1e790d77f81672c49be070e04474901747115651/out/vs/workbench/api/node/extensionHostProcess.js:80:1902)
	at n.z (/home/abraham/.vscode-server/bin/1e790d77f81672c49be070e04474901747115651/out/vs/workbench/api/node/extensionHostProcess.js:80:1972)
	at n.fire (/home/abraham/.vscode-server/bin/1e790d77f81672c49be070e04474901747115651/out/vs/workbench/api/node/extensionHostProcess.js:80:2188)
	at Object.m [as dispose] (/home/abraham/.vscode-server/bin/1e790d77f81672c49be070e04474901747115651/extensions/git/dist/main.js:2:962791)
	at /home/abraham/.vscode-server/bin/1e790d77f81672c49be070e04474901747115651/extensions/git/dist/main.js:2:968825
	at Array.forEach (<anonymous>)
	at f.dispose (/home/abraham/.vscode-server/bin/1e790d77f81672c49be070e04474901747115651/extensions/git/dist/main.js:2:968811)
	at l.<anonymous> (/home/abraham/.vscode-server/bin/1e790d77f81672c49be070e04474901747115651/out/vs/workbench/api/node/extensionHostProcess.js:148:3704)
	at l.dispose (/home/abraham/.vscode-server/bin/1e790d77f81672c49be070e04474901747115651/out/vs/workbench/api/node/extensionHostProcess.js:148:3801)
	at l.<anonymous> (/home/abraham/.vscode-server/bin/1e790d77f81672c49be070e04474901747115651/extensions/git/dist/main.js:2:945736)
	at l.dispose (/home/abraham/.vscode-server/bin/1e790d77f81672c49be070e04474901747115651/out/vs/workbench/api/node/extensionHostProcess.js:148:3801)
	at o (/home/abraham/.vscode-server/bin/1e790d77f81672c49be070e04474901747115651/out/vs/workbench/api/node/extensionHostProcess.js:30:754)
	at p.cb (/home/abraham/.vscode-server/bin/1e790d77f81672c49be070e04474901747115651/out/vs/workbench/api/node/extensionHostProcess.js:156:9882)
	at /home/abraham/.vscode-server/bin/1e790d77f81672c49be070e04474901747115651/out/vs/workbench/api/node/extensionHostProcess.js:156:7816
	at Array.map (<anonymous>)
	at p.Y (/home/abraham/.vscode-server/bin/1e790d77f81672c49be070e04474901747115651/out/vs/workbench/api/node/extensionHostProcess.js:156:7803)
	at p.terminate (/home/abraham/.vscode-server/bin/1e790d77f81672c49be070e04474901747115651/out/vs/workbench/api/node/extensionHostProcess.js:156:8076)
	at o.terminate (/home/abraham/.vscode-server/bin/1e790d77f81672c49be070e04474901747115651/out/vs/workbench/api/node/extensionHostProcess.js:160:1513)
	at t (/home/abraham/.vscode-server/bin/1e790d77f81672c49be070e04474901747115651/out/vs/workbench/api/node/extensionHostProcess.js:173:9949)
	at p.value (/home/abraham/.vscode-server/bin/1e790d77f81672c49be070e04474901747115651/out/vs/workbench/api/node/extensionHostProcess.js:173:7996)
	at n.y (/home/abraham/.vscode-server/bin/1e790d77f81672c49be070e04474901747115651/out/vs/workbench/api/node/extensionHostProcess.js:80:1902)
	at n.fire (/home/abraham/.vscode-server/bin/1e790d77f81672c49be070e04474901747115651/out/vs/workbench/api/node/extensionHostProcess.js:80:2119)
	at r.fire (/home/abraham/.vscode-server/bin/1e790d77f81672c49be070e04474901747115651/out/vs/workbench/api/node/extensionHostProcess.js:105:14091)
	at u.z (/home/abraham/.vscode-server/bin/1e790d77f81672c49be070e04474901747115651/out/vs/workbench/api/node/extensionHostProcess.js:105:17156)
	at p.value (/home/abraham/.vscode-server/bin/1e790d77f81672c49be070e04474901747115651/out/vs/workbench/api/node/extensionHostProcess.js:105:15608)
	at n.y (/home/abraham/.vscode-server/bin/1e790d77f81672c49be070e04474901747115651/out/vs/workbench/api/node/extensionHostProcess.js:80:1902)
	at n.fire (/home/abraham/.vscode-server/bin/1e790d77f81672c49be070e04474901747115651/out/vs/workbench/api/node/extensionHostProcess.js:80:2119)
	at p.acceptChunk (/home/abraham/.vscode-server/bin/1e790d77f81672c49be070e04474901747115651/out/vs/workbench/api/node/extensionHostProcess.js:105:11865)
	at p.value (/home/abraham/.vscode-server/bin/1e790d77f81672c49be070e04474901747115651/out/vs/workbench/api/node/extensionHostProcess.js:105:11152)
	at n.y (/home/abraham/.vscode-server/bin/1e790d77f81672c49be070e04474901747115651/out/vs/workbench/api/node/extensionHostProcess.js:80:1902)
	at n.fire (/home/abraham/.vscode-server/bin/1e790d77f81672c49be070e04474901747115651/out/vs/workbench/api/node/extensionHostProcess.js:80:2119)
	at n.z (/home/abraham/.vscode-server/bin/1e790d77f81672c49be070e04474901747115651/out/vs/workbench/api/node/extensionHostProcess.js:170:19768)
	at n.acceptFrame (/home/abraham/.vscode-server/bin/1e790d77f81672c49be070e04474901747115651/out/vs/workbench/api/node/extensionHostProcess.js:170:19574)
	at i.n (/home/abraham/.vscode-server/bin/1e790d77f81672c49be070e04474901747115651/out/vs/workbench/api/node/extensionHostProcess.js:170:18073)
	at /home/abraham/.vscode-server/bin/1e790d77f81672c49be070e04474901747115651/out/vs/workbench/api/node/extensionHostProcess.js:170:15293
	at Socket.y (/home/abraham/.vscode-server/bin/1e790d77f81672c49be070e04474901747115651/out/vs/workbench/api/node/extensionHostProcess.js:170:13198)
	at Socket.emit (node:events:514:28)
	at addChunk (node:internal/streams/readable:324:12)
	at readableAddChunk (node:internal/streams/readable:297:9)
	at Readable.push (node:internal/streams/readable:234:10)
	at TCP.onStreamRead (node:internal/stream_base_commons:190:23) setContext undefined
2024-03-08 10:04:34.097 [error] Canceled: Canceled
	at new $ (/home/abraham/.vscode-server/bin/1e790d77f81672c49be070e04474901747115651/out/vs/workbench/api/node/extensionHostProcess.js:140:45885)
	at s.U (/home/abraham/.vscode-server/bin/1e790d77f81672c49be070e04474901747115651/out/vs/workbench/api/node/extensionHostProcess.js:147:5556)
	at z.<computed>.T.charCodeAt.z.<computed> (/home/abraham/.vscode-server/bin/1e790d77f81672c49be070e04474901747115651/out/vs/workbench/api/node/extensionHostProcess.js:147:3007)
	at u.g (/home/abraham/.vscode-server/bin/1e790d77f81672c49be070e04474901747115651/out/vs/workbench/api/node/extensionHostProcess.js:150:184300)
	at u.executeCommand (/home/abraham/.vscode-server/bin/1e790d77f81672c49be070e04474901747115651/out/vs/workbench/api/node/extensionHostProcess.js:150:183738)
	at f.registerCommand.description (/home/abraham/.vscode-server/bin/1e790d77f81672c49be070e04474901747115651/out/vs/workbench/api/node/extensionHostProcess.js:150:183062)
	at u.h (/home/abraham/.vscode-server/bin/1e790d77f81672c49be070e04474901747115651/out/vs/workbench/api/node/extensionHostProcess.js:150:184839)
	at u.g (/home/abraham/.vscode-server/bin/1e790d77f81672c49be070e04474901747115651/out/vs/workbench/api/node/extensionHostProcess.js:150:183831)
	at u.executeCommand (/home/abraham/.vscode-server/bin/1e790d77f81672c49be070e04474901747115651/out/vs/workbench/api/node/extensionHostProcess.js:150:183738)
	at Object.executeCommand (/home/abraham/.vscode-server/bin/1e790d77f81672c49be070e04474901747115651/out/vs/workbench/api/node/extensionHostProcess.js:160:21654)
	at p.O [as value] (/home/abraham/.vscode-server/bin/1e790d77f81672c49be070e04474901747115651/extensions/git/dist/main.js:2:943479)
	at n.y (/home/abraham/.vscode-server/bin/1e790d77f81672c49be070e04474901747115651/out/vs/workbench/api/node/extensionHostProcess.js:80:1902)
	at n.z (/home/abraham/.vscode-server/bin/1e790d77f81672c49be070e04474901747115651/out/vs/workbench/api/node/extensionHostProcess.js:80:1972)
	at n.fire (/home/abraham/.vscode-server/bin/1e790d77f81672c49be070e04474901747115651/out/vs/workbench/api/node/extensionHostProcess.js:80:2188)
	at Object.m [as dispose] (/home/abraham/.vscode-server/bin/1e790d77f81672c49be070e04474901747115651/extensions/git/dist/main.js:2:962791)
	at /home/abraham/.vscode-server/bin/1e790d77f81672c49be070e04474901747115651/extensions/git/dist/main.js:2:968825
	at Array.forEach (<anonymous>)
	at f.dispose (/home/abraham/.vscode-server/bin/1e790d77f81672c49be070e04474901747115651/extensions/git/dist/main.js:2:968811)
	at l.<anonymous> (/home/abraham/.vscode-server/bin/1e790d77f81672c49be070e04474901747115651/out/vs/workbench/api/node/extensionHostProcess.js:148:3704)
	at l.dispose (/home/abraham/.vscode-server/bin/1e790d77f81672c49be070e04474901747115651/out/vs/workbench/api/node/extensionHostProcess.js:148:3801)
	at l.<anonymous> (/home/abraham/.vscode-server/bin/1e790d77f81672c49be070e04474901747115651/extensions/git/dist/main.js:2:945736)
	at l.dispose (/home/abraham/.vscode-server/bin/1e790d77f81672c49be070e04474901747115651/out/vs/workbench/api/node/extensionHostProcess.js:148:3801)
	at o (/home/abraham/.vscode-server/bin/1e790d77f81672c49be070e04474901747115651/out/vs/workbench/api/node/extensionHostProcess.js:30:754)
	at p.cb (/home/abraham/.vscode-server/bin/1e790d77f81672c49be070e04474901747115651/out/vs/workbench/api/node/extensionHostProcess.js:156:9882)
	at /home/abraham/.vscode-server/bin/1e790d77f81672c49be070e04474901747115651/out/vs/workbench/api/node/extensionHostProcess.js:156:7816
	at Array.map (<anonymous>)
	at p.Y (/home/abraham/.vscode-server/bin/1e790d77f81672c49be070e04474901747115651/out/vs/workbench/api/node/extensionHostProcess.js:156:7803)
	at p.terminate (/home/abraham/.vscode-server/bin/1e790d77f81672c49be070e04474901747115651/out/vs/workbench/api/node/extensionHostProcess.js:156:8076)
	at o.terminate (/home/abraham/.vscode-server/bin/1e790d77f81672c49be070e04474901747115651/out/vs/workbench/api/node/extensionHostProcess.js:160:1513)
	at t (/home/abraham/.vscode-server/bin/1e790d77f81672c49be070e04474901747115651/out/vs/workbench/api/node/extensionHostProcess.js:173:9949)
	at p.value (/home/abraham/.vscode-server/bin/1e790d77f81672c49be070e04474901747115651/out/vs/workbench/api/node/extensionHostProcess.js:173:7996)
	at n.y (/home/abraham/.vscode-server/bin/1e790d77f81672c49be070e04474901747115651/out/vs/workbench/api/node/extensionHostProcess.js:80:1902)
	at n.fire (/home/abraham/.vscode-server/bin/1e790d77f81672c49be070e04474901747115651/out/vs/workbench/api/node/extensionHostProcess.js:80:2119)
	at r.fire (/home/abraham/.vscode-server/bin/1e790d77f81672c49be070e04474901747115651/out/vs/workbench/api/node/extensionHostProcess.js:105:14091)
	at u.z (/home/abraham/.vscode-server/bin/1e790d77f81672c49be070e04474901747115651/out/vs/workbench/api/node/extensionHostProcess.js:105:17156)
	at p.value (/home/abraham/.vscode-server/bin/1e790d77f81672c49be070e04474901747115651/out/vs/workbench/api/node/extensionHostProcess.js:105:15608)
	at n.y (/home/abraham/.vscode-server/bin/1e790d77f81672c49be070e04474901747115651/out/vs/workbench/api/node/extensionHostProcess.js:80:1902)
	at n.fire (/home/abraham/.vscode-server/bin/1e790d77f81672c49be070e04474901747115651/out/vs/workbench/api/node/extensionHostProcess.js:80:2119)
	at p.acceptChunk (/home/abraham/.vscode-server/bin/1e790d77f81672c49be070e04474901747115651/out/vs/workbench/api/node/extensionHostProcess.js:105:11865)
	at p.value (/home/abraham/.vscode-server/bin/1e790d77f81672c49be070e04474901747115651/out/vs/workbench/api/node/extensionHostProcess.js:105:11152)
	at n.y (/home/abraham/.vscode-server/bin/1e790d77f81672c49be070e04474901747115651/out/vs/workbench/api/node/extensionHostProcess.js:80:1902)
	at n.fire (/home/abraham/.vscode-server/bin/1e790d77f81672c49be070e04474901747115651/out/vs/workbench/api/node/extensionHostProcess.js:80:2119)
	at n.z (/home/abraham/.vscode-server/bin/1e790d77f81672c49be070e04474901747115651/out/vs/workbench/api/node/extensionHostProcess.js:170:19768)
	at n.acceptFrame (/home/abraham/.vscode-server/bin/1e790d77f81672c49be070e04474901747115651/out/vs/workbench/api/node/extensionHostProcess.js:170:19574)
	at i.n (/home/abraham/.vscode-server/bin/1e790d77f81672c49be070e04474901747115651/out/vs/workbench/api/node/extensionHostProcess.js:170:18073)
	at /home/abraham/.vscode-server/bin/1e790d77f81672c49be070e04474901747115651/out/vs/workbench/api/node/extensionHostProcess.js:170:15293
	at Socket.y (/home/abraham/.vscode-server/bin/1e790d77f81672c49be070e04474901747115651/out/vs/workbench/api/node/extensionHostProcess.js:170:13198)
	at Socket.emit (node:events:514:28)
	at addChunk (node:internal/streams/readable:324:12)
	at readableAddChunk (node:internal/streams/readable:297:9)
	at Readable.push (node:internal/streams/readable:234:10)
	at TCP.onStreamRead (node:internal/stream_base_commons:190:23) setContext undefined
2024-03-08 10:04:34.097 [error] Canceled: Canceled
	at new $ (/home/abraham/.vscode-server/bin/1e790d77f81672c49be070e04474901747115651/out/vs/workbench/api/node/extensionHostProcess.js:140:45885)
	at s.U (/home/abraham/.vscode-server/bin/1e790d77f81672c49be070e04474901747115651/out/vs/workbench/api/node/extensionHostProcess.js:147:5556)
	at z.<computed>.T.charCodeAt.z.<computed> (/home/abraham/.vscode-server/bin/1e790d77f81672c49be070e04474901747115651/out/vs/workbench/api/node/extensionHostProcess.js:147:3007)
	at u.g (/home/abraham/.vscode-server/bin/1e790d77f81672c49be070e04474901747115651/out/vs/workbench/api/node/extensionHostProcess.js:150:184300)
	at u.executeCommand (/home/abraham/.vscode-server/bin/1e790d77f81672c49be070e04474901747115651/out/vs/workbench/api/node/extensionHostProcess.js:150:183738)
	at f.registerCommand.description (/home/abraham/.vscode-server/bin/1e790d77f81672c49be070e04474901747115651/out/vs/workbench/api/node/extensionHostProcess.js:150:183062)
	at u.h (/home/abraham/.vscode-server/bin/1e790d77f81672c49be070e04474901747115651/out/vs/workbench/api/node/extensionHostProcess.js:150:184839)
	at u.g (/home/abraham/.vscode-server/bin/1e790d77f81672c49be070e04474901747115651/out/vs/workbench/api/node/extensionHostProcess.js:150:183831)
	at u.executeCommand (/home/abraham/.vscode-server/bin/1e790d77f81672c49be070e04474901747115651/out/vs/workbench/api/node/extensionHostProcess.js:150:183738)
	at Object.executeCommand (/home/abraham/.vscode-server/bin/1e790d77f81672c49be070e04474901747115651/out/vs/workbench/api/node/extensionHostProcess.js:160:21654)
	at p.O [as value] (/home/abraham/.vscode-server/bin/1e790d77f81672c49be070e04474901747115651/extensions/git/dist/main.js:2:943479)
	at n.y (/home/abraham/.vscode-server/bin/1e790d77f81672c49be070e04474901747115651/out/vs/workbench/api/node/extensionHostProcess.js:80:1902)
	at n.z (/home/abraham/.vscode-server/bin/1e790d77f81672c49be070e04474901747115651/out/vs/workbench/api/node/extensionHostProcess.js:80:1972)
	at n.fire (/home/abraham/.vscode-server/bin/1e790d77f81672c49be070e04474901747115651/out/vs/workbench/api/node/extensionHostProcess.js:80:2188)
	at Object.m [as dispose] (/home/abraham/.vscode-server/bin/1e790d77f81672c49be070e04474901747115651/extensions/git/dist/main.js:2:962791)
	at /home/abraham/.vscode-server/bin/1e790d77f81672c49be070e04474901747115651/extensions/git/dist/main.js:2:968825
	at Array.forEach (<anonymous>)
	at f.dispose (/home/abraham/.vscode-server/bin/1e790d77f81672c49be070e04474901747115651/extensions/git/dist/main.js:2:968811)
	at l.<anonymous> (/home/abraham/.vscode-server/bin/1e790d77f81672c49be070e04474901747115651/out/vs/workbench/api/node/extensionHostProcess.js:148:3704)
	at l.dispose (/home/abraham/.vscode-server/bin/1e790d77f81672c49be070e04474901747115651/out/vs/workbench/api/node/extensionHostProcess.js:148:3801)
	at l.<anonymous> (/home/abraham/.vscode-server/bin/1e790d77f81672c49be070e04474901747115651/extensions/git/dist/main.js:2:945736)
	at l.dispose (/home/abraham/.vscode-server/bin/1e790d77f81672c49be070e04474901747115651/out/vs/workbench/api/node/extensionHostProcess.js:148:3801)
	at o (/home/abraham/.vscode-server/bin/1e790d77f81672c49be070e04474901747115651/out/vs/workbench/api/node/extensionHostProcess.js:30:754)
	at p.cb (/home/abraham/.vscode-server/bin/1e790d77f81672c49be070e04474901747115651/out/vs/workbench/api/node/extensionHostProcess.js:156:9882)
	at /home/abraham/.vscode-server/bin/1e790d77f81672c49be070e04474901747115651/out/vs/workbench/api/node/extensionHostProcess.js:156:7816
	at Array.map (<anonymous>)
	at p.Y (/home/abraham/.vscode-server/bin/1e790d77f81672c49be070e04474901747115651/out/vs/workbench/api/node/extensionHostProcess.js:156:7803)
	at p.terminate (/home/abraham/.vscode-server/bin/1e790d77f81672c49be070e04474901747115651/out/vs/workbench/api/node/extensionHostProcess.js:156:8076)
	at o.terminate (/home/abraham/.vscode-server/bin/1e790d77f81672c49be070e04474901747115651/out/vs/workbench/api/node/extensionHostProcess.js:160:1513)
	at t (/home/abraham/.vscode-server/bin/1e790d77f81672c49be070e04474901747115651/out/vs/workbench/api/node/extensionHostProcess.js:173:9949)
	at p.value (/home/abraham/.vscode-server/bin/1e790d77f81672c49be070e04474901747115651/out/vs/workbench/api/node/extensionHostProcess.js:173:7996)
	at n.y (/home/abraham/.vscode-server/bin/1e790d77f81672c49be070e04474901747115651/out/vs/workbench/api/node/extensionHostProcess.js:80:1902)
	at n.fire (/home/abraham/.vscode-server/bin/1e790d77f81672c49be070e04474901747115651/out/vs/workbench/api/node/extensionHostProcess.js:80:2119)
	at r.fire (/home/abraham/.vscode-server/bin/1e790d77f81672c49be070e04474901747115651/out/vs/workbench/api/node/extensionHostProcess.js:105:14091)
	at u.z (/home/abraham/.vscode-server/bin/1e790d77f81672c49be070e04474901747115651/out/vs/workbench/api/node/extensionHostProcess.js:105:17156)
	at p.value (/home/abraham/.vscode-server/bin/1e790d77f81672c49be070e04474901747115651/out/vs/workbench/api/node/extensionHostProcess.js:105:15608)
	at n.y (/home/abraham/.vscode-server/bin/1e790d77f81672c49be070e04474901747115651/out/vs/workbench/api/node/extensionHostProcess.js:80:1902)
	at n.fire (/home/abraham/.vscode-server/bin/1e790d77f81672c49be070e04474901747115651/out/vs/workbench/api/node/extensionHostProcess.js:80:2119)
	at p.acceptChunk (/home/abraham/.vscode-server/bin/1e790d77f81672c49be070e04474901747115651/out/vs/workbench/api/node/extensionHostProcess.js:105:11865)
	at p.value (/home/abraham/.vscode-server/bin/1e790d77f81672c49be070e04474901747115651/out/vs/workbench/api/node/extensionHostProcess.js:105:11152)
	at n.y (/home/abraham/.vscode-server/bin/1e790d77f81672c49be070e04474901747115651/out/vs/workbench/api/node/extensionHostProcess.js:80:1902)
	at n.fire (/home/abraham/.vscode-server/bin/1e790d77f81672c49be070e04474901747115651/out/vs/workbench/api/node/extensionHostProcess.js:80:2119)
	at n.z (/home/abraham/.vscode-server/bin/1e790d77f81672c49be070e04474901747115651/out/vs/workbench/api/node/extensionHostProcess.js:170:19768)
	at n.acceptFrame (/home/abraham/.vscode-server/bin/1e790d77f81672c49be070e04474901747115651/out/vs/workbench/api/node/extensionHostProcess.js:170:19574)
	at i.n (/home/abraham/.vscode-server/bin/1e790d77f81672c49be070e04474901747115651/out/vs/workbench/api/node/extensionHostProcess.js:170:18073)
	at /home/abraham/.vscode-server/bin/1e790d77f81672c49be070e04474901747115651/out/vs/workbench/api/node/extensionHostProcess.js:170:15293
	at Socket.y (/home/abraham/.vscode-server/bin/1e790d77f81672c49be070e04474901747115651/out/vs/workbench/api/node/extensionHostProcess.js:170:13198)
	at Socket.emit (node:events:514:28)
	at addChunk (node:internal/streams/readable:324:12)
	at readableAddChunk (node:internal/streams/readable:297:9)
	at Readable.push (node:internal/streams/readable:234:10)
	at TCP.onStreamRead (node:internal/stream_base_commons:190:23) setContext undefined
2024-03-08 10:04:34.098 [error] Canceled: Canceled
	at new $ (/home/abraham/.vscode-server/bin/1e790d77f81672c49be070e04474901747115651/out/vs/workbench/api/node/extensionHostProcess.js:140:45885)
	at s.U (/home/abraham/.vscode-server/bin/1e790d77f81672c49be070e04474901747115651/out/vs/workbench/api/node/extensionHostProcess.js:147:5556)
	at z.<computed>.T.charCodeAt.z.<computed> (/home/abraham/.vscode-server/bin/1e790d77f81672c49be070e04474901747115651/out/vs/workbench/api/node/extensionHostProcess.js:147:3007)
	at u.g (/home/abraham/.vscode-server/bin/1e790d77f81672c49be070e04474901747115651/out/vs/workbench/api/node/extensionHostProcess.js:150:184300)
	at u.executeCommand (/home/abraham/.vscode-server/bin/1e790d77f81672c49be070e04474901747115651/out/vs/workbench/api/node/extensionHostProcess.js:150:183738)
	at f.registerCommand.description (/home/abraham/.vscode-server/bin/1e790d77f81672c49be070e04474901747115651/out/vs/workbench/api/node/extensionHostProcess.js:150:183062)
	at u.h (/home/abraham/.vscode-server/bin/1e790d77f81672c49be070e04474901747115651/out/vs/workbench/api/node/extensionHostProcess.js:150:184839)
	at u.g (/home/abraham/.vscode-server/bin/1e790d77f81672c49be070e04474901747115651/out/vs/workbench/api/node/extensionHostProcess.js:150:183831)
	at u.executeCommand (/home/abraham/.vscode-server/bin/1e790d77f81672c49be070e04474901747115651/out/vs/workbench/api/node/extensionHostProcess.js:150:183738)
	at Object.executeCommand (/home/abraham/.vscode-server/bin/1e790d77f81672c49be070e04474901747115651/out/vs/workbench/api/node/extensionHostProcess.js:160:21654)
	at set hasGitHubRepositories [as hasGitHubRepositories] (/home/abraham/.vscode-server/bin/1e790d77f81672c49be070e04474901747115651/extensions/github/dist/extension.js:2:325214)
	at /home/abraham/.vscode-server/bin/1e790d77f81672c49be070e04474901747115651/extensions/github/dist/extension.js:2:326173
	at p.value (/home/abraham/.vscode-server/bin/1e790d77f81672c49be070e04474901747115651/extensions/git/dist/main.js:2:1050811)
	at n.y (/home/abraham/.vscode-server/bin/1e790d77f81672c49be070e04474901747115651/out/vs/workbench/api/node/extensionHostProcess.js:80:1902)
	at n.z (/home/abraham/.vscode-server/bin/1e790d77f81672c49be070e04474901747115651/out/vs/workbench/api/node/extensionHostProcess.js:80:1972)
	at n.fire (/home/abraham/.vscode-server/bin/1e790d77f81672c49be070e04474901747115651/out/vs/workbench/api/node/extensionHostProcess.js:80:2188)
	at Object.m [as dispose] (/home/abraham/.vscode-server/bin/1e790d77f81672c49be070e04474901747115651/extensions/git/dist/main.js:2:962791)
	at /home/abraham/.vscode-server/bin/1e790d77f81672c49be070e04474901747115651/extensions/git/dist/main.js:2:968825
	at Array.forEach (<anonymous>)
	at f.dispose (/home/abraham/.vscode-server/bin/1e790d77f81672c49be070e04474901747115651/extensions/git/dist/main.js:2:968811)
	at l.<anonymous> (/home/abraham/.vscode-server/bin/1e790d77f81672c49be070e04474901747115651/out/vs/workbench/api/node/extensionHostProcess.js:148:3704)
	at l.dispose (/home/abraham/.vscode-server/bin/1e790d77f81672c49be070e04474901747115651/out/vs/workbench/api/node/extensionHostProcess.js:148:3801)
	at l.<anonymous> (/home/abraham/.vscode-server/bin/1e790d77f81672c49be070e04474901747115651/extensions/git/dist/main.js:2:945736)
	at l.dispose (/home/abraham/.vscode-server/bin/1e790d77f81672c49be070e04474901747115651/out/vs/workbench/api/node/extensionHostProcess.js:148:3801)
	at o (/home/abraham/.vscode-server/bin/1e790d77f81672c49be070e04474901747115651/out/vs/workbench/api/node/extensionHostProcess.js:30:754)
	at p.cb (/home/abraham/.vscode-server/bin/1e790d77f81672c49be070e04474901747115651/out/vs/workbench/api/node/extensionHostProcess.js:156:9882)
	at /home/abraham/.vscode-server/bin/1e790d77f81672c49be070e04474901747115651/out/vs/workbench/api/node/extensionHostProcess.js:156:7816
	at Array.map (<anonymous>)
	at p.Y (/home/abraham/.vscode-server/bin/1e790d77f81672c49be070e04474901747115651/out/vs/workbench/api/node/extensionHostProcess.js:156:7803)
	at p.terminate (/home/abraham/.vscode-server/bin/1e790d77f81672c49be070e04474901747115651/out/vs/workbench/api/node/extensionHostProcess.js:156:8076)
	at o.terminate (/home/abraham/.vscode-server/bin/1e790d77f81672c49be070e04474901747115651/out/vs/workbench/api/node/extensionHostProcess.js:160:1513)
	at t (/home/abraham/.vscode-server/bin/1e790d77f81672c49be070e04474901747115651/out/vs/workbench/api/node/extensionHostProcess.js:173:9949)
	at p.value (/home/abraham/.vscode-server/bin/1e790d77f81672c49be070e04474901747115651/out/vs/workbench/api/node/extensionHostProcess.js:173:7996)
	at n.y (/home/abraham/.vscode-server/bin/1e790d77f81672c49be070e04474901747115651/out/vs/workbench/api/node/extensionHostProcess.js:80:1902)
	at n.fire (/home/abraham/.vscode-server/bin/1e790d77f81672c49be070e04474901747115651/out/vs/workbench/api/node/extensionHostProcess.js:80:2119)
	at r.fire (/home/abraham/.vscode-server/bin/1e790d77f81672c49be070e04474901747115651/out/vs/workbench/api/node/extensionHostProcess.js:105:14091)
	at u.z (/home/abraham/.vscode-server/bin/1e790d77f81672c49be070e04474901747115651/out/vs/workbench/api/node/extensionHostProcess.js:105:17156)
	at p.value (/home/abraham/.vscode-server/bin/1e790d77f81672c49be070e04474901747115651/out/vs/workbench/api/node/extensionHostProcess.js:105:15608)
	at n.y (/home/abraham/.vscode-server/bin/1e790d77f81672c49be070e04474901747115651/out/vs/workbench/api/node/extensionHostProcess.js:80:1902)
	at n.fire (/home/abraham/.vscode-server/bin/1e790d77f81672c49be070e04474901747115651/out/vs/workbench/api/node/extensionHostProcess.js:80:2119)
	at p.acceptChunk (/home/abraham/.vscode-server/bin/1e790d77f81672c49be070e04474901747115651/out/vs/workbench/api/node/extensionHostProcess.js:105:11865)
	at p.value (/home/abraham/.vscode-server/bin/1e790d77f81672c49be070e04474901747115651/out/vs/workbench/api/node/extensionHostProcess.js:105:11152)
	at n.y (/home/abraham/.vscode-server/bin/1e790d77f81672c49be070e04474901747115651/out/vs/workbench/api/node/extensionHostProcess.js:80:1902)
	at n.fire (/home/abraham/.vscode-server/bin/1e790d77f81672c49be070e04474901747115651/out/vs/workbench/api/node/extensionHostProcess.js:80:2119)
	at n.z (/home/abraham/.vscode-server/bin/1e790d77f81672c49be070e04474901747115651/out/vs/workbench/api/node/extensionHostProcess.js:170:19768)
	at n.acceptFrame (/home/abraham/.vscode-server/bin/1e790d77f81672c49be070e04474901747115651/out/vs/workbench/api/node/extensionHostProcess.js:170:19574)
	at i.n (/home/abraham/.vscode-server/bin/1e790d77f81672c49be070e04474901747115651/out/vs/workbench/api/node/extensionHostProcess.js:170:18073)
	at /home/abraham/.vscode-server/bin/1e790d77f81672c49be070e04474901747115651/out/vs/workbench/api/node/extensionHostProcess.js:170:15293
	at Socket.y (/home/abraham/.vscode-server/bin/1e790d77f81672c49be070e04474901747115651/out/vs/workbench/api/node/extensionHostProcess.js:170:13198)
	at Socket.emit (node:events:514:28)
	at addChunk (node:internal/streams/readable:324:12)
	at readableAddChunk (node:internal/streams/readable:297:9)
	at Readable.push (node:internal/streams/readable:234:10)
	at TCP.onStreamRead (node:internal/stream_base_commons:190:23) setContext undefined
2024-03-08 10:04:34.125 [info] Extension host with pid 567 exiting with code 0
