2024-03-08 10:00:24.134 [info] Log level: Info
2024-03-08 10:00:24.134 [info] Validating found git in: "git"
2024-03-08 10:00:24.134 [info] Using git "2.43.0" from "git"
2024-03-08 10:00:24.134 [info] > git rev-parse --show-toplevel [21ms]
2024-03-08 10:00:24.134 [info] > git rev-parse --git-dir --git-common-dir [6ms]
2024-03-08 10:00:24.134 [info] Open repository: /home/abraham
2024-03-08 10:00:24.168 [info] > git config --get commit.template [19ms]
2024-03-08 10:00:24.174 [info] > git rev-parse --show-toplevel [15ms]
2024-03-08 10:00:24.208 [info] > git for-each-ref --format=%(refname)%00%(upstream:short)%00%(objectname)%00%(upstream:track)%00%(upstream:remotename)%00%(upstream:remoteref) refs/heads/main refs/remotes/main [21ms]
2024-03-08 10:00:24.239 [warning] ENOENT: no such file or directory, open '/home/abraham/.git/refs/remotes/origin/main'
2024-03-08 10:00:24.240 [info] > git rev-parse --show-toplevel [38ms]
2024-03-08 10:00:24.266 [info] > git rev-parse refs/remotes/origin/main [27ms]
2024-03-08 10:00:24.282 [info] > git rev-parse --show-toplevel [19ms]
2024-03-08 10:00:24.300 [info] > git rev-parse --show-toplevel [1ms]
2024-03-08 10:00:24.311 [info] > git rev-parse --show-toplevel [3ms]
2024-03-08 10:00:24.323 [info] > git rev-parse --git-dir --git-common-dir [2ms]
2024-03-08 10:00:24.333 [info] Open repository: /home/abraham/css-exercises
2024-03-08 10:00:24.359 [info] > git config --get commit.template [13ms]
2024-03-08 10:00:24.364 [info] > git rev-parse --show-toplevel [12ms]
2024-03-08 10:00:24.376 [info] > git status -z -uall [99ms]
2024-03-08 10:00:24.377 [info] > git for-each-ref --format=%(refname)%00%(upstream:short)%00%(objectname)%00%(upstream:track)%00%(upstream:remotename)%00%(upstream:remoteref) refs/heads/main refs/remotes/main [3ms]
2024-03-08 10:00:24.433 [info] > git rev-parse --git-dir --git-common-dir [49ms]
2024-03-08 10:00:24.446 [info] Open repository: /home/abraham/git_test
2024-03-08 10:00:24.480 [info] > git config --get commit.template [57ms]
2024-03-08 10:00:24.496 [info] > git rev-parse --show-toplevel [23ms]
2024-03-08 10:00:24.498 [info] > git config --get commit.template [35ms]
2024-03-08 10:00:24.545 [info] > git status -z -uall [54ms]
2024-03-08 10:00:24.642 [info] > git rev-parse --show-toplevel [99ms]
2024-03-08 10:00:24.643 [info] > git for-each-ref --format=%(refname)%00%(upstream:short)%00%(objectname)%00%(upstream:track)%00%(upstream:remotename)%00%(upstream:remoteref) refs/heads/main refs/remotes/main [117ms]
2024-03-08 10:00:24.664 [warning] ENOENT: no such file or directory, open '/home/abraham/.git/refs/remotes/origin/main'
2024-03-08 10:00:24.671 [info] > git config --get commit.template [71ms]
2024-03-08 10:00:24.673 [info] > git for-each-ref --format=%(refname)%00%(upstream:short)%00%(objectname)%00%(upstream:track)%00%(upstream:remotename)%00%(upstream:remoteref) refs/heads/main refs/remotes/main [89ms]
2024-03-08 10:00:24.675 [info] > git rev-parse refs/remotes/origin/main [12ms]
2024-03-08 10:00:24.690 [info] > git rev-parse --git-dir --git-common-dir [35ms]
2024-03-08 10:00:24.712 [info] Open repository: /home/abraham/odin-recipes
2024-03-08 10:00:24.766 [info] > git rev-parse --show-toplevel [17ms]
2024-03-08 10:00:24.781 [info] > git config --get commit.template [45ms]
2024-03-08 10:00:24.781 [info] > git for-each-ref --format=%(refname)%00%(upstream:short)%00%(objectname)%00%(upstream:track)%00%(upstream:remotename)%00%(upstream:remoteref) refs/heads/main refs/remotes/main [58ms]
2024-03-08 10:00:24.815 [info] > git status -z -uall [18ms]
2024-03-08 10:00:24.852 [info] > git status -z -uall [166ms]
2024-03-08 10:00:24.853 [info] > git for-each-ref --format=%(refname)%00%(upstream:short)%00%(objectname)%00%(upstream:track)%00%(upstream:remotename)%00%(upstream:remoteref) refs/heads/main refs/remotes/main [40ms]
2024-03-08 10:00:24.886 [info] > git config --get commit.template [38ms]
2024-03-08 10:00:24.912 [info] > git status -z -uall [37ms]
2024-03-08 10:00:24.942 [info] > git check-ignore -v -z --stdin [36ms]
2024-03-08 10:00:24.944 [info] > git status -z -uall [4ms]
2024-03-08 10:00:24.945 [info] > git for-each-ref --format=%(refname)%00%(upstream:short)%00%(objectname)%00%(upstream:track)%00%(upstream:remotename)%00%(upstream:remoteref) refs/heads/main refs/remotes/main [22ms]
2024-03-08 10:00:24.965 [info] > git config --get commit.template [3ms]
2024-03-08 10:00:24.984 [info] > git status -z -uall [9ms]
2024-03-08 10:00:25.019 [info] > git for-each-ref --format=%(refname)%00%(upstream:short)%00%(objectname)%00%(upstream:track)%00%(upstream:remotename)%00%(upstream:remoteref) refs/heads/main refs/remotes/main [36ms]
2024-03-08 10:00:25.311 [info] > git status -z -uall [6ms]
2024-03-08 10:00:25.348 [info] > git show --textconv :.vscode-server/data/logs/20240308T092418/exthost2/vscode.git/Git.log [12ms]
2024-03-08 10:00:25.351 [info] > git ls-files --stage -- /home/abraham/.vscode-server/data/logs/20240308T092418/exthost2/vscode.git/Git.log [6ms]
2024-03-08 10:00:25.362 [info] > git cat-file -s 85ef566502685e481d7dc3fbc76cb68e41e2e883 [2ms]
2024-03-08 10:00:25.439 [info] > git check-ignore -v -z --stdin [20ms]
