2024-05-26 16:51:37.411 [info] Log level: Info
2024-05-26 16:51:37.411 [info] Validating found git in: "git"
2024-05-26 16:51:37.411 [info] Using git "2.43.0" from "git"
2024-05-26 16:51:37.411 [info] > git rev-parse --show-toplevel [432ms]
2024-05-26 16:51:37.411 [info] > git rev-parse --git-dir --git-common-dir [12ms]
2024-05-26 16:51:37.411 [info] Open repository: /home/abraham
2024-05-26 16:51:37.411 [info] > git rev-parse --show-toplevel [336ms]
2024-05-26 16:51:37.411 [info] > git config --get commit.template [348ms]
2024-05-26 16:51:37.484 [info] > git rev-parse --show-toplevel [61ms]
2024-05-26 16:51:37.538 [info] > git rev-parse --show-toplevel [41ms]
2024-05-26 16:51:37.538 [info] > git for-each-ref --format=%(refname)%00%(upstream:short)%00%(objectname)%00%(upstream:track)%00%(upstream:remotename)%00%(upstream:remoteref) refs/heads/main refs/remotes/main [76ms]
2024-05-26 16:51:37.557 [info] > git rev-parse --show-toplevel [6ms]
2024-05-26 16:51:37.613 [info] > git rev-parse --show-toplevel [30ms]
2024-05-26 16:51:37.630 [info] > git rev-parse --git-dir --git-common-dir [5ms]
2024-05-26 16:51:37.663 [info] Open repository: /home/abraham/css-exercises
2024-05-26 16:51:37.756 [info] > git rev-parse --show-toplevel [53ms]
2024-05-26 16:51:37.766 [info] > git config --get commit.template [79ms]
2024-05-26 16:51:37.806 [info] > git rev-parse --git-dir --git-common-dir [3ms]
2024-05-26 16:51:37.820 [info] Open repository: /home/abraham/git_test
2024-05-26 16:51:37.823 [info] > git for-each-ref --format=%(refname)%00%(upstream:short)%00%(objectname)%00%(upstream:track)%00%(upstream:remotename)%00%(upstream:remoteref) refs/heads/main refs/remotes/main [37ms]
2024-05-26 16:51:38.608 [info] > git status -z -uall [1011ms]
2024-05-26 16:51:38.609 [info] > git rev-parse --show-toplevel [47ms]
2024-05-26 16:51:38.610 [info] > git config --get commit.template [56ms]
2024-05-26 16:51:38.671 [info] > git merge-base refs/heads/main refs/remotes/origin/main [45ms]
2024-05-26 16:51:38.673 [info] GitHistoryProvider:resolveHistoryItemGroupCommonAncestor - Failed to resolve common ancestor for 'refs/heads/main' and 'refs/remotes/origin/main'
2024-05-26 16:51:38.694 [info] > git config --get commit.template [28ms]
2024-05-26 16:51:38.695 [info] > git rev-parse --show-toplevel [39ms]
2024-05-26 16:51:38.717 [info] > git status -z -uall [25ms]
2024-05-26 16:51:38.718 [info] > git for-each-ref --format=%(refname)%00%(upstream:short)%00%(objectname)%00%(upstream:track)%00%(upstream:remotename)%00%(upstream:remoteref) refs/heads/main refs/remotes/main [35ms]
2024-05-26 16:51:38.890 [info] > git rev-parse --git-dir --git-common-dir [180ms]
2024-05-26 16:51:38.899 [info] Open repository: /home/abraham/landing_page
2024-05-26 16:51:38.956 [info] > git merge-base refs/heads/main refs/remotes/origin/main [46ms]
2024-05-26 16:51:38.975 [info] > git for-each-ref --format=%(refname)%00%(upstream:short)%00%(objectname)%00%(upstream:track)%00%(upstream:remotename)%00%(upstream:remoteref) refs/heads/main refs/remotes/main [149ms]
2024-05-26 16:51:38.982 [info] > git config --get commit.template [30ms]
2024-05-26 16:51:38.983 [info] > git rev-parse --show-toplevel [42ms]
2024-05-26 16:51:38.983 [info] > git config --get commit.template [51ms]
2024-05-26 16:51:39.011 [info] > git status -z -uall [14ms]
2024-05-26 16:51:39.011 [info] > git rev-list --count --left-right refs/heads/main...refs/remotes/origin/main [37ms]
2024-05-26 16:51:39.134 [info] > git rev-parse --show-toplevel [124ms]
2024-05-26 16:51:39.209 [info] > git merge-base refs/heads/main refs/remotes/origin/main [62ms]
2024-05-26 16:51:39.225 [info] > git for-each-ref --format=%(refname)%00%(upstream:short)%00%(objectname)%00%(upstream:track)%00%(upstream:remotename)%00%(upstream:remoteref) refs/heads/main refs/remotes/main [167ms]
2024-05-26 16:51:39.226 [info] > git for-each-ref --format=%(refname)%00%(upstream:short)%00%(objectname)%00%(upstream:track)%00%(upstream:remotename)%00%(upstream:remoteref) refs/heads/main refs/remotes/main [182ms]
2024-05-26 16:51:39.226 [info] > git diff --name-status -z --diff-filter=ADMR ec153d4c9c7e6065a14327a403a79ea5a0b84f47...refs/remotes/origin/main [197ms]
2024-05-26 16:51:39.240 [info] > git rev-list --count --left-right refs/heads/main...refs/remotes/origin/main [16ms]
2024-05-26 16:51:39.256 [info] > git config --get commit.template [50ms]
2024-05-26 16:51:39.257 [info] > git rev-parse --git-dir --git-common-dir [70ms]
2024-05-26 16:51:39.266 [info] Open repository: /home/abraham/odin-recipes
2024-05-26 16:51:39.301 [info] > git diff --name-status -z --diff-filter=ADMR 9ceb1b9bfcb54650191b59fb74fc67f1dfaa9d72...refs/remotes/origin/main [46ms]
2024-05-26 16:51:39.415 [info] > git rev-parse --show-toplevel [116ms]
2024-05-26 16:51:39.415 [info] > git config --get commit.template [130ms]
2024-05-26 16:51:39.465 [info] > git status -z -uall [294ms]
2024-05-26 16:51:39.465 [info] > git status -z -uall [35ms]
2024-05-26 16:51:39.466 [info] > git status -z -uall [18ms]
2024-05-26 16:51:39.467 [info] > git for-each-ref --format=%(refname)%00%(upstream:short)%00%(objectname)%00%(upstream:track)%00%(upstream:remotename)%00%(upstream:remoteref) refs/heads/main refs/remotes/main [67ms]
2024-05-26 16:51:39.536 [info] > git rev-parse --git-dir --git-common-dir [75ms]
2024-05-26 16:51:39.569 [info] Open repository: /home/abraham/plp_python
2024-05-26 16:51:39.723 [info] > git merge-base refs/heads/main refs/remotes/origin/main [133ms]
2024-05-26 16:51:39.733 [info] > git for-each-ref --format=%(refname)%00%(upstream:short)%00%(objectname)%00%(upstream:track)%00%(upstream:remotename)%00%(upstream:remoteref) refs/heads/main refs/remotes/main [216ms]
2024-05-26 16:51:39.738 [info] > git config --get commit.template [37ms]
2024-05-26 16:51:39.739 [info] > git rev-parse --show-toplevel [49ms]
2024-05-26 16:51:39.739 [info] > git config --get commit.template [64ms]
2024-05-26 16:51:39.769 [info] > git status -z -uall [12ms]
2024-05-26 16:51:39.770 [info] > git rev-list --count --left-right refs/heads/main...refs/remotes/origin/main [37ms]
2024-05-26 16:51:39.916 [info] > git rev-parse --show-toplevel [149ms]
2024-05-26 16:51:39.980 [info] > git for-each-ref --format=%(refname)%00%(upstream:short)%00%(objectname)%00%(upstream:track)%00%(upstream:remotename)%00%(upstream:remoteref) refs/heads/main refs/remotes/main [172ms]
2024-05-26 16:51:39.981 [info] > git for-each-ref --format=%(refname)%00%(upstream:short)%00%(objectname)%00%(upstream:track)%00%(upstream:remotename)%00%(upstream:remoteref) refs/heads/main refs/remotes/main [182ms]
2024-05-26 16:51:39.981 [info] > git diff --name-status -z --diff-filter=ADMR 6ca9dd8586998252c1db464b1a78aa7deeaa1940...refs/remotes/origin/main [196ms]
2024-05-26 16:51:40.111 [info] > git status -z -uall [170ms]
2024-05-26 16:51:40.162 [info] > git merge-base refs/heads/main refs/remotes/origin/main [42ms]
2024-05-26 16:51:40.184 [info] > git config --get commit.template [42ms]
2024-05-26 16:51:40.216 [info] > git status -z -uall [22ms]
2024-05-26 16:51:40.217 [info] > git status -z -uall [12ms]
2024-05-26 16:51:40.219 [info] > git rev-list --count --left-right refs/heads/main...refs/remotes/origin/main [43ms]
2024-05-26 16:51:40.340 [info] > git merge-base refs/heads/main refs/remotes/origin/main [38ms]
2024-05-26 16:51:40.351 [info] > git for-each-ref --format=%(refname)%00%(upstream:short)%00%(objectname)%00%(upstream:track)%00%(upstream:remotename)%00%(upstream:remoteref) refs/heads/main refs/remotes/main [100ms]
2024-05-26 16:51:40.352 [info] > git diff --name-status -z --diff-filter=ADMR 8a088326432389c076e403481bce9be602d816c3...refs/remotes/origin/main [118ms]
2024-05-26 16:51:40.370 [info] > git rev-list --count --left-right refs/heads/main...refs/remotes/origin/main [20ms]
2024-05-26 16:51:40.381 [info] > git config --get commit.template [55ms]
2024-05-26 16:51:40.402 [info] > git diff --name-status -z --diff-filter=ADMR 5644b85c7dbe0a1b9adf8af38dc564e70ce3650f...refs/remotes/origin/main [22ms]
2024-05-26 16:51:40.417 [info] > git for-each-ref --format=%(refname)%00%(upstream:short)%00%(objectname)%00%(upstream:track)%00%(upstream:remotename)%00%(upstream:remoteref) refs/heads/main refs/remotes/main [18ms]
2024-05-26 16:51:40.419 [info] > git status -z -uall [4ms]
2024-05-26 16:51:40.450 [info] > git status -z -uall [4ms]
2024-05-26 16:51:47.735 [info] > git merge-base refs/heads/main refs/remotes/origin/main [38ms]
2024-05-26 16:51:47.777 [info] > git merge-base refs/heads/main refs/remotes/origin/main [107ms]
2024-05-26 16:51:47.805 [info] > git merge-base refs/heads/main refs/remotes/origin/main [158ms]
2024-05-26 16:51:47.841 [info] > git merge-base refs/heads/main refs/remotes/origin/main [220ms]
2024-05-26 16:51:47.874 [info] > git merge-base refs/heads/main refs/remotes/origin/main [278ms]
2024-05-26 16:51:47.878 [info] GitHistoryProvider:resolveHistoryItemGroupCommonAncestor - Failed to resolve common ancestor for 'refs/heads/main' and 'refs/remotes/origin/main'
2024-05-26 16:51:47.892 [info] > git rev-list --count --left-right refs/heads/main...refs/remotes/origin/main [20ms]
2024-05-26 16:51:47.895 [info] > git rev-list --count --left-right refs/heads/main...refs/remotes/origin/main [56ms]
2024-05-26 16:51:47.898 [info] > git rev-list --count --left-right refs/heads/main...refs/remotes/origin/main [96ms]
2024-05-26 16:51:47.902 [info] > git rev-list --count --left-right refs/heads/main...refs/remotes/origin/main [126ms]
2024-05-26 16:51:47.904 [info] > git merge-base refs/heads/main refs/remotes/origin/main [181ms]
2024-05-26 16:51:47.968 [info] > git rev-list --count --left-right refs/heads/main...refs/remotes/origin/main [17ms]
2024-05-26 16:51:48.131 [info] > git config --get commit.template [29ms]
2024-05-26 16:51:48.133 [info] > git for-each-ref --format=%(refname)%00%(upstream:short)%00%(objectname)%00%(upstream:track)%00%(upstream:remotename)%00%(upstream:remoteref) refs/heads/main refs/remotes/main [7ms]
2024-05-26 16:51:48.355 [info] > git status -z -uall [189ms]
2024-05-26 16:51:48.572 [info] > git merge-base refs/heads/main refs/remotes/origin/main [60ms]
2024-05-26 16:51:48.575 [info] GitHistoryProvider:resolveHistoryItemGroupCommonAncestor - Failed to resolve common ancestor for 'refs/heads/main' and 'refs/remotes/origin/main'
2024-05-26 16:51:48.717 [info] > git merge-base refs/heads/main refs/remotes/origin/main [5ms]
2024-05-26 16:51:48.719 [info] GitHistoryProvider:resolveHistoryItemGroupCommonAncestor - Failed to resolve common ancestor for 'refs/heads/main' and 'refs/remotes/origin/main'
2024-05-26 16:51:49.378 [info] > git check-ignore -v -z --stdin [75ms]
2024-05-26 16:51:53.395 [info] > git config --get commit.template [12ms]
2024-05-26 16:51:53.399 [info] > git for-each-ref --format=%(refname)%00%(upstream:short)%00%(objectname)%00%(upstream:track)%00%(upstream:remotename)%00%(upstream:remoteref) refs/heads/main refs/remotes/main [5ms]
2024-05-26 16:51:53.618 [info] > git status -z -uall [206ms]
2024-05-26 16:51:53.793 [info] > git check-ignore -v -z --stdin [20ms]
2024-05-26 16:51:53.945 [info] > git merge-base refs/heads/main refs/remotes/origin/main [8ms]
2024-05-26 16:51:53.947 [info] GitHistoryProvider:resolveHistoryItemGroupCommonAncestor - Failed to resolve common ancestor for 'refs/heads/main' and 'refs/remotes/origin/main'
2024-05-26 16:51:55.033 [info] > git check-ignore -v -z --stdin [40ms]
2024-05-26 16:51:58.667 [info] > git config --get commit.template [7ms]
2024-05-26 16:51:58.707 [info] > git for-each-ref --format=%(refname)%00%(upstream:short)%00%(objectname)%00%(upstream:track)%00%(upstream:remotename)%00%(upstream:remoteref) refs/heads/main refs/remotes/main [13ms]
2024-05-26 16:51:58.946 [info] > git status -z -uall [205ms]
2024-05-26 16:51:59.114 [info] > git merge-base refs/heads/main refs/remotes/origin/main [5ms]
2024-05-26 16:51:59.115 [info] GitHistoryProvider:resolveHistoryItemGroupCommonAncestor - Failed to resolve common ancestor for 'refs/heads/main' and 'refs/remotes/origin/main'
2024-05-26 16:57:33.659 [info] > git config --get commit.template [3ms]
2024-05-26 16:57:33.676 [info] > git for-each-ref --format=%(refname)%00%(upstream:short)%00%(objectname)%00%(upstream:track)%00%(upstream:remotename)%00%(upstream:remoteref) refs/heads/main refs/remotes/main [6ms]
2024-05-26 16:57:33.934 [info] > git status -z -uall [242ms]
2024-05-26 16:57:34.146 [info] > git merge-base refs/heads/main refs/remotes/origin/main [5ms]
2024-05-26 16:57:34.148 [info] GitHistoryProvider:resolveHistoryItemGroupCommonAncestor - Failed to resolve common ancestor for 'refs/heads/main' and 'refs/remotes/origin/main'
