2024-03-10 11:37:30.749 [info] (Client) Pylance async client (2024.2.3) started with python extension (2024.2.1)
2024-03-10 11:37:31.470 [info] [Info  - 11:37:31 AM] (4622) Pylance language server 2024.2.3 (pyright version 1.1.348, commit cfb1de0c) starting
2024-03-10 11:37:31.471 [info] [Info  - 11:37:31 AM] (4622) Server root directory: file:///home/abraham/.vscode-server/extensions/ms-python.vscode-pylance-2024.2.3/dist
2024-03-10 11:37:31.471 [info] [Info  - 11:37:31 AM] (4622) Starting service instance "plp_python"
2024-03-10 11:37:31.548 [info] [Info  - 11:37:31 AM] (4622) Setting pythonPath for service "plp_python": "/bin/python3"
2024-03-10 11:37:31.548 [info] [Info  - 11:37:31 AM] (4622) Setting environmentName for service "plp_python": "3.10.12 (global)"
2024-03-10 11:37:31.581 [info] [Info  - 11:37:31 AM] (4622) Assuming Python version 3.10
2024-03-10 11:37:31.675 [info] [Info  - 11:37:31 AM] (4622) Found 1 source file
2024-03-10 11:37:32.320 [info] [Info  - 11:37:32 AM] (4622) Background analysis(1) root directory: file:///home/abraham/.vscode-server/extensions/ms-python.vscode-pylance-2024.2.3/dist
2024-03-10 11:37:32.323 [info] [Info  - 11:37:32 AM] (4622) Background analysis(1) started
2024-03-10 11:37:32.650 [info] [Info  - 11:37:32 AM] (4622) Indexer background runner(2) root directory: file:///home/abraham/.vscode-server/extensions/ms-python.vscode-pylance-2024.2.3/dist (index)
2024-03-10 11:37:32.650 [info] [Info  - 11:37:32 AM] (4622) Indexing(2) started
2024-03-10 11:37:33.386 [info] [Info  - 11:37:33 AM] (4622) scanned(2) 39 files over 1 exec env
2024-03-10 11:37:35.464 [info] [Info  - 11:37:35 AM] (4622) indexed(2) 17 files over 1 exec env
2024-03-10 11:37:35.573 [info] [Info  - 11:37:35 AM] (4622) Indexing finished(2).
2024-03-10 11:41:33.476 [info] [Error - 11:41:33 AM] Server process exited with code 0.
2024-03-10 11:41:34.008 [info] (Client) Pylance async client (2024.2.3) started with python extension (2024.2.1)
2024-03-10 11:41:34.724 [info] [Info  - 11:41:34 AM] (6115) Pylance language server 2024.2.3 (pyright version 1.1.348, commit cfb1de0c) starting
2024-03-10 11:41:34.725 [info] [Info  - 11:41:34 AM] (6115) Server root directory: file:///home/abraham/.vscode-server/extensions/ms-python.vscode-pylance-2024.2.3/dist
2024-03-10 11:41:34.734 [info] [Info  - 11:41:34 AM] (6115) Starting service instance "plp_python"
2024-03-10 11:41:34.797 [info] [Info  - 11:41:34 AM] (6115) Setting pythonPath for service "plp_python": "/bin/python3"
2024-03-10 11:41:34.797 [info] [Info  - 11:41:34 AM] (6115) Setting environmentName for service "plp_python": "3.10.12 (global)"
2024-03-10 11:41:34.830 [info] [Info  - 11:41:34 AM] (6115) Assuming Python version 3.10
2024-03-10 11:41:34.914 [info] [Info  - 11:41:34 AM] (6115) Found 1 source file
2024-03-10 11:41:35.519 [info] [Info  - 11:41:35 AM] (6115) Background analysis(1) root directory: file:///home/abraham/.vscode-server/extensions/ms-python.vscode-pylance-2024.2.3/dist
2024-03-10 11:41:35.527 [info] [Info  - 11:41:35 AM] (6115) Background analysis(1) started
2024-03-10 11:41:35.804 [info] [Info  - 11:41:35 AM] (6115) Indexer background runner(2) root directory: file:///home/abraham/.vscode-server/extensions/ms-python.vscode-pylance-2024.2.3/dist (index)
2024-03-10 11:41:35.804 [info] [Info  - 11:41:35 AM] (6115) Indexing(2) started
2024-03-10 11:41:36.668 [info] [Info  - 11:41:36 AM] (6115) scanned(2) 39 files over 1 exec env
2024-03-10 11:41:37.568 [info] [Info  - 11:41:37 AM] (6115) indexed(2) 17 files over 1 exec env
2024-03-10 11:41:37.641 [info] [Info  - 11:41:37 AM] (6115) Indexing finished(2).
2024-03-10 11:42:10.677 [info] [Error - 11:42:10 AM] Server process exited with code 0.
2024-03-10 11:42:11.346 [info] (Client) Pylance async client (2024.2.3) started with python extension (2024.2.1)
2024-03-10 11:42:12.136 [info] [Info  - 11:42:12 AM] (6380) Pylance language server 2024.2.3 (pyright version 1.1.348, commit cfb1de0c) starting
2024-03-10 11:42:12.136 [info] [Info  - 11:42:12 AM] (6380) Server root directory: file:///home/abraham/.vscode-server/extensions/ms-python.vscode-pylance-2024.2.3/dist
2024-03-10 11:42:12.151 [info] [Info  - 11:42:12 AM] (6380) Starting service instance "plp_python"
2024-03-10 11:42:12.215 [info] [Info  - 11:42:12 AM] (6380) Setting pythonPath for service "plp_python": "/bin/python3"
2024-03-10 11:42:12.215 [info] [Info  - 11:42:12 AM] (6380) Setting environmentName for service "plp_python": "3.10.12 (global)"
2024-03-10 11:42:12.255 [info] [Info  - 11:42:12 AM] (6380) Assuming Python version 3.10
2024-03-10 11:42:12.400 [info] [Info  - 11:42:12 AM] (6380) Found 1 source file
2024-03-10 11:42:13.255 [info] [Info  - 11:42:13 AM] (6380) Background analysis(1) root directory: file:///home/abraham/.vscode-server/extensions/ms-python.vscode-pylance-2024.2.3/dist
2024-03-10 11:42:13.260 [info] [Info  - 11:42:13 AM] (6380) Background analysis(1) started
2024-03-10 11:42:13.559 [info] [Info  - 11:42:13 AM] (6380) Indexer background runner(2) root directory: file:///home/abraham/.vscode-server/extensions/ms-python.vscode-pylance-2024.2.3/dist (index)
2024-03-10 11:42:13.560 [info] [Info  - 11:42:13 AM] (6380) Indexing(2) started
2024-03-10 11:42:14.648 [info] [Info  - 11:42:14 AM] (6380) scanned(2) 39 files over 1 exec env
2024-03-10 11:42:15.652 [info] [Info  - 11:42:15 AM] (6380) indexed(2) 17 files over 1 exec env
2024-03-10 11:42:15.735 [info] [Info  - 11:42:15 AM] (6380) Indexing finished(2).
