2024-03-10 11:37:27.702 [info] Experiment 'pythonRecommendTensorboardExt' is active
2024-03-10 11:37:27.702 [info] Experiment 'pythonREPLSmartSend' is active
2024-03-10 11:37:27.702 [info] Experiment 'pythonSurveyNotificationcf' is active
2024-03-10 11:37:27.702 [info] Experiment 'pythonTerminalEnvVarActivation' is active
2024-03-10 11:37:27.702 [info] Experiment 'pythonTestAdapter' is active
2024-03-10 11:37:27.702 [info] Default formatter is set to null for workspace /home/abraham/plp_python
2024-03-10 11:37:27.702 [info] Test server listening.
2024-03-10 11:37:27.766 [info] > C:\Users\Admin\AppData\Local\Microsoft\WindowsApps\python3.11.exe -I ~/.vscode-server/extensions/ms-python.python-2024.2.1/pythonFiles/get_output_via_markers.py ~/.vscode-server/extensions/ms-python.python-2024.2.1/pythonFiles/interpreterInfo.py
2024-03-10 11:37:27.859 [error] [Error: Command failed: C:\Users\Admin\AppData\Local\Microsoft\WindowsApps\python3.11.exe -I /home/abraham/.vscode-server/extensions/ms-python.python-2024.2.1/pythonFiles/get_output_via_markers.py /home/abraham/.vscode-server/extensions/ms-python.python-2024.2.1/pythonFiles/interpreterInfo.py
/bin/sh: 1: C:UsersAdminAppDataLocalMicrosoftWindowsAppspython3.11.exe: not found

	at ChildProcess.exithandler (node:child_process:420:12)
	at ChildProcess.emit (node:events:526:35)
	at maybeClose (node:internal/child_process:1091:16)
	at Socket.<anonymous> (node:internal/child_process:449:11)
	at Socket.emit (node:events:514:28)
	at Pipe.<anonymous> (node:net:323:12)] {
  code: 127,
  killed: false,
  signal: null,
  cmd: 'C:\\Users\\Admin\\AppData\\Local\\Microsoft\\WindowsApps\\python3.11.exe -I /home/abraham/.vscode-server/extensions/ms-python.python-2024.2.1/pythonFiles/get_output_via_markers.py /home/abraham/.vscode-server/extensions/ms-python.python-2024.2.1/pythonFiles/interpreterInfo.py'
}
2024-03-10 11:37:27.918 [warning] Retry failed, storage update failed for key PYTHON_GLOBAL_STORAGE_KEYS
2024-03-10 11:37:27.919 [warning] Retry failed, storage update failed for key PYTHON_WORKSPACE_STORAGE_KEYS
2024-03-10 11:37:27.919 [warning] Retry failed, storage update failed for key PYTHON_WORKSPACE_STORAGE_KEYS
2024-03-10 11:37:27.919 [warning] Retry failed, storage update failed for key PYTHON_WORKSPACE_STORAGE_KEYS
2024-03-10 11:37:29.882 [info] > C:\Users\Admin\AppData\Local\Microsoft\WindowsApps\python3.11.exe -I ~/.vscode-server/extensions/ms-python.python-2024.2.1/pythonFiles/get_output_via_markers.py ~/.vscode-server/extensions/ms-python.python-2024.2.1/pythonFiles/interpreterInfo.py
2024-03-10 11:37:29.969 [error] [Error: Command failed: C:\Users\Admin\AppData\Local\Microsoft\WindowsApps\python3.11.exe -I /home/abraham/.vscode-server/extensions/ms-python.python-2024.2.1/pythonFiles/get_output_via_markers.py /home/abraham/.vscode-server/extensions/ms-python.python-2024.2.1/pythonFiles/interpreterInfo.py
/bin/sh: 1: C:UsersAdminAppDataLocalMicrosoftWindowsAppspython3.11.exe: not found

	at ChildProcess.exithandler (node:child_process:420:12)
	at ChildProcess.emit (node:events:526:35)
	at maybeClose (node:internal/child_process:1091:16)
	at Socket.<anonymous> (node:internal/child_process:449:11)
	at Socket.emit (node:events:514:28)
	at Pipe.<anonymous> (node:net:323:12)] {
  code: 127,
  killed: false,
  signal: null,
  cmd: 'C:\\Users\\Admin\\AppData\\Local\\Microsoft\\WindowsApps\\python3.11.exe -I /home/abraham/.vscode-server/extensions/ms-python.python-2024.2.1/pythonFiles/get_output_via_markers.py /home/abraham/.vscode-server/extensions/ms-python.python-2024.2.1/pythonFiles/interpreterInfo.py'
}
2024-03-10 11:37:29.997 [info] Python interpreter path: /bin/python3
2024-03-10 11:37:31.496 [info] Starting Pylance language server.
2024-03-10 11:42:24.823 [info] Send text to terminal: /bin/python3 /home/abraham/plp_python/user_input.py
2024-03-10 11:42:24.945 [info] Discover tests for workspace name: plp_python - uri: /home/abraham/plp_python/user_input.py
2024-03-10 11:43:27.949 [info] Send text to terminal: /bin/python3 /home/abraham/plp_python/user_input.py
2024-03-10 11:43:28.180 [info] Discover tests for workspace name: plp_python - uri: /home/abraham/plp_python/user_input.py
2024-03-10 11:43:53.552 [info] Discover tests for workspace name: plp_python - uri: /home/abraham/plp_python/user_input.py
