2024-03-25 15:46:21.830 [info] Log level: Info
2024-03-25 15:46:21.830 [info] Validating found git in: "git"
2024-03-25 15:46:21.830 [info] Using git "2.43.0" from "git"
2024-03-25 15:46:21.830 [info] > git rev-parse --show-toplevel [363ms]
2024-03-25 15:46:21.830 [info] > git rev-parse --git-dir --git-common-dir [20ms]
2024-03-25 15:46:21.830 [info] Open repository: /home/abraham
2024-03-25 15:46:21.830 [info] > git rev-parse --show-toplevel [401ms]
2024-03-25 15:46:21.830 [info] > git config --get commit.template [411ms]
2024-03-25 15:46:21.845 [info] > git rev-parse --show-toplevel [19ms]
2024-03-25 15:46:21.890 [info] > git rev-parse --show-toplevel [30ms]
2024-03-25 15:46:21.912 [info] > git rev-parse --show-toplevel [9ms]
2024-03-25 15:46:21.929 [info] > git for-each-ref --format=%(refname)%00%(upstream:short)%00%(objectname)%00%(upstream:track)%00%(upstream:remotename)%00%(upstream:remoteref) refs/heads/main refs/remotes/main [86ms]
2024-03-25 15:46:21.935 [info] > git rev-parse --show-toplevel [11ms]
2024-03-25 15:46:21.943 [warning] ENOENT: no such file or directory, open '/home/abraham/.git/refs/remotes/origin/main'
2024-03-25 15:46:21.964 [info] > git rev-parse --git-dir --git-common-dir [8ms]
2024-03-25 15:46:21.978 [info] Open repository: /home/abraham/css-exercises
2024-03-25 15:46:21.980 [info] > git rev-parse refs/remotes/origin/main [38ms]
2024-03-25 15:46:22.040 [info] > git config --get commit.template [23ms]
2024-03-25 15:46:22.043 [info] > git rev-parse --show-toplevel [15ms]
2024-03-25 15:46:22.071 [info] > git for-each-ref --format=%(refname)%00%(upstream:short)%00%(objectname)%00%(upstream:track)%00%(upstream:remotename)%00%(upstream:remoteref) refs/heads/main refs/remotes/main [15ms]
2024-03-25 15:46:22.112 [info] > git rev-parse --git-dir --git-common-dir [31ms]
2024-03-25 15:46:22.121 [info] Open repository: /home/abraham/git_test
2024-03-25 15:46:22.195 [info] > git status -z -uall [21ms]
2024-03-25 15:46:22.195 [info] > git config --get commit.template [45ms]
2024-03-25 15:46:22.220 [info] > git rev-parse --show-toplevel [59ms]
2024-03-25 15:46:22.259 [info] > git rev-parse --show-toplevel [9ms]
2024-03-25 15:46:22.260 [info] > git config --get commit.template [18ms]
2024-03-25 15:46:22.260 [info] > git for-each-ref --format=%(refname)%00%(upstream:short)%00%(objectname)%00%(upstream:track)%00%(upstream:remotename)%00%(upstream:remoteref) refs/heads/main refs/remotes/main [28ms]
2024-03-25 15:46:22.282 [info] > git rev-parse --git-dir --git-common-dir [10ms]
2024-03-25 15:46:22.289 [info] Open repository: /home/abraham/landing_page
2024-03-25 15:46:22.319 [info] > git for-each-ref --format=%(refname)%00%(upstream:short)%00%(objectname)%00%(upstream:track)%00%(upstream:remotename)%00%(upstream:remoteref) refs/heads/main refs/remotes/main [38ms]
2024-03-25 15:46:22.338 [info] > git status -z -uall [4ms]
2024-03-25 15:46:22.338 [info] > git rev-parse --show-toplevel [21ms]
2024-03-25 15:46:22.339 [info] > git config --get commit.template [35ms]
2024-03-25 15:46:22.416 [info] > git rev-parse --show-toplevel [64ms]
2024-03-25 15:46:22.450 [info] > git config --get commit.template [41ms]
2024-03-25 15:46:22.450 [info] > git for-each-ref --format=%(refname)%00%(upstream:short)%00%(objectname)%00%(upstream:track)%00%(upstream:remotename)%00%(upstream:remoteref) refs/heads/main refs/remotes/main [67ms]
2024-03-25 15:46:22.460 [info] > git status -z -uall [28ms]
2024-03-25 15:46:22.461 [info] > git rev-parse --git-dir --git-common-dir [14ms]
2024-03-25 15:46:22.475 [info] Open repository: /home/abraham/odin-recipes
2024-03-25 15:46:22.531 [info] > git status -z -uall [541ms] (cancelled)
2024-03-25 15:46:22.531 [info] > git rev-parse --show-toplevel [21ms]
2024-03-25 15:46:22.531 [info] > git config --get commit.template [32ms]
2024-03-25 15:46:22.532 [info] > git for-each-ref --format=%(refname)%00%(upstream:short)%00%(objectname)%00%(upstream:track)%00%(upstream:remotename)%00%(upstream:remoteref) refs/heads/main refs/remotes/main [40ms]
2024-03-25 15:46:22.615 [info] > git status -z -uall [13ms]
2024-03-25 15:46:22.615 [info] > git rev-parse --git-dir --git-common-dir [70ms]
2024-03-25 15:46:22.623 [info] Open repository: /home/abraham/plp_python
2024-03-25 15:46:22.657 [info] > git for-each-ref --format=%(refname)%00%(upstream:short)%00%(objectname)%00%(upstream:track)%00%(upstream:remotename)%00%(upstream:remoteref) refs/heads/main refs/remotes/main [45ms]
2024-03-25 15:46:22.704 [info] > git status -z -uall [17ms]
2024-03-25 15:46:22.704 [info] > git rev-parse --show-toplevel [50ms]
2024-03-25 15:46:22.706 [info] > git config --get commit.template [66ms]
2024-03-25 15:46:22.816 [info] > git config --get commit.template [115ms]
2024-03-25 15:46:22.850 [info] > git rev-parse --show-toplevel [133ms]
2024-03-25 15:46:22.888 [info] > git status -z -uall [18ms]
2024-03-25 15:46:22.888 [info] > git for-each-ref --format=%(refname)%00%(upstream:short)%00%(objectname)%00%(upstream:track)%00%(upstream:remotename)%00%(upstream:remoteref) refs/heads/main refs/remotes/main [47ms]
2024-03-25 15:46:22.934 [info] > git for-each-ref --format=%(refname)%00%(upstream:short)%00%(objectname)%00%(upstream:track)%00%(upstream:remotename)%00%(upstream:remoteref) refs/heads/main refs/remotes/main [49ms]
2024-03-25 15:46:22.941 [info] > git config --get commit.template [8ms]
2024-03-25 15:46:22.992 [info] > git status -z -uall [38ms]
2024-03-25 15:46:22.992 [info] > git status -z -uall [2ms]
2024-03-25 15:46:22.993 [info] > git for-each-ref --format=%(refname)%00%(upstream:short)%00%(objectname)%00%(upstream:track)%00%(upstream:remotename)%00%(upstream:remoteref) refs/heads/main refs/remotes/main [25ms]
2024-03-25 15:46:23.022 [info] > git config --get commit.template [7ms]
2024-03-25 15:46:23.045 [info] > git status -z -uall [12ms]
2024-03-25 15:46:23.057 [info] > git for-each-ref --format=%(refname)%00%(upstream:short)%00%(objectname)%00%(upstream:track)%00%(upstream:remotename)%00%(upstream:remoteref) refs/heads/main refs/remotes/main [15ms]
2024-03-25 15:46:23.074 [info] > git status -z -uall [3ms]
2024-03-25 15:46:33.757 [info] > git config --get commit.template [81ms]
2024-03-25 15:46:33.757 [info] > git merge-base refs/heads/main refs/remotes/origin/main [101ms]
2024-03-25 15:46:33.779 [info] > git merge-base refs/heads/main refs/remotes/origin/main [135ms]
2024-03-25 15:46:33.805 [info] > git merge-base refs/heads/main refs/remotes/origin/main [175ms]
2024-03-25 15:46:33.825 [info] > git merge-base refs/heads/main refs/remotes/origin/main [208ms]
2024-03-25 15:46:33.857 [info] > git merge-base refs/heads/main refs/remotes/origin/main [250ms]
2024-03-25 15:46:33.880 [info] > git merge-base refs/heads/main refs/remotes/origin/main [282ms]
2024-03-25 15:46:33.929 [info] > git rev-list --count --left-right refs/heads/main...refs/remotes/origin/main [50ms]
2024-03-25 15:46:33.930 [info] > git rev-list --count --left-right refs/heads/main...refs/remotes/origin/main [74ms]
2024-03-25 15:46:33.941 [info] > git rev-list --count --left-right refs/heads/main...refs/remotes/origin/main [117ms]
2024-03-25 15:46:33.942 [info] > git rev-list --count --left-right refs/heads/main...refs/remotes/origin/main [138ms]
2024-03-25 15:46:33.942 [info] > git rev-list --count --left-right refs/heads/main...refs/remotes/origin/main [165ms]
2024-03-25 15:46:33.975 [info] > git rev-list --count --left-right refs/heads/main...refs/remotes/origin/main [69ms]
2024-03-25 15:46:33.978 [info] > git for-each-ref --format=%(refname)%00%(upstream:short)%00%(objectname)%00%(upstream:track)%00%(upstream:remotename)%00%(upstream:remoteref) refs/heads/main refs/remotes/main [5ms]
2024-03-25 15:46:33.991 [warning] ENOENT: no such file or directory, open '/home/abraham/.git/refs/remotes/origin/main'
2024-03-25 15:46:33.993 [info] > git rev-parse refs/remotes/origin/main [1ms]
2024-03-25 15:46:38.185 [info] > git status -z -uall [4182ms] (cancelled)
2024-03-25 15:46:38.715 [info] > git check-ignore -v -z --stdin [20ms]
2024-03-25 15:55:55.791 [info] > git -c user.useConfigOnly=true commit --quiet [2218ms]
2024-03-25 15:55:55.791 [info] error: insufficient permission for adding an object to repository database .git/objects
error: Error building trees
2024-03-25 15:55:55.804 [info] > git config --get-all user.name [1ms]
2024-03-25 15:55:55.821 [info] > git config --get-all user.email [2ms]
2024-03-25 15:55:55.866 [info] > git config --get commit.template [23ms]
2024-03-25 15:55:55.872 [info] > git for-each-ref --format=%(refname)%00%(upstream:short)%00%(objectname)%00%(upstream:track)%00%(upstream:remotename)%00%(upstream:remoteref) refs/heads/main refs/remotes/main [8ms]
2024-03-25 15:55:55.892 [warning] ENOENT: no such file or directory, open '/home/abraham/.git/refs/remotes/origin/main'
2024-03-25 15:55:55.894 [info] > git rev-parse refs/remotes/origin/main [3ms]
2024-03-25 15:56:00.045 [info] > git status -z -uall [4131ms] (cancelled)
2024-03-25 15:56:01.707 [info] > git check-ignore -v -z --stdin [36ms]
2024-03-25 15:56:26.040 [info] > git check-ignore -v -z --stdin [60ms]
2024-03-25 15:56:29.778 [info] > git check-ignore -v -z --stdin [252ms]
2024-03-25 15:56:32.261 [info] > git check-ignore -v -z --stdin [46ms]
2024-03-25 15:56:46.531 [info] > git -c user.useConfigOnly=true commit --quiet [1964ms]
2024-03-25 15:56:46.531 [info] error: insufficient permission for adding an object to repository database .git/objects
error: Error building trees
2024-03-25 15:56:46.641 [info] > git config --get-all user.name [96ms]
2024-03-25 15:56:46.657 [info] > git config --get-all user.email [4ms]
2024-03-25 15:56:46.677 [info] > git config --get commit.template [2ms]
2024-03-25 15:56:46.694 [info] > git for-each-ref --format=%(refname)%00%(upstream:short)%00%(objectname)%00%(upstream:track)%00%(upstream:remotename)%00%(upstream:remoteref) refs/heads/main refs/remotes/main [3ms]
2024-03-25 15:56:46.712 [warning] ENOENT: no such file or directory, open '/home/abraham/.git/refs/remotes/origin/main'
2024-03-25 15:56:46.715 [info] > git rev-parse refs/remotes/origin/main [3ms]
2024-03-25 15:56:51.529 [info] > git status -z -uall [4796ms] (cancelled)
