2024-03-25 15:46:25.853 [info] (Client) Pylance async client (2024.3.1) started with python extension (2024.2.1)
2024-03-25 15:46:26.551 [info] [Info  - 3:46:26 PM] (985) Pylance language server 2024.3.1 (pyright version 1.1.351, commit 87171fbf) starting
2024-03-25 15:46:26.552 [info] [Info  - 3:46:26 PM] (985) Server root directory: file:///home/abraham/.vscode-server/extensions/ms-python.vscode-pylance-2024.3.1/dist
2024-03-25 15:46:26.552 [info] [Info  - 3:46:26 PM] (985) Starting service instance "abraham"
2024-03-25 15:46:26.627 [info] [Info  - 3:46:26 PM] (985) Setting pythonPath for service "abraham": "/bin/python3"
2024-03-25 15:46:26.627 [info] [Info  - 3:46:26 PM] (985) Setting environmentName for service "abraham": "3.10.12 (global)"
2024-03-25 15:46:26.653 [info] [Info  - 3:46:26 PM] (985) Assuming Python version 3.10
2024-03-25 15:46:26.825 [info] [Info  - 3:46:26 PM] (985) Found 2 source files
2024-03-25 15:46:27.298 [info] [Info  - 3:46:27 PM] (985) Background analysis(1) root directory: file:///home/abraham/.vscode-server/extensions/ms-python.vscode-pylance-2024.3.1/dist
2024-03-25 15:46:27.301 [info] [Info  - 3:46:27 PM] (985) Background analysis(1) started
2024-03-25 15:46:38.283 [info] [Info  - 3:46:38 PM] (985) Setting pythonPath for service "abraham": "/bin/python3"
2024-03-25 15:46:38.287 [info] [Info  - 3:46:38 PM] (985) Setting environmentName for service "abraham": "3.10.12 (global)"
2024-03-25 15:46:38.333 [info] [Info  - 3:46:38 PM] (985) Assuming Python version 3.10
2024-03-25 15:46:38.447 [info] [Info  - 3:46:38 PM] (985) Found 2 source files
2024-03-25 15:46:38.482 [info] [Info  - 3:46:38 PM] (985) Setting pythonPath for service "abraham": "/bin/python3"
2024-03-25 15:46:38.483 [info] [Info  - 3:46:38 PM] (985) Setting environmentName for service "abraham": "3.10.12 (global)"
2024-03-25 15:46:38.531 [info] [Info  - 3:46:38 PM] (985) Assuming Python version 3.10
2024-03-25 15:46:38.656 [info] [Info  - 3:46:38 PM] (985) Found 2 source files
2024-03-25 15:46:38.696 [info] [Info  - 3:46:38 PM] (985) Setting pythonPath for service "abraham": "/bin/python3"
2024-03-25 15:46:38.697 [info] [Info  - 3:46:38 PM] (985) Setting environmentName for service "abraham": "3.10.12 (global)"
2024-03-25 15:46:38.834 [info] [Info  - 3:46:38 PM] (985) Assuming Python version 3.10
2024-03-25 15:46:38.972 [info] [Info  - 3:46:38 PM] (985) Found 2 source files
2024-03-25 15:46:39.000 [info] [Info  - 3:46:39 PM] (985) Setting pythonPath for service "abraham": "/bin/python3"
2024-03-25 15:46:39.001 [info] [Info  - 3:46:39 PM] (985) Setting environmentName for service "abraham": "3.10.12 (global)"
2024-03-25 15:46:39.050 [info] [Info  - 3:46:39 PM] (985) Assuming Python version 3.10
2024-03-25 15:46:39.202 [info] [Info  - 3:46:39 PM] (985) Found 2 source files
2024-03-25 15:46:39.382 [info] [Info  - 3:46:39 PM] (985) Setting pythonPath for service "abraham": "/bin/python3"
2024-03-25 15:46:39.383 [info] [Info  - 3:46:39 PM] (985) Setting environmentName for service "abraham": "3.10.12 (global)"
2024-03-25 15:46:39.383 [info] [Info  - 3:46:39 PM] (985) Assuming Python version 3.10
2024-03-25 15:46:39.570 [info] [Info  - 3:46:39 PM] (985) Found 2 source files
2024-03-25 15:46:39.572 [info] [Info  - 3:46:39 PM] (985) Setting pythonPath for service "abraham": "/bin/python3"
2024-03-25 15:46:39.572 [info] [Info  - 3:46:39 PM] (985) Setting environmentName for service "abraham": "3.10.12 (global)"
2024-03-25 15:46:39.572 [info] [Info  - 3:46:39 PM] (985) Assuming Python version 3.10
2024-03-25 15:46:39.665 [info] [Info  - 3:46:39 PM] (985) Found 2 source files
