2024-03-10 11:30:03.619 [info] Log level: Info
2024-03-10 11:30:03.619 [info] Validating found git in: "git"
2024-03-10 11:30:03.619 [info] Using git "2.43.0" from "git"
2024-03-10 11:31:43.324 [info] > git rev-parse --show-toplevel [54ms]
2024-03-10 11:31:43.336 [info] > git rev-parse --git-dir --git-common-dir [3ms]
2024-03-10 11:31:43.359 [info] Open repository: /home/abraham
2024-03-10 11:31:43.378 [info] > git config --get commit.template [2ms]
2024-03-10 11:31:43.429 [info] > git for-each-ref --format=%(refname)%00%(upstream:short)%00%(objectname)%00%(upstream:track)%00%(upstream:remotename)%00%(upstream:remoteref) refs/heads/main refs/remotes/main [44ms]
2024-03-10 11:31:43.439 [warning] ENOENT: no such file or directory, open '/home/abraham/.git/refs/remotes/origin/main'
2024-03-10 11:31:43.450 [info] > git rev-parse refs/remotes/origin/main [12ms]
2024-03-10 11:31:43.748 [info] > git show --textconv :user_input.py [10ms]
2024-03-10 11:31:43.755 [info] > git status -z -uall [296ms]
2024-03-10 11:31:43.788 [info] > git ls-files --stage -- /home/abraham/user_input.py [42ms]
2024-03-10 11:31:43.791 [info] > git config --get commit.template [3ms]
2024-03-10 11:31:43.801 [info] > git for-each-ref --format=%(refname)%00%(upstream:short)%00%(objectname)%00%(upstream:track)%00%(upstream:remotename)%00%(upstream:remoteref) refs/heads/main refs/remotes/main [3ms]
2024-03-10 11:31:43.808 [warning] ENOENT: no such file or directory, open '/home/abraham/.git/refs/remotes/origin/main'
2024-03-10 11:31:43.811 [info] > git rev-parse refs/remotes/origin/main [4ms]
2024-03-10 11:31:43.937 [info] > git status -z -uall [118ms]
2024-03-10 11:31:43.965 [info] > git check-ignore -v -z --stdin [6ms]
2024-03-10 11:31:46.766 [info] > git config --get commit.template [19ms]
2024-03-10 11:31:46.768 [info] > git for-each-ref --format=%(refname)%00%(upstream:short)%00%(objectname)%00%(upstream:track)%00%(upstream:remotename)%00%(upstream:remoteref) refs/heads/main refs/remotes/main [6ms]
2024-03-10 11:31:46.776 [warning] ENOENT: no such file or directory, open '/home/abraham/.git/refs/remotes/origin/main'
2024-03-10 11:31:46.778 [info] > git rev-parse refs/remotes/origin/main [2ms]
2024-03-10 11:31:46.854 [info] > git status -z -uall [69ms]
2024-03-10 11:31:52.232 [info] > git config --get commit.template [6ms]
2024-03-10 11:31:52.259 [info] > git for-each-ref --format=%(refname)%00%(upstream:short)%00%(objectname)%00%(upstream:track)%00%(upstream:remotename)%00%(upstream:remoteref) refs/heads/main refs/remotes/main [9ms]
2024-03-10 11:31:52.283 [warning] ENOENT: no such file or directory, open '/home/abraham/.git/refs/remotes/origin/main'
2024-03-10 11:31:52.286 [info] > git rev-parse refs/remotes/origin/main [5ms]
2024-03-10 11:31:52.457 [info] > git status -z -uall [156ms]
2024-03-10 11:32:22.010 [info] > git config --get commit.template [17ms]
2024-03-10 11:32:22.014 [info] > git for-each-ref --format=%(refname)%00%(upstream:short)%00%(objectname)%00%(upstream:track)%00%(upstream:remotename)%00%(upstream:remoteref) refs/heads/main refs/remotes/main [6ms]
2024-03-10 11:32:22.028 [warning] ENOENT: no such file or directory, open '/home/abraham/.git/refs/remotes/origin/main'
2024-03-10 11:32:22.031 [info] > git rev-parse refs/remotes/origin/main [4ms]
2024-03-10 11:32:22.120 [info] > git status -z -uall [75ms]
2024-03-10 11:33:23.214 [info] > git config --get commit.template [11ms]
2024-03-10 11:33:23.217 [info] > git for-each-ref --format=%(refname)%00%(upstream:short)%00%(objectname)%00%(upstream:track)%00%(upstream:remotename)%00%(upstream:remoteref) refs/heads/main refs/remotes/main [4ms]
2024-03-10 11:33:23.226 [warning] ENOENT: no such file or directory, open '/home/abraham/.git/refs/remotes/origin/main'
2024-03-10 11:33:23.229 [info] > git rev-parse refs/remotes/origin/main [2ms]
2024-03-10 11:33:23.328 [info] > git status -z -uall [91ms]
2024-03-10 11:34:40.650 [info] > git config --get commit.template [25ms]
2024-03-10 11:34:40.652 [info] > git for-each-ref --format=%(refname)%00%(upstream:short)%00%(objectname)%00%(upstream:track)%00%(upstream:remotename)%00%(upstream:remoteref) refs/heads/main refs/remotes/main [12ms]
2024-03-10 11:34:40.661 [warning] ENOENT: no such file or directory, open '/home/abraham/.git/refs/remotes/origin/main'
2024-03-10 11:34:40.662 [info] > git rev-parse refs/remotes/origin/main [2ms]
2024-03-10 11:34:40.750 [info] > git status -z -uall [80ms]
2024-03-10 11:34:45.821 [info] > git config --get commit.template [30ms]
2024-03-10 11:34:45.825 [info] > git for-each-ref --format=%(refname)%00%(upstream:short)%00%(objectname)%00%(upstream:track)%00%(upstream:remotename)%00%(upstream:remoteref) refs/heads/main refs/remotes/main [10ms]
2024-03-10 11:34:45.847 [warning] ENOENT: no such file or directory, open '/home/abraham/.git/refs/remotes/origin/main'
2024-03-10 11:34:45.852 [info] > git rev-parse refs/remotes/origin/main [6ms]
2024-03-10 11:34:46.005 [info] > git status -z -uall [134ms]
2024-03-10 11:34:51.057 [info] > git config --get commit.template [15ms]
2024-03-10 11:34:51.061 [info] > git for-each-ref --format=%(refname)%00%(upstream:short)%00%(objectname)%00%(upstream:track)%00%(upstream:remotename)%00%(upstream:remoteref) refs/heads/main refs/remotes/main [5ms]
2024-03-10 11:34:51.073 [warning] ENOENT: no such file or directory, open '/home/abraham/.git/refs/remotes/origin/main'
2024-03-10 11:34:51.076 [info] > git rev-parse refs/remotes/origin/main [3ms]
2024-03-10 11:34:51.224 [info] > git status -z -uall [135ms]
2024-03-10 11:35:24.004 [info] > git config --get commit.template [13ms]
2024-03-10 11:35:24.006 [info] > git for-each-ref --format=%(refname)%00%(upstream:short)%00%(objectname)%00%(upstream:track)%00%(upstream:remotename)%00%(upstream:remoteref) refs/heads/main refs/remotes/main [6ms]
2024-03-10 11:35:24.015 [warning] ENOENT: no such file or directory, open '/home/abraham/.git/refs/remotes/origin/main'
2024-03-10 11:35:24.017 [info] > git rev-parse refs/remotes/origin/main [2ms]
2024-03-10 11:35:24.158 [info] > git status -z -uall [133ms]
2024-03-10 11:35:26.605 [info] > git show --textconv :user_input.py [29ms]
2024-03-10 11:35:26.615 [info] > git ls-files --stage -- /home/abraham/user_input.py [15ms]
2024-03-10 11:35:40.909 [info] > git config --get commit.template [26ms]
2024-03-10 11:35:41.038 [info] > git for-each-ref --format=%(refname)%00%(upstream:short)%00%(objectname)%00%(upstream:track)%00%(upstream:remotename)%00%(upstream:remoteref) refs/heads/main refs/remotes/main [133ms]
2024-03-10 11:35:41.053 [warning] ENOENT: no such file or directory, open '/home/abraham/.git/refs/remotes/origin/main'
2024-03-10 11:35:41.058 [info] > git rev-parse refs/remotes/origin/main [6ms]
2024-03-10 11:35:41.246 [info] > git status -z -uall [177ms]
2024-03-10 11:35:46.599 [info] > git config --get commit.template [31ms]
2024-03-10 11:35:46.601 [info] > git for-each-ref --format=%(refname)%00%(upstream:short)%00%(objectname)%00%(upstream:track)%00%(upstream:remotename)%00%(upstream:remoteref) refs/heads/main refs/remotes/main [6ms]
2024-03-10 11:35:46.631 [warning] ENOENT: no such file or directory, open '/home/abraham/.git/refs/remotes/origin/main'
2024-03-10 11:35:46.632 [info] > git rev-parse refs/remotes/origin/main [2ms]
2024-03-10 11:35:46.785 [info] > git status -z -uall [138ms]
2024-03-10 11:35:52.023 [info] > git config --get commit.template [4ms]
2024-03-10 11:35:52.056 [info] > git for-each-ref --format=%(refname)%00%(upstream:short)%00%(objectname)%00%(upstream:track)%00%(upstream:remotename)%00%(upstream:remoteref) refs/heads/main refs/remotes/main [6ms]
2024-03-10 11:35:52.082 [warning] ENOENT: no such file or directory, open '/home/abraham/.git/refs/remotes/origin/main'
2024-03-10 11:35:52.085 [info] > git rev-parse refs/remotes/origin/main [3ms]
2024-03-10 11:35:52.220 [info] > git status -z -uall [110ms]
2024-03-10 11:35:57.454 [info] > git config --get commit.template [17ms]
2024-03-10 11:35:57.456 [info] > git for-each-ref --format=%(refname)%00%(upstream:short)%00%(objectname)%00%(upstream:track)%00%(upstream:remotename)%00%(upstream:remoteref) refs/heads/main refs/remotes/main [3ms]
2024-03-10 11:35:57.471 [warning] ENOENT: no such file or directory, open '/home/abraham/.git/refs/remotes/origin/main'
2024-03-10 11:35:57.477 [info] > git rev-parse refs/remotes/origin/main [6ms]
2024-03-10 11:35:57.599 [info] > git status -z -uall [107ms]
2024-03-10 11:36:02.822 [info] > git config --get commit.template [16ms]
2024-03-10 11:36:02.824 [info] > git for-each-ref --format=%(refname)%00%(upstream:short)%00%(objectname)%00%(upstream:track)%00%(upstream:remotename)%00%(upstream:remoteref) refs/heads/main refs/remotes/main [3ms]
2024-03-10 11:36:02.839 [warning] ENOENT: no such file or directory, open '/home/abraham/.git/refs/remotes/origin/main'
2024-03-10 11:36:02.842 [info] > git rev-parse refs/remotes/origin/main [3ms]
2024-03-10 11:36:02.961 [info] > git merge-base refs/heads/main refs/remotes/origin/main [3ms]
2024-03-10 11:36:02.978 [info] > git rev-list --count --left-right refs/heads/main...refs/remotes/origin/main [3ms]
2024-03-10 11:36:03.012 [info] > git status -z -uall [154ms]
2024-03-10 11:36:05.285 [info] > git check-ignore -v -z --stdin [16ms]
2024-03-10 11:36:06.468 [info] > git check-ignore -v -z --stdin [21ms]
2024-03-10 11:36:07.939 [info] > git check-ignore -v -z --stdin [56ms]
2024-03-10 11:36:08.346 [info] > git config --get commit.template [44ms]
2024-03-10 11:36:08.350 [info] > git for-each-ref --format=%(refname)%00%(upstream:short)%00%(objectname)%00%(upstream:track)%00%(upstream:remotename)%00%(upstream:remoteref) refs/heads/main refs/remotes/main [6ms]
2024-03-10 11:36:08.391 [warning] ENOENT: no such file or directory, open '/home/abraham/.git/refs/remotes/origin/main'
2024-03-10 11:36:08.396 [info] > git rev-parse refs/remotes/origin/main [5ms]
2024-03-10 11:36:08.892 [info] > git status -z -uall [452ms]
